#
# There is insufficient memory for the Java Runtime Environment to continue.
# Native memory allocation (malloc) failed to allocate 1293616 bytes for Chunk::new
# Possible reasons:
#   The system is out of physical RAM or swap space
#   The process is running with CompressedOops enabled, and the Java Heap may be blocking the growth of the native heap
# Possible solutions:
#   Reduce memory load on the system
#   Increase physical memory or swap space
#   Check if swap backing store is full
#   Decrease Java heap size (-Xmx/-Xms)
#   Decrease number of Java threads
#   Decrease Java thread stack sizes (-Xss)
#   Set larger code cache with -XX:ReservedCodeCacheSize=
#   JVM is running with Unscaled Compressed Oops mode in which the Java heap is
#     placed in the first 4GB address space. The Java Heap base address is the
#     maximum limit for the native heap growth. Please use -XX:HeapBaseMinAddress
#     to set the Java Heap base and to place the Java Heap above 4GB virtual address.
# This output file may be truncated or incomplete.
#
#  Out of Memory Error (arena.cpp:189), pid=3160, tid=18132
#
# JRE version: Java(TM) SE Runtime Environment (17.0.12+8) (build 17.0.12+8-LTS-286)
# Java VM: Java HotSpot(TM) 64-Bit Server VM (17.0.12+8-LTS-286, mixed mode, sharing, tiered, compressed oops, compressed class ptrs, g1 gc, windows-amd64)
# No core dump will be written. Minidumps are not enabled by default on client versions of Windows
#

---------------  S U M M A R Y ------------

Command Line: --add-opens=java.base/java.lang=ALL-UNNAMED --add-opens=java.base/java.lang.invoke=ALL-UNNAMED --add-opens=java.base/java.util=ALL-UNNAMED --add-opens=java.prefs/java.util.prefs=ALL-UNNAMED --add-exports=jdk.compiler/com.sun.tools.javac.api=ALL-UNNAMED --add-exports=jdk.compiler/com.sun.tools.javac.util=ALL-UNNAMED --add-opens=java.base/java.util=ALL-UNNAMED --add-opens=java.prefs/java.util.prefs=ALL-UNNAMED --add-opens=java.base/java.nio.charset=ALL-UNNAMED --add-opens=java.base/java.net=ALL-UNNAMED --add-opens=java.base/java.util.concurrent.atomic=ALL-UNNAMED --add-opens=java.xml/javax.xml.namespace=ALL-UNNAMED -XX:MaxMetaspaceSize=384m -XX:+HeapDumpOnOutOfMemoryError -Xms256m -Xmx512m -Dfile.encoding=UTF-8 -Duser.country=KR -Duser.language=ko -Duser.variant -javaagent:C:\Users\2\.gradle\wrapper\dists\gradle-8.13-bin\5xuhj0ry160q40clulazy9h7d\gradle-8.13\lib\agents\gradle-instrumentation-agent-8.13.jar org.gradle.launcher.daemon.bootstrap.GradleDaemon 8.13

Host: Intel(R) Core(TM) i7-4770 CPU @ 3.40GHz, 8 cores, 7G,  Windows 10 , 64 bit Build 19041 (10.0.19041.5915)
Time: Thu Jun 19 16:43:04 2025  Windows 10 , 64 bit Build 19041 (10.0.19041.5915) elapsed time: 11.831510 seconds (0d 0h 0m 11s)

---------------  T H R E A D  ---------------

Current thread (0x00000148c9df24f0):  JavaThread "C2 CompilerThread0" daemon [_thread_in_native, id=18132, stack(0x00000003b6b00000,0x00000003b6c00000)]


Current CompileTask:
C2:  11831 9238 %     4       org.gradle.internal.instantiation.generator.AbstractClassGenerator::inspectType @ 107 (602 bytes)

Stack: [0x00000003b6b00000,0x00000003b6c00000]
Native frames: (J=compiled Java code, j=interpreted, Vv=VM code, C=native code)
V  [jvm.dll+0x67a04a]
V  [jvm.dll+0x7da4ed]
V  [jvm.dll+0x7dbe33]
V  [jvm.dll+0x7dc4a3]
V  [jvm.dll+0x24508f]
V  [jvm.dll+0xab773]
V  [jvm.dll+0xabd3c]
V  [jvm.dll+0x2aa52f]
V  [jvm.dll+0x581eb9]
V  [jvm.dll+0x21f422]
V  [jvm.dll+0x2184c2]
V  [jvm.dll+0x215b65]
V  [jvm.dll+0x1a2960]
V  [jvm.dll+0x22610b]
V  [jvm.dll+0x2242ab]
V  [jvm.dll+0x79075c]
V  [jvm.dll+0x78abea]
V  [jvm.dll+0x678f35]
C  [ucrtbase.dll+0x21bb2]
C  [KERNEL32.DLL+0x17374]
C  [ntdll.dll+0x4cc91]


---------------  P R O C E S S  ---------------

Threads class SMR info:
_java_thread_list=0x00000148e648af00, length=142, elements={
0x00000148ad55d740, 0x00000148c9dce4d0, 0x00000148c9dcf060, 0x00000148c9de9740,
0x00000148c9deb180, 0x00000148c9deba50, 0x00000148c9dee340, 0x00000148c9df24f0,
0x00000148c9e00440, 0x00000148c9df35e0, 0x00000148c9dba870, 0x00000148e316cdf0,
0x00000148e49829d0, 0x00000148e45ff030, 0x00000148e4fcc660, 0x00000148e4fb3b50,
0x00000148e4fee160, 0x00000148e50062e0, 0x00000148e5007210, 0x00000148e50067f0,
0x00000148e5006d00, 0x00000148e5007c30, 0x00000148e5007720, 0x00000148e5008140,
0x00000148e5008650, 0x00000148e5009580, 0x00000148e5009070, 0x00000148e5009a90,
0x00000148e7e37310, 0x00000148e7e38c60, 0x00000148e7e37d30, 0x00000148e7e354b0,
0x00000148e7e38750, 0x00000148e7e363e0, 0x00000148e7e36e00, 0x00000148e3772060,
0x00000148e8ecf840, 0x00000148e8ecfd50, 0x00000148e61d5fa0, 0x00000148e61d5a90,
0x00000148e61d64b0, 0x00000148e61d69c0, 0x00000148e8ed0260, 0x00000148e8ece910,
0x00000148e94825e0, 0x00000148e7f26550, 0x00000148e7f26a60, 0x00000148e7f25110,
0x00000148e7d4ce80, 0x00000148e7d4d8a0, 0x00000148e7d4ddb0, 0x00000148e7d4e2c0,
0x00000148e7d4e7d0, 0x00000148e7d4d390, 0x00000148e7c54f30, 0x00000148e7c586e0,
0x00000148e7c56880, 0x00000148e61d5580, 0x00000148e61d5070, 0x00000148e630e5b0,
0x00000148e630b820, 0x00000148e8ecee20, 0x00000148e8ecf330, 0x00000148e58c3cb0,
0x00000148e3773ec0, 0x00000148e9483f30, 0x00000148e9483a20, 0x00000148e9483000,
0x00000148e7f26040, 0x00000148e630c240, 0x00000148e630db90, 0x00000148e376fcf0,
0x00000148e9485a30, 0x00000148e94845f0, 0x00000148e9485f40, 0x00000148e9484b00,
0x00000148e3772570, 0x00000148e3772a80, 0x00000148e9485010, 0x00000148e58c1940,
0x00000148e58c0500, 0x00000148e58c1e50, 0x00000148e58c37a0, 0x00000148e58c2d80,
0x00000148e58c2870, 0x00000148e58c0f20, 0x00000148e58c0a10, 0x00000148e58c3290,
0x00000148e58c1430, 0x00000148e58c2360, 0x00000148e630c750, 0x00000148e630e0a0,
0x00000148e630ae00, 0x00000148e9483510, 0x00000148e9482af0, 0x00000148e89ea8c0,
0x00000148e89e8f70, 0x00000148e89e9990, 0x00000148e89e9480, 0x00000148e630bd30,
0x00000148e630b310, 0x00000148e630d170, 0x00000148e630d680, 0x00000148e7b654f0,
0x00000148e7b66930, 0x00000148e7b65f10, 0x00000148e7b65a00, 0x00000148e7b66420,
0x00000148e7b64fe0, 0x00000148e7b69950, 0x00000148e7b68510, 0x00000148e7f25620,
0x00000148e7f25b30, 0x00000148e7b68f30, 0x00000148e7b68000, 0x00000148e7b69440,
0x00000148e7b68a20, 0x00000148e8acb640, 0x00000148e8aca200, 0x00000148e8ac7e90,
0x00000148e8acac20, 0x00000148e8acb130, 0x00000148e8ac83a0, 0x00000148e9959580,
0x00000148e9959070, 0x00000148e89ea3b0, 0x00000148e9959a90, 0x00000148e6c34fe0,
0x00000148e9958b60, 0x00000148ea910e90, 0x00000148e3770200, 0x00000148e3770710,
0x00000148e6cbc790, 0x00000148e3261ac0, 0x00000148e376e8b0, 0x00000148e8ac88b0,
0x00000148e8ac92d0, 0x00000148e8ac8dc0, 0x00000148ea9122d0, 0x00000148ea910470,
0x00000148ea912cf0, 0x00000148ea90ff60
}

Java Threads: ( => current thread )
  0x00000148ad55d740 JavaThread "main" [_thread_blocked, id=8732, stack(0x00000003b5e00000,0x00000003b5f00000)]
  0x00000148c9dce4d0 JavaThread "Reference Handler" daemon [_thread_blocked, id=25876, stack(0x00000003b6500000,0x00000003b6600000)]
  0x00000148c9dcf060 JavaThread "Finalizer" daemon [_thread_blocked, id=12284, stack(0x00000003b6600000,0x00000003b6700000)]
  0x00000148c9de9740 JavaThread "Signal Dispatcher" daemon [_thread_blocked, id=20940, stack(0x00000003b6700000,0x00000003b6800000)]
  0x00000148c9deb180 JavaThread "Attach Listener" daemon [_thread_blocked, id=14116, stack(0x00000003b6800000,0x00000003b6900000)]
  0x00000148c9deba50 JavaThread "Service Thread" daemon [_thread_blocked, id=27020, stack(0x00000003b6900000,0x00000003b6a00000)]
  0x00000148c9dee340 JavaThread "Monitor Deflation Thread" daemon [_thread_blocked, id=25180, stack(0x00000003b6a00000,0x00000003b6b00000)]
=>0x00000148c9df24f0 JavaThread "C2 CompilerThread0" daemon [_thread_in_native, id=18132, stack(0x00000003b6b00000,0x00000003b6c00000)]
  0x00000148c9e00440 JavaThread "C1 CompilerThread0" daemon [_thread_blocked, id=12788, stack(0x00000003b6c00000,0x00000003b6d00000)]
  0x00000148c9df35e0 JavaThread "Sweeper thread" daemon [_thread_blocked, id=26888, stack(0x00000003b6d00000,0x00000003b6e00000)]
  0x00000148c9dba870 JavaThread "Common-Cleaner" daemon [_thread_blocked, id=28092, stack(0x00000003b6e00000,0x00000003b6f00000)]
  0x00000148e316cdf0 JavaThread "Notification Thread" daemon [_thread_blocked, id=1276, stack(0x00000003b7000000,0x00000003b7100000)]
  0x00000148e49829d0 JavaThread "Daemon health stats" [_thread_blocked, id=16972, stack(0x00000003b7200000,0x00000003b7300000)]
  0x00000148e45ff030 JavaThread "Incoming local TCP Connector on port 59580" [_thread_in_native, id=25832, stack(0x00000003b7900000,0x00000003b7a00000)]
  0x00000148e4fcc660 JavaThread "Daemon periodic checks" [_thread_blocked, id=4464, stack(0x00000003b7a00000,0x00000003b7b00000)]
  0x00000148e4fb3b50 JavaThread "Daemon" [_thread_blocked, id=8216, stack(0x00000003b7b00000,0x00000003b7c00000)]
  0x00000148e4fee160 JavaThread "Handler for socket connection from /127.0.0.1:59580 to /127.0.0.1:59581" [_thread_in_native, id=18620, stack(0x00000003b7c00000,0x00000003b7d00000)]
  0x00000148e50062e0 JavaThread "Cancel handler" [_thread_blocked, id=19940, stack(0x00000003b7d00000,0x00000003b7e00000)]
  0x00000148e5007210 JavaThread "Daemon worker" [_thread_blocked, id=24660, stack(0x00000003b7e00000,0x00000003b7f00000)]
  0x00000148e50067f0 JavaThread "Asynchronous log dispatcher for DefaultDaemonConnection: socket connection from /127.0.0.1:59580 to /127.0.0.1:59581" [_thread_blocked, id=25696, stack(0x00000003b7f00000,0x00000003b8000000)]
  0x00000148e5006d00 JavaThread "Stdin handler" [_thread_blocked, id=25536, stack(0x00000003b8000000,0x00000003b8100000)]
  0x00000148e5007c30 JavaThread "Daemon client event forwarder" [_thread_blocked, id=21732, stack(0x00000003b8100000,0x00000003b8200000)]
  0x00000148e5007720 JavaThread "Cache worker for journal cache (C:\Users\2\.gradle\caches\journal-1)" [_thread_blocked, id=19324, stack(0x00000003b8200000,0x00000003b8300000)]
  0x00000148e5008140 JavaThread "File lock request listener" [_thread_in_native, id=25048, stack(0x00000003b8300000,0x00000003b8400000)]
  0x00000148e5008650 JavaThread "Cache worker for file hash cache (C:\Users\2\.gradle\caches\8.13\fileHashes)" [_thread_blocked, id=21296, stack(0x00000003b8400000,0x00000003b8500000)]
  0x00000148e5009580 JavaThread "Cache worker for file hash cache (D:\spr_boot\HelpPSY-hoojin\helppsy\.gradle\8.13\fileHashes)" [_thread_blocked, id=19464, stack(0x00000003b8600000,0x00000003b8700000)]
  0x00000148e5009070 JavaThread "Cache worker for Build Output Cleanup Cache (D:\spr_boot\HelpPSY-hoojin\helppsy\.gradle\buildOutputCleanup)" [_thread_blocked, id=26776, stack(0x00000003b8700000,0x00000003b8800000)]
  0x00000148e5009a90 JavaThread "File watcher server" daemon [_thread_in_native, id=14384, stack(0x00000003b8b00000,0x00000003b8c00000)]
  0x00000148e7e37310 JavaThread "File watcher consumer" daemon [_thread_blocked, id=13288, stack(0x00000003b8c00000,0x00000003b8d00000)]
  0x00000148e7e38c60 JavaThread "jar transforms" [_thread_blocked, id=16496, stack(0x00000003b8d00000,0x00000003b8e00000)]
  0x00000148e7e37d30 JavaThread "jar transforms Thread 2" [_thread_blocked, id=23944, stack(0x00000003b8e00000,0x00000003b8f00000)]
  0x00000148e7e354b0 JavaThread "Cache worker for checksums cache (D:\spr_boot\HelpPSY-hoojin\helppsy\.gradle\8.13\checksums)" [_thread_blocked, id=6024, stack(0x00000003b8f00000,0x00000003b9000000)]
  0x00000148e7e38750 JavaThread "Cache worker for file content cache (C:\Users\2\.gradle\caches\8.13\fileContent)" [_thread_blocked, id=10344, stack(0x00000003b9000000,0x00000003b9100000)]
  0x00000148e7e363e0 JavaThread "jar transforms Thread 3" [_thread_blocked, id=8820, stack(0x00000003b9100000,0x00000003b9200000)]
  0x00000148e7e36e00 JavaThread "Cache worker for cache directory md-supplier (C:\Users\2\.gradle\caches\8.13\md-supplier)" [_thread_blocked, id=24644, stack(0x00000003b9200000,0x00000003b9300000)]
  0x00000148e3772060 JavaThread "Cache worker for cache directory md-rule (C:\Users\2\.gradle\caches\8.13\md-rule)" [_thread_blocked, id=18804, stack(0x00000003b9300000,0x00000003b9400000)]
  0x00000148e8ecf840 JavaThread "Unconstrained build operations" [_thread_blocked, id=3968, stack(0x00000003b6f00000,0x00000003b7000000)]
  0x00000148e8ecfd50 JavaThread "Unconstrained build operations Thread 2" [_thread_blocked, id=22840, stack(0x00000003b8500000,0x00000003b8600000)]
  0x00000148e61d5fa0 JavaThread "Unconstrained build operations Thread 3" [_thread_blocked, id=16812, stack(0x00000003b9400000,0x00000003b9500000)]
  0x00000148e61d5a90 JavaThread "Unconstrained build operations Thread 4" [_thread_blocked, id=26452, stack(0x00000003b9500000,0x00000003b9600000)]
  0x00000148e61d64b0 JavaThread "Unconstrained build operations Thread 5" [_thread_blocked, id=22924, stack(0x00000003b9700000,0x00000003b9800000)]
  0x00000148e61d69c0 JavaThread "Unconstrained build operations Thread 6" [_thread_blocked, id=27120, stack(0x00000003b9800000,0x00000003b9900000)]
  0x00000148e8ed0260 JavaThread "Unconstrained build operations Thread 7" [_thread_blocked, id=10164, stack(0x00000003b9900000,0x00000003b9a00000)]
  0x00000148e8ece910 JavaThread "Unconstrained build operations Thread 8" [_thread_blocked, id=27964, stack(0x00000003b9a00000,0x00000003b9b00000)]
  0x00000148e94825e0 JavaThread "jar transforms Thread 4" [_thread_blocked, id=4756, stack(0x00000003b9b00000,0x00000003b9c00000)]
  0x00000148e7f26550 JavaThread "jar transforms Thread 5" [_thread_blocked, id=12536, stack(0x00000003b9d00000,0x00000003b9e00000)]
  0x00000148e7f26a60 JavaThread "Unconstrained build operations Thread 9" [_thread_blocked, id=20476, stack(0x00000003b9e00000,0x00000003b9f00000)]
  0x00000148e7f25110 JavaThread "Unconstrained build operations Thread 10" [_thread_blocked, id=1496, stack(0x00000003b9f00000,0x00000003ba000000)]
  0x00000148e7d4ce80 JavaThread "Unconstrained build operations Thread 11" [_thread_blocked, id=12456, stack(0x00000003ba000000,0x00000003ba100000)]
  0x00000148e7d4d8a0 JavaThread "Unconstrained build operations Thread 12" [_thread_blocked, id=27216, stack(0x00000003ba100000,0x00000003ba200000)]
  0x00000148e7d4ddb0 JavaThread "jar transforms Thread 6" [_thread_blocked, id=27140, stack(0x00000003ba200000,0x00000003ba300000)]
  0x00000148e7d4e2c0 JavaThread "jar transforms Thread 7" [_thread_blocked, id=25800, stack(0x00000003ba300000,0x00000003ba400000)]
  0x00000148e7d4e7d0 JavaThread "Unconstrained build operations Thread 13" [_thread_blocked, id=7316, stack(0x00000003ba400000,0x00000003ba500000)]
  0x00000148e7d4d390 JavaThread "Unconstrained build operations Thread 14" [_thread_blocked, id=10320, stack(0x00000003ba500000,0x00000003ba600000)]
  0x00000148e7c54f30 JavaThread "Unconstrained build operations Thread 15" [_thread_blocked, id=19580, stack(0x00000003ba600000,0x00000003ba700000)]
  0x00000148e7c586e0 JavaThread "Unconstrained build operations Thread 16" [_thread_blocked, id=10564, stack(0x00000003ba700000,0x00000003ba800000)]
  0x00000148e7c56880 JavaThread "jar transforms Thread 8" [_thread_blocked, id=17708, stack(0x00000003ba800000,0x00000003ba900000)]
  0x00000148e61d5580 JavaThread "Unconstrained build operations Thread 17" [_thread_blocked, id=8364, stack(0x00000003ba900000,0x00000003baa00000)]
  0x00000148e61d5070 JavaThread "Unconstrained build operations Thread 18" [_thread_blocked, id=15788, stack(0x00000003baa00000,0x00000003bab00000)]
  0x00000148e630e5b0 JavaThread "Unconstrained build operations Thread 19" [_thread_blocked, id=25256, stack(0x00000003bab00000,0x00000003bac00000)]
  0x00000148e630b820 JavaThread "Unconstrained build operations Thread 20" [_thread_blocked, id=8052, stack(0x00000003bac00000,0x00000003bad00000)]
  0x00000148e8ecee20 JavaThread "Unconstrained build operations Thread 21" [_thread_blocked, id=16472, stack(0x00000003bad00000,0x00000003bae00000)]
  0x00000148e8ecf330 JavaThread "Unconstrained build operations Thread 22" [_thread_blocked, id=3460, stack(0x00000003bae00000,0x00000003baf00000)]
  0x00000148e58c3cb0 JavaThread "Unconstrained build operations Thread 23" [_thread_blocked, id=6372, stack(0x00000003baf00000,0x00000003bb000000)]
  0x00000148e3773ec0 JavaThread "Unconstrained build operations Thread 24" [_thread_blocked, id=3200, stack(0x00000003bb000000,0x00000003bb100000)]
  0x00000148e9483f30 JavaThread "Unconstrained build operations Thread 25" [_thread_blocked, id=26900, stack(0x00000003bb100000,0x00000003bb200000)]
  0x00000148e9483a20 JavaThread "Unconstrained build operations Thread 26" [_thread_blocked, id=25388, stack(0x00000003bb200000,0x00000003bb300000)]
  0x00000148e9483000 JavaThread "Unconstrained build operations Thread 27" [_thread_blocked, id=24352, stack(0x00000003bb300000,0x00000003bb400000)]
  0x00000148e7f26040 JavaThread "Unconstrained build operations Thread 28" [_thread_blocked, id=5320, stack(0x00000003bb400000,0x00000003bb500000)]
  0x00000148e630c240 JavaThread "Unconstrained build operations Thread 29" [_thread_blocked, id=6436, stack(0x00000003bb500000,0x00000003bb600000)]
  0x00000148e630db90 JavaThread "Unconstrained build operations Thread 30" [_thread_blocked, id=6892, stack(0x00000003bb600000,0x00000003bb700000)]
  0x00000148e376fcf0 JavaThread "Unconstrained build operations Thread 31" [_thread_blocked, id=10080, stack(0x00000003bb700000,0x00000003bb800000)]
  0x00000148e9485a30 JavaThread "Unconstrained build operations Thread 32" [_thread_blocked, id=10744, stack(0x00000003bb800000,0x00000003bb900000)]
  0x00000148e94845f0 JavaThread "Unconstrained build operations Thread 33" [_thread_blocked, id=24380, stack(0x00000003bb900000,0x00000003bba00000)]
  0x00000148e9485f40 JavaThread "Unconstrained build operations Thread 34" [_thread_blocked, id=21888, stack(0x00000003bba00000,0x00000003bbb00000)]
  0x00000148e9484b00 JavaThread "Unconstrained build operations Thread 35" [_thread_blocked, id=12912, stack(0x00000003bbb00000,0x00000003bbc00000)]
  0x00000148e3772570 JavaThread "Unconstrained build operations Thread 36" [_thread_blocked, id=10468, stack(0x00000003bbc00000,0x00000003bbd00000)]
  0x00000148e3772a80 JavaThread "Unconstrained build operations Thread 37" [_thread_blocked, id=19260, stack(0x00000003bbd00000,0x00000003bbe00000)]
  0x00000148e9485010 JavaThread "Memory manager" [_thread_blocked, id=7204, stack(0x00000003bbe00000,0x00000003bbf00000)]
  0x00000148e58c1940 JavaThread "Unconstrained build operations Thread 38" [_thread_blocked, id=948, stack(0x00000003bbf00000,0x00000003bc000000)]
  0x00000148e58c0500 JavaThread "Unconstrained build operations Thread 39" [_thread_blocked, id=12496, stack(0x00000003bc000000,0x00000003bc100000)]
  0x00000148e58c1e50 JavaThread "Unconstrained build operations Thread 40" [_thread_blocked, id=5468, stack(0x00000003bc100000,0x00000003bc200000)]
  0x00000148e58c37a0 JavaThread "Unconstrained build operations Thread 41" [_thread_blocked, id=11956, stack(0x00000003bc200000,0x00000003bc300000)]
  0x00000148e58c2d80 JavaThread "Unconstrained build operations Thread 42" [_thread_blocked, id=11144, stack(0x00000003bc300000,0x00000003bc400000)]
  0x00000148e58c2870 JavaThread "Unconstrained build operations Thread 43" [_thread_blocked, id=17440, stack(0x00000003bc400000,0x00000003bc500000)]
  0x00000148e58c0f20 JavaThread "Unconstrained build operations Thread 44" [_thread_blocked, id=22464, stack(0x00000003bc500000,0x00000003bc600000)]
  0x00000148e58c0a10 JavaThread "Unconstrained build operations Thread 45" [_thread_blocked, id=13976, stack(0x00000003bc600000,0x00000003bc700000)]
  0x00000148e58c3290 JavaThread "Unconstrained build operations Thread 46" [_thread_blocked, id=4100, stack(0x00000003bc700000,0x00000003bc800000)]
  0x00000148e58c1430 JavaThread "Unconstrained build operations Thread 47" [_thread_blocked, id=8836, stack(0x00000003bc800000,0x00000003bc900000)]
  0x00000148e58c2360 JavaThread "Unconstrained build operations Thread 48" [_thread_blocked, id=14380, stack(0x00000003bc900000,0x00000003bca00000)]
  0x00000148e630c750 JavaThread "Unconstrained build operations Thread 49" [_thread_blocked, id=5168, stack(0x00000003bca00000,0x00000003bcb00000)]
  0x00000148e630e0a0 JavaThread "Unconstrained build operations Thread 50" [_thread_blocked, id=9872, stack(0x00000003bcb00000,0x00000003bcc00000)]
  0x00000148e630ae00 JavaThread "Unconstrained build operations Thread 51" [_thread_blocked, id=12248, stack(0x00000003bcc00000,0x00000003bcd00000)]
  0x00000148e9483510 JavaThread "Unconstrained build operations Thread 52" [_thread_blocked, id=21080, stack(0x00000003bcd00000,0x00000003bce00000)]
  0x00000148e9482af0 JavaThread "Unconstrained build operations Thread 53" [_thread_blocked, id=12208, stack(0x00000003bce00000,0x00000003bcf00000)]
  0x00000148e89ea8c0 JavaThread "Unconstrained build operations Thread 54" [_thread_blocked, id=22108, stack(0x00000003bcf00000,0x00000003bd000000)]
  0x00000148e89e8f70 JavaThread "Unconstrained build operations Thread 55" [_thread_blocked, id=12268, stack(0x00000003bd000000,0x00000003bd100000)]
  0x00000148e89e9990 JavaThread "Unconstrained build operations Thread 56" [_thread_blocked, id=5560, stack(0x00000003bd100000,0x00000003bd200000)]
  0x00000148e89e9480 JavaThread "Unconstrained build operations Thread 57" [_thread_blocked, id=14548, stack(0x00000003bd200000,0x00000003bd300000)]
  0x00000148e630bd30 JavaThread "Unconstrained build operations Thread 58" [_thread_blocked, id=14628, stack(0x00000003bd300000,0x00000003bd400000)]
  0x00000148e630b310 JavaThread "Unconstrained build operations Thread 59" [_thread_blocked, id=18556, stack(0x00000003bd400000,0x00000003bd500000)]
  0x00000148e630d170 JavaThread "Unconstrained build operations Thread 60" [_thread_blocked, id=20460, stack(0x00000003bd500000,0x00000003bd600000)]
  0x00000148e630d680 JavaThread "Unconstrained build operations Thread 61" [_thread_blocked, id=5956, stack(0x00000003bd600000,0x00000003bd700000)]
  0x00000148e7b654f0 JavaThread "Unconstrained build operations Thread 62" [_thread_blocked, id=12944, stack(0x00000003bd700000,0x00000003bd800000)]
  0x00000148e7b66930 JavaThread "Unconstrained build operations Thread 63" [_thread_blocked, id=27580, stack(0x00000003bd800000,0x00000003bd900000)]
  0x00000148e7b65f10 JavaThread "Unconstrained build operations Thread 64" [_thread_blocked, id=28496, stack(0x00000003bd900000,0x00000003bda00000)]
  0x00000148e7b65a00 JavaThread "Unconstrained build operations Thread 65" [_thread_blocked, id=10716, stack(0x00000003bda00000,0x00000003bdb00000)]
  0x00000148e7b66420 JavaThread "Unconstrained build operations Thread 66" [_thread_blocked, id=7984, stack(0x00000003bdb00000,0x00000003bdc00000)]
  0x00000148e7b64fe0 JavaThread "Unconstrained build operations Thread 67" [_thread_blocked, id=11200, stack(0x00000003bdc00000,0x00000003bdd00000)]
  0x00000148e7b69950 JavaThread "Unconstrained build operations Thread 68" [_thread_blocked, id=12728, stack(0x00000003bdd00000,0x00000003bde00000)]
  0x00000148e7b68510 JavaThread "Unconstrained build operations Thread 69" [_thread_blocked, id=13416, stack(0x00000003bde00000,0x00000003bdf00000)]
  0x00000148e7f25620 JavaThread "Unconstrained build operations Thread 70" [_thread_blocked, id=21880, stack(0x00000003be100000,0x00000003be200000)]
  0x00000148e7f25b30 JavaThread "Unconstrained build operations Thread 71" [_thread_blocked, id=19296, stack(0x00000003be200000,0x00000003be300000)]
  0x00000148e7b68f30 JavaThread "Unconstrained build operations Thread 72" [_thread_blocked, id=12844, stack(0x00000003be300000,0x00000003be400000)]
  0x00000148e7b68000 JavaThread "Unconstrained build operations Thread 73" [_thread_blocked, id=6260, stack(0x00000003be400000,0x00000003be500000)]
  0x00000148e7b69440 JavaThread "Unconstrained build operations Thread 74" [_thread_blocked, id=26744, stack(0x00000003be500000,0x00000003be600000)]
  0x00000148e7b68a20 JavaThread "Unconstrained build operations Thread 75" [_thread_blocked, id=16136, stack(0x00000003be600000,0x00000003be700000)]
  0x00000148e8acb640 JavaThread "Unconstrained build operations Thread 76" [_thread_blocked, id=22824, stack(0x00000003be700000,0x00000003be800000)]
  0x00000148e8aca200 JavaThread "Unconstrained build operations Thread 77" [_thread_blocked, id=26504, stack(0x00000003be800000,0x00000003be900000)]
  0x00000148e8ac7e90 JavaThread "Unconstrained build operations Thread 78" [_thread_blocked, id=15024, stack(0x00000003be900000,0x00000003bea00000)]
  0x00000148e8acac20 JavaThread "Unconstrained build operations Thread 79" [_thread_blocked, id=8256, stack(0x00000003bea00000,0x00000003beb00000)]
  0x00000148e8acb130 JavaThread "Unconstrained build operations Thread 80" [_thread_blocked, id=28584, stack(0x00000003beb00000,0x00000003bec00000)]
  0x00000148e8ac83a0 JavaThread "ForkJoinPool.commonPool-worker-1" daemon [_thread_blocked, id=10364, stack(0x00000003bec00000,0x00000003bed00000)]
  0x00000148e9959580 JavaThread "ForkJoinPool.commonPool-worker-2" daemon [_thread_blocked, id=18844, stack(0x00000003bed00000,0x00000003bee00000)]
  0x00000148e9959070 JavaThread "ForkJoinPool.commonPool-worker-3" daemon [_thread_blocked, id=12472, stack(0x00000003bee00000,0x00000003bef00000)]
  0x00000148e89ea3b0 JavaThread "ForkJoinPool.commonPool-worker-4" daemon [_thread_blocked, id=11820, stack(0x00000003bef00000,0x00000003bf000000)]
  0x00000148e9959a90 JavaThread "ForkJoinPool.commonPool-worker-5" daemon [_thread_blocked, id=20876, stack(0x00000003bf000000,0x00000003bf100000)]
  0x00000148e6c34fe0 JavaThread "ForkJoinPool.commonPool-worker-6" daemon [_thread_blocked, id=8988, stack(0x00000003bf100000,0x00000003bf200000)]
  0x00000148e9958b60 JavaThread "ForkJoinPool.commonPool-worker-7" daemon [_thread_blocked, id=2164, stack(0x00000003bf200000,0x00000003bf300000)]
  0x00000148ea910e90 JavaThread "Exec process" [_thread_blocked, id=27460, stack(0x00000003bf300000,0x00000003bf400000)]
  0x00000148e3770200 JavaThread "Exec process Thread 2" [_thread_blocked, id=3696, stack(0x00000003bf400000,0x00000003bf500000)]
  0x00000148e3770710 JavaThread "Exec process Thread 3" [_thread_blocked, id=26076, stack(0x00000003bf500000,0x00000003bf600000)]
  0x00000148e6cbc790 JavaThread "C2 CompilerThread1" daemon [_thread_in_native, id=12612, stack(0x00000003b9600000,0x00000003b9700000)]
  0x00000148e3261ac0 JavaThread "C2 CompilerThread2" daemon [_thread_in_native, id=6900, stack(0x00000003b9c00000,0x00000003b9d00000)]
  0x00000148e376e8b0 JavaThread "included builds" [_thread_in_native, id=20972, stack(0x00000003bf600000,0x00000003bf700000)]
  0x00000148e8ac88b0 JavaThread "Execution worker" [_thread_blocked, id=14632, stack(0x00000003bf700000,0x00000003bf800000)]
  0x00000148e8ac92d0 JavaThread "Execution worker Thread 2" [_thread_blocked, id=18284, stack(0x00000003bf800000,0x00000003bf900000)]
  0x00000148e8ac8dc0 JavaThread "Execution worker Thread 3" [_thread_blocked, id=27236, stack(0x00000003bf900000,0x00000003bfa00000)]
  0x00000148ea9122d0 JavaThread "Execution worker Thread 4" [_thread_blocked, id=25440, stack(0x00000003bfa00000,0x00000003bfb00000)]
  0x00000148ea910470 JavaThread "Execution worker Thread 5" [_thread_blocked, id=23124, stack(0x00000003bfb00000,0x00000003bfc00000)]
  0x00000148ea912cf0 JavaThread "Execution worker Thread 6" [_thread_blocked, id=5900, stack(0x00000003bfc00000,0x00000003bfd00000)]
  0x00000148ea90ff60 JavaThread "Execution worker Thread 7" [_thread_blocked, id=22992, stack(0x00000003bfd00000,0x00000003bfe00000)]

Other Threads:
  0x00000148c9dc9ab0 VMThread "VM Thread" [stack: 0x00000003b6400000,0x00000003b6500000] [id=26708]
  0x00000148ad592840 WatcherThread [stack: 0x00000003b7100000,0x00000003b7200000] [id=16224]
  0x00000148ad58b300 GCTaskThread "GC Thread#0" [stack: 0x00000003b5f00000,0x00000003b6000000] [id=15560]
  0x00000148e336fad0 GCTaskThread "GC Thread#1" [stack: 0x00000003b7300000,0x00000003b7400000] [id=1980]
  0x00000148e3370050 GCTaskThread "GC Thread#2" [stack: 0x00000003b7400000,0x00000003b7500000] [id=584]
  0x00000148e33710d0 GCTaskThread "GC Thread#3" [stack: 0x00000003b7500000,0x00000003b7600000] [id=24588]
  0x00000148e3371390 GCTaskThread "GC Thread#4" [stack: 0x00000003b7600000,0x00000003b7700000] [id=12304]
  0x00000148e3370890 GCTaskThread "GC Thread#5" [stack: 0x00000003b7700000,0x00000003b7800000] [id=7804]
  0x00000148e33705d0 GCTaskThread "GC Thread#6" [stack: 0x00000003b8800000,0x00000003b8900000] [id=4120]
  0x00000148e54180d0 GCTaskThread "GC Thread#7" [stack: 0x00000003b8900000,0x00000003b8a00000] [id=21244]
  0x00000148ad52e240 ConcurrentGCThread "G1 Main Marker" [stack: 0x00000003b6000000,0x00000003b6100000] [id=1608]
  0x00000148ad52ea60 ConcurrentGCThread "G1 Conc#0" [stack: 0x00000003b6100000,0x00000003b6200000] [id=20064]
  0x00000148e5417e10 ConcurrentGCThread "G1 Conc#1" [stack: 0x00000003b8a00000,0x00000003b8b00000] [id=20364]
  0x00000148ad62d780 ConcurrentGCThread "G1 Refine#0" [stack: 0x00000003b6200000,0x00000003b6300000] [id=9464]
  0x00000148e410d820 ConcurrentGCThread "G1 Refine#1" [stack: 0x00000003b7800000,0x00000003b7900000] [id=11268]
  0x00000148e55d4b20 ConcurrentGCThread "G1 Refine#2" [stack: 0x00000003bdf00000,0x00000003be000000] [id=25580]
  0x00000148e55d33a0 ConcurrentGCThread "G1 Refine#3" [stack: 0x00000003be000000,0x00000003be100000] [id=13956]
  0x00000148ad62dfc0 ConcurrentGCThread "G1 Service" [stack: 0x00000003b6300000,0x00000003b6400000] [id=1404]

Threads with active compile tasks:
C2 CompilerThread0    11865 9238 %     4       org.gradle.internal.instantiation.generator.AbstractClassGenerator::inspectType @ 107 (602 bytes)
C2 CompilerThread1    11865 9437       4       org.gradle.internal.reflect.MutableClassDetails::property (41 bytes)
C2 CompilerThread2    11865 9261       4       org.gradle.internal.reflect.ClassInspector::inspectClass (179 bytes)

VM state: not at safepoint (normal execution)

VM Mutex/Monitor currently owned by a thread: None

Heap address: 0x00000000e0000000, size: 512 MB, Compressed Oops mode: 32-bit

CDS archive(s) mapped at: [0x00000148ca000000-0x00000148cabd0000-0x00000148cabd0000), size 12386304, SharedBaseAddress: 0x00000148ca000000, ArchiveRelocationMode: 1.
Compressed class space mapped at: 0x00000148cb000000-0x00000148df000000, reserved size: 335544320
Narrow klass base: 0x00000148ca000000, Narrow klass shift: 0, Narrow klass range: 0x100000000

GC Precious Log:
 CPUs: 8 total, 8 available
 Memory: 8113M
 Large Page Support: Disabled
 NUMA Support: Disabled
 Compressed Oops: Enabled (32-bit)
 Heap Region Size: 1M
 Heap Min Capacity: 256M
 Heap Initial Capacity: 256M
 Heap Max Capacity: 512M
 Pre-touch: Disabled
 Parallel Workers: 8
 Concurrent Workers: 2
 Concurrent Refinement Workers: 8
 Periodic GC: Disabled

Heap:
 garbage-first heap   total 262144K, used 157204K [0x00000000e0000000, 0x0000000100000000)
  region size 1024K, 124 young (126976K), 20 survivors (20480K)
 Metaspace       used 58885K, committed 59584K, reserved 393216K
  class space    used 8247K, committed 8576K, reserved 327680K

Heap Regions: E=young(eden), S=young(survivor), O=old, HS=humongous(starts), HC=humongous(continues), CS=collection set, F=free, OA=open archive, CA=closed archive, TAMS=top-at-mark-start (previous, next)
|   0|0x00000000e0000000, 0x00000000e0100000, 0x00000000e0100000|100%|HS|  |TAMS 0x00000000e0100000, 0x00000000e0000000| Complete 
|   1|0x00000000e0100000, 0x00000000e0200000, 0x00000000e0200000|100%|HC|  |TAMS 0x00000000e0200000, 0x00000000e0100000| Complete 
|   2|0x00000000e0200000, 0x00000000e0300000, 0x00000000e0300000|100%|HC|  |TAMS 0x00000000e0300000, 0x00000000e0200000| Complete 
|   3|0x00000000e0300000, 0x00000000e0400000, 0x00000000e0400000|100%| O|  |TAMS 0x00000000e0400000, 0x00000000e0300000| Untracked 
|   4|0x00000000e0400000, 0x00000000e0500000, 0x00000000e0500000|100%| O|  |TAMS 0x00000000e0500000, 0x00000000e0400000| Untracked 
|   5|0x00000000e0500000, 0x00000000e0600000, 0x00000000e0600000|100%| O|  |TAMS 0x00000000e0600000, 0x00000000e0500000| Untracked 
|   6|0x00000000e0600000, 0x00000000e0700000, 0x00000000e0700000|100%| O|  |TAMS 0x00000000e0700000, 0x00000000e0600000| Untracked 
|   7|0x00000000e0700000, 0x00000000e0800000, 0x00000000e0800000|100%|HS|  |TAMS 0x00000000e0800000, 0x00000000e0700000| Complete 
|   8|0x00000000e0800000, 0x00000000e0900000, 0x00000000e0900000|100%| O|  |TAMS 0x00000000e0800000, 0x00000000e0800000| Untracked 
|   9|0x00000000e0900000, 0x00000000e0a00000, 0x00000000e0a00000|100%| O|  |TAMS 0x00000000e0a00000, 0x00000000e0900000| Untracked 
|  10|0x00000000e0a00000, 0x00000000e0b00000, 0x00000000e0b00000|100%| O|  |TAMS 0x00000000e0b00000, 0x00000000e0a00000| Untracked 
|  11|0x00000000e0b00000, 0x00000000e0c00000, 0x00000000e0c00000|100%| O|  |TAMS 0x00000000e0c00000, 0x00000000e0b00000| Untracked 
|  12|0x00000000e0c00000, 0x00000000e0d00000, 0x00000000e0d00000|100%| O|  |TAMS 0x00000000e0d00000, 0x00000000e0c00000| Untracked 
|  13|0x00000000e0d00000, 0x00000000e0e00000, 0x00000000e0e00000|100%| O|  |TAMS 0x00000000e0d00000, 0x00000000e0d00000| Untracked 
|  14|0x00000000e0e00000, 0x00000000e0f00000, 0x00000000e0f00000|100%| O|  |TAMS 0x00000000e0e00000, 0x00000000e0e00000| Untracked 
|  15|0x00000000e0f00000, 0x00000000e1000000, 0x00000000e1000000|100%| O|  |TAMS 0x00000000e0f00000, 0x00000000e0f00000| Untracked 
|  16|0x00000000e1000000, 0x00000000e1100000, 0x00000000e1100000|100%| O|  |TAMS 0x00000000e1000000, 0x00000000e1000000| Untracked 
|  17|0x00000000e1100000, 0x00000000e1200000, 0x00000000e1200000|100%| O|  |TAMS 0x00000000e1100000, 0x00000000e1100000| Untracked 
|  18|0x00000000e1200000, 0x00000000e1300000, 0x00000000e1300000|100%| O|  |TAMS 0x00000000e1200000, 0x00000000e1200000| Untracked 
|  19|0x00000000e1300000, 0x00000000e1400000, 0x00000000e1400000|100%| O|  |TAMS 0x00000000e1300000, 0x00000000e1300000| Untracked 
|  20|0x00000000e1400000, 0x00000000e1500000, 0x00000000e1500000|100%| O|  |TAMS 0x00000000e1400000, 0x00000000e1400000| Untracked 
|  21|0x00000000e1500000, 0x00000000e1600000, 0x00000000e1600000|100%| O|  |TAMS 0x00000000e1500000, 0x00000000e1500000| Untracked 
|  22|0x00000000e1600000, 0x00000000e1700000, 0x00000000e1700000|100%| O|  |TAMS 0x00000000e1600000, 0x00000000e1600000| Untracked 
|  23|0x00000000e1700000, 0x00000000e1800000, 0x00000000e1800000|100%| O|  |TAMS 0x00000000e1700000, 0x00000000e1700000| Untracked 
|  24|0x00000000e1800000, 0x00000000e1900000, 0x00000000e1900000|100%| O|  |TAMS 0x00000000e1800000, 0x00000000e1800000| Untracked 
|  25|0x00000000e1900000, 0x00000000e1a00000, 0x00000000e1a00000|100%| O|  |TAMS 0x00000000e1900000, 0x00000000e1900000| Untracked 
|  26|0x00000000e1a00000, 0x00000000e1b00000, 0x00000000e1b00000|100%| O|  |TAMS 0x00000000e1a00000, 0x00000000e1a00000| Untracked 
|  27|0x00000000e1b00000, 0x00000000e1c00000, 0x00000000e1c00000|100%| O|  |TAMS 0x00000000e1b00000, 0x00000000e1b00000| Untracked 
|  28|0x00000000e1c00000, 0x00000000e1d00000, 0x00000000e1d00000|100%| O|  |TAMS 0x00000000e1c00000, 0x00000000e1c00000| Untracked 
|  29|0x00000000e1d00000, 0x00000000e1e00000, 0x00000000e1e00000|100%| O|  |TAMS 0x00000000e1d00000, 0x00000000e1d00000| Untracked 
|  30|0x00000000e1e00000, 0x00000000e1ed4200, 0x00000000e1f00000| 82%| O|  |TAMS 0x00000000e1e00000, 0x00000000e1e00000| Untracked 
|  31|0x00000000e1f00000, 0x00000000e1f00000, 0x00000000e2000000|  0%| F|  |TAMS 0x00000000e1f00000, 0x00000000e1f00000| Untracked 
|  32|0x00000000e2000000, 0x00000000e2000000, 0x00000000e2100000|  0%| F|  |TAMS 0x00000000e2000000, 0x00000000e2000000| Untracked 
|  33|0x00000000e2100000, 0x00000000e2100000, 0x00000000e2200000|  0%| F|  |TAMS 0x00000000e2100000, 0x00000000e2100000| Untracked 
|  34|0x00000000e2200000, 0x00000000e2200000, 0x00000000e2300000|  0%| F|  |TAMS 0x00000000e2200000, 0x00000000e2200000| Untracked 
|  35|0x00000000e2300000, 0x00000000e2300000, 0x00000000e2400000|  0%| F|  |TAMS 0x00000000e2300000, 0x00000000e2300000| Untracked 
|  36|0x00000000e2400000, 0x00000000e2400000, 0x00000000e2500000|  0%| F|  |TAMS 0x00000000e2400000, 0x00000000e2400000| Untracked 
|  37|0x00000000e2500000, 0x00000000e2500000, 0x00000000e2600000|  0%| F|  |TAMS 0x00000000e2500000, 0x00000000e2500000| Untracked 
|  38|0x00000000e2600000, 0x00000000e2600000, 0x00000000e2700000|  0%| F|  |TAMS 0x00000000e2600000, 0x00000000e2600000| Untracked 
|  39|0x00000000e2700000, 0x00000000e2700000, 0x00000000e2800000|  0%| F|  |TAMS 0x00000000e2700000, 0x00000000e2700000| Untracked 
|  40|0x00000000e2800000, 0x00000000e2800000, 0x00000000e2900000|  0%| F|  |TAMS 0x00000000e2800000, 0x00000000e2800000| Untracked 
|  41|0x00000000e2900000, 0x00000000e2900000, 0x00000000e2a00000|  0%| F|  |TAMS 0x00000000e2900000, 0x00000000e2900000| Untracked 
|  42|0x00000000e2a00000, 0x00000000e2a00000, 0x00000000e2b00000|  0%| F|  |TAMS 0x00000000e2a00000, 0x00000000e2a00000| Untracked 
|  43|0x00000000e2b00000, 0x00000000e2b00000, 0x00000000e2c00000|  0%| F|  |TAMS 0x00000000e2b00000, 0x00000000e2b00000| Untracked 
|  44|0x00000000e2c00000, 0x00000000e2c00000, 0x00000000e2d00000|  0%| F|  |TAMS 0x00000000e2c00000, 0x00000000e2c00000| Untracked 
|  45|0x00000000e2d00000, 0x00000000e2d00000, 0x00000000e2e00000|  0%| F|  |TAMS 0x00000000e2d00000, 0x00000000e2d00000| Untracked 
|  46|0x00000000e2e00000, 0x00000000e2e00000, 0x00000000e2f00000|  0%| F|  |TAMS 0x00000000e2e00000, 0x00000000e2e00000| Untracked 
|  47|0x00000000e2f00000, 0x00000000e2f00000, 0x00000000e3000000|  0%| F|  |TAMS 0x00000000e2f00000, 0x00000000e2f00000| Untracked 
|  48|0x00000000e3000000, 0x00000000e3000000, 0x00000000e3100000|  0%| F|  |TAMS 0x00000000e3000000, 0x00000000e3000000| Untracked 
|  49|0x00000000e3100000, 0x00000000e3100000, 0x00000000e3200000|  0%| F|  |TAMS 0x00000000e3100000, 0x00000000e3100000| Untracked 
|  50|0x00000000e3200000, 0x00000000e3200000, 0x00000000e3300000|  0%| F|  |TAMS 0x00000000e3200000, 0x00000000e3200000| Untracked 
|  51|0x00000000e3300000, 0x00000000e3300000, 0x00000000e3400000|  0%| F|  |TAMS 0x00000000e3300000, 0x00000000e3300000| Untracked 
|  52|0x00000000e3400000, 0x00000000e3400000, 0x00000000e3500000|  0%| F|  |TAMS 0x00000000e3400000, 0x00000000e3400000| Untracked 
|  53|0x00000000e3500000, 0x00000000e3500000, 0x00000000e3600000|  0%| F|  |TAMS 0x00000000e3500000, 0x00000000e3500000| Untracked 
|  54|0x00000000e3600000, 0x00000000e3600000, 0x00000000e3700000|  0%| F|  |TAMS 0x00000000e3600000, 0x00000000e3600000| Untracked 
|  55|0x00000000e3700000, 0x00000000e3700000, 0x00000000e3800000|  0%| F|  |TAMS 0x00000000e3700000, 0x00000000e3700000| Untracked 
|  56|0x00000000e3800000, 0x00000000e3800000, 0x00000000e3900000|  0%| F|  |TAMS 0x00000000e3800000, 0x00000000e3800000| Untracked 
|  57|0x00000000e3900000, 0x00000000e3900000, 0x00000000e3a00000|  0%| F|  |TAMS 0x00000000e3900000, 0x00000000e3900000| Untracked 
|  58|0x00000000e3a00000, 0x00000000e3a00000, 0x00000000e3b00000|  0%| F|  |TAMS 0x00000000e3a00000, 0x00000000e3a00000| Untracked 
|  59|0x00000000e3b00000, 0x00000000e3b00000, 0x00000000e3c00000|  0%| F|  |TAMS 0x00000000e3b00000, 0x00000000e3b00000| Untracked 
|  60|0x00000000e3c00000, 0x00000000e3c00000, 0x00000000e3d00000|  0%| F|  |TAMS 0x00000000e3c00000, 0x00000000e3c00000| Untracked 
|  61|0x00000000e3d00000, 0x00000000e3d00000, 0x00000000e3e00000|  0%| F|  |TAMS 0x00000000e3d00000, 0x00000000e3d00000| Untracked 
|  62|0x00000000e3e00000, 0x00000000e3e00000, 0x00000000e3f00000|  0%| F|  |TAMS 0x00000000e3e00000, 0x00000000e3e00000| Untracked 
|  63|0x00000000e3f00000, 0x00000000e3f00000, 0x00000000e4000000|  0%| F|  |TAMS 0x00000000e3f00000, 0x00000000e3f00000| Untracked 
|  64|0x00000000e4000000, 0x00000000e4000000, 0x00000000e4100000|  0%| F|  |TAMS 0x00000000e4000000, 0x00000000e4000000| Untracked 
|  65|0x00000000e4100000, 0x00000000e4100000, 0x00000000e4200000|  0%| F|  |TAMS 0x00000000e4100000, 0x00000000e4100000| Untracked 
|  66|0x00000000e4200000, 0x00000000e4200000, 0x00000000e4300000|  0%| F|  |TAMS 0x00000000e4200000, 0x00000000e4200000| Untracked 
|  67|0x00000000e4300000, 0x00000000e4300000, 0x00000000e4400000|  0%| F|  |TAMS 0x00000000e4300000, 0x00000000e4300000| Untracked 
|  68|0x00000000e4400000, 0x00000000e4400000, 0x00000000e4500000|  0%| F|  |TAMS 0x00000000e4400000, 0x00000000e4400000| Untracked 
|  69|0x00000000e4500000, 0x00000000e4500000, 0x00000000e4600000|  0%| F|  |TAMS 0x00000000e4500000, 0x00000000e4500000| Untracked 
|  70|0x00000000e4600000, 0x00000000e4600000, 0x00000000e4700000|  0%| F|  |TAMS 0x00000000e4600000, 0x00000000e4600000| Untracked 
|  71|0x00000000e4700000, 0x00000000e4700000, 0x00000000e4800000|  0%| F|  |TAMS 0x00000000e4700000, 0x00000000e4700000| Untracked 
|  72|0x00000000e4800000, 0x00000000e4800000, 0x00000000e4900000|  0%| F|  |TAMS 0x00000000e4800000, 0x00000000e4800000| Untracked 
|  73|0x00000000e4900000, 0x00000000e4900000, 0x00000000e4a00000|  0%| F|  |TAMS 0x00000000e4900000, 0x00000000e4900000| Untracked 
|  74|0x00000000e4a00000, 0x00000000e4a00000, 0x00000000e4b00000|  0%| F|  |TAMS 0x00000000e4a00000, 0x00000000e4a00000| Untracked 
|  75|0x00000000e4b00000, 0x00000000e4b00000, 0x00000000e4c00000|  0%| F|  |TAMS 0x00000000e4b00000, 0x00000000e4b00000| Untracked 
|  76|0x00000000e4c00000, 0x00000000e4c00000, 0x00000000e4d00000|  0%| F|  |TAMS 0x00000000e4c00000, 0x00000000e4c00000| Untracked 
|  77|0x00000000e4d00000, 0x00000000e4d00000, 0x00000000e4e00000|  0%| F|  |TAMS 0x00000000e4d00000, 0x00000000e4d00000| Untracked 
|  78|0x00000000e4e00000, 0x00000000e4e00000, 0x00000000e4f00000|  0%| F|  |TAMS 0x00000000e4e00000, 0x00000000e4e00000| Untracked 
|  79|0x00000000e4f00000, 0x00000000e4f00000, 0x00000000e5000000|  0%| F|  |TAMS 0x00000000e4f00000, 0x00000000e4f00000| Untracked 
|  80|0x00000000e5000000, 0x00000000e5000000, 0x00000000e5100000|  0%| F|  |TAMS 0x00000000e5000000, 0x00000000e5000000| Untracked 
|  81|0x00000000e5100000, 0x00000000e5100000, 0x00000000e5200000|  0%| F|  |TAMS 0x00000000e5100000, 0x00000000e5100000| Untracked 
|  82|0x00000000e5200000, 0x00000000e5200000, 0x00000000e5300000|  0%| F|  |TAMS 0x00000000e5200000, 0x00000000e5200000| Untracked 
|  83|0x00000000e5300000, 0x00000000e53b0ee0, 0x00000000e5400000| 69%| S|CS|TAMS 0x00000000e5300000, 0x00000000e5300000| Complete 
|  84|0x00000000e5400000, 0x00000000e5500000, 0x00000000e5500000|100%| S|CS|TAMS 0x00000000e5400000, 0x00000000e5400000| Complete 
|  85|0x00000000e5500000, 0x00000000e5600000, 0x00000000e5600000|100%| S|CS|TAMS 0x00000000e5500000, 0x00000000e5500000| Complete 
|  86|0x00000000e5600000, 0x00000000e5700000, 0x00000000e5700000|100%| S|CS|TAMS 0x00000000e5600000, 0x00000000e5600000| Complete 
|  87|0x00000000e5700000, 0x00000000e5700000, 0x00000000e5800000|  0%| F|  |TAMS 0x00000000e5700000, 0x00000000e5700000| Untracked 
|  88|0x00000000e5800000, 0x00000000e5800000, 0x00000000e5900000|  0%| F|  |TAMS 0x00000000e5800000, 0x00000000e5800000| Untracked 
|  89|0x00000000e5900000, 0x00000000e5900000, 0x00000000e5a00000|  0%| F|  |TAMS 0x00000000e5900000, 0x00000000e5900000| Untracked 
|  90|0x00000000e5a00000, 0x00000000e5a00000, 0x00000000e5b00000|  0%| F|  |TAMS 0x00000000e5a00000, 0x00000000e5a00000| Untracked 
|  91|0x00000000e5b00000, 0x00000000e5b00000, 0x00000000e5c00000|  0%| F|  |TAMS 0x00000000e5b00000, 0x00000000e5b00000| Untracked 
|  92|0x00000000e5c00000, 0x00000000e5c00000, 0x00000000e5d00000|  0%| F|  |TAMS 0x00000000e5c00000, 0x00000000e5c00000| Untracked 
|  93|0x00000000e5d00000, 0x00000000e5d00000, 0x00000000e5e00000|  0%| F|  |TAMS 0x00000000e5d00000, 0x00000000e5d00000| Untracked 
|  94|0x00000000e5e00000, 0x00000000e5e00000, 0x00000000e5f00000|  0%| F|  |TAMS 0x00000000e5e00000, 0x00000000e5e00000| Untracked 
|  95|0x00000000e5f00000, 0x00000000e5f00000, 0x00000000e6000000|  0%| F|  |TAMS 0x00000000e5f00000, 0x00000000e5f00000| Untracked 
|  96|0x00000000e6000000, 0x00000000e6000000, 0x00000000e6100000|  0%| F|  |TAMS 0x00000000e6000000, 0x00000000e6000000| Untracked 
|  97|0x00000000e6100000, 0x00000000e6100000, 0x00000000e6200000|  0%| F|  |TAMS 0x00000000e6100000, 0x00000000e6100000| Untracked 
|  98|0x00000000e6200000, 0x00000000e6200000, 0x00000000e6300000|  0%| F|  |TAMS 0x00000000e6200000, 0x00000000e6200000| Untracked 
|  99|0x00000000e6300000, 0x00000000e6300000, 0x00000000e6400000|  0%| F|  |TAMS 0x00000000e6300000, 0x00000000e6300000| Untracked 
| 100|0x00000000e6400000, 0x00000000e6400000, 0x00000000e6500000|  0%| F|  |TAMS 0x00000000e6400000, 0x00000000e6400000| Untracked 
| 101|0x00000000e6500000, 0x00000000e6500000, 0x00000000e6600000|  0%| F|  |TAMS 0x00000000e6500000, 0x00000000e6500000| Untracked 
| 102|0x00000000e6600000, 0x00000000e6600000, 0x00000000e6700000|  0%| F|  |TAMS 0x00000000e6600000, 0x00000000e6600000| Untracked 
| 103|0x00000000e6700000, 0x00000000e6800000, 0x00000000e6800000|100%| S|CS|TAMS 0x00000000e6700000, 0x00000000e6700000| Complete 
| 104|0x00000000e6800000, 0x00000000e6900000, 0x00000000e6900000|100%| S|CS|TAMS 0x00000000e6800000, 0x00000000e6800000| Complete 
| 105|0x00000000e6900000, 0x00000000e6a00000, 0x00000000e6a00000|100%| S|CS|TAMS 0x00000000e6900000, 0x00000000e6900000| Complete 
| 106|0x00000000e6a00000, 0x00000000e6b00000, 0x00000000e6b00000|100%| S|CS|TAMS 0x00000000e6a00000, 0x00000000e6a00000| Complete 
| 107|0x00000000e6b00000, 0x00000000e6c00000, 0x00000000e6c00000|100%| S|CS|TAMS 0x00000000e6b00000, 0x00000000e6b00000| Complete 
| 108|0x00000000e6c00000, 0x00000000e6d00000, 0x00000000e6d00000|100%| S|CS|TAMS 0x00000000e6c00000, 0x00000000e6c00000| Complete 
| 109|0x00000000e6d00000, 0x00000000e6e00000, 0x00000000e6e00000|100%| S|CS|TAMS 0x00000000e6d00000, 0x00000000e6d00000| Complete 
| 110|0x00000000e6e00000, 0x00000000e6f00000, 0x00000000e6f00000|100%| S|CS|TAMS 0x00000000e6e00000, 0x00000000e6e00000| Complete 
| 111|0x00000000e6f00000, 0x00000000e7000000, 0x00000000e7000000|100%| S|CS|TAMS 0x00000000e6f00000, 0x00000000e6f00000| Complete 
| 112|0x00000000e7000000, 0x00000000e7100000, 0x00000000e7100000|100%| S|CS|TAMS 0x00000000e7000000, 0x00000000e7000000| Complete 
| 113|0x00000000e7100000, 0x00000000e7200000, 0x00000000e7200000|100%| S|CS|TAMS 0x00000000e7100000, 0x00000000e7100000| Complete 
| 114|0x00000000e7200000, 0x00000000e7300000, 0x00000000e7300000|100%| S|CS|TAMS 0x00000000e7200000, 0x00000000e7200000| Complete 
| 115|0x00000000e7300000, 0x00000000e7400000, 0x00000000e7400000|100%| S|CS|TAMS 0x00000000e7300000, 0x00000000e7300000| Complete 
| 116|0x00000000e7400000, 0x00000000e7500000, 0x00000000e7500000|100%| S|CS|TAMS 0x00000000e7400000, 0x00000000e7400000| Complete 
| 117|0x00000000e7500000, 0x00000000e7600000, 0x00000000e7600000|100%| S|CS|TAMS 0x00000000e7500000, 0x00000000e7500000| Complete 
| 118|0x00000000e7600000, 0x00000000e7700000, 0x00000000e7700000|100%| S|CS|TAMS 0x00000000e7600000, 0x00000000e7600000| Complete 
| 119|0x00000000e7700000, 0x00000000e7700000, 0x00000000e7800000|  0%| F|  |TAMS 0x00000000e7700000, 0x00000000e7700000| Untracked 
| 120|0x00000000e7800000, 0x00000000e7800000, 0x00000000e7900000|  0%| F|  |TAMS 0x00000000e7800000, 0x00000000e7800000| Untracked 
| 121|0x00000000e7900000, 0x00000000e7900000, 0x00000000e7a00000|  0%| F|  |TAMS 0x00000000e7900000, 0x00000000e7900000| Untracked 
| 122|0x00000000e7a00000, 0x00000000e7a00000, 0x00000000e7b00000|  0%| F|  |TAMS 0x00000000e7a00000, 0x00000000e7a00000| Untracked 
| 123|0x00000000e7b00000, 0x00000000e7b00000, 0x00000000e7c00000|  0%| F|  |TAMS 0x00000000e7b00000, 0x00000000e7b00000| Untracked 
| 124|0x00000000e7c00000, 0x00000000e7c00000, 0x00000000e7d00000|  0%| F|  |TAMS 0x00000000e7c00000, 0x00000000e7c00000| Untracked 
| 125|0x00000000e7d00000, 0x00000000e7d00000, 0x00000000e7e00000|  0%| F|  |TAMS 0x00000000e7d00000, 0x00000000e7d00000| Untracked 
| 126|0x00000000e7e00000, 0x00000000e7e00000, 0x00000000e7f00000|  0%| F|  |TAMS 0x00000000e7e00000, 0x00000000e7e00000| Untracked 
| 127|0x00000000e7f00000, 0x00000000e7f00000, 0x00000000e8000000|  0%| F|  |TAMS 0x00000000e7f00000, 0x00000000e7f00000| Untracked 
| 128|0x00000000e8000000, 0x00000000e8000000, 0x00000000e8100000|  0%| F|  |TAMS 0x00000000e8000000, 0x00000000e8000000| Untracked 
| 129|0x00000000e8100000, 0x00000000e8100000, 0x00000000e8200000|  0%| F|  |TAMS 0x00000000e8100000, 0x00000000e8100000| Untracked 
| 130|0x00000000e8200000, 0x00000000e8200000, 0x00000000e8300000|  0%| F|  |TAMS 0x00000000e8200000, 0x00000000e8200000| Untracked 
| 131|0x00000000e8300000, 0x00000000e8300000, 0x00000000e8400000|  0%| F|  |TAMS 0x00000000e8300000, 0x00000000e8300000| Untracked 
| 132|0x00000000e8400000, 0x00000000e8400000, 0x00000000e8500000|  0%| F|  |TAMS 0x00000000e8400000, 0x00000000e8400000| Untracked 
| 133|0x00000000e8500000, 0x00000000e8500000, 0x00000000e8600000|  0%| F|  |TAMS 0x00000000e8500000, 0x00000000e8500000| Untracked 
| 134|0x00000000e8600000, 0x00000000e8600000, 0x00000000e8700000|  0%| F|  |TAMS 0x00000000e8600000, 0x00000000e8600000| Untracked 
| 135|0x00000000e8700000, 0x00000000e8700000, 0x00000000e8800000|  0%| F|  |TAMS 0x00000000e8700000, 0x00000000e8700000| Untracked 
| 136|0x00000000e8800000, 0x00000000e8800000, 0x00000000e8900000|  0%| F|  |TAMS 0x00000000e8800000, 0x00000000e8800000| Untracked 
| 137|0x00000000e8900000, 0x00000000e8900000, 0x00000000e8a00000|  0%| F|  |TAMS 0x00000000e8900000, 0x00000000e8900000| Untracked 
| 138|0x00000000e8a00000, 0x00000000e8a00000, 0x00000000e8b00000|  0%| F|  |TAMS 0x00000000e8a00000, 0x00000000e8a00000| Untracked 
| 139|0x00000000e8b00000, 0x00000000e8b00000, 0x00000000e8c00000|  0%| F|  |TAMS 0x00000000e8b00000, 0x00000000e8b00000| Untracked 
| 140|0x00000000e8c00000, 0x00000000e8c00000, 0x00000000e8d00000|  0%| F|  |TAMS 0x00000000e8c00000, 0x00000000e8c00000| Untracked 
| 141|0x00000000e8d00000, 0x00000000e8d00000, 0x00000000e8e00000|  0%| F|  |TAMS 0x00000000e8d00000, 0x00000000e8d00000| Untracked 
| 142|0x00000000e8e00000, 0x00000000e8e00000, 0x00000000e8f00000|  0%| F|  |TAMS 0x00000000e8e00000, 0x00000000e8e00000| Untracked 
| 143|0x00000000e8f00000, 0x00000000e8f00000, 0x00000000e9000000|  0%| F|  |TAMS 0x00000000e8f00000, 0x00000000e8f00000| Untracked 
| 144|0x00000000e9000000, 0x00000000e9000000, 0x00000000e9100000|  0%| F|  |TAMS 0x00000000e9000000, 0x00000000e9000000| Untracked 
| 145|0x00000000e9100000, 0x00000000e9100000, 0x00000000e9200000|  0%| F|  |TAMS 0x00000000e9100000, 0x00000000e9100000| Untracked 
| 146|0x00000000e9200000, 0x00000000e9200000, 0x00000000e9300000|  0%| F|  |TAMS 0x00000000e9200000, 0x00000000e9200000| Untracked 
| 147|0x00000000e9300000, 0x00000000e9300000, 0x00000000e9400000|  0%| F|  |TAMS 0x00000000e9300000, 0x00000000e9300000| Untracked 
| 148|0x00000000e9400000, 0x00000000e9400000, 0x00000000e9500000|  0%| F|  |TAMS 0x00000000e9400000, 0x00000000e9400000| Untracked 
| 149|0x00000000e9500000, 0x00000000e9500000, 0x00000000e9600000|  0%| F|  |TAMS 0x00000000e9500000, 0x00000000e9500000| Untracked 
| 150|0x00000000e9600000, 0x00000000e9600000, 0x00000000e9700000|  0%| F|  |TAMS 0x00000000e9600000, 0x00000000e9600000| Untracked 
| 151|0x00000000e9700000, 0x00000000e9700000, 0x00000000e9800000|  0%| F|  |TAMS 0x00000000e9700000, 0x00000000e9700000| Untracked 
| 152|0x00000000e9800000, 0x00000000e9833d58, 0x00000000e9900000| 20%| E|  |TAMS 0x00000000e9800000, 0x00000000e9800000| Complete 
| 153|0x00000000e9900000, 0x00000000e9a00000, 0x00000000e9a00000|100%| E|CS|TAMS 0x00000000e9900000, 0x00000000e9900000| Complete 
| 154|0x00000000e9a00000, 0x00000000e9b00000, 0x00000000e9b00000|100%| E|CS|TAMS 0x00000000e9a00000, 0x00000000e9a00000| Complete 
| 155|0x00000000e9b00000, 0x00000000e9c00000, 0x00000000e9c00000|100%| E|CS|TAMS 0x00000000e9b00000, 0x00000000e9b00000| Complete 
| 156|0x00000000e9c00000, 0x00000000e9d00000, 0x00000000e9d00000|100%| E|CS|TAMS 0x00000000e9c00000, 0x00000000e9c00000| Complete 
| 157|0x00000000e9d00000, 0x00000000e9e00000, 0x00000000e9e00000|100%| E|CS|TAMS 0x00000000e9d00000, 0x00000000e9d00000| Complete 
| 158|0x00000000e9e00000, 0x00000000e9f00000, 0x00000000e9f00000|100%| E|CS|TAMS 0x00000000e9e00000, 0x00000000e9e00000| Complete 
| 159|0x00000000e9f00000, 0x00000000ea000000, 0x00000000ea000000|100%| E|CS|TAMS 0x00000000e9f00000, 0x00000000e9f00000| Complete 
| 160|0x00000000ea000000, 0x00000000ea100000, 0x00000000ea100000|100%| E|CS|TAMS 0x00000000ea000000, 0x00000000ea000000| Complete 
| 161|0x00000000ea100000, 0x00000000ea200000, 0x00000000ea200000|100%| E|CS|TAMS 0x00000000ea100000, 0x00000000ea100000| Complete 
| 162|0x00000000ea200000, 0x00000000ea300000, 0x00000000ea300000|100%| E|CS|TAMS 0x00000000ea200000, 0x00000000ea200000| Complete 
| 163|0x00000000ea300000, 0x00000000ea400000, 0x00000000ea400000|100%| E|CS|TAMS 0x00000000ea300000, 0x00000000ea300000| Complete 
| 164|0x00000000ea400000, 0x00000000ea500000, 0x00000000ea500000|100%| E|CS|TAMS 0x00000000ea400000, 0x00000000ea400000| Complete 
| 165|0x00000000ea500000, 0x00000000ea600000, 0x00000000ea600000|100%| E|CS|TAMS 0x00000000ea500000, 0x00000000ea500000| Complete 
| 166|0x00000000ea600000, 0x00000000ea700000, 0x00000000ea700000|100%| E|CS|TAMS 0x00000000ea600000, 0x00000000ea600000| Complete 
| 167|0x00000000ea700000, 0x00000000ea800000, 0x00000000ea800000|100%| E|CS|TAMS 0x00000000ea700000, 0x00000000ea700000| Complete 
| 168|0x00000000ea800000, 0x00000000ea900000, 0x00000000ea900000|100%| E|CS|TAMS 0x00000000ea800000, 0x00000000ea800000| Complete 
| 169|0x00000000ea900000, 0x00000000eaa00000, 0x00000000eaa00000|100%| E|CS|TAMS 0x00000000ea900000, 0x00000000ea900000| Complete 
| 170|0x00000000eaa00000, 0x00000000eab00000, 0x00000000eab00000|100%| E|CS|TAMS 0x00000000eaa00000, 0x00000000eaa00000| Complete 
| 171|0x00000000eab00000, 0x00000000eac00000, 0x00000000eac00000|100%| E|CS|TAMS 0x00000000eab00000, 0x00000000eab00000| Complete 
| 172|0x00000000eac00000, 0x00000000ead00000, 0x00000000ead00000|100%| E|CS|TAMS 0x00000000eac00000, 0x00000000eac00000| Complete 
| 173|0x00000000ead00000, 0x00000000eae00000, 0x00000000eae00000|100%| E|CS|TAMS 0x00000000ead00000, 0x00000000ead00000| Complete 
| 174|0x00000000eae00000, 0x00000000eaf00000, 0x00000000eaf00000|100%| E|CS|TAMS 0x00000000eae00000, 0x00000000eae00000| Complete 
| 175|0x00000000eaf00000, 0x00000000eb000000, 0x00000000eb000000|100%| E|CS|TAMS 0x00000000eaf00000, 0x00000000eaf00000| Complete 
| 176|0x00000000eb000000, 0x00000000eb100000, 0x00000000eb100000|100%| E|CS|TAMS 0x00000000eb000000, 0x00000000eb000000| Complete 
| 177|0x00000000eb100000, 0x00000000eb200000, 0x00000000eb200000|100%| E|CS|TAMS 0x00000000eb100000, 0x00000000eb100000| Complete 
| 178|0x00000000eb200000, 0x00000000eb300000, 0x00000000eb300000|100%| E|CS|TAMS 0x00000000eb200000, 0x00000000eb200000| Complete 
| 179|0x00000000eb300000, 0x00000000eb400000, 0x00000000eb400000|100%| E|CS|TAMS 0x00000000eb300000, 0x00000000eb300000| Complete 
| 180|0x00000000eb400000, 0x00000000eb500000, 0x00000000eb500000|100%| E|CS|TAMS 0x00000000eb400000, 0x00000000eb400000| Complete 
| 181|0x00000000eb500000, 0x00000000eb600000, 0x00000000eb600000|100%| E|CS|TAMS 0x00000000eb500000, 0x00000000eb500000| Complete 
| 182|0x00000000eb600000, 0x00000000eb700000, 0x00000000eb700000|100%| E|CS|TAMS 0x00000000eb600000, 0x00000000eb600000| Complete 
| 183|0x00000000eb700000, 0x00000000eb800000, 0x00000000eb800000|100%| E|CS|TAMS 0x00000000eb700000, 0x00000000eb700000| Complete 
| 184|0x00000000eb800000, 0x00000000eb900000, 0x00000000eb900000|100%| E|CS|TAMS 0x00000000eb800000, 0x00000000eb800000| Complete 
| 185|0x00000000eb900000, 0x00000000eba00000, 0x00000000eba00000|100%| E|CS|TAMS 0x00000000eb900000, 0x00000000eb900000| Complete 
| 186|0x00000000eba00000, 0x00000000ebb00000, 0x00000000ebb00000|100%| E|CS|TAMS 0x00000000eba00000, 0x00000000eba00000| Complete 
| 187|0x00000000ebb00000, 0x00000000ebc00000, 0x00000000ebc00000|100%| E|CS|TAMS 0x00000000ebb00000, 0x00000000ebb00000| Complete 
| 188|0x00000000ebc00000, 0x00000000ebd00000, 0x00000000ebd00000|100%| E|CS|TAMS 0x00000000ebc00000, 0x00000000ebc00000| Complete 
| 189|0x00000000ebd00000, 0x00000000ebe00000, 0x00000000ebe00000|100%| E|CS|TAMS 0x00000000ebd00000, 0x00000000ebd00000| Complete 
| 190|0x00000000ebe00000, 0x00000000ebf00000, 0x00000000ebf00000|100%| E|CS|TAMS 0x00000000ebe00000, 0x00000000ebe00000| Complete 
| 191|0x00000000ebf00000, 0x00000000ec000000, 0x00000000ec000000|100%| E|CS|TAMS 0x00000000ebf00000, 0x00000000ebf00000| Complete 
| 192|0x00000000ec000000, 0x00000000ec100000, 0x00000000ec100000|100%| E|CS|TAMS 0x00000000ec000000, 0x00000000ec000000| Complete 
| 193|0x00000000ec100000, 0x00000000ec200000, 0x00000000ec200000|100%| E|CS|TAMS 0x00000000ec100000, 0x00000000ec100000| Complete 
| 194|0x00000000ec200000, 0x00000000ec300000, 0x00000000ec300000|100%| E|CS|TAMS 0x00000000ec200000, 0x00000000ec200000| Complete 
| 195|0x00000000ec300000, 0x00000000ec400000, 0x00000000ec400000|100%| E|CS|TAMS 0x00000000ec300000, 0x00000000ec300000| Complete 
| 196|0x00000000ec400000, 0x00000000ec500000, 0x00000000ec500000|100%| E|CS|TAMS 0x00000000ec400000, 0x00000000ec400000| Complete 
| 197|0x00000000ec500000, 0x00000000ec600000, 0x00000000ec600000|100%| E|CS|TAMS 0x00000000ec500000, 0x00000000ec500000| Complete 
| 198|0x00000000ec600000, 0x00000000ec700000, 0x00000000ec700000|100%| E|CS|TAMS 0x00000000ec600000, 0x00000000ec600000| Complete 
| 199|0x00000000ec700000, 0x00000000ec800000, 0x00000000ec800000|100%| E|CS|TAMS 0x00000000ec700000, 0x00000000ec700000| Complete 
| 200|0x00000000ec800000, 0x00000000ec900000, 0x00000000ec900000|100%| E|CS|TAMS 0x00000000ec800000, 0x00000000ec800000| Complete 
| 201|0x00000000ec900000, 0x00000000eca00000, 0x00000000eca00000|100%| E|CS|TAMS 0x00000000ec900000, 0x00000000ec900000| Complete 
| 202|0x00000000eca00000, 0x00000000ecb00000, 0x00000000ecb00000|100%| E|CS|TAMS 0x00000000eca00000, 0x00000000eca00000| Complete 
| 203|0x00000000ecb00000, 0x00000000ecc00000, 0x00000000ecc00000|100%| E|CS|TAMS 0x00000000ecb00000, 0x00000000ecb00000| Complete 
| 204|0x00000000ecc00000, 0x00000000ecd00000, 0x00000000ecd00000|100%| E|CS|TAMS 0x00000000ecc00000, 0x00000000ecc00000| Complete 
| 205|0x00000000ecd00000, 0x00000000ece00000, 0x00000000ece00000|100%| E|CS|TAMS 0x00000000ecd00000, 0x00000000ecd00000| Complete 
| 206|0x00000000ece00000, 0x00000000ecf00000, 0x00000000ecf00000|100%| E|CS|TAMS 0x00000000ece00000, 0x00000000ece00000| Complete 
| 207|0x00000000ecf00000, 0x00000000ed000000, 0x00000000ed000000|100%| E|CS|TAMS 0x00000000ecf00000, 0x00000000ecf00000| Complete 
| 208|0x00000000ed000000, 0x00000000ed100000, 0x00000000ed100000|100%| E|CS|TAMS 0x00000000ed000000, 0x00000000ed000000| Complete 
| 209|0x00000000ed100000, 0x00000000ed200000, 0x00000000ed200000|100%| E|CS|TAMS 0x00000000ed100000, 0x00000000ed100000| Complete 
| 210|0x00000000ed200000, 0x00000000ed300000, 0x00000000ed300000|100%| E|CS|TAMS 0x00000000ed200000, 0x00000000ed200000| Complete 
| 211|0x00000000ed300000, 0x00000000ed400000, 0x00000000ed400000|100%| E|CS|TAMS 0x00000000ed300000, 0x00000000ed300000| Complete 
| 212|0x00000000ed400000, 0x00000000ed500000, 0x00000000ed500000|100%| E|CS|TAMS 0x00000000ed400000, 0x00000000ed400000| Complete 
| 213|0x00000000ed500000, 0x00000000ed600000, 0x00000000ed600000|100%| E|CS|TAMS 0x00000000ed500000, 0x00000000ed500000| Complete 
| 214|0x00000000ed600000, 0x00000000ed700000, 0x00000000ed700000|100%| E|CS|TAMS 0x00000000ed600000, 0x00000000ed600000| Complete 
| 215|0x00000000ed700000, 0x00000000ed800000, 0x00000000ed800000|100%| E|CS|TAMS 0x00000000ed700000, 0x00000000ed700000| Complete 
| 216|0x00000000ed800000, 0x00000000ed900000, 0x00000000ed900000|100%| E|CS|TAMS 0x00000000ed800000, 0x00000000ed800000| Complete 
| 217|0x00000000ed900000, 0x00000000eda00000, 0x00000000eda00000|100%| E|CS|TAMS 0x00000000ed900000, 0x00000000ed900000| Complete 
| 218|0x00000000eda00000, 0x00000000edb00000, 0x00000000edb00000|100%| E|CS|TAMS 0x00000000eda00000, 0x00000000eda00000| Complete 
| 219|0x00000000edb00000, 0x00000000edc00000, 0x00000000edc00000|100%| E|CS|TAMS 0x00000000edb00000, 0x00000000edb00000| Complete 
| 220|0x00000000edc00000, 0x00000000edd00000, 0x00000000edd00000|100%| E|CS|TAMS 0x00000000edc00000, 0x00000000edc00000| Complete 
| 221|0x00000000edd00000, 0x00000000ede00000, 0x00000000ede00000|100%| E|CS|TAMS 0x00000000edd00000, 0x00000000edd00000| Complete 
| 222|0x00000000ede00000, 0x00000000edf00000, 0x00000000edf00000|100%| E|CS|TAMS 0x00000000ede00000, 0x00000000ede00000| Complete 
| 223|0x00000000edf00000, 0x00000000ee000000, 0x00000000ee000000|100%| E|CS|TAMS 0x00000000edf00000, 0x00000000edf00000| Complete 
| 224|0x00000000ee000000, 0x00000000ee100000, 0x00000000ee100000|100%| E|CS|TAMS 0x00000000ee000000, 0x00000000ee000000| Complete 
| 225|0x00000000ee100000, 0x00000000ee200000, 0x00000000ee200000|100%| E|CS|TAMS 0x00000000ee100000, 0x00000000ee100000| Complete 
| 226|0x00000000ee200000, 0x00000000ee300000, 0x00000000ee300000|100%| E|CS|TAMS 0x00000000ee200000, 0x00000000ee200000| Complete 
| 227|0x00000000ee300000, 0x00000000ee400000, 0x00000000ee400000|100%| E|CS|TAMS 0x00000000ee300000, 0x00000000ee300000| Complete 
| 228|0x00000000ee400000, 0x00000000ee500000, 0x00000000ee500000|100%| E|CS|TAMS 0x00000000ee400000, 0x00000000ee400000| Complete 
| 229|0x00000000ee500000, 0x00000000ee600000, 0x00000000ee600000|100%| E|CS|TAMS 0x00000000ee500000, 0x00000000ee500000| Complete 
| 230|0x00000000ee600000, 0x00000000ee700000, 0x00000000ee700000|100%| E|CS|TAMS 0x00000000ee600000, 0x00000000ee600000| Complete 
| 231|0x00000000ee700000, 0x00000000ee800000, 0x00000000ee800000|100%| E|CS|TAMS 0x00000000ee700000, 0x00000000ee700000| Complete 
| 232|0x00000000ee800000, 0x00000000ee900000, 0x00000000ee900000|100%| E|CS|TAMS 0x00000000ee800000, 0x00000000ee800000| Complete 
| 233|0x00000000ee900000, 0x00000000eea00000, 0x00000000eea00000|100%| E|CS|TAMS 0x00000000ee900000, 0x00000000ee900000| Complete 
| 234|0x00000000eea00000, 0x00000000eeb00000, 0x00000000eeb00000|100%| E|CS|TAMS 0x00000000eea00000, 0x00000000eea00000| Complete 
| 235|0x00000000eeb00000, 0x00000000eec00000, 0x00000000eec00000|100%| E|CS|TAMS 0x00000000eeb00000, 0x00000000eeb00000| Complete 
| 236|0x00000000eec00000, 0x00000000eed00000, 0x00000000eed00000|100%| E|CS|TAMS 0x00000000eec00000, 0x00000000eec00000| Complete 
| 237|0x00000000eed00000, 0x00000000eee00000, 0x00000000eee00000|100%| E|CS|TAMS 0x00000000eed00000, 0x00000000eed00000| Complete 
| 238|0x00000000eee00000, 0x00000000eef00000, 0x00000000eef00000|100%| E|CS|TAMS 0x00000000eee00000, 0x00000000eee00000| Complete 
| 239|0x00000000eef00000, 0x00000000ef000000, 0x00000000ef000000|100%| E|CS|TAMS 0x00000000eef00000, 0x00000000eef00000| Complete 
| 240|0x00000000ef000000, 0x00000000ef100000, 0x00000000ef100000|100%| E|CS|TAMS 0x00000000ef000000, 0x00000000ef000000| Complete 
| 241|0x00000000ef100000, 0x00000000ef200000, 0x00000000ef200000|100%| E|CS|TAMS 0x00000000ef100000, 0x00000000ef100000| Complete 
| 242|0x00000000ef200000, 0x00000000ef300000, 0x00000000ef300000|100%| E|CS|TAMS 0x00000000ef200000, 0x00000000ef200000| Complete 
| 243|0x00000000ef300000, 0x00000000ef400000, 0x00000000ef400000|100%| E|CS|TAMS 0x00000000ef300000, 0x00000000ef300000| Complete 
| 244|0x00000000ef400000, 0x00000000ef500000, 0x00000000ef500000|100%| E|CS|TAMS 0x00000000ef400000, 0x00000000ef400000| Complete 
| 245|0x00000000ef500000, 0x00000000ef600000, 0x00000000ef600000|100%| E|CS|TAMS 0x00000000ef500000, 0x00000000ef500000| Complete 
| 246|0x00000000ef600000, 0x00000000ef700000, 0x00000000ef700000|100%| E|CS|TAMS 0x00000000ef600000, 0x00000000ef600000| Complete 
| 247|0x00000000ef700000, 0x00000000ef800000, 0x00000000ef800000|100%| E|CS|TAMS 0x00000000ef700000, 0x00000000ef700000| Complete 
| 248|0x00000000ef800000, 0x00000000ef900000, 0x00000000ef900000|100%| E|CS|TAMS 0x00000000ef800000, 0x00000000ef800000| Complete 
| 249|0x00000000ef900000, 0x00000000efa00000, 0x00000000efa00000|100%| E|CS|TAMS 0x00000000ef900000, 0x00000000ef900000| Complete 
| 250|0x00000000efa00000, 0x00000000efb00000, 0x00000000efb00000|100%| E|CS|TAMS 0x00000000efa00000, 0x00000000efa00000| Complete 
| 251|0x00000000efb00000, 0x00000000efc00000, 0x00000000efc00000|100%| E|CS|TAMS 0x00000000efb00000, 0x00000000efb00000| Complete 
| 252|0x00000000efc00000, 0x00000000efd00000, 0x00000000efd00000|100%| E|CS|TAMS 0x00000000efc00000, 0x00000000efc00000| Complete 
| 253|0x00000000efd00000, 0x00000000efe00000, 0x00000000efe00000|100%| E|CS|TAMS 0x00000000efd00000, 0x00000000efd00000| Complete 
| 254|0x00000000efe00000, 0x00000000eff00000, 0x00000000eff00000|100%| E|CS|TAMS 0x00000000efe00000, 0x00000000efe00000| Complete 
| 255|0x00000000eff00000, 0x00000000f0000000, 0x00000000f0000000|100%| E|CS|TAMS 0x00000000eff00000, 0x00000000eff00000| Complete 

Card table byte_map: [0x00000148c61c0000,0x00000148c62c0000] _byte_map_base: 0x00000148c5ac0000

Marking Bits (Prev, Next): (CMBitMap*) 0x00000148ad58b730, (CMBitMap*) 0x00000148ad58b770
 Prev Bits: [0x00000148c63c0000, 0x00000148c6bc0000)
 Next Bits: [0x00000148c6bc0000, 0x00000148c73c0000)

Polling page: 0x00000148ad400000

Metaspace:

Usage:
  Non-class:     49.45 MB used.
      Class:      8.05 MB used.
       Both:     57.51 MB used.

Virtual space:
  Non-class space:       64.00 MB reserved,      49.81 MB ( 78%) committed,  1 nodes.
      Class space:      320.00 MB reserved,       8.38 MB (  3%) committed,  1 nodes.
             Both:      384.00 MB reserved,      58.19 MB ( 15%) committed. 

Chunk freelists:
   Non-Class:  14.21 MB
       Class:  7.64 MB
        Both:  21.85 MB

MaxMetaspaceSize: 384.00 MB
CompressedClassSpaceSize: 320.00 MB
Initial GC threshold: 21.00 MB
Current GC threshold: 59.00 MB
CDS: on
MetaspaceReclaimPolicy: balanced
 - commit_granule_bytes: 65536.
 - commit_granule_words: 8192.
 - virtual_space_node_default_size: 8388608.
 - enlarge_chunks_in_place: 1.
 - new_chunks_are_fully_committed: 0.
 - uncommit_free_chunks: 1.
 - use_allocation_guard: 0.
 - handle_deallocations: 1.


Internal statistics:

num_allocs_failed_limit: 6.
num_arena_births: 732.
num_arena_deaths: 0.
num_vsnodes_births: 2.
num_vsnodes_deaths: 0.
num_space_committed: 931.
num_space_uncommitted: 0.
num_chunks_returned_to_freelist: 6.
num_chunks_taken_from_freelist: 3277.
num_chunk_merges: 6.
num_chunk_splits: 2068.
num_chunks_enlarged: 1316.
num_inconsistent_stats: 0.

CodeHeap 'non-profiled nmethods': size=120000Kb used=5174Kb max_used=5174Kb free=114825Kb
 bounds [0x00000148be120000, 0x00000148be630000, 0x00000148c5650000]
CodeHeap 'profiled nmethods': size=120000Kb used=16701Kb max_used=16701Kb free=103298Kb
 bounds [0x00000148b6650000, 0x00000148b76a0000, 0x00000148bdb80000]
CodeHeap 'non-nmethods': size=5760Kb used=2345Kb max_used=2410Kb free=3414Kb
 bounds [0x00000148bdb80000, 0x00000148bddf0000, 0x00000148be120000]
 total_blobs=9522 nmethods=8657 adapters=777
 compilation: enabled
              stopped_count=0, restarted_count=0
 full_count=0

Compilation events (20 events):
Event: 11.801 Thread 0x00000148c9e00440 nmethod 9429 0x00000148b769b690 code [0x00000148b769b820, 0x00000148b769ba18]
Event: 11.801 Thread 0x00000148c9e00440 9430       3       com.google.common.reflect.TypeToken::getRawType (18 bytes)
Event: 11.802 Thread 0x00000148c9e00440 nmethod 9430 0x00000148b769bb10 code [0x00000148b769bce0, 0x00000148b769c0a8]
Event: 11.802 Thread 0x00000148c9e00440 9431       3       com.google.common.reflect.TypeToken$4::visitClass (10 bytes)
Event: 11.802 Thread 0x00000148c9e00440 nmethod 9431 0x00000148b769c210 code [0x00000148b769c3c0, 0x00000148b769c588]
Event: 11.803 Thread 0x00000148e6cbc790 9432       4       java.util.HashSet::size (8 bytes)
Event: 11.804 Thread 0x00000148e6cbc790 nmethod 9432 0x00000148be62af10 code [0x00000148be62b080, 0x00000148be62b118]
Event: 11.804 Thread 0x00000148e6cbc790 9433       4       java.lang.invoke.TypeConvertingMethodAdapter::descriptorToName (36 bytes)
Event: 11.808 Thread 0x00000148c9e00440 9434       3       org.gradle.internal.event.DefaultListenerManager$EventBroadcast$ListenerDispatch::<init> (16 bytes)
Event: 11.808 Thread 0x00000148c9e00440 nmethod 9434 0x00000148b769c690 code [0x00000148b769c840, 0x00000148b769cad8]
Event: 11.809 Thread 0x00000148c9e00440 9435       3       org.gradle.internal.event.DefaultListenerManager$EventBroadcast::getDispatch (16 bytes)
Event: 11.809 Thread 0x00000148c9e00440 nmethod 9435 0x00000148b769cc10 code [0x00000148b769cda0, 0x00000148b769cf18]
Event: 11.809 Thread 0x00000148e6cbc790 nmethod 9433 0x00000148be62b210 code [0x00000148be62b3e0, 0x00000148be62ba48]
Event: 11.815 Thread 0x00000148e6cbc790 9436       4       com.google.common.collect.ImmutableList$Builder::build (17 bytes)
Event: 11.819 Thread 0x00000148e6cbc790 nmethod 9436 0x00000148be62be10 code [0x00000148be62bfa0, 0x00000148be62c3b8]
Event: 11.820 Thread 0x00000148e6cbc790 9437       4       org.gradle.internal.reflect.MutableClassDetails::property (41 bytes)
Event: 11.820 Thread 0x00000148c9e00440 9438       1       com.google.common.collect.AbstractMapBasedMultimap::size (5 bytes)
Event: 11.821 Thread 0x00000148c9e00440 nmethod 9438 0x00000148be62c610 code [0x00000148be62c7a0, 0x00000148be62c878]
Event: 11.821 Thread 0x00000148c9e00440 9440       3       com.google.common.collect.ImmutableSortedSet$Builder::sortAndDedup (146 bytes)
Event: 11.822 Thread 0x00000148c9e00440 nmethod 9440 0x00000148b769cf90 code [0x00000148b769d280, 0x00000148b769e388]

GC Heap History (14 events):
Event: 0.399 GC heap before
{Heap before GC invocations=0 (full 0):
 garbage-first heap   total 262144K, used 22528K [0x00000000e0000000, 0x0000000100000000)
  region size 1024K, 23 young (23552K), 0 survivors (0K)
 Metaspace       used 1111K, committed 1280K, reserved 393216K
  class space    used 78K, committed 128K, reserved 327680K
}
Event: 0.401 GC heap after
{Heap after GC invocations=1 (full 0):
 garbage-first heap   total 262144K, used 2645K [0x00000000e0000000, 0x0000000100000000)
  region size 1024K, 3 young (3072K), 3 survivors (3072K)
 Metaspace       used 1111K, committed 1280K, reserved 393216K
  class space    used 78K, committed 128K, reserved 327680K
}
Event: 0.943 GC heap before
{Heap before GC invocations=1 (full 0):
 garbage-first heap   total 262144K, used 38485K [0x00000000e0000000, 0x0000000100000000)
  region size 1024K, 36 young (36864K), 3 survivors (3072K)
 Metaspace       used 4414K, committed 4608K, reserved 393216K
  class space    used 553K, committed 640K, reserved 327680K
}
Event: 0.947 GC heap after
{Heap after GC invocations=2 (full 0):
 garbage-first heap   total 262144K, used 11469K [0x00000000e0000000, 0x0000000100000000)
  region size 1024K, 5 young (5120K), 5 survivors (5120K)
 Metaspace       used 4414K, committed 4608K, reserved 393216K
  class space    used 553K, committed 640K, reserved 327680K
}
Event: 1.966 GC heap before
{Heap before GC invocations=2 (full 0):
 garbage-first heap   total 262144K, used 57549K [0x00000000e0000000, 0x0000000100000000)
  region size 1024K, 48 young (49152K), 5 survivors (5120K)
 Metaspace       used 4658K, committed 4864K, reserved 393216K
  class space    used 581K, committed 704K, reserved 327680K
}
Event: 1.982 GC heap after
{Heap after GC invocations=3 (full 0):
 garbage-first heap   total 262144K, used 16363K [0x00000000e0000000, 0x0000000100000000)
  region size 1024K, 4 young (4096K), 4 survivors (4096K)
 Metaspace       used 4658K, committed 4864K, reserved 393216K
  class space    used 581K, committed 704K, reserved 327680K
}
Event: 5.239 GC heap before
{Heap before GC invocations=3 (full 0):
 garbage-first heap   total 262144K, used 126955K [0x00000000e0000000, 0x0000000100000000)
  region size 1024K, 113 young (115712K), 4 survivors (4096K)
 Metaspace       used 21150K, committed 21504K, reserved 393216K
  class space    used 3105K, committed 3328K, reserved 327680K
}
Event: 5.248 GC heap after
{Heap after GC invocations=4 (full 0):
 garbage-first heap   total 262144K, used 24084K [0x00000000e0000000, 0x0000000100000000)
  region size 1024K, 12 young (12288K), 12 survivors (12288K)
 Metaspace       used 21150K, committed 21504K, reserved 393216K
  class space    used 3105K, committed 3328K, reserved 327680K
}
Event: 6.838 GC heap before
{Heap before GC invocations=5 (full 0):
 garbage-first heap   total 262144K, used 144916K [0x00000000e0000000, 0x0000000100000000)
  region size 1024K, 127 young (130048K), 12 survivors (12288K)
 Metaspace       used 35650K, committed 36096K, reserved 393216K
  class space    used 4970K, committed 5184K, reserved 327680K
}
Event: 6.852 GC heap after
{Heap after GC invocations=6 (full 0):
 garbage-first heap   total 262144K, used 33090K [0x00000000e0000000, 0x0000000100000000)
  region size 1024K, 17 young (17408K), 17 survivors (17408K)
 Metaspace       used 35650K, committed 36096K, reserved 393216K
  class space    used 4970K, committed 5184K, reserved 327680K
}
Event: 8.776 GC heap before
{Heap before GC invocations=7 (full 0):
 garbage-first heap   total 262144K, used 173378K [0x00000000e0000000, 0x0000000100000000)
  region size 1024K, 153 young (156672K), 17 survivors (17408K)
 Metaspace       used 48911K, committed 49472K, reserved 393216K
  class space    used 6908K, committed 7168K, reserved 327680K
}
Event: 8.792 GC heap after
{Heap after GC invocations=8 (full 0):
 garbage-first heap   total 262144K, used 39264K [0x00000000e0000000, 0x0000000100000000)
  region size 1024K, 16 young (16384K), 16 survivors (16384K)
 Metaspace       used 48911K, committed 49472K, reserved 393216K
  class space    used 6908K, committed 7168K, reserved 327680K
}
Event: 10.231 GC heap before
{Heap before GC invocations=8 (full 0):
 garbage-first heap   total 262144K, used 179552K [0x00000000e0000000, 0x0000000100000000)
  region size 1024K, 153 young (156672K), 16 survivors (16384K)
 Metaspace       used 55973K, committed 56704K, reserved 393216K
  class space    used 7889K, committed 8192K, reserved 327680K
}
Event: 10.249 GC heap after
{Heap after GC invocations=9 (full 0):
 garbage-first heap   total 262144K, used 51732K [0x00000000e0000000, 0x0000000100000000)
  region size 1024K, 20 young (20480K), 20 survivors (20480K)
 Metaspace       used 55973K, committed 56704K, reserved 393216K
  class space    used 7889K, committed 8192K, reserved 327680K
}

Deoptimization events (20 events):
Event: 11.280 Thread 0x00000148e89ea3b0 DEOPT PACKING pc=0x00000148be3ba51c sp=0x00000003beffecf0
Event: 11.280 Thread 0x00000148e89ea3b0 DEOPT UNPACKING pc=0x00000148bdbd23a3 sp=0x00000003beffec88 mode 2
Event: 11.284 Thread 0x00000148e8ac83a0 Uncommon trap: trap_request=0xffffff45 fr.pc=0x00000148be341e00 relative=0x0000000000000080
Event: 11.284 Thread 0x00000148e8ac83a0 Uncommon trap: reason=unstable_if action=reinterpret pc=0x00000148be341e00 method=java.util.HashMap$HashMapSpliterator.getFence()I @ 37 c2
Event: 11.284 Thread 0x00000148e8ac83a0 DEOPT PACKING pc=0x00000148be341e00 sp=0x00000003becfee10
Event: 11.284 Thread 0x00000148e8ac83a0 DEOPT UNPACKING pc=0x00000148bdbd23a3 sp=0x00000003becfed88 mode 2
Event: 11.698 Thread 0x00000148e5007210 DEOPT PACKING pc=0x00000148b67a4dc6 sp=0x00000003b7ef83b0
Event: 11.698 Thread 0x00000148e5007210 DEOPT UNPACKING pc=0x00000148bdbd2b43 sp=0x00000003b7ef7950 mode 0
Event: 11.742 Thread 0x00000148e5007210 Uncommon trap: trap_request=0xffffff45 fr.pc=0x00000148be27cae4 relative=0x0000000000000344
Event: 11.742 Thread 0x00000148e5007210 Uncommon trap: reason=unstable_if action=reinterpret pc=0x00000148be27cae4 method=java.util.HashMap$HashIterator.<init>(Ljava/util/HashMap;)V @ 45 c2
Event: 11.742 Thread 0x00000148e5007210 DEOPT PACKING pc=0x00000148be27cae4 sp=0x00000003b7ef9a90
Event: 11.742 Thread 0x00000148e5007210 DEOPT UNPACKING pc=0x00000148bdbd23a3 sp=0x00000003b7ef9a48 mode 2
Event: 11.807 Thread 0x00000148e5007210 Uncommon trap: trap_request=0xffffffde fr.pc=0x00000148be24d908 relative=0x0000000000003f88
Event: 11.807 Thread 0x00000148e5007210 Uncommon trap: reason=class_check action=maybe_recompile pc=0x00000148be24d908 method=org.gradle.internal.service.DefaultServiceRegistry.isSatisfiedBy(Ljava/lang/reflect/Type;Ljava/lang/reflect/Type;)Z @ 11 c2
Event: 11.807 Thread 0x00000148e5007210 DEOPT PACKING pc=0x00000148be24d908 sp=0x00000003b7efb520
Event: 11.807 Thread 0x00000148e5007210 DEOPT UNPACKING pc=0x00000148bdbd23a3 sp=0x00000003b7efb380 mode 2
Event: 11.807 Thread 0x00000148e5007210 Uncommon trap: trap_request=0xffffffde fr.pc=0x00000148be24d908 relative=0x0000000000003f88
Event: 11.807 Thread 0x00000148e5007210 Uncommon trap: reason=class_check action=maybe_recompile pc=0x00000148be24d908 method=org.gradle.internal.service.DefaultServiceRegistry.isSatisfiedBy(Ljava/lang/reflect/Type;Ljava/lang/reflect/Type;)Z @ 11 c2
Event: 11.807 Thread 0x00000148e5007210 DEOPT PACKING pc=0x00000148be24d908 sp=0x00000003b7efb520
Event: 11.807 Thread 0x00000148e5007210 DEOPT UNPACKING pc=0x00000148bdbd23a3 sp=0x00000003b7efb380 mode 2

Classes unloaded (0 events):
No events

Classes redefined (0 events):
No events

Internal exceptions (20 events):
Event: 9.950 Thread 0x00000148e5007210 Exception <a 'java/lang/ClassNotFoundException'{0x00000000e89293e8}: org/gradle/internal/metaobject/AbstractDynamicObjectCustomizer> (0x00000000e89293e8) 
thrown [s\open\src\hotspot\share\classfile\systemDictionary.cpp, line 256]
Event: 9.951 Thread 0x00000148e5007210 Exception <a 'java/lang/ClassNotFoundException'{0x00000000e8943448}: org/gradle/plugin/software/internal/SoftwareFeaturesDynamicObjectCustomizer> (0x00000000e8943448) 
thrown [s\open\src\hotspot\share\classfile\systemDictionary.cpp, line 256]
Event: 9.951 Thread 0x00000148e5007210 Exception <a 'java/lang/ClassNotFoundException'{0x00000000e8958a28}: org/gradle/plugin/software/internal/SoftwareFeaturesDynamicObject_DecoratedCustomizer> (0x00000000e8958a28) 
thrown [s\open\src\hotspot\share\classfile\systemDictionary.cpp, line 256]
Event: 9.954 Thread 0x00000148e5007210 Exception <a 'java/lang/ClassNotFoundException'{0x00000000e89a0850}: org/gradle/api/internal/plugins/NaggingBasePluginConventionBeanInfo> (0x00000000e89a0850) 
thrown [s\open\src\hotspot\share\classfile\systemDictionary.cpp, line 256]
Event: 9.954 Thread 0x00000148e5007210 Exception <a 'java/lang/ClassNotFoundException'{0x00000000e89b02f8}: org/gradle/api/plugins/BasePluginConventionBeanInfo> (0x00000000e89b02f8) 
thrown [s\open\src\hotspot\share\classfile\systemDictionary.cpp, line 256]
Event: 9.955 Thread 0x00000148e5007210 Exception <a 'java/lang/ClassNotFoundException'{0x00000000e89bfd68}: org/gradle/api/plugins/BasePluginConventionCustomizer> (0x00000000e89bfd68) 
thrown [s\open\src\hotspot\share\classfile\systemDictionary.cpp, line 256]
Event: 9.955 Thread 0x00000148e5007210 Exception <a 'java/lang/ClassNotFoundException'{0x00000000e89d9ee0}: org/gradle/api/internal/plugins/NaggingBasePluginConventionCustomizer> (0x00000000e89d9ee0) 
thrown [s\open\src\hotspot\share\classfile\systemDictionary.cpp, line 256]
Event: 9.957 Thread 0x00000148e5007210 Exception <a 'java/lang/ClassNotFoundException'{0x00000000e8822000}: org/gradle/api/plugins/internal/NaggingJavaPluginConventionBeanInfo> (0x00000000e8822000) 
thrown [s\open\src\hotspot\share\classfile\systemDictionary.cpp, line 256]
Event: 9.958 Thread 0x00000148e5007210 Exception <a 'java/lang/ClassNotFoundException'{0x00000000e8831aa8}: org/gradle/api/plugins/JavaPluginConventionBeanInfo> (0x00000000e8831aa8) 
thrown [s\open\src\hotspot\share\classfile\systemDictionary.cpp, line 256]
Event: 9.958 Thread 0x00000148e5007210 Exception <a 'java/lang/ClassNotFoundException'{0x00000000e8841518}: org/gradle/api/plugins/JavaPluginConventionCustomizer> (0x00000000e8841518) 
thrown [s\open\src\hotspot\share\classfile\systemDictionary.cpp, line 256]
Event: 9.959 Thread 0x00000148e5007210 Exception <a 'java/lang/ClassNotFoundException'{0x00000000e8865360}: org/gradle/api/plugins/internal/NaggingJavaPluginConventionCustomizer> (0x00000000e8865360) 
thrown [s\open\src\hotspot\share\classfile\systemDictionary.cpp, line 256]
Event: 11.194 Thread 0x00000148e5007210 Exception <a 'java/lang/NoSuchMethodError'{0x00000000eadb0900}: 'void java.lang.invoke.DirectMethodHandle$Holder.invokeVirtual(java.lang.Object, java.lang.Object, java.lang.Object, java.lang.Object)'> (0x00000000eadb0900) 
thrown [s\open\src\hotspot\share\interpreter\linkResolver.cpp, line 759]
Event: 11.263 Thread 0x00000148e5007210 Exception <a 'java/lang/NoSuchMethodError'{0x00000000ea9c6408}: 'int java.lang.invoke.DirectMethodHandle$Holder.invokeSpecialIFC(java.lang.Object, java.lang.Object, java.lang.Object, java.lang.Object, java.lang.Object)'> (0x00000000ea9c6408) 
thrown [s\open\src\hotspot\share\interpreter\linkResolver.cpp, line 759]
Event: 11.276 Thread 0x00000148e9959580 Implicit null exception at 0x00000148be3f46dd to 0x00000148be3f4970
Event: 11.276 Thread 0x00000148e8ac83a0 Implicit null exception at 0x00000148be3f46dd to 0x00000148be3f4970
Event: 11.284 Thread 0x00000148e8ac83a0 Implicit null exception at 0x00000148be341dcb to 0x00000148be341df0
Event: 11.320 Thread 0x00000148ea910e90 Exception <a 'java/lang/NoSuchMethodError'{0x00000000ea68d788}: 'void java.lang.invoke.DirectMethodHandle$Holder.invokeStatic(java.lang.Object, long)'> (0x00000000ea68d788) 
thrown [s\open\src\hotspot\share\interpreter\linkResolver.cpp, line 759]
Event: 11.323 Thread 0x00000148ea910e90 Exception <a 'java/lang/NoSuchMethodError'{0x00000000ea6988b8}: 'java.lang.Object java.lang.invoke.DirectMethodHandle$Holder.invokeStatic(java.lang.Object, java.lang.Object, long, java.lang.Object)'> (0x00000000ea6988b8) 
thrown [s\open\src\hotspot\share\interpreter\linkResolver.cpp, line 759]
Event: 11.323 Thread 0x00000148ea910e90 Exception <a 'java/lang/NoSuchMethodError'{0x00000000ea69c090}: 'java.lang.Object java.lang.invoke.DirectMethodHandle$Holder.invokeStaticInit(java.lang.Object, java.lang.Object, long, java.lang.Object)'> (0x00000000ea69c090) 
thrown [s\open\src\hotspot\share\interpreter\linkResolver.cpp, line 759]
Event: 11.495 Thread 0x00000148ea910e90 Exception <a 'java/lang/NoSuchMethodError'{0x00000000ea6afcc0}: 'void java.lang.invoke.DirectMethodHandle$Holder.invokeSpecial(java.lang.Object, java.lang.Object, int)'> (0x00000000ea6afcc0) 
thrown [s\open\src\hotspot\share\interpreter\linkResolver.cpp, line 759]

VM Operations (20 events):
Event: 10.231 Executing VM operation: G1CollectForAllocation
Event: 10.249 Executing VM operation: G1CollectForAllocation done
Event: 10.535 Executing VM operation: HandshakeAllThreads
Event: 10.536 Executing VM operation: HandshakeAllThreads done
Event: 10.571 Executing VM operation: ICBufferFull
Event: 10.571 Executing VM operation: ICBufferFull done
Event: 10.649 Executing VM operation: HandshakeAllThreads
Event: 10.649 Executing VM operation: HandshakeAllThreads done
Event: 11.010 Executing VM operation: ICBufferFull
Event: 11.010 Executing VM operation: ICBufferFull done
Event: 11.277 Executing VM operation: ICBufferFull
Event: 11.278 Executing VM operation: ICBufferFull done
Event: 11.278 Executing VM operation: ICBufferFull
Event: 11.281 Executing VM operation: ICBufferFull done
Event: 11.325 Executing VM operation: HandshakeAllThreads
Event: 11.326 Executing VM operation: HandshakeAllThreads done
Event: 11.808 Executing VM operation: ICBufferFull
Event: 11.808 Executing VM operation: ICBufferFull done
Event: 11.819 Executing VM operation: HandshakeAllThreads
Event: 11.819 Executing VM operation: HandshakeAllThreads done

Events (20 events):
Event: 11.324 loading class java/lang/ProcessImpl$2 done
Event: 11.324 loading class java/lang/Process$PipeInputStream
Event: 11.324 loading class java/lang/Process$PipeInputStream done
Event: 11.326 loading class jdk/internal/event/ProcessStartEvent
Event: 11.326 loading class jdk/internal/event/ProcessStartEvent done
Event: 11.327 Thread 0x00000148e3770200 Thread added: 0x00000148e3770200
Event: 11.327 Thread 0x00000148e3770710 Thread added: 0x00000148e3770710
Event: 11.495 Thread 0x00000148e3261ac0 Thread exited: 0x00000148e3261ac0
Event: 11.577 Thread 0x00000148e6cbc790 Thread exited: 0x00000148e6cbc790
Event: 11.683 loading class java/io/ObjectOutputStream$BlockDataOutputStream
Event: 11.684 loading class java/io/ObjectOutputStream$BlockDataOutputStream done
Event: 11.684 loading class java/io/ObjectOutputStream$HandleTable
Event: 11.684 loading class java/io/ObjectOutputStream$HandleTable done
Event: 11.684 loading class java/io/ObjectOutputStream$ReplaceTable
Event: 11.684 loading class java/io/ObjectOutputStream$ReplaceTable done
Event: 11.685 loading class java/io/Bits
Event: 11.685 loading class java/io/Bits done
Event: 11.705 Thread 0x00000148e6cbc790 Thread added: 0x00000148e6cbc790
Event: 11.719 Thread 0x00000148e3261ac0 Thread added: 0x00000148e3261ac0
Event: 11.823 Thread 0x00000148e376e8b0 Thread added: 0x00000148e376e8b0


Dynamic libraries:
0x00007ff7a38c0000 - 0x00007ff7a38d0000 	C:\Program Files\Java\jdk-17\bin\java.exe
0x00007ff916350000 - 0x00007ff916548000 	C:\WINDOWS\SYSTEM32\ntdll.dll
0x00007ff915ff0000 - 0x00007ff9160b2000 	C:\WINDOWS\System32\KERNEL32.DLL
0x00007ff9139e0000 - 0x00007ff913cd6000 	C:\WINDOWS\System32\KERNELBASE.dll
0x00007ff913fa0000 - 0x00007ff9140a0000 	C:\WINDOWS\System32\ucrtbase.dll
0x00007ff90dcf0000 - 0x00007ff90dd09000 	C:\Program Files\Java\jdk-17\bin\jli.dll
0x00007ff90ee70000 - 0x00007ff90ee8b000 	C:\Program Files\Java\jdk-17\bin\VCRUNTIME140.dll
0x00007ff9161b0000 - 0x00007ff916261000 	C:\WINDOWS\System32\ADVAPI32.dll
0x00007ff916270000 - 0x00007ff91630e000 	C:\WINDOWS\System32\msvcrt.dll
0x00007ff915d30000 - 0x00007ff915dcf000 	C:\WINDOWS\System32\sechost.dll
0x00007ff915850000 - 0x00007ff915973000 	C:\WINDOWS\System32\RPCRT4.dll
0x00007ff913d70000 - 0x00007ff913d97000 	C:\WINDOWS\System32\bcrypt.dll
0x00007ff9143b0000 - 0x00007ff91454d000 	C:\WINDOWS\System32\USER32.dll
0x00007ff909db0000 - 0x00007ff90a04a000 	C:\WINDOWS\WinSxS\amd64_microsoft.windows.common-controls_6595b64144ccf1df_6.0.19041.5915_none_60b4b9d171f9c7c7\COMCTL32.dll
0x00007ff914210000 - 0x00007ff914232000 	C:\WINDOWS\System32\win32u.dll
0x00007ff916120000 - 0x00007ff91614b000 	C:\WINDOWS\System32\GDI32.dll
0x00007ff9140f0000 - 0x00007ff914209000 	C:\WINDOWS\System32\gdi32full.dll
0x00007ff913da0000 - 0x00007ff913e3d000 	C:\WINDOWS\System32\msvcp_win.dll
0x00007ff90bee0000 - 0x00007ff90beea000 	C:\WINDOWS\SYSTEM32\VERSION.dll
0x00007ff914380000 - 0x00007ff9143af000 	C:\WINDOWS\System32\IMM32.DLL
0x00007ff90ef30000 - 0x00007ff90ef3c000 	C:\Program Files\Java\jdk-17\bin\vcruntime140_1.dll
0x00007ff9099b0000 - 0x00007ff909a3e000 	C:\Program Files\Java\jdk-17\bin\msvcp140.dll
0x00007ff8e8700000 - 0x00007ff8e92e0000 	C:\Program Files\Java\jdk-17\bin\server\jvm.dll
0x00007ff914370000 - 0x00007ff914378000 	C:\WINDOWS\System32\PSAPI.DLL
0x00007ff907b30000 - 0x00007ff907b39000 	C:\WINDOWS\SYSTEM32\WSOCK32.dll
0x00007ff915f80000 - 0x00007ff915feb000 	C:\WINDOWS\System32\WS2_32.dll
0x00007ff90a730000 - 0x00007ff90a757000 	C:\WINDOWS\SYSTEM32\WINMM.dll
0x00007ff911880000 - 0x00007ff911892000 	C:\WINDOWS\SYSTEM32\kernel.appcore.dll
0x00007ff90e3b0000 - 0x00007ff90e3ba000 	C:\Program Files\Java\jdk-17\bin\jimage.dll
0x00007ff90e560000 - 0x00007ff90e761000 	C:\WINDOWS\SYSTEM32\DBGHELP.DLL
0x00007ff90e320000 - 0x00007ff90e354000 	C:\WINDOWS\SYSTEM32\dbgcore.DLL
0x00007ff913ce0000 - 0x00007ff913d62000 	C:\WINDOWS\System32\bcryptPrimitives.dll
0x00007ff90dc50000 - 0x00007ff90dc5e000 	C:\Program Files\Java\jdk-17\bin\instrument.dll
0x00007ff90c470000 - 0x00007ff90c495000 	C:\Program Files\Java\jdk-17\bin\java.dll
0x00007ff903650000 - 0x00007ff903727000 	C:\Program Files\Java\jdk-17\bin\jsvml.dll
0x00007ff914550000 - 0x00007ff914cbe000 	C:\WINDOWS\System32\SHELL32.dll
0x00007ff911a80000 - 0x00007ff912224000 	C:\WINDOWS\SYSTEM32\windows.storage.dll
0x00007ff914cc0000 - 0x00007ff915013000 	C:\WINDOWS\System32\combase.dll
0x00007ff913340000 - 0x00007ff91336b000 	C:\WINDOWS\SYSTEM32\Wldp.dll
0x00007ff915c30000 - 0x00007ff915cfd000 	C:\WINDOWS\System32\OLEAUT32.dll
0x00007ff915160000 - 0x00007ff91520d000 	C:\WINDOWS\System32\SHCORE.dll
0x00007ff915210000 - 0x00007ff91526b000 	C:\WINDOWS\System32\shlwapi.dll
0x00007ff913910000 - 0x00007ff913935000 	C:\WINDOWS\SYSTEM32\profapi.dll
0x00007ff90d210000 - 0x00007ff90d228000 	C:\Program Files\Java\jdk-17\bin\zip.dll
0x00007ff90cd30000 - 0x00007ff90cd49000 	C:\Program Files\Java\jdk-17\bin\net.dll
0x00007ff90f010000 - 0x00007ff90f11a000 	C:\WINDOWS\SYSTEM32\WINHTTP.dll
0x00007ff9130a0000 - 0x00007ff91310a000 	C:\WINDOWS\system32\mswsock.dll
0x00007ff909990000 - 0x00007ff9099a6000 	C:\Program Files\Java\jdk-17\bin\nio.dll
0x00007ff90dc40000 - 0x00007ff90dc50000 	C:\Program Files\Java\jdk-17\bin\verify.dll
0x00007ff90c4a0000 - 0x00007ff90c4c7000 	C:\Users\2\.gradle\native\1def1411415f61bf3af743bc5b6707747c0891f09f0c88961ee8f79bc544acac\windows-amd64\native-platform.dll
0x00007ff9048e0000 - 0x00007ff904958000 	C:\Users\2\.gradle\native\0.2.7\x86_64-windows-gnu\gradle-fileevents.dll
0x00007ff90d510000 - 0x00007ff90d51a000 	C:\Program Files\Java\jdk-17\bin\management.dll
0x00007ff90d4f0000 - 0x00007ff90d4fb000 	C:\Program Files\Java\jdk-17\bin\management_ext.dll
0x00007ff912d80000 - 0x00007ff912dbb000 	C:\WINDOWS\SYSTEM32\IPHLPAPI.DLL
0x00007ff915d20000 - 0x00007ff915d28000 	C:\WINDOWS\System32\NSI.dll
0x00007ff90ed80000 - 0x00007ff90ed97000 	C:\WINDOWS\SYSTEM32\dhcpcsvc6.DLL
0x00007ff90ed40000 - 0x00007ff90ed5d000 	C:\WINDOWS\SYSTEM32\dhcpcsvc.DLL
0x00007ff912dc0000 - 0x00007ff912e8a000 	C:\WINDOWS\SYSTEM32\DNSAPI.dll
0x00007ff9132a0000 - 0x00007ff9132b8000 	C:\WINDOWS\SYSTEM32\CRYPTSP.dll
0x00007ff9129c0000 - 0x00007ff9129f8000 	C:\WINDOWS\system32\rsaenh.dll
0x00007ff913890000 - 0x00007ff9138be000 	C:\WINDOWS\SYSTEM32\USERENV.dll
0x00007ff913290000 - 0x00007ff91329c000 	C:\WINDOWS\SYSTEM32\CRYPTBASE.dll
0x00007ff90d4b0000 - 0x00007ff90d4be000 	C:\Program Files\Java\jdk-17\bin\sunmscapi.dll
0x00007ff913e40000 - 0x00007ff913f9d000 	C:\WINDOWS\System32\CRYPT32.dll
0x00007ff9133b0000 - 0x00007ff9133d7000 	C:\WINDOWS\SYSTEM32\ncrypt.dll
0x00007ff913370000 - 0x00007ff9133ab000 	C:\WINDOWS\SYSTEM32\NTASN1.dll
0x00007ff900890000 - 0x00007ff900897000 	C:\WINDOWS\system32\wshunix.dll

dbghelp: loaded successfully - version: 4.0.5 - missing functions: none
symbol engine: initialized successfully - sym options: 0x614 - pdb path: .;C:\Program Files\Java\jdk-17\bin;C:\WINDOWS\SYSTEM32;C:\WINDOWS\WinSxS\amd64_microsoft.windows.common-controls_6595b64144ccf1df_6.0.19041.5915_none_60b4b9d171f9c7c7;C:\Program Files\Java\jdk-17\bin\server;C:\Users\2\.gradle\native\1def1411415f61bf3af743bc5b6707747c0891f09f0c88961ee8f79bc544acac\windows-amd64;C:\Users\2\.gradle\native\0.2.7\x86_64-windows-gnu

VM Arguments:
jvm_args: --add-opens=java.base/java.lang=ALL-UNNAMED --add-opens=java.base/java.lang.invoke=ALL-UNNAMED --add-opens=java.base/java.util=ALL-UNNAMED --add-opens=java.prefs/java.util.prefs=ALL-UNNAMED --add-exports=jdk.compiler/com.sun.tools.javac.api=ALL-UNNAMED --add-exports=jdk.compiler/com.sun.tools.javac.util=ALL-UNNAMED --add-opens=java.base/java.util=ALL-UNNAMED --add-opens=java.prefs/java.util.prefs=ALL-UNNAMED --add-opens=java.base/java.nio.charset=ALL-UNNAMED --add-opens=java.base/java.net=ALL-UNNAMED --add-opens=java.base/java.util.concurrent.atomic=ALL-UNNAMED --add-opens=java.xml/javax.xml.namespace=ALL-UNNAMED -XX:MaxMetaspaceSize=384m -XX:+HeapDumpOnOutOfMemoryError -Xms256m -Xmx512m -Dfile.encoding=UTF-8 -Duser.country=KR -Duser.language=ko -Duser.variant -javaagent:C:\Users\2\.gradle\wrapper\dists\gradle-8.13-bin\5xuhj0ry160q40clulazy9h7d\gradle-8.13\lib\agents\gradle-instrumentation-agent-8.13.jar 
java_command: org.gradle.launcher.daemon.bootstrap.GradleDaemon 8.13
java_class_path (initial): C:\Users\2\.gradle\wrapper\dists\gradle-8.13-bin\5xuhj0ry160q40clulazy9h7d\gradle-8.13\lib\gradle-daemon-main-8.13.jar
Launcher Type: SUN_STANDARD

[Global flags]
     intx CICompilerCount                          = 4                                         {product} {ergonomic}
   size_t CompressedClassSpaceSize                 = 335544320                                 {product} {ergonomic}
     uint ConcGCThreads                            = 2                                         {product} {ergonomic}
     uint G1ConcRefinementThreads                  = 8                                         {product} {ergonomic}
   size_t G1HeapRegionSize                         = 1048576                                   {product} {ergonomic}
    uintx GCDrainStackTargetSize                   = 64                                        {product} {ergonomic}
     bool HeapDumpOnOutOfMemoryError               = true                                   {manageable} {command line}
   size_t InitialHeapSize                          = 268435456                                 {product} {command line}
   size_t MarkStackSize                            = 4194304                                   {product} {ergonomic}
   size_t MaxHeapSize                              = 536870912                                 {product} {command line}
   size_t MaxMetaspaceSize                         = 402653184                                 {product} {command line}
   size_t MaxNewSize                               = 321912832                                 {product} {ergonomic}
   size_t MinHeapDeltaBytes                        = 1048576                                   {product} {ergonomic}
   size_t MinHeapSize                              = 268435456                                 {product} {command line}
    uintx NonNMethodCodeHeapSize                   = 5839372                                {pd product} {ergonomic}
    uintx NonProfiledCodeHeapSize                  = 122909434                              {pd product} {ergonomic}
    uintx ProfiledCodeHeapSize                     = 122909434                              {pd product} {ergonomic}
    uintx ReservedCodeCacheSize                    = 251658240                              {pd product} {ergonomic}
     bool SegmentedCodeCache                       = true                                      {product} {ergonomic}
   size_t SoftMaxHeapSize                          = 536870912                              {manageable} {ergonomic}
     bool UseCompressedClassPointers               = true                           {product lp64_product} {ergonomic}
     bool UseCompressedOops                        = true                           {product lp64_product} {ergonomic}
     bool UseG1GC                                  = true                                      {product} {ergonomic}
     bool UseLargePagesIndividualAllocation        = false                                  {pd product} {ergonomic}

Logging:
Log output configuration:
 #0: stdout all=warning uptime,level,tags
 #1: stderr all=off uptime,level,tags

Environment Variables:
PATH=C:\Program Files\Common Files\Oracle\Java\javapath;D:\app\2\product\11.2.0\dbhome_1\bin;C:\Program Files (x86)\Common Files\Oracle\Java\javapath;C:\WINDOWS\system32;C:\WINDOWS;C:\WINDOWS\System32\Wbem;C:\WINDOWS\System32\WindowsPowerShell\v1.0\;C:\WINDOWS\System32\OpenSSH\;C:\Program Files\Bandizip\;C:\Program Files\Git\cmd;C:\Python310\Scripts\;C:\Python310\;C:\Users\2\AppData\Local\Microsoft\WindowsApps;C:\Users\2\AppData\Local\Programs\Microsoft VS Code\bin;C:\Program Files\JetBrains\IntelliJ IDEA Community Edition 2025.1.1.1\bin;
USERNAME=2
OS=Windows_NT
PROCESSOR_IDENTIFIER=Intel64 Family 6 Model 60 Stepping 3, GenuineIntel



---------------  S Y S T E M  ---------------

OS:
 Windows 10 , 64 bit Build 19041 (10.0.19041.5915)
OS uptime: 8 days 7:18 hours

CPU: total 8 (initial active 8) (4 cores per cpu, 2 threads per core) family 6 model 60 stepping 3 microcode 0x27, cx8, cmov, fxsr, ht, mmx, sse, sse2, sse3, ssse3, sse4.1, sse4.2, popcnt, lzcnt, tsc, tscinvbit, avx, avx2, aes, erms, clmul, bmi1, bmi2, fma, vzeroupper, clflush

Memory: 4k page, system-wide physical 8113M (744M free)
TotalPageFile size 22349M (AvailPageFile size 4M)
current process WorkingSet (physical memory assigned to process): 414M, peak: 421M
current process commit charge ("private bytes"): 514M, peak: 523M

vm_info: Java HotSpot(TM) 64-Bit Server VM (17.0.12+8-LTS-286) for windows-amd64 JRE (17.0.12+8-LTS-286), built on Jun  5 2024 06:46:59 by "mach5one" with MS VC++ 17.6 (VS2022)

END.
