#
# There is insufficient memory for the Java Runtime Environment to continue.
# Native memory allocation (malloc) failed to allocate 2028816 bytes for Chunk::new
# Possible reasons:
#   The system is out of physical RAM or swap space
#   The process is running with CompressedOops enabled, and the Java Heap may be blocking the growth of the native heap
# Possible solutions:
#   Reduce memory load on the system
#   Increase physical memory or swap space
#   Check if swap backing store is full
#   Decrease Java heap size (-Xmx/-Xms)
#   Decrease number of Java threads
#   Decrease Java thread stack sizes (-Xss)
#   Set larger code cache with -XX:ReservedCodeCacheSize=
#   JVM is running with Unscaled Compressed Oops mode in which the Java heap is
#     placed in the first 4GB address space. The Java Heap base address is the
#     maximum limit for the native heap growth. Please use -XX:HeapBaseMinAddress
#     to set the Java Heap base and to place the Java Heap above 4GB virtual address.
# This output file may be truncated or incomplete.
#
#  Out of Memory Error (arena.cpp:189), pid=13600, tid=14288
#
# JRE version: Java(TM) SE Runtime Environment (17.0.12+8) (build 17.0.12+8-LTS-286)
# Java VM: Java HotSpot(TM) 64-Bit Server VM (17.0.12+8-LTS-286, mixed mode, sharing, tiered, compressed oops, compressed class ptrs, g1 gc, windows-amd64)
# No core dump will be written. Minidumps are not enabled by default on client versions of Windows
#

---------------  S U M M A R Y ------------

Command Line: --add-opens=java.base/java.lang=ALL-UNNAMED --add-opens=java.base/java.lang.invoke=ALL-UNNAMED --add-opens=java.base/java.util=ALL-UNNAMED --add-opens=java.prefs/java.util.prefs=ALL-UNNAMED --add-exports=jdk.compiler/com.sun.tools.javac.api=ALL-UNNAMED --add-exports=jdk.compiler/com.sun.tools.javac.util=ALL-UNNAMED --add-opens=java.base/java.util=ALL-UNNAMED --add-opens=java.prefs/java.util.prefs=ALL-UNNAMED --add-opens=java.base/java.nio.charset=ALL-UNNAMED --add-opens=java.base/java.net=ALL-UNNAMED --add-opens=java.base/java.util.concurrent.atomic=ALL-UNNAMED --add-opens=java.xml/javax.xml.namespace=ALL-UNNAMED -XX:MaxMetaspaceSize=384m -XX:+HeapDumpOnOutOfMemoryError -Xms256m -Xmx512m -Dfile.encoding=UTF-8 -Duser.country=KR -Duser.language=ko -Duser.variant -javaagent:C:\Users\2\.gradle\wrapper\dists\gradle-8.13-bin\5xuhj0ry160q40clulazy9h7d\gradle-8.13\lib\agents\gradle-instrumentation-agent-8.13.jar org.gradle.launcher.daemon.bootstrap.GradleDaemon 8.13

Host: Intel(R) Core(TM) i7-4770 CPU @ 3.40GHz, 8 cores, 7G,  Windows 10 , 64 bit Build 19041 (10.0.19041.5915)
Time: Wed Jun 18 16:04:51 2025  Windows 10 , 64 bit Build 19041 (10.0.19041.5915) elapsed time: 6.783827 seconds (0d 0h 0m 6s)

---------------  T H R E A D  ---------------

Current thread (0x0000026dee870de0):  JavaThread "C2 CompilerThread1" daemon [_thread_in_native, id=14288, stack(0x000000e029200000,0x000000e029300000)]


Current CompileTask:
C2:   6783 6087   !   4       com.google.common.reflect.TypeVisitor::visit (225 bytes)

Stack: [0x000000e029200000,0x000000e029300000]
Native frames: (J=compiled Java code, j=interpreted, Vv=VM code, C=native code)
V  [jvm.dll+0x67a04a]
V  [jvm.dll+0x7da4ed]
V  [jvm.dll+0x7dbe33]
V  [jvm.dll+0x7dc4a3]
V  [jvm.dll+0x24508f]
V  [jvm.dll+0xab773]
V  [jvm.dll+0xabd3c]
V  [jvm.dll+0x361b9f]
V  [jvm.dll+0x1ba64a]
V  [jvm.dll+0x216997]
V  [jvm.dll+0x215c6f]
V  [jvm.dll+0x1a2960]
V  [jvm.dll+0x22610b]
V  [jvm.dll+0x2242ab]
V  [jvm.dll+0x79075c]
V  [jvm.dll+0x78abea]
V  [jvm.dll+0x678f35]
C  [ucrtbase.dll+0x21bb2]
C  [KERNEL32.DLL+0x17374]
C  [ntdll.dll+0x4cc91]


---------------  P R O C E S S  ---------------

Threads class SMR info:
_java_thread_list=0x0000026df300e4f0, length=81, elements={
0x0000026dd1c8d870, 0x0000026dee50b410, 0x0000026dee50bfa0, 0x0000026dee527800,
0x0000026dee5290e0, 0x0000026dee52a150, 0x0000026dee52ba30, 0x0000026dee533f30,
0x0000026dee536ff0, 0x0000026dee53a4b0, 0x0000026dee4f64c0, 0x0000026dee8123e0,
0x0000026dee870de0, 0x0000026df4a7ce90, 0x0000026df463de80, 0x0000026df49a6aa0,
0x0000026df4c24a70, 0x0000026df4b36d80, 0x0000026df4c4dfd0, 0x0000026df4c4d5b0,
0x0000026df4c4f410, 0x0000026df4c4dac0, 0x0000026df4c4e4e0, 0x0000026df4c50850,
0x0000026df4c4d0a0, 0x0000026df4c4e9f0, 0x0000026df4c4f920, 0x0000026df4c4fe30,
0x0000026df4c50340, 0x0000026df5a5d220, 0x0000026df5a5a9a0, 0x0000026df5a5d730,
0x0000026df6c9acc0, 0x0000026df5a5b3c0, 0x0000026df5a5c2f0, 0x0000026df5a5e150,
0x0000026df5a61900, 0x0000026df5a5e660, 0x0000026df5a613f0, 0x0000026df5a5eb70,
0x0000026df5a62320, 0x0000026df5a5dc40, 0x0000026df5a5faa0, 0x0000026df5a5f080,
0x0000026df5a5f590, 0x0000026df5a5ffb0, 0x0000026df5a61e10, 0x0000026df5a609d0,
0x0000026df5a5b8d0, 0x0000026df5a5aeb0, 0x0000026df5a604c0, 0x0000026dee949770,
0x0000026dee94ed80, 0x0000026dee948840, 0x0000026dee94b5d0, 0x0000026dee949260,
0x0000026dee94f290, 0x0000026dee94bae0, 0x0000026dee948d50, 0x0000026dee94bff0,
0x0000026dee949c80, 0x0000026dee94a6a0, 0x0000026dee94c500, 0x0000026dee94d430,
0x0000026dee94abb0, 0x0000026dee94ca10, 0x0000026dee94b0c0, 0x0000026dee94cf20,
0x0000026dee94d940, 0x0000026dee94f7a0, 0x0000026dee94de50, 0x0000026dee94e360,
0x0000026dee948330, 0x0000026dee94e870, 0x0000026dee94fcb0, 0x0000026df5976fd0,
0x0000026df5974c60, 0x0000026df5976ac0, 0x0000026df5975680, 0x0000026df59774e0,
0x0000026df5971ed0
}

Java Threads: ( => current thread )
  0x0000026dd1c8d870 JavaThread "main" [_thread_blocked, id=26048, stack(0x000000e027f00000,0x000000e028000000)]
  0x0000026dee50b410 JavaThread "Reference Handler" daemon [_thread_blocked, id=25052, stack(0x000000e028600000,0x000000e028700000)]
  0x0000026dee50bfa0 JavaThread "Finalizer" daemon [_thread_blocked, id=14840, stack(0x000000e028700000,0x000000e028800000)]
  0x0000026dee527800 JavaThread "Signal Dispatcher" daemon [_thread_blocked, id=25088, stack(0x000000e028800000,0x000000e028900000)]
  0x0000026dee5290e0 JavaThread "Attach Listener" daemon [_thread_blocked, id=19940, stack(0x000000e028900000,0x000000e028a00000)]
  0x0000026dee52a150 JavaThread "Service Thread" daemon [_thread_blocked, id=25308, stack(0x000000e028a00000,0x000000e028b00000)]
  0x0000026dee52ba30 JavaThread "Monitor Deflation Thread" daemon [_thread_blocked, id=26964, stack(0x000000e028b00000,0x000000e028c00000)]
  0x0000026dee533f30 JavaThread "C2 CompilerThread0" daemon [_thread_in_native, id=26572, stack(0x000000e028c00000,0x000000e028d00000)]
  0x0000026dee536ff0 JavaThread "C1 CompilerThread0" daemon [_thread_blocked, id=24460, stack(0x000000e028d00000,0x000000e028e00000)]
  0x0000026dee53a4b0 JavaThread "Sweeper thread" daemon [_thread_blocked, id=23988, stack(0x000000e028e00000,0x000000e028f00000)]
  0x0000026dee4f64c0 JavaThread "Common-Cleaner" daemon [_thread_blocked, id=27820, stack(0x000000e028f00000,0x000000e029000000)]
  0x0000026dee8123e0 JavaThread "Notification Thread" daemon [_thread_blocked, id=3324, stack(0x000000e029000000,0x000000e029100000)]
=>0x0000026dee870de0 JavaThread "C2 CompilerThread1" daemon [_thread_in_native, id=14288, stack(0x000000e029200000,0x000000e029300000)]
  0x0000026df4a7ce90 JavaThread "Daemon health stats" [_thread_blocked, id=8084, stack(0x000000e029900000,0x000000e029a00000)]
  0x0000026df463de80 JavaThread "Incoming local TCP Connector on port 51223" [_thread_in_native, id=12104, stack(0x000000e029a00000,0x000000e029b00000)]
  0x0000026df49a6aa0 JavaThread "Daemon periodic checks" [_thread_blocked, id=24988, stack(0x000000e029b00000,0x000000e029c00000)]
  0x0000026df4c24a70 JavaThread "Daemon" [_thread_blocked, id=8620, stack(0x000000e029c00000,0x000000e029d00000)]
  0x0000026df4b36d80 JavaThread "Handler for socket connection from /127.0.0.1:51223 to /127.0.0.1:51224" [_thread_in_native, id=14296, stack(0x000000e029d00000,0x000000e029e00000)]
  0x0000026df4c4dfd0 JavaThread "Cancel handler" [_thread_blocked, id=5548, stack(0x000000e029e00000,0x000000e029f00000)]
  0x0000026df4c4d5b0 JavaThread "Daemon worker" [_thread_in_vm, id=14584, stack(0x000000e029f00000,0x000000e02a000000)]
  0x0000026df4c4f410 JavaThread "Asynchronous log dispatcher for DefaultDaemonConnection: socket connection from /127.0.0.1:51223 to /127.0.0.1:51224" [_thread_blocked, id=21424, stack(0x000000e02a000000,0x000000e02a100000)]
  0x0000026df4c4dac0 JavaThread "Stdin handler" [_thread_blocked, id=14320, stack(0x000000e02a100000,0x000000e02a200000)]
  0x0000026df4c4e4e0 JavaThread "Daemon client event forwarder" [_thread_blocked, id=15264, stack(0x000000e02a200000,0x000000e02a300000)]
  0x0000026df4c50850 JavaThread "Cache worker for journal cache (C:\Users\2\.gradle\caches\journal-1)" [_thread_blocked, id=22612, stack(0x000000e02a300000,0x000000e02a400000)]
  0x0000026df4c4d0a0 JavaThread "File lock request listener" [_thread_in_native, id=17328, stack(0x000000e02a400000,0x000000e02a500000)]
  0x0000026df4c4e9f0 JavaThread "Cache worker for file hash cache (C:\Users\2\.gradle\caches\8.13\fileHashes)" [_thread_blocked, id=764, stack(0x000000e029300000,0x000000e029400000)]
  0x0000026df4c4f920 JavaThread "Cache worker for file hash cache (D:\spr_boot\HelpPSY-hoojin\helppsy\.gradle\8.13\fileHashes)" [_thread_blocked, id=1652, stack(0x000000e02a500000,0x000000e02a600000)]
  0x0000026df4c4fe30 JavaThread "Cache worker for Build Output Cleanup Cache (D:\spr_boot\HelpPSY-hoojin\helppsy\.gradle\buildOutputCleanup)" [_thread_blocked, id=4700, stack(0x000000e02a600000,0x000000e02a700000)]
  0x0000026df4c50340 JavaThread "File watcher server" daemon [_thread_in_native, id=1864, stack(0x000000e02ab00000,0x000000e02ac00000)]
  0x0000026df5a5d220 JavaThread "File watcher consumer" daemon [_thread_blocked, id=14144, stack(0x000000e02ac00000,0x000000e02ad00000)]
  0x0000026df5a5a9a0 JavaThread "jar transforms" [_thread_blocked, id=6332, stack(0x000000e02a700000,0x000000e02a800000)]
  0x0000026df5a5d730 JavaThread "jar transforms Thread 2" [_thread_blocked, id=1220, stack(0x000000e02ad00000,0x000000e02ae00000)]
  0x0000026df6c9acc0 JavaThread "C2 CompilerThread2" daemon [_thread_in_native, id=12808, stack(0x000000e02ae00000,0x000000e02af00000)]
  0x0000026df5a5b3c0 JavaThread "Cache worker for checksums cache (D:\spr_boot\HelpPSY-hoojin\helppsy\.gradle\8.13\checksums)" [_thread_blocked, id=28564, stack(0x000000e02af00000,0x000000e02b000000)]
  0x0000026df5a5c2f0 JavaThread "Cache worker for file content cache (C:\Users\2\.gradle\caches\8.13\fileContent)" [_thread_blocked, id=9572, stack(0x000000e02b000000,0x000000e02b100000)]
  0x0000026df5a5e150 JavaThread "jar transforms Thread 3" [_thread_blocked, id=4664, stack(0x000000e02b100000,0x000000e02b200000)]
  0x0000026df5a61900 JavaThread "Cache worker for cache directory md-supplier (C:\Users\2\.gradle\caches\8.13\md-supplier)" [_thread_blocked, id=15780, stack(0x000000e02b200000,0x000000e02b300000)]
  0x0000026df5a5e660 JavaThread "Cache worker for cache directory md-rule (C:\Users\2\.gradle\caches\8.13\md-rule)" [_thread_blocked, id=2860, stack(0x000000e02b300000,0x000000e02b400000)]
  0x0000026df5a613f0 JavaThread "Unconstrained build operations" [_thread_blocked, id=17776, stack(0x000000e02b400000,0x000000e02b500000)]
  0x0000026df5a5eb70 JavaThread "Unconstrained build operations Thread 2" [_thread_blocked, id=13264, stack(0x000000e02b500000,0x000000e02b600000)]
  0x0000026df5a62320 JavaThread "Unconstrained build operations Thread 3" [_thread_blocked, id=4828, stack(0x000000e02b600000,0x000000e02b700000)]
  0x0000026df5a5dc40 JavaThread "Unconstrained build operations Thread 4" [_thread_blocked, id=16792, stack(0x000000e02b700000,0x000000e02b800000)]
  0x0000026df5a5faa0 JavaThread "Unconstrained build operations Thread 5" [_thread_blocked, id=26180, stack(0x000000e02b800000,0x000000e02b900000)]
  0x0000026df5a5f080 JavaThread "Unconstrained build operations Thread 6" [_thread_blocked, id=26276, stack(0x000000e02b900000,0x000000e02ba00000)]
  0x0000026df5a5f590 JavaThread "Unconstrained build operations Thread 7" [_thread_blocked, id=8692, stack(0x000000e02ba00000,0x000000e02bb00000)]
  0x0000026df5a5ffb0 JavaThread "Unconstrained build operations Thread 8" [_thread_blocked, id=28124, stack(0x000000e02bb00000,0x000000e02bc00000)]
  0x0000026df5a61e10 JavaThread "jar transforms Thread 4" [_thread_blocked, id=19908, stack(0x000000e02bc00000,0x000000e02bd00000)]
  0x0000026df5a609d0 JavaThread "jar transforms Thread 5" [_thread_blocked, id=14036, stack(0x000000e02bd00000,0x000000e02be00000)]
  0x0000026df5a5b8d0 JavaThread "Unconstrained build operations Thread 9" [_thread_blocked, id=10176, stack(0x000000e02be00000,0x000000e02bf00000)]
  0x0000026df5a5aeb0 JavaThread "Unconstrained build operations Thread 10" [_thread_blocked, id=9768, stack(0x000000e02bf00000,0x000000e02c000000)]
  0x0000026df5a604c0 JavaThread "Unconstrained build operations Thread 11" [_thread_blocked, id=9260, stack(0x000000e02c000000,0x000000e02c100000)]
  0x0000026dee949770 JavaThread "Unconstrained build operations Thread 12" [_thread_blocked, id=4008, stack(0x000000e02c100000,0x000000e02c200000)]
  0x0000026dee94ed80 JavaThread "jar transforms Thread 6" [_thread_blocked, id=23296, stack(0x000000e02c200000,0x000000e02c300000)]
  0x0000026dee948840 JavaThread "jar transforms Thread 7" [_thread_blocked, id=19332, stack(0x000000e02c300000,0x000000e02c400000)]
  0x0000026dee94b5d0 JavaThread "Unconstrained build operations Thread 13" [_thread_blocked, id=5544, stack(0x000000e02c400000,0x000000e02c500000)]
  0x0000026dee949260 JavaThread "Unconstrained build operations Thread 14" [_thread_blocked, id=12548, stack(0x000000e02c500000,0x000000e02c600000)]
  0x0000026dee94f290 JavaThread "Unconstrained build operations Thread 15" [_thread_blocked, id=23924, stack(0x000000e02c600000,0x000000e02c700000)]
  0x0000026dee94bae0 JavaThread "Unconstrained build operations Thread 16" [_thread_blocked, id=1640, stack(0x000000e02c700000,0x000000e02c800000)]
  0x0000026dee948d50 JavaThread "jar transforms Thread 8" [_thread_blocked, id=21484, stack(0x000000e02c800000,0x000000e02c900000)]
  0x0000026dee94bff0 JavaThread "Unconstrained build operations Thread 17" [_thread_blocked, id=20644, stack(0x000000e02c900000,0x000000e02ca00000)]
  0x0000026dee949c80 JavaThread "Unconstrained build operations Thread 18" [_thread_blocked, id=5200, stack(0x000000e02ca00000,0x000000e02cb00000)]
  0x0000026dee94a6a0 JavaThread "Unconstrained build operations Thread 19" [_thread_blocked, id=27476, stack(0x000000e02cb00000,0x000000e02cc00000)]
  0x0000026dee94c500 JavaThread "Unconstrained build operations Thread 20" [_thread_blocked, id=21884, stack(0x000000e02cc00000,0x000000e02cd00000)]
  0x0000026dee94d430 JavaThread "Unconstrained build operations Thread 21" [_thread_blocked, id=8132, stack(0x000000e02cd00000,0x000000e02ce00000)]
  0x0000026dee94abb0 JavaThread "Unconstrained build operations Thread 22" [_thread_blocked, id=22900, stack(0x000000e02ce00000,0x000000e02cf00000)]
  0x0000026dee94ca10 JavaThread "Unconstrained build operations Thread 23" [_thread_blocked, id=10152, stack(0x000000e02cf00000,0x000000e02d000000)]
  0x0000026dee94b0c0 JavaThread "Unconstrained build operations Thread 24" [_thread_blocked, id=11192, stack(0x000000e02d000000,0x000000e02d100000)]
  0x0000026dee94cf20 JavaThread "Unconstrained build operations Thread 25" [_thread_blocked, id=9364, stack(0x000000e02d100000,0x000000e02d200000)]
  0x0000026dee94d940 JavaThread "Unconstrained build operations Thread 26" [_thread_blocked, id=10400, stack(0x000000e02d200000,0x000000e02d300000)]
  0x0000026dee94f7a0 JavaThread "Unconstrained build operations Thread 27" [_thread_blocked, id=9280, stack(0x000000e02d300000,0x000000e02d400000)]
  0x0000026dee94de50 JavaThread "Unconstrained build operations Thread 28" [_thread_blocked, id=9888, stack(0x000000e02d400000,0x000000e02d500000)]
  0x0000026dee94e360 JavaThread "Unconstrained build operations Thread 29" [_thread_blocked, id=11344, stack(0x000000e02d500000,0x000000e02d600000)]
  0x0000026dee948330 JavaThread "Unconstrained build operations Thread 30" [_thread_blocked, id=7672, stack(0x000000e02d600000,0x000000e02d700000)]
  0x0000026dee94e870 JavaThread "Unconstrained build operations Thread 31" [_thread_blocked, id=17852, stack(0x000000e02d700000,0x000000e02d800000)]
  0x0000026dee94fcb0 JavaThread "Unconstrained build operations Thread 32" [_thread_blocked, id=25440, stack(0x000000e02d800000,0x000000e02d900000)]
  0x0000026df5976fd0 JavaThread "Unconstrained build operations Thread 33" [_thread_blocked, id=26032, stack(0x000000e02d900000,0x000000e02da00000)]
  0x0000026df5974c60 JavaThread "Unconstrained build operations Thread 34" [_thread_blocked, id=7616, stack(0x000000e02da00000,0x000000e02db00000)]
  0x0000026df5976ac0 JavaThread "Unconstrained build operations Thread 35" [_thread_blocked, id=25920, stack(0x000000e02db00000,0x000000e02dc00000)]
  0x0000026df5975680 JavaThread "Unconstrained build operations Thread 36" [_thread_blocked, id=8352, stack(0x000000e02dc00000,0x000000e02dd00000)]
  0x0000026df59774e0 JavaThread "Unconstrained build operations Thread 37" [_thread_blocked, id=26536, stack(0x000000e02dd00000,0x000000e02de00000)]
  0x0000026df5971ed0 JavaThread "Memory manager" [_thread_blocked, id=17048, stack(0x000000e02df00000,0x000000e02e000000)]

Other Threads:
  0x0000026dee505210 VMThread "VM Thread" [stack: 0x000000e028500000,0x000000e028600000] [id=6476]
  0x0000026dd1cc4bd0 WatcherThread [stack: 0x000000e029100000,0x000000e029200000] [id=11280]
  0x0000026dd1c5a260 GCTaskThread "GC Thread#0" [stack: 0x000000e028000000,0x000000e028100000] [id=12536]
  0x0000026df376f4e0 GCTaskThread "GC Thread#1" [stack: 0x000000e029400000,0x000000e029500000] [id=17332]
  0x0000026df3360cd0 GCTaskThread "GC Thread#2" [stack: 0x000000e029500000,0x000000e029600000] [id=6976]
  0x0000026df3577530 GCTaskThread "GC Thread#3" [stack: 0x000000e029600000,0x000000e029700000] [id=25700]
  0x0000026df35777f0 GCTaskThread "GC Thread#4" [stack: 0x000000e029700000,0x000000e029800000] [id=19308]
  0x0000026df373cc70 GCTaskThread "GC Thread#5" [stack: 0x000000e029800000,0x000000e029900000] [id=13892]
  0x0000026df6c9fd20 GCTaskThread "GC Thread#6" [stack: 0x000000e02a800000,0x000000e02a900000] [id=12356]
  0x0000026df5a3f1d0 GCTaskThread "GC Thread#7" [stack: 0x000000e02a900000,0x000000e02aa00000] [id=8204]
  0x0000026dd1cbcfa0 ConcurrentGCThread "G1 Main Marker" [stack: 0x000000e028100000,0x000000e028200000] [id=11916]
  0x0000026dd1cbdf60 ConcurrentGCThread "G1 Conc#0" [stack: 0x000000e028200000,0x000000e028300000] [id=11408]
  0x0000026df6e75b80 ConcurrentGCThread "G1 Conc#1" [stack: 0x000000e02aa00000,0x000000e02ab00000] [id=17716]
  0x0000026dd1d5de30 ConcurrentGCThread "G1 Refine#0" [stack: 0x000000e028300000,0x000000e028400000] [id=14928]
  0x0000026df62cbdc0 ConcurrentGCThread "G1 Refine#1" [stack: 0x000000e02de00000,0x000000e02df00000] [id=12632]
  0x0000026dd1d5e670 ConcurrentGCThread "G1 Service" [stack: 0x000000e028400000,0x000000e028500000] [id=11996]

Threads with active compile tasks:
C2 CompilerThread0     6822 6359       4       groovy.lang.MetaClassImpl::addMetaMethodToIndex (65 bytes)
C2 CompilerThread1     6822 6087   !   4       com.google.common.reflect.TypeVisitor::visit (225 bytes)
C2 CompilerThread2     6822 6352       4       groovy.lang.MetaClassImpl::filterPropertyMethod (305 bytes)

VM state: not at safepoint (normal execution)

VM Mutex/Monitor currently owned by a thread: None

Heap address: 0x00000000e0000000, size: 512 MB, Compressed Oops mode: 32-bit

CDS archive(s) mapped at: [0x0000026d80000000-0x0000026d80bd0000-0x0000026d80bd0000), size 12386304, SharedBaseAddress: 0x0000026d80000000, ArchiveRelocationMode: 1.
Compressed class space mapped at: 0x0000026d81000000-0x0000026d95000000, reserved size: 335544320
Narrow klass base: 0x0000026d80000000, Narrow klass shift: 0, Narrow klass range: 0x100000000

GC Precious Log:
 CPUs: 8 total, 8 available
 Memory: 8113M
 Large Page Support: Disabled
 NUMA Support: Disabled
 Compressed Oops: Enabled (32-bit)
 Heap Region Size: 1M
 Heap Min Capacity: 256M
 Heap Initial Capacity: 256M
 Heap Max Capacity: 512M
 Pre-touch: Disabled
 Parallel Workers: 8
 Concurrent Workers: 2
 Concurrent Refinement Workers: 8
 Periodic GC: Disabled

Heap:
 garbage-first heap   total 262144K, used 78379K [0x00000000e0000000, 0x0000000100000000)
  region size 1024K, 48 young (49152K), 8 survivors (8192K)
 Metaspace       used 52884K, committed 53504K, reserved 393216K
  class space    used 7532K, committed 7808K, reserved 327680K

Heap Regions: E=young(eden), S=young(survivor), O=old, HS=humongous(starts), HC=humongous(continues), CS=collection set, F=free, OA=open archive, CA=closed archive, TAMS=top-at-mark-start (previous, next)
|   0|0x00000000e0000000, 0x00000000e0100000, 0x00000000e0100000|100%|HS|  |TAMS 0x00000000e0100000, 0x00000000e0000000| Complete 
|   1|0x00000000e0100000, 0x00000000e0200000, 0x00000000e0200000|100%|HC|  |TAMS 0x00000000e0200000, 0x00000000e0100000| Complete 
|   2|0x00000000e0200000, 0x00000000e0300000, 0x00000000e0300000|100%|HC|  |TAMS 0x00000000e0300000, 0x00000000e0200000| Complete 
|   3|0x00000000e0300000, 0x00000000e0400000, 0x00000000e0400000|100%| O|  |TAMS 0x00000000e0400000, 0x00000000e0300000| Untracked 
|   4|0x00000000e0400000, 0x00000000e0500000, 0x00000000e0500000|100%| O|  |TAMS 0x00000000e0500000, 0x00000000e0400000| Untracked 
|   5|0x00000000e0500000, 0x00000000e0600000, 0x00000000e0600000|100%| O|  |TAMS 0x00000000e0600000, 0x00000000e0500000| Untracked 
|   6|0x00000000e0600000, 0x00000000e0700000, 0x00000000e0700000|100%|HS|  |TAMS 0x00000000e0700000, 0x00000000e0600000| Complete 
|   7|0x00000000e0700000, 0x00000000e0800000, 0x00000000e0800000|100%| O|  |TAMS 0x00000000e0800000, 0x00000000e0700000| Untracked 
|   8|0x00000000e0800000, 0x00000000e0900000, 0x00000000e0900000|100%| O|  |TAMS 0x00000000e0900000, 0x00000000e0800000| Untracked 
|   9|0x00000000e0900000, 0x00000000e0a00000, 0x00000000e0a00000|100%| O|  |TAMS 0x00000000e0a00000, 0x00000000e0900000| Untracked 
|  10|0x00000000e0a00000, 0x00000000e0a00000, 0x00000000e0b00000|  0%| F|  |TAMS 0x00000000e0a00000, 0x00000000e0a00000| Untracked 
|  11|0x00000000e0b00000, 0x00000000e0c00000, 0x00000000e0c00000|100%| O|  |TAMS 0x00000000e0c00000, 0x00000000e0b00000| Untracked 
|  12|0x00000000e0c00000, 0x00000000e0d00000, 0x00000000e0d00000|100%| O|  |TAMS 0x00000000e0d00000, 0x00000000e0c00000| Untracked 
|  13|0x00000000e0d00000, 0x00000000e0e00000, 0x00000000e0e00000|100%| O|  |TAMS 0x00000000e0e00000, 0x00000000e0d00000| Untracked 
|  14|0x00000000e0e00000, 0x00000000e0f00000, 0x00000000e0f00000|100%| O|  |TAMS 0x00000000e0f00000, 0x00000000e0e00000| Untracked 
|  15|0x00000000e0f00000, 0x00000000e1000000, 0x00000000e1000000|100%| O|  |TAMS 0x00000000e1000000, 0x00000000e0f00000| Untracked 
|  16|0x00000000e1000000, 0x00000000e1100000, 0x00000000e1100000|100%| O|  |TAMS 0x00000000e1100000, 0x00000000e1000000| Untracked 
|  17|0x00000000e1100000, 0x00000000e1200000, 0x00000000e1200000|100%| O|  |TAMS 0x00000000e1200000, 0x00000000e1100000| Untracked 
|  18|0x00000000e1200000, 0x00000000e1300000, 0x00000000e1300000|100%| O|  |TAMS 0x00000000e1300000, 0x00000000e1200000| Untracked 
|  19|0x00000000e1300000, 0x00000000e1400000, 0x00000000e1400000|100%| O|  |TAMS 0x00000000e1400000, 0x00000000e1300000| Untracked 
|  20|0x00000000e1400000, 0x00000000e1500000, 0x00000000e1500000|100%| O|  |TAMS 0x00000000e1500000, 0x00000000e1400000| Untracked 
|  21|0x00000000e1500000, 0x00000000e1600000, 0x00000000e1600000|100%| O|  |TAMS 0x00000000e1600000, 0x00000000e1500000| Untracked 
|  22|0x00000000e1600000, 0x00000000e1700000, 0x00000000e1700000|100%| O|  |TAMS 0x00000000e1700000, 0x00000000e1600000| Untracked 
|  23|0x00000000e1700000, 0x00000000e1800000, 0x00000000e1800000|100%| O|  |TAMS 0x00000000e1800000, 0x00000000e1700000| Untracked 
|  24|0x00000000e1800000, 0x00000000e1900000, 0x00000000e1900000|100%| O|  |TAMS 0x00000000e1900000, 0x00000000e1800000| Untracked 
|  25|0x00000000e1900000, 0x00000000e1a00000, 0x00000000e1a00000|100%| O|  |TAMS 0x00000000e1a00000, 0x00000000e1900000| Untracked 
|  26|0x00000000e1a00000, 0x00000000e1b00000, 0x00000000e1b00000|100%| O|  |TAMS 0x00000000e1b00000, 0x00000000e1a00000| Untracked 
|  27|0x00000000e1b00000, 0x00000000e1c00000, 0x00000000e1c00000|100%| O|  |TAMS 0x00000000e1c00000, 0x00000000e1b00000| Untracked 
|  28|0x00000000e1c00000, 0x00000000e1d00000, 0x00000000e1d00000|100%| O|  |TAMS 0x00000000e1d00000, 0x00000000e1c00000| Untracked 
|  29|0x00000000e1d00000, 0x00000000e1e00000, 0x00000000e1e00000|100%| O|  |TAMS 0x00000000e1e00000, 0x00000000e1d00000| Untracked 
|  30|0x00000000e1e00000, 0x00000000e1f00000, 0x00000000e1f00000|100%| O|  |TAMS 0x00000000e1f00000, 0x00000000e1e00000| Untracked 
|  31|0x00000000e1f00000, 0x00000000e1f31200, 0x00000000e2000000| 19%| O|  |TAMS 0x00000000e1f31200, 0x00000000e1f00000| Untracked 
|  32|0x00000000e2000000, 0x00000000e2000000, 0x00000000e2100000|  0%| F|  |TAMS 0x00000000e2000000, 0x00000000e2000000| Untracked 
|  33|0x00000000e2100000, 0x00000000e2100000, 0x00000000e2200000|  0%| F|  |TAMS 0x00000000e2100000, 0x00000000e2100000| Untracked 
|  34|0x00000000e2200000, 0x00000000e2200000, 0x00000000e2300000|  0%| F|  |TAMS 0x00000000e2200000, 0x00000000e2200000| Untracked 
|  35|0x00000000e2300000, 0x00000000e2300000, 0x00000000e2400000|  0%| F|  |TAMS 0x00000000e2300000, 0x00000000e2300000| Untracked 
|  36|0x00000000e2400000, 0x00000000e2400000, 0x00000000e2500000|  0%| F|  |TAMS 0x00000000e2400000, 0x00000000e2400000| Untracked 
|  37|0x00000000e2500000, 0x00000000e2500000, 0x00000000e2600000|  0%| F|  |TAMS 0x00000000e2500000, 0x00000000e2500000| Untracked 
|  38|0x00000000e2600000, 0x00000000e2600000, 0x00000000e2700000|  0%| F|  |TAMS 0x00000000e2600000, 0x00000000e2600000| Untracked 
|  39|0x00000000e2700000, 0x00000000e2700000, 0x00000000e2800000|  0%| F|  |TAMS 0x00000000e2700000, 0x00000000e2700000| Untracked 
|  40|0x00000000e2800000, 0x00000000e2800000, 0x00000000e2900000|  0%| F|  |TAMS 0x00000000e2800000, 0x00000000e2800000| Untracked 
|  41|0x00000000e2900000, 0x00000000e2900000, 0x00000000e2a00000|  0%| F|  |TAMS 0x00000000e2900000, 0x00000000e2900000| Untracked 
|  42|0x00000000e2a00000, 0x00000000e2a00000, 0x00000000e2b00000|  0%| F|  |TAMS 0x00000000e2a00000, 0x00000000e2a00000| Untracked 
|  43|0x00000000e2b00000, 0x00000000e2b00000, 0x00000000e2c00000|  0%| F|  |TAMS 0x00000000e2b00000, 0x00000000e2b00000| Untracked 
|  44|0x00000000e2c00000, 0x00000000e2c00000, 0x00000000e2d00000|  0%| F|  |TAMS 0x00000000e2c00000, 0x00000000e2c00000| Untracked 
|  45|0x00000000e2d00000, 0x00000000e2d00000, 0x00000000e2e00000|  0%| F|  |TAMS 0x00000000e2d00000, 0x00000000e2d00000| Untracked 
|  46|0x00000000e2e00000, 0x00000000e2e00000, 0x00000000e2f00000|  0%| F|  |TAMS 0x00000000e2e00000, 0x00000000e2e00000| Untracked 
|  47|0x00000000e2f00000, 0x00000000e2f00000, 0x00000000e3000000|  0%| F|  |TAMS 0x00000000e2f00000, 0x00000000e2f00000| Untracked 
|  48|0x00000000e3000000, 0x00000000e3000000, 0x00000000e3100000|  0%| F|  |TAMS 0x00000000e3000000, 0x00000000e3000000| Untracked 
|  49|0x00000000e3100000, 0x00000000e3100000, 0x00000000e3200000|  0%| F|  |TAMS 0x00000000e3100000, 0x00000000e3100000| Untracked 
|  50|0x00000000e3200000, 0x00000000e3200000, 0x00000000e3300000|  0%| F|  |TAMS 0x00000000e3200000, 0x00000000e3200000| Untracked 
|  51|0x00000000e3300000, 0x00000000e3300000, 0x00000000e3400000|  0%| F|  |TAMS 0x00000000e3300000, 0x00000000e3300000| Untracked 
|  52|0x00000000e3400000, 0x00000000e3400000, 0x00000000e3500000|  0%| F|  |TAMS 0x00000000e3400000, 0x00000000e3400000| Untracked 
|  53|0x00000000e3500000, 0x00000000e3500000, 0x00000000e3600000|  0%| F|  |TAMS 0x00000000e3500000, 0x00000000e3500000| Untracked 
|  54|0x00000000e3600000, 0x00000000e3600000, 0x00000000e3700000|  0%| F|  |TAMS 0x00000000e3600000, 0x00000000e3600000| Untracked 
|  55|0x00000000e3700000, 0x00000000e3700000, 0x00000000e3800000|  0%| F|  |TAMS 0x00000000e3700000, 0x00000000e3700000| Untracked 
|  56|0x00000000e3800000, 0x00000000e3800000, 0x00000000e3900000|  0%| F|  |TAMS 0x00000000e3800000, 0x00000000e3800000| Untracked 
|  57|0x00000000e3900000, 0x00000000e3900000, 0x00000000e3a00000|  0%| F|  |TAMS 0x00000000e3900000, 0x00000000e3900000| Untracked 
|  58|0x00000000e3a00000, 0x00000000e3a00000, 0x00000000e3b00000|  0%| F|  |TAMS 0x00000000e3a00000, 0x00000000e3a00000| Untracked 
|  59|0x00000000e3b00000, 0x00000000e3b00000, 0x00000000e3c00000|  0%| F|  |TAMS 0x00000000e3b00000, 0x00000000e3b00000| Untracked 
|  60|0x00000000e3c00000, 0x00000000e3c00000, 0x00000000e3d00000|  0%| F|  |TAMS 0x00000000e3c00000, 0x00000000e3c00000| Untracked 
|  61|0x00000000e3d00000, 0x00000000e3d00000, 0x00000000e3e00000|  0%| F|  |TAMS 0x00000000e3d00000, 0x00000000e3d00000| Untracked 
|  62|0x00000000e3e00000, 0x00000000e3e00000, 0x00000000e3f00000|  0%| F|  |TAMS 0x00000000e3e00000, 0x00000000e3e00000| Untracked 
|  63|0x00000000e3f00000, 0x00000000e3f00000, 0x00000000e4000000|  0%| F|  |TAMS 0x00000000e3f00000, 0x00000000e3f00000| Untracked 
|  64|0x00000000e4000000, 0x00000000e4000000, 0x00000000e4100000|  0%| F|  |TAMS 0x00000000e4000000, 0x00000000e4000000| Untracked 
|  65|0x00000000e4100000, 0x00000000e4100000, 0x00000000e4200000|  0%| F|  |TAMS 0x00000000e4100000, 0x00000000e4100000| Untracked 
|  66|0x00000000e4200000, 0x00000000e4200000, 0x00000000e4300000|  0%| F|  |TAMS 0x00000000e4200000, 0x00000000e4200000| Untracked 
|  67|0x00000000e4300000, 0x00000000e4300000, 0x00000000e4400000|  0%| F|  |TAMS 0x00000000e4300000, 0x00000000e4300000| Untracked 
|  68|0x00000000e4400000, 0x00000000e4400000, 0x00000000e4500000|  0%| F|  |TAMS 0x00000000e4400000, 0x00000000e4400000| Untracked 
|  69|0x00000000e4500000, 0x00000000e4500000, 0x00000000e4600000|  0%| F|  |TAMS 0x00000000e4500000, 0x00000000e4500000| Untracked 
|  70|0x00000000e4600000, 0x00000000e4600000, 0x00000000e4700000|  0%| F|  |TAMS 0x00000000e4600000, 0x00000000e4600000| Untracked 
|  71|0x00000000e4700000, 0x00000000e4700000, 0x00000000e4800000|  0%| F|  |TAMS 0x00000000e4700000, 0x00000000e4700000| Untracked 
|  72|0x00000000e4800000, 0x00000000e4800000, 0x00000000e4900000|  0%| F|  |TAMS 0x00000000e4800000, 0x00000000e4800000| Untracked 
|  73|0x00000000e4900000, 0x00000000e4900000, 0x00000000e4a00000|  0%| F|  |TAMS 0x00000000e4900000, 0x00000000e4900000| Untracked 
|  74|0x00000000e4a00000, 0x00000000e4a00000, 0x00000000e4b00000|  0%| F|  |TAMS 0x00000000e4a00000, 0x00000000e4a00000| Untracked 
|  75|0x00000000e4b00000, 0x00000000e4b00000, 0x00000000e4c00000|  0%| F|  |TAMS 0x00000000e4b00000, 0x00000000e4b00000| Untracked 
|  76|0x00000000e4c00000, 0x00000000e4c00000, 0x00000000e4d00000|  0%| F|  |TAMS 0x00000000e4c00000, 0x00000000e4c00000| Untracked 
|  77|0x00000000e4d00000, 0x00000000e4d00000, 0x00000000e4e00000|  0%| F|  |TAMS 0x00000000e4d00000, 0x00000000e4d00000| Untracked 
|  78|0x00000000e4e00000, 0x00000000e4e00000, 0x00000000e4f00000|  0%| F|  |TAMS 0x00000000e4e00000, 0x00000000e4e00000| Untracked 
|  79|0x00000000e4f00000, 0x00000000e4f00000, 0x00000000e5000000|  0%| F|  |TAMS 0x00000000e4f00000, 0x00000000e4f00000| Untracked 
|  80|0x00000000e5000000, 0x00000000e5000000, 0x00000000e5100000|  0%| F|  |TAMS 0x00000000e5000000, 0x00000000e5000000| Untracked 
|  81|0x00000000e5100000, 0x00000000e5100000, 0x00000000e5200000|  0%| F|  |TAMS 0x00000000e5100000, 0x00000000e5100000| Untracked 
|  82|0x00000000e5200000, 0x00000000e5200000, 0x00000000e5300000|  0%| F|  |TAMS 0x00000000e5200000, 0x00000000e5200000| Untracked 
|  83|0x00000000e5300000, 0x00000000e5300000, 0x00000000e5400000|  0%| F|  |TAMS 0x00000000e5300000, 0x00000000e5300000| Untracked 
|  84|0x00000000e5400000, 0x00000000e5400000, 0x00000000e5500000|  0%| F|  |TAMS 0x00000000e5400000, 0x00000000e5400000| Untracked 
|  85|0x00000000e5500000, 0x00000000e5500000, 0x00000000e5600000|  0%| F|  |TAMS 0x00000000e5500000, 0x00000000e5500000| Untracked 
|  86|0x00000000e5600000, 0x00000000e5600000, 0x00000000e5700000|  0%| F|  |TAMS 0x00000000e5600000, 0x00000000e5600000| Untracked 
|  87|0x00000000e5700000, 0x00000000e5700000, 0x00000000e5800000|  0%| F|  |TAMS 0x00000000e5700000, 0x00000000e5700000| Untracked 
|  88|0x00000000e5800000, 0x00000000e5800000, 0x00000000e5900000|  0%| F|  |TAMS 0x00000000e5800000, 0x00000000e5800000| Untracked 
|  89|0x00000000e5900000, 0x00000000e5900000, 0x00000000e5a00000|  0%| F|  |TAMS 0x00000000e5900000, 0x00000000e5900000| Untracked 
|  90|0x00000000e5a00000, 0x00000000e5a00000, 0x00000000e5b00000|  0%| F|  |TAMS 0x00000000e5a00000, 0x00000000e5a00000| Untracked 
|  91|0x00000000e5b00000, 0x00000000e5b00000, 0x00000000e5c00000|  0%| F|  |TAMS 0x00000000e5b00000, 0x00000000e5b00000| Untracked 
|  92|0x00000000e5c00000, 0x00000000e5c00000, 0x00000000e5d00000|  0%| F|  |TAMS 0x00000000e5c00000, 0x00000000e5c00000| Untracked 
|  93|0x00000000e5d00000, 0x00000000e5d00000, 0x00000000e5e00000|  0%| F|  |TAMS 0x00000000e5d00000, 0x00000000e5d00000| Untracked 
|  94|0x00000000e5e00000, 0x00000000e5e00000, 0x00000000e5f00000|  0%| F|  |TAMS 0x00000000e5e00000, 0x00000000e5e00000| Untracked 
|  95|0x00000000e5f00000, 0x00000000e5f59df0, 0x00000000e6000000| 35%| S|CS|TAMS 0x00000000e5f00000, 0x00000000e5f00000| Complete 
|  96|0x00000000e6000000, 0x00000000e6100000, 0x00000000e6100000|100%| S|CS|TAMS 0x00000000e6000000, 0x00000000e6000000| Complete 
|  97|0x00000000e6100000, 0x00000000e6200000, 0x00000000e6200000|100%| S|CS|TAMS 0x00000000e6100000, 0x00000000e6100000| Complete 
|  98|0x00000000e6200000, 0x00000000e6300000, 0x00000000e6300000|100%| S|CS|TAMS 0x00000000e6200000, 0x00000000e6200000| Complete 
|  99|0x00000000e6300000, 0x00000000e6400000, 0x00000000e6400000|100%| S|CS|TAMS 0x00000000e6300000, 0x00000000e6300000| Complete 
| 100|0x00000000e6400000, 0x00000000e6500000, 0x00000000e6500000|100%| S|CS|TAMS 0x00000000e6400000, 0x00000000e6400000| Complete 
| 101|0x00000000e6500000, 0x00000000e6600000, 0x00000000e6600000|100%| S|CS|TAMS 0x00000000e6500000, 0x00000000e6500000| Complete 
| 102|0x00000000e6600000, 0x00000000e6700000, 0x00000000e6700000|100%| S|CS|TAMS 0x00000000e6600000, 0x00000000e6600000| Complete 
| 103|0x00000000e6700000, 0x00000000e6700000, 0x00000000e6800000|  0%| F|  |TAMS 0x00000000e6700000, 0x00000000e6700000| Untracked 
| 104|0x00000000e6800000, 0x00000000e6800000, 0x00000000e6900000|  0%| F|  |TAMS 0x00000000e6800000, 0x00000000e6800000| Untracked 
| 105|0x00000000e6900000, 0x00000000e6900000, 0x00000000e6a00000|  0%| F|  |TAMS 0x00000000e6900000, 0x00000000e6900000| Untracked 
| 106|0x00000000e6a00000, 0x00000000e6a00000, 0x00000000e6b00000|  0%| F|  |TAMS 0x00000000e6a00000, 0x00000000e6a00000| Untracked 
| 107|0x00000000e6b00000, 0x00000000e6b00000, 0x00000000e6c00000|  0%| F|  |TAMS 0x00000000e6b00000, 0x00000000e6b00000| Untracked 
| 108|0x00000000e6c00000, 0x00000000e6c00000, 0x00000000e6d00000|  0%| F|  |TAMS 0x00000000e6c00000, 0x00000000e6c00000| Untracked 
| 109|0x00000000e6d00000, 0x00000000e6d00000, 0x00000000e6e00000|  0%| F|  |TAMS 0x00000000e6d00000, 0x00000000e6d00000| Untracked 
| 110|0x00000000e6e00000, 0x00000000e6e00000, 0x00000000e6f00000|  0%| F|  |TAMS 0x00000000e6e00000, 0x00000000e6e00000| Untracked 
| 111|0x00000000e6f00000, 0x00000000e6f00000, 0x00000000e7000000|  0%| F|  |TAMS 0x00000000e6f00000, 0x00000000e6f00000| Untracked 
| 112|0x00000000e7000000, 0x00000000e7000000, 0x00000000e7100000|  0%| F|  |TAMS 0x00000000e7000000, 0x00000000e7000000| Untracked 
| 113|0x00000000e7100000, 0x00000000e7100000, 0x00000000e7200000|  0%| F|  |TAMS 0x00000000e7100000, 0x00000000e7100000| Untracked 
| 114|0x00000000e7200000, 0x00000000e7200000, 0x00000000e7300000|  0%| F|  |TAMS 0x00000000e7200000, 0x00000000e7200000| Untracked 
| 115|0x00000000e7300000, 0x00000000e7300000, 0x00000000e7400000|  0%| F|  |TAMS 0x00000000e7300000, 0x00000000e7300000| Untracked 
| 116|0x00000000e7400000, 0x00000000e7400000, 0x00000000e7500000|  0%| F|  |TAMS 0x00000000e7400000, 0x00000000e7400000| Untracked 
| 117|0x00000000e7500000, 0x00000000e7500000, 0x00000000e7600000|  0%| F|  |TAMS 0x00000000e7500000, 0x00000000e7500000| Untracked 
| 118|0x00000000e7600000, 0x00000000e7600000, 0x00000000e7700000|  0%| F|  |TAMS 0x00000000e7600000, 0x00000000e7600000| Untracked 
| 119|0x00000000e7700000, 0x00000000e7700000, 0x00000000e7800000|  0%| F|  |TAMS 0x00000000e7700000, 0x00000000e7700000| Untracked 
| 120|0x00000000e7800000, 0x00000000e7800000, 0x00000000e7900000|  0%| F|  |TAMS 0x00000000e7800000, 0x00000000e7800000| Untracked 
| 121|0x00000000e7900000, 0x00000000e7900000, 0x00000000e7a00000|  0%| F|  |TAMS 0x00000000e7900000, 0x00000000e7900000| Untracked 
| 122|0x00000000e7a00000, 0x00000000e7a00000, 0x00000000e7b00000|  0%| F|  |TAMS 0x00000000e7a00000, 0x00000000e7a00000| Untracked 
| 123|0x00000000e7b00000, 0x00000000e7b00000, 0x00000000e7c00000|  0%| F|  |TAMS 0x00000000e7b00000, 0x00000000e7b00000| Untracked 
| 124|0x00000000e7c00000, 0x00000000e7c00000, 0x00000000e7d00000|  0%| F|  |TAMS 0x00000000e7c00000, 0x00000000e7c00000| Untracked 
| 125|0x00000000e7d00000, 0x00000000e7d00000, 0x00000000e7e00000|  0%| F|  |TAMS 0x00000000e7d00000, 0x00000000e7d00000| Untracked 
| 126|0x00000000e7e00000, 0x00000000e7e00000, 0x00000000e7f00000|  0%| F|  |TAMS 0x00000000e7e00000, 0x00000000e7e00000| Untracked 
| 127|0x00000000e7f00000, 0x00000000e7f00000, 0x00000000e8000000|  0%| F|  |TAMS 0x00000000e7f00000, 0x00000000e7f00000| Untracked 
| 128|0x00000000e8000000, 0x00000000e8000000, 0x00000000e8100000|  0%| F|  |TAMS 0x00000000e8000000, 0x00000000e8000000| Untracked 
| 129|0x00000000e8100000, 0x00000000e8100000, 0x00000000e8200000|  0%| F|  |TAMS 0x00000000e8100000, 0x00000000e8100000| Untracked 
| 130|0x00000000e8200000, 0x00000000e8200000, 0x00000000e8300000|  0%| F|  |TAMS 0x00000000e8200000, 0x00000000e8200000| Untracked 
| 131|0x00000000e8300000, 0x00000000e8300000, 0x00000000e8400000|  0%| F|  |TAMS 0x00000000e8300000, 0x00000000e8300000| Untracked 
| 132|0x00000000e8400000, 0x00000000e8400000, 0x00000000e8500000|  0%| F|  |TAMS 0x00000000e8400000, 0x00000000e8400000| Untracked 
| 133|0x00000000e8500000, 0x00000000e8500000, 0x00000000e8600000|  0%| F|  |TAMS 0x00000000e8500000, 0x00000000e8500000| Untracked 
| 134|0x00000000e8600000, 0x00000000e8600000, 0x00000000e8700000|  0%| F|  |TAMS 0x00000000e8600000, 0x00000000e8600000| Untracked 
| 135|0x00000000e8700000, 0x00000000e8700000, 0x00000000e8800000|  0%| F|  |TAMS 0x00000000e8700000, 0x00000000e8700000| Untracked 
| 136|0x00000000e8800000, 0x00000000e8800000, 0x00000000e8900000|  0%| F|  |TAMS 0x00000000e8800000, 0x00000000e8800000| Untracked 
| 137|0x00000000e8900000, 0x00000000e8900000, 0x00000000e8a00000|  0%| F|  |TAMS 0x00000000e8900000, 0x00000000e8900000| Untracked 
| 138|0x00000000e8a00000, 0x00000000e8a00000, 0x00000000e8b00000|  0%| F|  |TAMS 0x00000000e8a00000, 0x00000000e8a00000| Untracked 
| 139|0x00000000e8b00000, 0x00000000e8b00000, 0x00000000e8c00000|  0%| F|  |TAMS 0x00000000e8b00000, 0x00000000e8b00000| Untracked 
| 140|0x00000000e8c00000, 0x00000000e8c00000, 0x00000000e8d00000|  0%| F|  |TAMS 0x00000000e8c00000, 0x00000000e8c00000| Untracked 
| 141|0x00000000e8d00000, 0x00000000e8d00000, 0x00000000e8e00000|  0%| F|  |TAMS 0x00000000e8d00000, 0x00000000e8d00000| Untracked 
| 142|0x00000000e8e00000, 0x00000000e8e00000, 0x00000000e8f00000|  0%| F|  |TAMS 0x00000000e8e00000, 0x00000000e8e00000| Untracked 
| 143|0x00000000e8f00000, 0x00000000e8f00000, 0x00000000e9000000|  0%| F|  |TAMS 0x00000000e8f00000, 0x00000000e8f00000| Untracked 
| 144|0x00000000e9000000, 0x00000000e9000000, 0x00000000e9100000|  0%| F|  |TAMS 0x00000000e9000000, 0x00000000e9000000| Untracked 
| 145|0x00000000e9100000, 0x00000000e9100000, 0x00000000e9200000|  0%| F|  |TAMS 0x00000000e9100000, 0x00000000e9100000| Untracked 
| 146|0x00000000e9200000, 0x00000000e9200000, 0x00000000e9300000|  0%| F|  |TAMS 0x00000000e9200000, 0x00000000e9200000| Untracked 
| 147|0x00000000e9300000, 0x00000000e9300000, 0x00000000e9400000|  0%| F|  |TAMS 0x00000000e9300000, 0x00000000e9300000| Untracked 
| 148|0x00000000e9400000, 0x00000000e9400000, 0x00000000e9500000|  0%| F|  |TAMS 0x00000000e9400000, 0x00000000e9400000| Untracked 
| 149|0x00000000e9500000, 0x00000000e9500000, 0x00000000e9600000|  0%| F|  |TAMS 0x00000000e9500000, 0x00000000e9500000| Untracked 
| 150|0x00000000e9600000, 0x00000000e9600000, 0x00000000e9700000|  0%| F|  |TAMS 0x00000000e9600000, 0x00000000e9600000| Untracked 
| 151|0x00000000e9700000, 0x00000000e9700000, 0x00000000e9800000|  0%| F|  |TAMS 0x00000000e9700000, 0x00000000e9700000| Untracked 
| 152|0x00000000e9800000, 0x00000000e9800000, 0x00000000e9900000|  0%| F|  |TAMS 0x00000000e9800000, 0x00000000e9800000| Untracked 
| 153|0x00000000e9900000, 0x00000000e9900000, 0x00000000e9a00000|  0%| F|  |TAMS 0x00000000e9900000, 0x00000000e9900000| Untracked 
| 154|0x00000000e9a00000, 0x00000000e9a00000, 0x00000000e9b00000|  0%| F|  |TAMS 0x00000000e9a00000, 0x00000000e9a00000| Untracked 
| 155|0x00000000e9b00000, 0x00000000e9b00000, 0x00000000e9c00000|  0%| F|  |TAMS 0x00000000e9b00000, 0x00000000e9b00000| Untracked 
| 156|0x00000000e9c00000, 0x00000000e9c00000, 0x00000000e9d00000|  0%| F|  |TAMS 0x00000000e9c00000, 0x00000000e9c00000| Untracked 
| 157|0x00000000e9d00000, 0x00000000e9d00000, 0x00000000e9e00000|  0%| F|  |TAMS 0x00000000e9d00000, 0x00000000e9d00000| Untracked 
| 158|0x00000000e9e00000, 0x00000000e9e00000, 0x00000000e9f00000|  0%| F|  |TAMS 0x00000000e9e00000, 0x00000000e9e00000| Untracked 
| 159|0x00000000e9f00000, 0x00000000e9f00000, 0x00000000ea000000|  0%| F|  |TAMS 0x00000000e9f00000, 0x00000000e9f00000| Untracked 
| 160|0x00000000ea000000, 0x00000000ea000000, 0x00000000ea100000|  0%| F|  |TAMS 0x00000000ea000000, 0x00000000ea000000| Untracked 
| 161|0x00000000ea100000, 0x00000000ea100000, 0x00000000ea200000|  0%| F|  |TAMS 0x00000000ea100000, 0x00000000ea100000| Untracked 
| 162|0x00000000ea200000, 0x00000000ea200000, 0x00000000ea300000|  0%| F|  |TAMS 0x00000000ea200000, 0x00000000ea200000| Untracked 
| 163|0x00000000ea300000, 0x00000000ea300000, 0x00000000ea400000|  0%| F|  |TAMS 0x00000000ea300000, 0x00000000ea300000| Untracked 
| 164|0x00000000ea400000, 0x00000000ea400000, 0x00000000ea500000|  0%| F|  |TAMS 0x00000000ea400000, 0x00000000ea400000| Untracked 
| 165|0x00000000ea500000, 0x00000000ea500000, 0x00000000ea600000|  0%| F|  |TAMS 0x00000000ea500000, 0x00000000ea500000| Untracked 
| 166|0x00000000ea600000, 0x00000000ea600000, 0x00000000ea700000|  0%| F|  |TAMS 0x00000000ea600000, 0x00000000ea600000| Untracked 
| 167|0x00000000ea700000, 0x00000000ea700000, 0x00000000ea800000|  0%| F|  |TAMS 0x00000000ea700000, 0x00000000ea700000| Untracked 
| 168|0x00000000ea800000, 0x00000000ea800000, 0x00000000ea900000|  0%| F|  |TAMS 0x00000000ea800000, 0x00000000ea800000| Untracked 
| 169|0x00000000ea900000, 0x00000000ea900000, 0x00000000eaa00000|  0%| F|  |TAMS 0x00000000ea900000, 0x00000000ea900000| Untracked 
| 170|0x00000000eaa00000, 0x00000000eaa00000, 0x00000000eab00000|  0%| F|  |TAMS 0x00000000eaa00000, 0x00000000eaa00000| Untracked 
| 171|0x00000000eab00000, 0x00000000eab00000, 0x00000000eac00000|  0%| F|  |TAMS 0x00000000eab00000, 0x00000000eab00000| Untracked 
| 172|0x00000000eac00000, 0x00000000eac00000, 0x00000000ead00000|  0%| F|  |TAMS 0x00000000eac00000, 0x00000000eac00000| Untracked 
| 173|0x00000000ead00000, 0x00000000ead00000, 0x00000000eae00000|  0%| F|  |TAMS 0x00000000ead00000, 0x00000000ead00000| Untracked 
| 174|0x00000000eae00000, 0x00000000eae00000, 0x00000000eaf00000|  0%| F|  |TAMS 0x00000000eae00000, 0x00000000eae00000| Untracked 
| 175|0x00000000eaf00000, 0x00000000eaf00000, 0x00000000eb000000|  0%| F|  |TAMS 0x00000000eaf00000, 0x00000000eaf00000| Untracked 
| 176|0x00000000eb000000, 0x00000000eb000000, 0x00000000eb100000|  0%| F|  |TAMS 0x00000000eb000000, 0x00000000eb000000| Untracked 
| 177|0x00000000eb100000, 0x00000000eb100000, 0x00000000eb200000|  0%| F|  |TAMS 0x00000000eb100000, 0x00000000eb100000| Untracked 
| 178|0x00000000eb200000, 0x00000000eb200000, 0x00000000eb300000|  0%| F|  |TAMS 0x00000000eb200000, 0x00000000eb200000| Untracked 
| 179|0x00000000eb300000, 0x00000000eb300000, 0x00000000eb400000|  0%| F|  |TAMS 0x00000000eb300000, 0x00000000eb300000| Untracked 
| 180|0x00000000eb400000, 0x00000000eb400000, 0x00000000eb500000|  0%| F|  |TAMS 0x00000000eb400000, 0x00000000eb400000| Untracked 
| 181|0x00000000eb500000, 0x00000000eb500000, 0x00000000eb600000|  0%| F|  |TAMS 0x00000000eb500000, 0x00000000eb500000| Untracked 
| 182|0x00000000eb600000, 0x00000000eb600000, 0x00000000eb700000|  0%| F|  |TAMS 0x00000000eb600000, 0x00000000eb600000| Untracked 
| 183|0x00000000eb700000, 0x00000000eb700000, 0x00000000eb800000|  0%| F|  |TAMS 0x00000000eb700000, 0x00000000eb700000| Untracked 
| 184|0x00000000eb800000, 0x00000000eb800000, 0x00000000eb900000|  0%| F|  |TAMS 0x00000000eb800000, 0x00000000eb800000| Untracked 
| 185|0x00000000eb900000, 0x00000000eb900000, 0x00000000eba00000|  0%| F|  |TAMS 0x00000000eb900000, 0x00000000eb900000| Untracked 
| 186|0x00000000eba00000, 0x00000000eba00000, 0x00000000ebb00000|  0%| F|  |TAMS 0x00000000eba00000, 0x00000000eba00000| Untracked 
| 187|0x00000000ebb00000, 0x00000000ebb00000, 0x00000000ebc00000|  0%| F|  |TAMS 0x00000000ebb00000, 0x00000000ebb00000| Untracked 
| 188|0x00000000ebc00000, 0x00000000ebc00000, 0x00000000ebd00000|  0%| F|  |TAMS 0x00000000ebc00000, 0x00000000ebc00000| Untracked 
| 189|0x00000000ebd00000, 0x00000000ebd00000, 0x00000000ebe00000|  0%| F|  |TAMS 0x00000000ebd00000, 0x00000000ebd00000| Untracked 
| 190|0x00000000ebe00000, 0x00000000ebe00000, 0x00000000ebf00000|  0%| F|  |TAMS 0x00000000ebe00000, 0x00000000ebe00000| Untracked 
| 191|0x00000000ebf00000, 0x00000000ebf00000, 0x00000000ec000000|  0%| F|  |TAMS 0x00000000ebf00000, 0x00000000ebf00000| Untracked 
| 192|0x00000000ec000000, 0x00000000ec000000, 0x00000000ec100000|  0%| F|  |TAMS 0x00000000ec000000, 0x00000000ec000000| Untracked 
| 193|0x00000000ec100000, 0x00000000ec100000, 0x00000000ec200000|  0%| F|  |TAMS 0x00000000ec100000, 0x00000000ec100000| Untracked 
| 194|0x00000000ec200000, 0x00000000ec200000, 0x00000000ec300000|  0%| F|  |TAMS 0x00000000ec200000, 0x00000000ec200000| Untracked 
| 195|0x00000000ec300000, 0x00000000ec300000, 0x00000000ec400000|  0%| F|  |TAMS 0x00000000ec300000, 0x00000000ec300000| Untracked 
| 196|0x00000000ec400000, 0x00000000ec400000, 0x00000000ec500000|  0%| F|  |TAMS 0x00000000ec400000, 0x00000000ec400000| Untracked 
| 197|0x00000000ec500000, 0x00000000ec500000, 0x00000000ec600000|  0%| F|  |TAMS 0x00000000ec500000, 0x00000000ec500000| Untracked 
| 198|0x00000000ec600000, 0x00000000ec600000, 0x00000000ec700000|  0%| F|  |TAMS 0x00000000ec600000, 0x00000000ec600000| Untracked 
| 199|0x00000000ec700000, 0x00000000ec700000, 0x00000000ec800000|  0%| F|  |TAMS 0x00000000ec700000, 0x00000000ec700000| Untracked 
| 200|0x00000000ec800000, 0x00000000ec800000, 0x00000000ec900000|  0%| F|  |TAMS 0x00000000ec800000, 0x00000000ec800000| Untracked 
| 201|0x00000000ec900000, 0x00000000ec900000, 0x00000000eca00000|  0%| F|  |TAMS 0x00000000ec900000, 0x00000000ec900000| Untracked 
| 202|0x00000000eca00000, 0x00000000eca00000, 0x00000000ecb00000|  0%| F|  |TAMS 0x00000000eca00000, 0x00000000eca00000| Untracked 
| 203|0x00000000ecb00000, 0x00000000ecb00000, 0x00000000ecc00000|  0%| F|  |TAMS 0x00000000ecb00000, 0x00000000ecb00000| Untracked 
| 204|0x00000000ecc00000, 0x00000000ecc00000, 0x00000000ecd00000|  0%| F|  |TAMS 0x00000000ecc00000, 0x00000000ecc00000| Untracked 
| 205|0x00000000ecd00000, 0x00000000ecd00000, 0x00000000ece00000|  0%| F|  |TAMS 0x00000000ecd00000, 0x00000000ecd00000| Untracked 
| 206|0x00000000ece00000, 0x00000000ece00000, 0x00000000ecf00000|  0%| F|  |TAMS 0x00000000ece00000, 0x00000000ece00000| Untracked 
| 207|0x00000000ecf00000, 0x00000000ecf00000, 0x00000000ed000000|  0%| F|  |TAMS 0x00000000ecf00000, 0x00000000ecf00000| Untracked 
| 208|0x00000000ed000000, 0x00000000ed000000, 0x00000000ed100000|  0%| F|  |TAMS 0x00000000ed000000, 0x00000000ed000000| Untracked 
| 209|0x00000000ed100000, 0x00000000ed100000, 0x00000000ed200000|  0%| F|  |TAMS 0x00000000ed100000, 0x00000000ed100000| Untracked 
| 210|0x00000000ed200000, 0x00000000ed200000, 0x00000000ed300000|  0%| F|  |TAMS 0x00000000ed200000, 0x00000000ed200000| Untracked 
| 211|0x00000000ed300000, 0x00000000ed300000, 0x00000000ed400000|  0%| F|  |TAMS 0x00000000ed300000, 0x00000000ed300000| Untracked 
| 212|0x00000000ed400000, 0x00000000ed400000, 0x00000000ed500000|  0%| F|  |TAMS 0x00000000ed400000, 0x00000000ed400000| Untracked 
| 213|0x00000000ed500000, 0x00000000ed500000, 0x00000000ed600000|  0%| F|  |TAMS 0x00000000ed500000, 0x00000000ed500000| Untracked 
| 214|0x00000000ed600000, 0x00000000ed600000, 0x00000000ed700000|  0%| F|  |TAMS 0x00000000ed600000, 0x00000000ed600000| Untracked 
| 215|0x00000000ed700000, 0x00000000ed700000, 0x00000000ed800000|  0%| F|  |TAMS 0x00000000ed700000, 0x00000000ed700000| Untracked 
| 216|0x00000000ed800000, 0x00000000ed880800, 0x00000000ed900000| 50%| E|  |TAMS 0x00000000ed800000, 0x00000000ed800000| Complete 
| 217|0x00000000ed900000, 0x00000000eda00000, 0x00000000eda00000|100%| E|CS|TAMS 0x00000000ed900000, 0x00000000ed900000| Complete 
| 218|0x00000000eda00000, 0x00000000edb00000, 0x00000000edb00000|100%| E|CS|TAMS 0x00000000eda00000, 0x00000000eda00000| Complete 
| 219|0x00000000edb00000, 0x00000000edc00000, 0x00000000edc00000|100%| E|CS|TAMS 0x00000000edb00000, 0x00000000edb00000| Complete 
| 220|0x00000000edc00000, 0x00000000edd00000, 0x00000000edd00000|100%| E|CS|TAMS 0x00000000edc00000, 0x00000000edc00000| Complete 
| 221|0x00000000edd00000, 0x00000000ede00000, 0x00000000ede00000|100%| E|CS|TAMS 0x00000000edd00000, 0x00000000edd00000| Complete 
| 222|0x00000000ede00000, 0x00000000edf00000, 0x00000000edf00000|100%| E|CS|TAMS 0x00000000ede00000, 0x00000000ede00000| Complete 
| 223|0x00000000edf00000, 0x00000000ee000000, 0x00000000ee000000|100%| E|CS|TAMS 0x00000000edf00000, 0x00000000edf00000| Complete 
| 224|0x00000000ee000000, 0x00000000ee100000, 0x00000000ee100000|100%| E|CS|TAMS 0x00000000ee000000, 0x00000000ee000000| Complete 
| 225|0x00000000ee100000, 0x00000000ee200000, 0x00000000ee200000|100%| E|CS|TAMS 0x00000000ee100000, 0x00000000ee100000| Complete 
| 226|0x00000000ee200000, 0x00000000ee300000, 0x00000000ee300000|100%| E|CS|TAMS 0x00000000ee200000, 0x00000000ee200000| Complete 
| 227|0x00000000ee300000, 0x00000000ee400000, 0x00000000ee400000|100%| E|CS|TAMS 0x00000000ee300000, 0x00000000ee300000| Complete 
| 228|0x00000000ee400000, 0x00000000ee500000, 0x00000000ee500000|100%| E|CS|TAMS 0x00000000ee400000, 0x00000000ee400000| Complete 
| 229|0x00000000ee500000, 0x00000000ee600000, 0x00000000ee600000|100%| E|CS|TAMS 0x00000000ee500000, 0x00000000ee500000| Complete 
| 230|0x00000000ee600000, 0x00000000ee700000, 0x00000000ee700000|100%| E|CS|TAMS 0x00000000ee600000, 0x00000000ee600000| Complete 
| 231|0x00000000ee700000, 0x00000000ee800000, 0x00000000ee800000|100%| E|CS|TAMS 0x00000000ee700000, 0x00000000ee700000| Complete 
| 232|0x00000000ee800000, 0x00000000ee900000, 0x00000000ee900000|100%| E|CS|TAMS 0x00000000ee800000, 0x00000000ee800000| Complete 
| 233|0x00000000ee900000, 0x00000000eea00000, 0x00000000eea00000|100%| E|CS|TAMS 0x00000000ee900000, 0x00000000ee900000| Complete 
| 234|0x00000000eea00000, 0x00000000eeb00000, 0x00000000eeb00000|100%| E|CS|TAMS 0x00000000eea00000, 0x00000000eea00000| Complete 
| 235|0x00000000eeb00000, 0x00000000eec00000, 0x00000000eec00000|100%| E|CS|TAMS 0x00000000eeb00000, 0x00000000eeb00000| Complete 
| 236|0x00000000eec00000, 0x00000000eed00000, 0x00000000eed00000|100%| E|CS|TAMS 0x00000000eec00000, 0x00000000eec00000| Complete 
| 237|0x00000000eed00000, 0x00000000eee00000, 0x00000000eee00000|100%| E|CS|TAMS 0x00000000eed00000, 0x00000000eed00000| Complete 
| 238|0x00000000eee00000, 0x00000000eef00000, 0x00000000eef00000|100%| E|CS|TAMS 0x00000000eee00000, 0x00000000eee00000| Complete 
| 239|0x00000000eef00000, 0x00000000ef000000, 0x00000000ef000000|100%| E|CS|TAMS 0x00000000eef00000, 0x00000000eef00000| Complete 
| 240|0x00000000ef000000, 0x00000000ef100000, 0x00000000ef100000|100%| E|CS|TAMS 0x00000000ef000000, 0x00000000ef000000| Complete 
| 241|0x00000000ef100000, 0x00000000ef200000, 0x00000000ef200000|100%| E|CS|TAMS 0x00000000ef100000, 0x00000000ef100000| Complete 
| 242|0x00000000ef200000, 0x00000000ef300000, 0x00000000ef300000|100%| E|CS|TAMS 0x00000000ef200000, 0x00000000ef200000| Complete 
| 243|0x00000000ef300000, 0x00000000ef400000, 0x00000000ef400000|100%| E|CS|TAMS 0x00000000ef300000, 0x00000000ef300000| Complete 
| 244|0x00000000ef400000, 0x00000000ef500000, 0x00000000ef500000|100%| E|CS|TAMS 0x00000000ef400000, 0x00000000ef400000| Complete 
| 245|0x00000000ef500000, 0x00000000ef600000, 0x00000000ef600000|100%| E|CS|TAMS 0x00000000ef500000, 0x00000000ef500000| Complete 
| 246|0x00000000ef600000, 0x00000000ef700000, 0x00000000ef700000|100%| E|CS|TAMS 0x00000000ef600000, 0x00000000ef600000| Complete 
| 247|0x00000000ef700000, 0x00000000ef800000, 0x00000000ef800000|100%| E|CS|TAMS 0x00000000ef700000, 0x00000000ef700000| Complete 
| 248|0x00000000ef800000, 0x00000000ef900000, 0x00000000ef900000|100%| E|CS|TAMS 0x00000000ef800000, 0x00000000ef800000| Complete 
| 249|0x00000000ef900000, 0x00000000efa00000, 0x00000000efa00000|100%| E|CS|TAMS 0x00000000ef900000, 0x00000000ef900000| Complete 
| 250|0x00000000efa00000, 0x00000000efb00000, 0x00000000efb00000|100%| E|CS|TAMS 0x00000000efa00000, 0x00000000efa00000| Complete 
| 251|0x00000000efb00000, 0x00000000efc00000, 0x00000000efc00000|100%| E|CS|TAMS 0x00000000efb00000, 0x00000000efb00000| Complete 
| 252|0x00000000efc00000, 0x00000000efd00000, 0x00000000efd00000|100%| E|CS|TAMS 0x00000000efc00000, 0x00000000efc00000| Complete 
| 253|0x00000000efd00000, 0x00000000efe00000, 0x00000000efe00000|100%| E|CS|TAMS 0x00000000efd00000, 0x00000000efd00000| Complete 
| 254|0x00000000efe00000, 0x00000000eff00000, 0x00000000eff00000|100%| E|CS|TAMS 0x00000000efe00000, 0x00000000efe00000| Complete 
| 255|0x00000000eff00000, 0x00000000f0000000, 0x00000000f0000000|100%| E|CS|TAMS 0x00000000eff00000, 0x00000000eff00000| Complete 

Card table byte_map: [0x0000026dea8f0000,0x0000026dea9f0000] _byte_map_base: 0x0000026dea1f0000

Marking Bits (Prev, Next): (CMBitMap*) 0x0000026dd1c5b6a0, (CMBitMap*) 0x0000026dd1c5b6e0
 Prev Bits: [0x0000026deaaf0000, 0x0000026deb2f0000)
 Next Bits: [0x0000026deb2f0000, 0x0000026debaf0000)

Polling page: 0x0000026dd1b40000

Metaspace:

Usage:
  Non-class:     44.30 MB used.
      Class:      7.36 MB used.
       Both:     51.65 MB used.

Virtual space:
  Non-class space:       64.00 MB reserved,      44.62 MB ( 70%) committed,  1 nodes.
      Class space:      320.00 MB reserved,       7.62 MB (  2%) committed,  1 nodes.
             Both:      384.00 MB reserved,      52.25 MB ( 14%) committed. 

Chunk freelists:
   Non-Class:  3.02 MB
       Class:  8.37 MB
        Both:  11.39 MB

MaxMetaspaceSize: 384.00 MB
CompressedClassSpaceSize: 320.00 MB
Initial GC threshold: 21.00 MB
Current GC threshold: 59.50 MB
CDS: on
MetaspaceReclaimPolicy: balanced
 - commit_granule_bytes: 65536.
 - commit_granule_words: 8192.
 - virtual_space_node_default_size: 8388608.
 - enlarge_chunks_in_place: 1.
 - new_chunks_are_fully_committed: 0.
 - uncommit_free_chunks: 1.
 - use_allocation_guard: 0.
 - handle_deallocations: 1.


Internal statistics:

num_allocs_failed_limit: 9.
num_arena_births: 634.
num_arena_deaths: 0.
num_vsnodes_births: 2.
num_vsnodes_deaths: 0.
num_space_committed: 836.
num_space_uncommitted: 0.
num_chunks_returned_to_freelist: 9.
num_chunks_taken_from_freelist: 2846.
num_chunk_merges: 9.
num_chunk_splits: 1839.
num_chunks_enlarged: 1198.
num_inconsistent_stats: 0.

CodeHeap 'non-profiled nmethods': size=120000Kb used=3238Kb max_used=3238Kb free=116761Kb
 bounds [0x0000026de2850000, 0x0000026de2b80000, 0x0000026de9d80000]
CodeHeap 'profiled nmethods': size=120000Kb used=10932Kb max_used=10932Kb free=109067Kb
 bounds [0x0000026ddad80000, 0x0000026ddb830000, 0x0000026de22b0000]
CodeHeap 'non-nmethods': size=5760Kb used=2339Kb max_used=2384Kb free=3420Kb
 bounds [0x0000026de22b0000, 0x0000026de2520000, 0x0000026de2850000]
 total_blobs=6476 nmethods=5619 adapters=769
 compilation: enabled
              stopped_count=0, restarted_count=0
 full_count=0

Compilation events (20 events):
Event: 6.776 Thread 0x0000026dee536ff0 6355       3       java.lang.ClassValue$ClassValueMap::placeInCache (28 bytes)
Event: 6.776 Thread 0x0000026dee536ff0 nmethod 6355 0x0000026ddb805a10 code [0x0000026ddb805c20, 0x0000026ddb806708]
Event: 6.776 Thread 0x0000026dee536ff0 6356       3       java.lang.ClassValue$ClassValueMap::overwrittenEntry (28 bytes)
Event: 6.777 Thread 0x0000026dee536ff0 nmethod 6356 0x0000026ddb806a10 code [0x0000026ddb806c00, 0x0000026ddb8073a8]
Event: 6.777 Thread 0x0000026dee533f30 nmethod 6351 0x0000026de2b74910 code [0x0000026de2b74ae0, 0x0000026de2b74ff0]
Event: 6.778 Thread 0x0000026dee536ff0 6357       3       org.codehaus.groovy.reflection.CachedClass$3::initValue (205 bytes)
Event: 6.778 Thread 0x0000026dee533f30 6358       4       org.codehaus.groovy.reflection.CachedMethod::isStatic (8 bytes)
Event: 6.779 Thread 0x0000026dee533f30 nmethod 6358 0x0000026de2b75410 code [0x0000026de2b75580, 0x0000026de2b75618]
Event: 6.779 Thread 0x0000026dee533f30 6359       4       groovy.lang.MetaClassImpl::addMetaMethodToIndex (65 bytes)
Event: 6.780 Thread 0x0000026dee536ff0 nmethod 6357 0x0000026ddb807590 code [0x0000026ddb8079a0, 0x0000026ddb809838]
Event: 6.780 Thread 0x0000026dee536ff0 6360       3       java.util.stream.Nodes$SpinedNodeBuilder::begin (38 bytes)
Event: 6.780 Thread 0x0000026dee536ff0 nmethod 6360 0x0000026ddb80a490 code [0x0000026ddb80a640, 0x0000026ddb80a858]
Event: 6.780 Thread 0x0000026dee536ff0 6361       3       java.util.stream.Nodes$SpinedNodeBuilder::end (29 bytes)
Event: 6.780 Thread 0x0000026dee536ff0 nmethod 6361 0x0000026ddb80a910 code [0x0000026ddb80aaa0, 0x0000026ddb80abb8]
Event: 6.780 Thread 0x0000026dee536ff0 6362   !   3       java.lang.ClassValue::initializeMap (46 bytes)
Event: 6.780 Thread 0x0000026dee536ff0 nmethod 6362 0x0000026ddb80ac90 code [0x0000026ddb80ae80, 0x0000026ddb80b2f8]
Event: 6.780 Thread 0x0000026dee536ff0 6363       3       java.lang.ClassValue$ClassValueMap::<init> (11 bytes)
Event: 6.780 Thread 0x0000026dee536ff0 nmethod 6363 0x0000026ddb80b510 code [0x0000026ddb80b6e0, 0x0000026ddb80b8d8]
Event: 6.780 Thread 0x0000026dee536ff0 6364       3       java.lang.ClassValue$ClassValueMap::sizeCache (51 bytes)
Event: 6.780 Thread 0x0000026dee536ff0 nmethod 6364 0x0000026ddb80ba10 code [0x0000026ddb80bbe0, 0x0000026ddb80be38]

GC Heap History (16 events):
Event: 0.334 GC heap before
{Heap before GC invocations=0 (full 0):
 garbage-first heap   total 262144K, used 22528K [0x00000000e0000000, 0x0000000100000000)
  region size 1024K, 23 young (23552K), 0 survivors (0K)
 Metaspace       used 1102K, committed 1216K, reserved 393216K
  class space    used 78K, committed 128K, reserved 327680K
}
Event: 0.337 GC heap after
{Heap after GC invocations=1 (full 0):
 garbage-first heap   total 262144K, used 2610K [0x00000000e0000000, 0x0000000100000000)
  region size 1024K, 3 young (3072K), 3 survivors (3072K)
 Metaspace       used 1102K, committed 1216K, reserved 393216K
  class space    used 78K, committed 128K, reserved 327680K
}
Event: 0.796 GC heap before
{Heap before GC invocations=1 (full 0):
 garbage-first heap   total 262144K, used 38450K [0x00000000e0000000, 0x0000000100000000)
  region size 1024K, 36 young (36864K), 3 survivors (3072K)
 Metaspace       used 4412K, committed 4608K, reserved 393216K
  class space    used 552K, committed 640K, reserved 327680K
}
Event: 0.799 GC heap after
{Heap after GC invocations=2 (full 0):
 garbage-first heap   total 262144K, used 10775K [0x00000000e0000000, 0x0000000100000000)
  region size 1024K, 5 young (5120K), 5 survivors (5120K)
 Metaspace       used 4412K, committed 4608K, reserved 393216K
  class space    used 552K, committed 640K, reserved 327680K
}
Event: 1.149 GC heap before
{Heap before GC invocations=2 (full 0):
 garbage-first heap   total 262144K, used 57879K [0x00000000e0000000, 0x0000000100000000)
  region size 1024K, 49 young (50176K), 5 survivors (5120K)
 Metaspace       used 4696K, committed 4864K, reserved 393216K
  class space    used 591K, committed 704K, reserved 327680K
}
Event: 1.153 GC heap after
{Heap after GC invocations=3 (full 0):
 garbage-first heap   total 262144K, used 16339K [0x00000000e0000000, 0x0000000100000000)
  region size 1024K, 5 young (5120K), 5 survivors (5120K)
 Metaspace       used 4696K, committed 4864K, reserved 393216K
  class space    used 591K, committed 704K, reserved 327680K
}
Event: 2.944 GC heap before
{Heap before GC invocations=3 (full 0):
 garbage-first heap   total 262144K, used 125907K [0x00000000e0000000, 0x0000000100000000)
  region size 1024K, 113 young (115712K), 5 survivors (5120K)
 Metaspace       used 21154K, committed 21504K, reserved 393216K
  class space    used 3104K, committed 3264K, reserved 327680K
}
Event: 2.952 GC heap after
{Heap after GC invocations=4 (full 0):
 garbage-first heap   total 262144K, used 23767K [0x00000000e0000000, 0x0000000100000000)
  region size 1024K, 12 young (12288K), 12 survivors (12288K)
 Metaspace       used 21154K, committed 21504K, reserved 393216K
  class space    used 3104K, committed 3264K, reserved 327680K
}
Event: 4.420 GC heap before
{Heap before GC invocations=5 (full 0):
 garbage-first heap   total 262144K, used 144599K [0x00000000e0000000, 0x0000000100000000)
  region size 1024K, 127 young (130048K), 12 survivors (12288K)
 Metaspace       used 35531K, committed 35968K, reserved 393216K
  class space    used 4941K, committed 5120K, reserved 327680K
}
Event: 4.433 GC heap after
{Heap after GC invocations=6 (full 0):
 garbage-first heap   total 262144K, used 32900K [0x00000000e0000000, 0x0000000100000000)
  region size 1024K, 17 young (17408K), 17 survivors (17408K)
 Metaspace       used 35531K, committed 35968K, reserved 393216K
  class space    used 4941K, committed 5120K, reserved 327680K
}
Event: 4.448 GC heap before
{Heap before GC invocations=6 (full 0):
 garbage-first heap   total 262144K, used 33924K [0x00000000e0000000, 0x0000000100000000)
  region size 1024K, 18 young (18432K), 17 survivors (17408K)
 Metaspace       used 35778K, committed 36224K, reserved 393216K
  class space    used 4982K, committed 5184K, reserved 327680K
}
Event: 4.459 GC heap after
{Heap after GC invocations=7 (full 0):
 garbage-first heap   total 262144K, used 32585K [0x00000000e0000000, 0x0000000100000000)
  region size 1024K, 2 young (2048K), 2 survivors (2048K)
 Metaspace       used 35778K, committed 36224K, reserved 393216K
  class space    used 4982K, committed 5184K, reserved 327680K
}
Event: 4.477 GC heap before
{Heap before GC invocations=7 (full 0):
 garbage-first heap   total 262144K, used 33609K [0x00000000e0000000, 0x0000000100000000)
  region size 1024K, 4 young (4096K), 2 survivors (2048K)
 Metaspace       used 35905K, committed 36288K, reserved 393216K
  class space    used 5004K, committed 5184K, reserved 327680K
}
Event: 4.478 GC heap after
{Heap after GC invocations=8 (full 0):
 garbage-first heap   total 262144K, used 31402K [0x00000000e0000000, 0x0000000100000000)
  region size 1024K, 1 young (1024K), 1 survivors (1024K)
 Metaspace       used 35905K, committed 36288K, reserved 393216K
  class space    used 5004K, committed 5184K, reserved 327680K
}
Event: 6.287 GC heap before
{Heap before GC invocations=9 (full 0):
 garbage-first heap   total 262144K, used 189098K [0x00000000e0000000, 0x0000000100000000)
  region size 1024K, 153 young (156672K), 1 survivors (1024K)
 Metaspace       used 49537K, committed 50176K, reserved 393216K
  class space    used 6997K, committed 7296K, reserved 327680K
}
Event: 6.294 GC heap after
{Heap after GC invocations=10 (full 0):
 garbage-first heap   total 262144K, used 38443K [0x00000000e0000000, 0x0000000100000000)
  region size 1024K, 8 young (8192K), 8 survivors (8192K)
 Metaspace       used 49537K, committed 50176K, reserved 393216K
  class space    used 6997K, committed 7296K, reserved 327680K
}

Deoptimization events (20 events):
Event: 6.590 Thread 0x0000026df4c4d5b0 Uncommon trap: trap_request=0xffffff45 fr.pc=0x0000026de298e028 relative=0x0000000000000128
Event: 6.590 Thread 0x0000026df4c4d5b0 Uncommon trap: reason=unstable_if action=reinterpret pc=0x0000026de298e028 method=org.objectweb.asm.ByteVector.putByteArray([BII)Lorg/objectweb/asm/ByteVector; @ 20 c2
Event: 6.590 Thread 0x0000026df4c4d5b0 DEOPT PACKING pc=0x0000026de298e028 sp=0x000000e029ff2f40
Event: 6.590 Thread 0x0000026df4c4d5b0 DEOPT UNPACKING pc=0x0000026de23023a3 sp=0x000000e029ff2f10 mode 2
Event: 6.590 Thread 0x0000026df4c4d5b0 Uncommon trap: trap_request=0xffffff45 fr.pc=0x0000026de293e3a4 relative=0x00000000000009e4
Event: 6.590 Thread 0x0000026df4c4d5b0 Uncommon trap: reason=unstable_if action=reinterpret pc=0x0000026de293e3a4 method=org.objectweb.asm.Label.resolve([BLorg/objectweb/asm/ByteVector;I)Z @ 81 c2
Event: 6.590 Thread 0x0000026df4c4d5b0 DEOPT PACKING pc=0x0000026de293e3a4 sp=0x000000e029ff2f70
Event: 6.590 Thread 0x0000026df4c4d5b0 DEOPT UNPACKING pc=0x0000026de23023a3 sp=0x000000e029ff2e98 mode 2
Event: 6.590 Thread 0x0000026df4c4d5b0 Uncommon trap: trap_request=0xffffff45 fr.pc=0x0000026de2b18fec relative=0x000000000000024c
Event: 6.590 Thread 0x0000026df4c4d5b0 Uncommon trap: reason=unstable_if action=reinterpret pc=0x0000026de2b18fec method=org.objectweb.asm.Label.resolve([BLorg/objectweb/asm/ByteVector;I)Z @ 81 c2
Event: 6.590 Thread 0x0000026df4c4d5b0 DEOPT PACKING pc=0x0000026de2b18fec sp=0x000000e029ff2ef0
Event: 6.590 Thread 0x0000026df4c4d5b0 DEOPT UNPACKING pc=0x0000026de23023a3 sp=0x000000e029ff2e80 mode 2
Event: 6.590 Thread 0x0000026df4c4d5b0 Uncommon trap: trap_request=0xffffff45 fr.pc=0x0000026de2871810 relative=0x0000000000000110
Event: 6.590 Thread 0x0000026df4c4d5b0 Uncommon trap: reason=unstable_if action=reinterpret pc=0x0000026de2871810 method=org.objectweb.asm.ByteVector.putInt(I)Lorg/objectweb/asm/ByteVector; @ 13 c2
Event: 6.590 Thread 0x0000026df4c4d5b0 DEOPT PACKING pc=0x0000026de2871810 sp=0x000000e029ff2f10
Event: 6.590 Thread 0x0000026df4c4d5b0 DEOPT UNPACKING pc=0x0000026de23023a3 sp=0x000000e029ff2e98 mode 2
Event: 6.649 Thread 0x0000026df4c4d5b0 Uncommon trap: trap_request=0xffffff45 fr.pc=0x0000026de28b0840 relative=0x0000000000000460
Event: 6.649 Thread 0x0000026df4c4d5b0 Uncommon trap: reason=unstable_if action=reinterpret pc=0x0000026de28b0840 method=org.codehaus.groovy.runtime.metaclass.MetaMethodIndex.copyNonPrivateNonNewMetaMethods(Lorg/codehaus/groovy/runtime/metaclass/MetaMethodIndex$Entry;Lorg/codehaus/groovy/runti
Event: 6.649 Thread 0x0000026df4c4d5b0 DEOPT PACKING pc=0x0000026de28b0840 sp=0x000000e029ff8d20
Event: 6.649 Thread 0x0000026df4c4d5b0 DEOPT UNPACKING pc=0x0000026de23023a3 sp=0x000000e029ff8cd8 mode 2

Classes unloaded (0 events):
No events

Classes redefined (0 events):
No events

Internal exceptions (20 events):
Event: 5.895 Thread 0x0000026df4c4d5b0 Exception <a 'java/lang/ClassNotFoundException'{0x00000000e918ba08}: org/gradle/plugin/use/internal/PluginRequestCollector$PluginDependenciesSpecImplBeanInfo> (0x00000000e918ba08) 
thrown [s\open\src\hotspot\share\classfile\systemDictionary.cpp, line 256]
Event: 5.896 Thread 0x0000026df4c4d5b0 Exception <a 'java/lang/ClassNotFoundException'{0x00000000e919cf10}: org/gradle/plugin/use/internal/PluginRequestCollector$PluginDependenciesSpecImplCustomizer> (0x00000000e919cf10) 
thrown [s\open\src\hotspot\share\classfile\systemDictionary.cpp, line 256]
Event: 5.899 Thread 0x0000026df4c4d5b0 Exception <a 'java/lang/ClassNotFoundException'{0x00000000e91e28c8}: org/gradle/plugin/use/internal/PluginRequestCollector$PluginDependencySpecImplBeanInfo> (0x00000000e91e28c8) 
thrown [s\open\src\hotspot\share\classfile\systemDictionary.cpp, line 256]
Event: 5.899 Thread 0x0000026df4c4d5b0 Exception <a 'java/lang/ClassNotFoundException'{0x00000000e91f3d70}: org/gradle/plugin/use/internal/PluginRequestCollector$PluginDependencySpecImplCustomizer> (0x00000000e91f3d70) 
thrown [s\open\src\hotspot\share\classfile\systemDictionary.cpp, line 256]
Event: 5.985 Thread 0x0000026df4c4d5b0 Exception <a 'java/lang/NoSuchMethodError'{0x00000000e88ea6d0}: 'int java.lang.invoke.DirectMethodHandle$Holder.invokeSpecialIFC(java.lang.Object, java.lang.Object, java.lang.Object)'> (0x00000000e88ea6d0) 
thrown [s\open\src\hotspot\share\interpreter\linkResolver.cpp, line 759]
Event: 6.026 Thread 0x0000026df4c4d5b0 Exception <a 'java/lang/NoSuchMethodError'{0x00000000e84acfb0}: 'void java.lang.invoke.DirectMethodHandle$Holder.invokeStatic(java.lang.Object, java.lang.Object, java.lang.Object, int, java.lang.Object)'> (0x00000000e84acfb0) 
thrown [s\open\src\hotspot\share\interpreter\linkResolver.cpp, line 759]
Event: 6.394 Thread 0x0000026df4c4d5b0 Exception <a 'java/lang/NoSuchMethodError'{0x00000000ef71d460}: 'void java.lang.invoke.DirectMethodHandle$Holder.invokeVirtual(java.lang.Object, java.lang.Object)'> (0x00000000ef71d460) 
thrown [s\open\src\hotspot\share\interpreter\linkResolver.cpp, line 759]
Event: 6.544 Thread 0x0000026df4c4d5b0 Exception <a 'java/lang/NoSuchMethodError'{0x00000000eebe5420}: 'int java.lang.invoke.DirectMethodHandle$Holder.invokeStatic(java.lang.Object, java.lang.Object, int)'> (0x00000000eebe5420) 
thrown [s\open\src\hotspot\share\interpreter\linkResolver.cpp, line 759]
Event: 6.590 Thread 0x0000026df4c4d5b0 Implicit null exception at 0x0000026de298df48 to 0x0000026de298e008
Event: 6.626 Thread 0x0000026df4c4d5b0 Exception <a 'java/lang/NoClassDefFoundError'{0x00000000ee469880}: org/jetbrains/kotlin/gradle/plugin/KotlinPluginWrapper> (0x00000000ee469880) 
thrown [s\open\src\hotspot\share\classfile\systemDictionary.cpp, line 245]
Event: 6.626 Thread 0x0000026df4c4d5b0 Exception <a 'java/lang/NoClassDefFoundError'{0x00000000ee46f040}: org/graalvm/buildtools/gradle/NativeImagePlugin> (0x00000000ee46f040) 
thrown [s\open\src\hotspot\share\classfile\systemDictionary.cpp, line 245]
Event: 6.626 Thread 0x0000026df4c4d5b0 Exception <a 'java/lang/NoClassDefFoundError'{0x00000000ee474750}: org/cyclonedx/gradle/CycloneDxPlugin> (0x00000000ee474750) 
thrown [s\open\src\hotspot\share\classfile\systemDictionary.cpp, line 245]
Event: 6.650 Thread 0x0000026df4c4d5b0 Exception <a 'java/lang/ClassNotFoundException'{0x00000000ee235918}: io/spring/gradle/dependencymanagement/internal/dsl/StandardDependencyManagementExtensionBeanInfo> (0x00000000ee235918) 
thrown [s\open\src\hotspot\share\classfile\systemDictionary.cpp, line 256]
Event: 6.651 Thread 0x0000026df4c4d5b0 Exception <a 'java/lang/ClassNotFoundException'{0x00000000ee23ee48}: io/spring/gradle/dependencymanagement/internal/dsl/StandardDependencyManagementExtensionCustomizer> (0x00000000ee23ee48) 
thrown [s\open\src\hotspot\share\classfile\systemDictionary.cpp, line 256]
Event: 6.757 Thread 0x0000026df4c4d5b0 Exception <a 'java/lang/ClassNotFoundException'{0x00000000edeaef78}: io/spring/gradle/dependencymanagement/internal/dsl/StandardImportsHandlerBeanInfo> (0x00000000edeaef78) 
thrown [s\open\src\hotspot\share\classfile\systemDictionary.cpp, line 256]
Event: 6.757 Thread 0x0000026df4c4d5b0 Exception <a 'java/lang/ClassNotFoundException'{0x00000000edeb8308}: io/spring/gradle/dependencymanagement/internal/dsl/StandardImportsHandlerCustomizer> (0x00000000edeb8308) 
thrown [s\open\src\hotspot\share\classfile\systemDictionary.cpp, line 256]
Event: 6.772 Thread 0x0000026df4c4d5b0 Exception <a 'java/lang/ClassNotFoundException'{0x00000000edde0880}: build_50j1b5ckkbjf3wfpz6awvi91BeanInfo> (0x00000000edde0880) 
thrown [s\open\src\hotspot\share\classfile\systemDictionary.cpp, line 256]
Event: 6.773 Thread 0x0000026df4c4d5b0 Exception <a 'java/lang/ClassNotFoundException'{0x00000000edde7c20}: build_50j1b5ckkbjf3wfpz6awvi91Customizer> (0x00000000edde7c20) 
thrown [s\open\src\hotspot\share\classfile\systemDictionary.cpp, line 256]
Event: 6.781 Thread 0x0000026df4c4d5b0 Exception <a 'java/lang/ClassNotFoundException'{0x00000000edcdd1d0}: org/gradle/api/internal/project/DefaultProject_DecoratedBeanInfo> (0x00000000edcdd1d0) 
thrown [s\open\src\hotspot\share\classfile\systemDictionary.cpp, line 256]
Event: 6.782 Thread 0x0000026df4c4d5b0 Exception <a 'java/lang/ClassNotFoundException'{0x00000000edcef378}: org/gradle/api/internal/project/DefaultProjectBeanInfo> (0x00000000edcef378) 
thrown [s\open\src\hotspot\share\classfile\systemDictionary.cpp, line 256]

VM Operations (20 events):
Event: 5.158 Executing VM operation: HandshakeAllThreads
Event: 5.158 Executing VM operation: HandshakeAllThreads done
Event: 5.209 Executing VM operation: ICBufferFull
Event: 5.209 Executing VM operation: ICBufferFull done
Event: 5.517 Executing VM operation: HandshakeAllThreads
Event: 5.517 Executing VM operation: HandshakeAllThreads done
Event: 5.672 Executing VM operation: ICBufferFull
Event: 5.672 Executing VM operation: ICBufferFull done
Event: 5.998 Executing VM operation: HandshakeAllThreads
Event: 5.998 Executing VM operation: HandshakeAllThreads done
Event: 6.038 Executing VM operation: ICBufferFull
Event: 6.038 Executing VM operation: ICBufferFull done
Event: 6.160 Executing VM operation: ICBufferFull
Event: 6.160 Executing VM operation: ICBufferFull done
Event: 6.160 Executing VM operation: ICBufferFull
Event: 6.160 Executing VM operation: ICBufferFull done
Event: 6.287 Executing VM operation: G1CollectForAllocation
Event: 6.294 Executing VM operation: G1CollectForAllocation done
Event: 6.594 Executing VM operation: ICBufferFull
Event: 6.594 Executing VM operation: ICBufferFull done

Events (20 events):
Event: 6.338 loading class com/sun/org/apache/xerces/internal/utils/XMLSecurityManager$Limit done
Event: 6.338 loading class com/sun/org/apache/xerces/internal/utils/XMLSecurityManager$NameMap
Event: 6.338 loading class com/sun/org/apache/xerces/internal/utils/XMLSecurityManager$NameMap done
Event: 6.338 loading class com/sun/org/apache/xerces/internal/utils/XMLSecurityPropertyManager
Event: 6.339 loading class com/sun/org/apache/xerces/internal/utils/XMLSecurityPropertyManager done
Event: 6.339 loading class com/sun/org/apache/xerces/internal/utils/XMLSecurityPropertyManager$State
Event: 6.339 loading class com/sun/org/apache/xerces/internal/utils/XMLSecurityPropertyManager$State done
Event: 6.339 loading class com/sun/org/apache/xerces/internal/utils/XMLSecurityPropertyManager$Property
Event: 6.339 loading class com/sun/org/apache/xerces/internal/utils/XMLSecurityPropertyManager$Property done
Event: 6.350 loading class java/util/ArrayList$SubList$1
Event: 6.350 loading class java/util/ArrayList$SubList$1 done
Event: 6.364 loading class java/util/regex/Pattern$SliceI
Event: 6.364 loading class java/util/regex/Pattern$SliceI done
Event: 6.380 Thread 0x0000026df5971ed0 Thread added: 0x0000026df5971ed0
Event: 6.739 loading class java/util/stream/ReduceOps$5
Event: 6.739 loading class java/util/stream/ReduceOps$5 done
Event: 6.739 loading class java/util/stream/ReduceOps$CountingSink$OfRef
Event: 6.740 loading class java/util/stream/ReduceOps$CountingSink
Event: 6.740 loading class java/util/stream/ReduceOps$CountingSink done
Event: 6.740 loading class java/util/stream/ReduceOps$CountingSink$OfRef done


Dynamic libraries:
0x00007ff645e40000 - 0x00007ff645e50000 	C:\Program Files\Java\jdk-17\bin\java.exe
0x00007ff916350000 - 0x00007ff916548000 	C:\WINDOWS\SYSTEM32\ntdll.dll
0x00007ff915ff0000 - 0x00007ff9160b2000 	C:\WINDOWS\System32\KERNEL32.DLL
0x00007ff9139e0000 - 0x00007ff913cd6000 	C:\WINDOWS\System32\KERNELBASE.dll
0x00007ff913fa0000 - 0x00007ff9140a0000 	C:\WINDOWS\System32\ucrtbase.dll
0x00007ff909110000 - 0x00007ff90912b000 	C:\Program Files\Java\jdk-17\bin\VCRUNTIME140.dll
0x00007ff90cd30000 - 0x00007ff90cd49000 	C:\Program Files\Java\jdk-17\bin\jli.dll
0x00007ff9161b0000 - 0x00007ff916261000 	C:\WINDOWS\System32\ADVAPI32.dll
0x00007ff916270000 - 0x00007ff91630e000 	C:\WINDOWS\System32\msvcrt.dll
0x00007ff915d30000 - 0x00007ff915dcf000 	C:\WINDOWS\System32\sechost.dll
0x00007ff915850000 - 0x00007ff915973000 	C:\WINDOWS\System32\RPCRT4.dll
0x00007ff913d70000 - 0x00007ff913d97000 	C:\WINDOWS\System32\bcrypt.dll
0x00007ff9143b0000 - 0x00007ff91454d000 	C:\WINDOWS\System32\USER32.dll
0x00007ff914210000 - 0x00007ff914232000 	C:\WINDOWS\System32\win32u.dll
0x00007ff909db0000 - 0x00007ff90a04a000 	C:\WINDOWS\WinSxS\amd64_microsoft.windows.common-controls_6595b64144ccf1df_6.0.19041.5915_none_60b4b9d171f9c7c7\COMCTL32.dll
0x00007ff916120000 - 0x00007ff91614b000 	C:\WINDOWS\System32\GDI32.dll
0x00007ff9140f0000 - 0x00007ff914209000 	C:\WINDOWS\System32\gdi32full.dll
0x00007ff913da0000 - 0x00007ff913e3d000 	C:\WINDOWS\System32\msvcp_win.dll
0x00007ff90bee0000 - 0x00007ff90beea000 	C:\WINDOWS\SYSTEM32\VERSION.dll
0x00007ff914380000 - 0x00007ff9143af000 	C:\WINDOWS\System32\IMM32.DLL
0x00007ff90cb80000 - 0x00007ff90cb8c000 	C:\Program Files\Java\jdk-17\bin\vcruntime140_1.dll
0x00007ff903480000 - 0x00007ff90350e000 	C:\Program Files\Java\jdk-17\bin\msvcp140.dll
0x00007ff8d3cc0000 - 0x00007ff8d48a0000 	C:\Program Files\Java\jdk-17\bin\server\jvm.dll
0x00007ff914370000 - 0x00007ff914378000 	C:\WINDOWS\System32\PSAPI.DLL
0x00007ff907b30000 - 0x00007ff907b39000 	C:\WINDOWS\SYSTEM32\WSOCK32.dll
0x00007ff90a730000 - 0x00007ff90a757000 	C:\WINDOWS\SYSTEM32\WINMM.dll
0x00007ff915f80000 - 0x00007ff915feb000 	C:\WINDOWS\System32\WS2_32.dll
0x00007ff911880000 - 0x00007ff911892000 	C:\WINDOWS\SYSTEM32\kernel.appcore.dll
0x00007ff90c470000 - 0x00007ff90c47a000 	C:\Program Files\Java\jdk-17\bin\jimage.dll
0x00007ff90e560000 - 0x00007ff90e761000 	C:\WINDOWS\SYSTEM32\DBGHELP.DLL
0x00007ff90e320000 - 0x00007ff90e354000 	C:\WINDOWS\SYSTEM32\dbgcore.DLL
0x00007ff913ce0000 - 0x00007ff913d62000 	C:\WINDOWS\System32\bcryptPrimitives.dll
0x00007ff90a890000 - 0x00007ff90a89e000 	C:\Program Files\Java\jdk-17\bin\instrument.dll
0x00007ff905930000 - 0x00007ff905955000 	C:\Program Files\Java\jdk-17\bin\java.dll
0x00007ff900a30000 - 0x00007ff900b07000 	C:\Program Files\Java\jdk-17\bin\jsvml.dll
0x00007ff914550000 - 0x00007ff914cbe000 	C:\WINDOWS\System32\SHELL32.dll
0x00007ff911a80000 - 0x00007ff912224000 	C:\WINDOWS\SYSTEM32\windows.storage.dll
0x00007ff914cc0000 - 0x00007ff915013000 	C:\WINDOWS\System32\combase.dll
0x00007ff913340000 - 0x00007ff91336b000 	C:\WINDOWS\SYSTEM32\Wldp.dll
0x00007ff915c30000 - 0x00007ff915cfd000 	C:\WINDOWS\System32\OLEAUT32.dll
0x00007ff915160000 - 0x00007ff91520d000 	C:\WINDOWS\System32\SHCORE.dll
0x00007ff915210000 - 0x00007ff91526b000 	C:\WINDOWS\System32\shlwapi.dll
0x00007ff913910000 - 0x00007ff913935000 	C:\WINDOWS\SYSTEM32\profapi.dll
0x00007ff9079b0000 - 0x00007ff9079c8000 	C:\Program Files\Java\jdk-17\bin\zip.dll
0x00007ff906d30000 - 0x00007ff906d49000 	C:\Program Files\Java\jdk-17\bin\net.dll
0x00007ff90f010000 - 0x00007ff90f11a000 	C:\WINDOWS\SYSTEM32\WINHTTP.dll
0x00007ff9130a0000 - 0x00007ff91310a000 	C:\WINDOWS\system32\mswsock.dll
0x00007ff905210000 - 0x00007ff905226000 	C:\Program Files\Java\jdk-17\bin\nio.dll
0x00007ff9097b0000 - 0x00007ff9097c0000 	C:\Program Files\Java\jdk-17\bin\verify.dll
0x00007ff904510000 - 0x00007ff904537000 	C:\Users\2\.gradle\native\1def1411415f61bf3af743bc5b6707747c0891f09f0c88961ee8f79bc544acac\windows-amd64\native-platform.dll
0x00007ff8fe6d0000 - 0x00007ff8fe748000 	C:\Users\2\.gradle\native\0.2.7\x86_64-windows-gnu\gradle-fileevents.dll
0x00007ff909190000 - 0x00007ff90919a000 	C:\Program Files\Java\jdk-17\bin\management.dll
0x00007ff909100000 - 0x00007ff90910b000 	C:\Program Files\Java\jdk-17\bin\management_ext.dll
0x00007ff912d80000 - 0x00007ff912dbb000 	C:\WINDOWS\SYSTEM32\IPHLPAPI.DLL
0x00007ff915d20000 - 0x00007ff915d28000 	C:\WINDOWS\System32\NSI.dll
0x00007ff90ed80000 - 0x00007ff90ed97000 	C:\WINDOWS\SYSTEM32\dhcpcsvc6.DLL
0x00007ff90ed40000 - 0x00007ff90ed5d000 	C:\WINDOWS\SYSTEM32\dhcpcsvc.DLL
0x00007ff912dc0000 - 0x00007ff912e8a000 	C:\WINDOWS\SYSTEM32\DNSAPI.dll
0x00007ff9132a0000 - 0x00007ff9132b8000 	C:\WINDOWS\SYSTEM32\CRYPTSP.dll
0x00007ff9129c0000 - 0x00007ff9129f8000 	C:\WINDOWS\system32\rsaenh.dll
0x00007ff913890000 - 0x00007ff9138be000 	C:\WINDOWS\SYSTEM32\USERENV.dll
0x00007ff913290000 - 0x00007ff91329c000 	C:\WINDOWS\SYSTEM32\CRYPTBASE.dll
0x00007ff907980000 - 0x00007ff90798e000 	C:\Program Files\Java\jdk-17\bin\sunmscapi.dll
0x00007ff913e40000 - 0x00007ff913f9d000 	C:\WINDOWS\System32\CRYPT32.dll
0x00007ff9133b0000 - 0x00007ff9133d7000 	C:\WINDOWS\SYSTEM32\ncrypt.dll
0x00007ff913370000 - 0x00007ff9133ab000 	C:\WINDOWS\SYSTEM32\NTASN1.dll
0x00007ff90d420000 - 0x00007ff90d427000 	C:\WINDOWS\system32\wshunix.dll

dbghelp: loaded successfully - version: 4.0.5 - missing functions: none
symbol engine: initialized successfully - sym options: 0x614 - pdb path: .;C:\Program Files\Java\jdk-17\bin;C:\WINDOWS\SYSTEM32;C:\WINDOWS\WinSxS\amd64_microsoft.windows.common-controls_6595b64144ccf1df_6.0.19041.5915_none_60b4b9d171f9c7c7;C:\Program Files\Java\jdk-17\bin\server;C:\Users\2\.gradle\native\1def1411415f61bf3af743bc5b6707747c0891f09f0c88961ee8f79bc544acac\windows-amd64;C:\Users\2\.gradle\native\0.2.7\x86_64-windows-gnu

VM Arguments:
jvm_args: --add-opens=java.base/java.lang=ALL-UNNAMED --add-opens=java.base/java.lang.invoke=ALL-UNNAMED --add-opens=java.base/java.util=ALL-UNNAMED --add-opens=java.prefs/java.util.prefs=ALL-UNNAMED --add-exports=jdk.compiler/com.sun.tools.javac.api=ALL-UNNAMED --add-exports=jdk.compiler/com.sun.tools.javac.util=ALL-UNNAMED --add-opens=java.base/java.util=ALL-UNNAMED --add-opens=java.prefs/java.util.prefs=ALL-UNNAMED --add-opens=java.base/java.nio.charset=ALL-UNNAMED --add-opens=java.base/java.net=ALL-UNNAMED --add-opens=java.base/java.util.concurrent.atomic=ALL-UNNAMED --add-opens=java.xml/javax.xml.namespace=ALL-UNNAMED -XX:MaxMetaspaceSize=384m -XX:+HeapDumpOnOutOfMemoryError -Xms256m -Xmx512m -Dfile.encoding=UTF-8 -Duser.country=KR -Duser.language=ko -Duser.variant -javaagent:C:\Users\2\.gradle\wrapper\dists\gradle-8.13-bin\5xuhj0ry160q40clulazy9h7d\gradle-8.13\lib\agents\gradle-instrumentation-agent-8.13.jar 
java_command: org.gradle.launcher.daemon.bootstrap.GradleDaemon 8.13
java_class_path (initial): C:\Users\2\.gradle\wrapper\dists\gradle-8.13-bin\5xuhj0ry160q40clulazy9h7d\gradle-8.13\lib\gradle-daemon-main-8.13.jar
Launcher Type: SUN_STANDARD

[Global flags]
     intx CICompilerCount                          = 4                                         {product} {ergonomic}
   size_t CompressedClassSpaceSize                 = 335544320                                 {product} {ergonomic}
     uint ConcGCThreads                            = 2                                         {product} {ergonomic}
     uint G1ConcRefinementThreads                  = 8                                         {product} {ergonomic}
   size_t G1HeapRegionSize                         = 1048576                                   {product} {ergonomic}
    uintx GCDrainStackTargetSize                   = 64                                        {product} {ergonomic}
     bool HeapDumpOnOutOfMemoryError               = true                                   {manageable} {command line}
   size_t InitialHeapSize                          = 268435456                                 {product} {command line}
   size_t MarkStackSize                            = 4194304                                   {product} {ergonomic}
   size_t MaxHeapSize                              = 536870912                                 {product} {command line}
   size_t MaxMetaspaceSize                         = 402653184                                 {product} {command line}
   size_t MaxNewSize                               = 321912832                                 {product} {ergonomic}
   size_t MinHeapDeltaBytes                        = 1048576                                   {product} {ergonomic}
   size_t MinHeapSize                              = 268435456                                 {product} {command line}
    uintx NonNMethodCodeHeapSize                   = 5839372                                {pd product} {ergonomic}
    uintx NonProfiledCodeHeapSize                  = 122909434                              {pd product} {ergonomic}
    uintx ProfiledCodeHeapSize                     = 122909434                              {pd product} {ergonomic}
    uintx ReservedCodeCacheSize                    = 251658240                              {pd product} {ergonomic}
     bool SegmentedCodeCache                       = true                                      {product} {ergonomic}
   size_t SoftMaxHeapSize                          = 536870912                              {manageable} {ergonomic}
     bool UseCompressedClassPointers               = true                           {product lp64_product} {ergonomic}
     bool UseCompressedOops                        = true                           {product lp64_product} {ergonomic}
     bool UseG1GC                                  = true                                      {product} {ergonomic}
     bool UseLargePagesIndividualAllocation        = false                                  {pd product} {ergonomic}

Logging:
Log output configuration:
 #0: stdout all=warning uptime,level,tags
 #1: stderr all=off uptime,level,tags

Environment Variables:
PATH=C:\Program Files\Common Files\Oracle\Java\javapath;D:\app\2\product\11.2.0\dbhome_1\bin;C:\Program Files (x86)\Common Files\Oracle\Java\javapath;C:\WINDOWS\system32;C:\WINDOWS;C:\WINDOWS\System32\Wbem;C:\WINDOWS\System32\WindowsPowerShell\v1.0\;C:\WINDOWS\System32\OpenSSH\;C:\Program Files\Bandizip\;C:\Program Files\Git\cmd;C:\Python310\Scripts\;C:\Python310\;C:\Users\2\AppData\Local\Microsoft\WindowsApps;C:\Users\2\AppData\Local\Programs\Microsoft VS Code\bin;C:\Program Files\JetBrains\IntelliJ IDEA Community Edition 2025.1.1.1\bin;
USERNAME=2
OS=Windows_NT
PROCESSOR_IDENTIFIER=Intel64 Family 6 Model 60 Stepping 3, GenuineIntel



---------------  S Y S T E M  ---------------

OS:
 Windows 10 , 64 bit Build 19041 (10.0.19041.5915)
OS uptime: 7 days 6:40 hours

CPU: total 8 (initial active 8) (4 cores per cpu, 2 threads per core) family 6 model 60 stepping 3 microcode 0x27, cx8, cmov, fxsr, ht, mmx, sse, sse2, sse3, ssse3, sse4.1, sse4.2, popcnt, lzcnt, tsc, tscinvbit, avx, avx2, aes, erms, clmul, bmi1, bmi2, fma, vzeroupper, clflush

Memory: 4k page, system-wide physical 8113M (557M free)
TotalPageFile size 22349M (AvailPageFile size 78M)
current process WorkingSet (physical memory assigned to process): 382M, peak: 384M
current process commit charge ("private bytes"): 490M, peak: 494M

vm_info: Java HotSpot(TM) 64-Bit Server VM (17.0.12+8-LTS-286) for windows-amd64 JRE (17.0.12+8-LTS-286), built on Jun  5 2024 06:46:59 by "mach5one" with MS VC++ 17.6 (VS2022)

END.
