#
# There is insufficient memory for the Java Runtime Environment to continue.
# Native memory allocation (malloc) failed to allocate 2331136 bytes for Chunk::new
# Possible reasons:
#   The system is out of physical RAM or swap space
#   The process is running with CompressedOops enabled, and the Java Heap may be blocking the growth of the native heap
# Possible solutions:
#   Reduce memory load on the system
#   Increase physical memory or swap space
#   Check if swap backing store is full
#   Decrease Java heap size (-Xmx/-Xms)
#   Decrease number of Java threads
#   Decrease Java thread stack sizes (-Xss)
#   Set larger code cache with -XX:ReservedCodeCacheSize=
#   JVM is running with Unscaled Compressed Oops mode in which the Java heap is
#     placed in the first 4GB address space. The Java Heap base address is the
#     maximum limit for the native heap growth. Please use -XX:HeapBaseMinAddress
#     to set the Java Heap base and to place the Java Heap above 4GB virtual address.
# This output file may be truncated or incomplete.
#
#  Out of Memory Error (arena.cpp:189), pid=7136, tid=3544
#
# JRE version: Java(TM) SE Runtime Environment (17.0.12+8) (build 17.0.12+8-LTS-286)
# Java VM: Java HotSpot(TM) 64-Bit Server VM (17.0.12+8-LTS-286, mixed mode, sharing, tiered, compressed oops, compressed class ptrs, g1 gc, windows-amd64)
# No core dump will be written. Minidumps are not enabled by default on client versions of Windows
#

---------------  S U M M A R Y ------------

Command Line: --add-opens=java.base/java.lang=ALL-UNNAMED --add-opens=java.base/java.lang.invoke=ALL-UNNAMED --add-opens=java.base/java.util=ALL-UNNAMED --add-opens=java.prefs/java.util.prefs=ALL-UNNAMED --add-exports=jdk.compiler/com.sun.tools.javac.api=ALL-UNNAMED --add-exports=jdk.compiler/com.sun.tools.javac.util=ALL-UNNAMED --add-opens=java.base/java.util=ALL-UNNAMED --add-opens=java.prefs/java.util.prefs=ALL-UNNAMED --add-opens=java.base/java.nio.charset=ALL-UNNAMED --add-opens=java.base/java.net=ALL-UNNAMED --add-opens=java.base/java.util.concurrent.atomic=ALL-UNNAMED --add-opens=java.xml/javax.xml.namespace=ALL-UNNAMED -XX:MaxMetaspaceSize=384m -XX:+HeapDumpOnOutOfMemoryError -Xms256m -Xmx512m -Dfile.encoding=UTF-8 -Duser.country=KR -Duser.language=ko -Duser.variant -javaagent:C:\Users\2\.gradle\wrapper\dists\gradle-8.13-bin\5xuhj0ry160q40clulazy9h7d\gradle-8.13\lib\agents\gradle-instrumentation-agent-8.13.jar org.gradle.launcher.daemon.bootstrap.GradleDaemon 8.13

Host: Intel(R) Core(TM) i7-4770 CPU @ 3.40GHz, 8 cores, 7G,  Windows 10 , 64 bit Build 19041 (10.0.19041.5915)
Time: Wed Jun 18 17:25:17 2025  Windows 10 , 64 bit Build 19041 (10.0.19041.5915) elapsed time: 7.352439 seconds (0d 0h 0m 7s)

---------------  T H R E A D  ---------------

Current thread (0x0000020c57b074a0):  JavaThread "C2 CompilerThread1" daemon [_thread_in_native, id=3544, stack(0x00000012c1e00000,0x00000012c1f00000)]


Current CompileTask:
C2:   7352 7764       4       com.google.common.collect.ImmutableSet::copyOf (76 bytes)

Stack: [0x00000012c1e00000,0x00000012c1f00000]
Native frames: (J=compiled Java code, j=interpreted, Vv=VM code, C=native code)
V  [jvm.dll+0x67a04a]
V  [jvm.dll+0x7da4ed]
V  [jvm.dll+0x7dbe33]
V  [jvm.dll+0x7dc4a3]
V  [jvm.dll+0x24508f]
V  [jvm.dll+0xab773]
V  [jvm.dll+0xabd3c]
V  [jvm.dll+0x361bee]
V  [jvm.dll+0x32c431]
V  [jvm.dll+0x32b8ca]
V  [jvm.dll+0x21683f]
V  [jvm.dll+0x215c6f]
V  [jvm.dll+0x1a2960]
V  [jvm.dll+0x22610b]
V  [jvm.dll+0x2242ab]
V  [jvm.dll+0x79075c]
V  [jvm.dll+0x78abea]
V  [jvm.dll+0x678f35]
C  [ucrtbase.dll+0x21bb2]
C  [KERNEL32.DLL+0x17374]
C  [ntdll.dll+0x4cc91]


---------------  P R O C E S S  ---------------

Threads class SMR info:
_java_thread_list=0x0000020c71820340, length=124, elements={
0x0000020c3af69310, 0x0000020c5779c300, 0x0000020c5779f640, 0x0000020c577b7db0,
0x0000020c577b9690, 0x0000020c577ba700, 0x0000020c577bd790, 0x0000020c577ccfb0,
0x0000020c577cd8c0, 0x0000020c577c17c0, 0x0000020c5796b170, 0x0000020c57a20000,
0x0000020c57b074a0, 0x0000020c57b079c0, 0x0000020c72d4b760, 0x0000020c57b7b540,
0x0000020c73308a80, 0x0000020c72f94030, 0x0000020c72f94510, 0x0000020c710528b0,
0x0000020c71051e90, 0x0000020c710532d0, 0x0000020c71054710, 0x0000020c71053cf0,
0x0000020c71051980, 0x0000020c71054c20, 0x0000020c710523a0, 0x0000020c71051470,
0x0000020c71052dc0, 0x0000020c710537e0, 0x0000020c73601870, 0x0000020c73600430,
0x0000020c736031c0, 0x0000020c73604600, 0x0000020c73602290, 0x0000020c735feae0,
0x0000020c73603be0, 0x0000020c736040f0, 0x0000020c73601360, 0x0000020c736027a0,
0x0000020c735feff0, 0x0000020c73602cb0, 0x0000020c736036d0, 0x0000020c735ff500,
0x0000020c73604b10, 0x0000020c735ffa10, 0x0000020c735fe0c0, 0x0000020c73605530,
0x0000020c73605020, 0x0000020c73601d80, 0x0000020c73605a40, 0x0000020c735fe5d0,
0x0000020c735fff20, 0x0000020c73600940, 0x0000020c751f3900, 0x0000020c751f29d0,
0x0000020c751f4830, 0x0000020c751f3e10, 0x0000020c751f0150, 0x0000020c751efc40,
0x0000020c751f1590, 0x0000020c751f33f0, 0x0000020c751f0b70, 0x0000020c751ee800,
0x0000020c751f5760, 0x0000020c751f4320, 0x0000020c751f1080, 0x0000020c751f1aa0,
0x0000020c751f5250, 0x0000020c751f0660, 0x0000020c751f4d40, 0x0000020c751f1fb0,
0x0000020c751f24c0, 0x0000020c751ef220, 0x0000020c751f5c70, 0x0000020c751ef730,
0x0000020c751f2ee0, 0x0000020c751f6180, 0x0000020c751eed10, 0x0000020c7669fa80,
0x0000020c766a13d0, 0x0000020c766a2810, 0x0000020c766a55a0, 0x0000020c766a3c50,
0x0000020c766a5ab0, 0x0000020c766a4160, 0x0000020c766a18e0, 0x0000020c766a1df0,
0x0000020c7669f570, 0x0000020c766a4b80, 0x0000020c766a5fc0, 0x0000020c766a5090,
0x0000020c766a64d0, 0x0000020c7669f060, 0x0000020c7669ff90, 0x0000020c766a04a0,
0x0000020c766a69e0, 0x0000020c766a2300, 0x0000020c766a09b0, 0x0000020c766a2d20,
0x0000020c766a3230, 0x0000020c766a3740, 0x0000020c766a4670, 0x0000020c73f24360,
0x0000020c73f23430, 0x0000020c73f210c0, 0x0000020c73f23940, 0x0000020c73f1cef0,
0x0000020c73f1e840, 0x0000020c73f23e50, 0x0000020c73f22a10, 0x0000020c73f215d0,
0x0000020c73f21ae0, 0x0000020c73f21ff0, 0x0000020c73f24870, 0x0000020c73f22f20,
0x0000020c73f1f770, 0x0000020c73f1d910, 0x0000020c73f22500, 0x0000020c73f1d400,
0x0000020c73f1de20, 0x0000020c73f1ed50, 0x0000020c73f1f260, 0x0000020c73f1e330
}

Java Threads: ( => current thread )
  0x0000020c3af69310 JavaThread "main" [_thread_blocked, id=15052, stack(0x00000012c0b00000,0x00000012c0c00000)]
  0x0000020c5779c300 JavaThread "Reference Handler" daemon [_thread_blocked, id=17776, stack(0x00000012c1200000,0x00000012c1300000)]
  0x0000020c5779f640 JavaThread "Finalizer" daemon [_thread_blocked, id=13864, stack(0x00000012c1300000,0x00000012c1400000)]
  0x0000020c577b7db0 JavaThread "Signal Dispatcher" daemon [_thread_blocked, id=17176, stack(0x00000012c1400000,0x00000012c1500000)]
  0x0000020c577b9690 JavaThread "Attach Listener" daemon [_thread_blocked, id=3972, stack(0x00000012c1500000,0x00000012c1600000)]
  0x0000020c577ba700 JavaThread "Service Thread" daemon [_thread_blocked, id=23028, stack(0x00000012c1600000,0x00000012c1700000)]
  0x0000020c577bd790 JavaThread "Monitor Deflation Thread" daemon [_thread_blocked, id=20740, stack(0x00000012c1700000,0x00000012c1800000)]
  0x0000020c577ccfb0 JavaThread "C2 CompilerThread0" daemon [_thread_blocked, id=10848, stack(0x00000012c1800000,0x00000012c1900000)]
  0x0000020c577cd8c0 JavaThread "C1 CompilerThread0" daemon [_thread_blocked, id=18920, stack(0x00000012c1900000,0x00000012c1a00000)]
  0x0000020c577c17c0 JavaThread "Sweeper thread" daemon [_thread_blocked, id=26744, stack(0x00000012c1a00000,0x00000012c1b00000)]
  0x0000020c5796b170 JavaThread "Common-Cleaner" daemon [_thread_blocked, id=11548, stack(0x00000012c1b00000,0x00000012c1c00000)]
  0x0000020c57a20000 JavaThread "Notification Thread" daemon [_thread_blocked, id=19916, stack(0x00000012c1c00000,0x00000012c1d00000)]
=>0x0000020c57b074a0 JavaThread "C2 CompilerThread1" daemon [_thread_in_native, id=3544, stack(0x00000012c1e00000,0x00000012c1f00000)]
  0x0000020c57b079c0 JavaThread "C2 CompilerThread2" daemon [_thread_blocked, id=27492, stack(0x00000012c1f00000,0x00000012c2000000)]
  0x0000020c72d4b760 JavaThread "Daemon health stats" [_thread_blocked, id=7784, stack(0x00000012c2500000,0x00000012c2600000)]
  0x0000020c57b7b540 JavaThread "Incoming local TCP Connector on port 49407" [_thread_in_native, id=13372, stack(0x00000012c2600000,0x00000012c2700000)]
  0x0000020c73308a80 JavaThread "Daemon periodic checks" [_thread_blocked, id=21436, stack(0x00000012c2700000,0x00000012c2800000)]
  0x0000020c72f94030 JavaThread "Daemon" [_thread_blocked, id=6760, stack(0x00000012c2800000,0x00000012c2900000)]
  0x0000020c72f94510 JavaThread "Handler for socket connection from /127.0.0.1:49407 to /127.0.0.1:49408" [_thread_in_native, id=11636, stack(0x00000012c2900000,0x00000012c2a00000)]
  0x0000020c710528b0 JavaThread "Cancel handler" [_thread_blocked, id=21928, stack(0x00000012c2a00000,0x00000012c2b00000)]
  0x0000020c71051e90 JavaThread "Daemon worker" [_thread_in_native, id=25568, stack(0x00000012c2b00000,0x00000012c2c00000)]
  0x0000020c710532d0 JavaThread "Asynchronous log dispatcher for DefaultDaemonConnection: socket connection from /127.0.0.1:49407 to /127.0.0.1:49408" [_thread_blocked, id=16672, stack(0x00000012c2c00000,0x00000012c2d00000)]
  0x0000020c71054710 JavaThread "Stdin handler" [_thread_blocked, id=6164, stack(0x00000012c2d00000,0x00000012c2e00000)]
  0x0000020c71053cf0 JavaThread "Daemon client event forwarder" [_thread_blocked, id=16104, stack(0x00000012c2e00000,0x00000012c2f00000)]
  0x0000020c71051980 JavaThread "Cache worker for journal cache (C:\Users\2\.gradle\caches\journal-1)" [_thread_blocked, id=28476, stack(0x00000012c2f00000,0x00000012c3000000)]
  0x0000020c71054c20 JavaThread "File lock request listener" [_thread_in_native, id=25664, stack(0x00000012c3000000,0x00000012c3100000)]
  0x0000020c710523a0 JavaThread "Cache worker for file hash cache (C:\Users\2\.gradle\caches\8.13\fileHashes)" [_thread_blocked, id=23280, stack(0x00000012c3100000,0x00000012c3200000)]
  0x0000020c71051470 JavaThread "Cache worker for file hash cache (D:\spr_boot\HelpPSY-hoojin\helppsy\.gradle\8.13\fileHashes)" [_thread_blocked, id=18940, stack(0x00000012c3200000,0x00000012c3300000)]
  0x0000020c71052dc0 JavaThread "Cache worker for Build Output Cleanup Cache (D:\spr_boot\HelpPSY-hoojin\helppsy\.gradle\buildOutputCleanup)" [_thread_blocked, id=696, stack(0x00000012c3300000,0x00000012c3400000)]
  0x0000020c710537e0 JavaThread "File watcher server" daemon [_thread_in_native, id=19908, stack(0x00000012c3700000,0x00000012c3800000)]
  0x0000020c73601870 JavaThread "File watcher consumer" daemon [_thread_blocked, id=3036, stack(0x00000012c3800000,0x00000012c3900000)]
  0x0000020c73600430 JavaThread "jar transforms" [_thread_blocked, id=21496, stack(0x00000012c3900000,0x00000012c3a00000)]
  0x0000020c736031c0 JavaThread "jar transforms Thread 2" [_thread_blocked, id=26420, stack(0x00000012c3a00000,0x00000012c3b00000)]
  0x0000020c73604600 JavaThread "Cache worker for checksums cache (D:\spr_boot\HelpPSY-hoojin\helppsy\.gradle\8.13\checksums)" [_thread_blocked, id=20996, stack(0x00000012c3b00000,0x00000012c3c00000)]
  0x0000020c73602290 JavaThread "Cache worker for file content cache (C:\Users\2\.gradle\caches\8.13\fileContent)" [_thread_blocked, id=3184, stack(0x00000012c3c00000,0x00000012c3d00000)]
  0x0000020c735feae0 JavaThread "jar transforms Thread 3" [_thread_blocked, id=16932, stack(0x00000012c3d00000,0x00000012c3e00000)]
  0x0000020c73603be0 JavaThread "Cache worker for cache directory md-supplier (C:\Users\2\.gradle\caches\8.13\md-supplier)" [_thread_blocked, id=17888, stack(0x00000012c3e00000,0x00000012c3f00000)]
  0x0000020c736040f0 JavaThread "Cache worker for cache directory md-rule (C:\Users\2\.gradle\caches\8.13\md-rule)" [_thread_blocked, id=27300, stack(0x00000012c3f00000,0x00000012c4000000)]
  0x0000020c73601360 JavaThread "Unconstrained build operations" [_thread_blocked, id=6068, stack(0x00000012c4000000,0x00000012c4100000)]
  0x0000020c736027a0 JavaThread "Unconstrained build operations Thread 2" [_thread_blocked, id=25312, stack(0x00000012c4100000,0x00000012c4200000)]
  0x0000020c735feff0 JavaThread "Unconstrained build operations Thread 3" [_thread_blocked, id=5224, stack(0x00000012c4200000,0x00000012c4300000)]
  0x0000020c73602cb0 JavaThread "Unconstrained build operations Thread 4" [_thread_blocked, id=28304, stack(0x00000012c4300000,0x00000012c4400000)]
  0x0000020c736036d0 JavaThread "Unconstrained build operations Thread 5" [_thread_blocked, id=8584, stack(0x00000012c4400000,0x00000012c4500000)]
  0x0000020c735ff500 JavaThread "Unconstrained build operations Thread 6" [_thread_blocked, id=25908, stack(0x00000012c4500000,0x00000012c4600000)]
  0x0000020c73604b10 JavaThread "Unconstrained build operations Thread 7" [_thread_blocked, id=22836, stack(0x00000012c4600000,0x00000012c4700000)]
  0x0000020c735ffa10 JavaThread "Unconstrained build operations Thread 8" [_thread_blocked, id=19292, stack(0x00000012c4700000,0x00000012c4800000)]
  0x0000020c735fe0c0 JavaThread "jar transforms Thread 4" [_thread_blocked, id=8576, stack(0x00000012c4800000,0x00000012c4900000)]
  0x0000020c73605530 JavaThread "jar transforms Thread 5" [_thread_blocked, id=25692, stack(0x00000012c4900000,0x00000012c4a00000)]
  0x0000020c73605020 JavaThread "Unconstrained build operations Thread 9" [_thread_blocked, id=24408, stack(0x00000012c4a00000,0x00000012c4b00000)]
  0x0000020c73601d80 JavaThread "Unconstrained build operations Thread 10" [_thread_blocked, id=19344, stack(0x00000012c4b00000,0x00000012c4c00000)]
  0x0000020c73605a40 JavaThread "Unconstrained build operations Thread 11" [_thread_blocked, id=19580, stack(0x00000012c4c00000,0x00000012c4d00000)]
  0x0000020c735fe5d0 JavaThread "Unconstrained build operations Thread 12" [_thread_blocked, id=24080, stack(0x00000012c4d00000,0x00000012c4e00000)]
  0x0000020c735fff20 JavaThread "jar transforms Thread 6" [_thread_blocked, id=9148, stack(0x00000012c4e00000,0x00000012c4f00000)]
  0x0000020c73600940 JavaThread "jar transforms Thread 7" [_thread_blocked, id=10768, stack(0x00000012c4f00000,0x00000012c5000000)]
  0x0000020c751f3900 JavaThread "Unconstrained build operations Thread 13" [_thread_blocked, id=5276, stack(0x00000012c5000000,0x00000012c5100000)]
  0x0000020c751f29d0 JavaThread "Unconstrained build operations Thread 14" [_thread_blocked, id=27496, stack(0x00000012c5100000,0x00000012c5200000)]
  0x0000020c751f4830 JavaThread "Unconstrained build operations Thread 15" [_thread_blocked, id=20784, stack(0x00000012c5200000,0x00000012c5300000)]
  0x0000020c751f3e10 JavaThread "Unconstrained build operations Thread 16" [_thread_blocked, id=20260, stack(0x00000012c5300000,0x00000012c5400000)]
  0x0000020c751f0150 JavaThread "jar transforms Thread 8" [_thread_blocked, id=10360, stack(0x00000012c5400000,0x00000012c5500000)]
  0x0000020c751efc40 JavaThread "Unconstrained build operations Thread 17" [_thread_blocked, id=16356, stack(0x00000012c5500000,0x00000012c5600000)]
  0x0000020c751f1590 JavaThread "Unconstrained build operations Thread 18" [_thread_blocked, id=17632, stack(0x00000012c5600000,0x00000012c5700000)]
  0x0000020c751f33f0 JavaThread "Unconstrained build operations Thread 19" [_thread_blocked, id=8728, stack(0x00000012c5700000,0x00000012c5800000)]
  0x0000020c751f0b70 JavaThread "Unconstrained build operations Thread 20" [_thread_blocked, id=14384, stack(0x00000012c5800000,0x00000012c5900000)]
  0x0000020c751ee800 JavaThread "Unconstrained build operations Thread 21" [_thread_blocked, id=260, stack(0x00000012c5900000,0x00000012c5a00000)]
  0x0000020c751f5760 JavaThread "Unconstrained build operations Thread 22" [_thread_blocked, id=3588, stack(0x00000012c5a00000,0x00000012c5b00000)]
  0x0000020c751f4320 JavaThread "Unconstrained build operations Thread 23" [_thread_blocked, id=4256, stack(0x00000012c5b00000,0x00000012c5c00000)]
  0x0000020c751f1080 JavaThread "Unconstrained build operations Thread 24" [_thread_blocked, id=21916, stack(0x00000012c5c00000,0x00000012c5d00000)]
  0x0000020c751f1aa0 JavaThread "Unconstrained build operations Thread 25" [_thread_blocked, id=5816, stack(0x00000012c5d00000,0x00000012c5e00000)]
  0x0000020c751f5250 JavaThread "Unconstrained build operations Thread 26" [_thread_blocked, id=13952, stack(0x00000012c5e00000,0x00000012c5f00000)]
  0x0000020c751f0660 JavaThread "Unconstrained build operations Thread 27" [_thread_blocked, id=8412, stack(0x00000012c5f00000,0x00000012c6000000)]
  0x0000020c751f4d40 JavaThread "Unconstrained build operations Thread 28" [_thread_blocked, id=21020, stack(0x00000012c6000000,0x00000012c6100000)]
  0x0000020c751f1fb0 JavaThread "Unconstrained build operations Thread 29" [_thread_blocked, id=18536, stack(0x00000012c6100000,0x00000012c6200000)]
  0x0000020c751f24c0 JavaThread "Unconstrained build operations Thread 30" [_thread_blocked, id=10448, stack(0x00000012c6200000,0x00000012c6300000)]
  0x0000020c751ef220 JavaThread "Unconstrained build operations Thread 31" [_thread_blocked, id=3944, stack(0x00000012c6300000,0x00000012c6400000)]
  0x0000020c751f5c70 JavaThread "Unconstrained build operations Thread 32" [_thread_blocked, id=19036, stack(0x00000012c6400000,0x00000012c6500000)]
  0x0000020c751ef730 JavaThread "Unconstrained build operations Thread 33" [_thread_blocked, id=12512, stack(0x00000012c6500000,0x00000012c6600000)]
  0x0000020c751f2ee0 JavaThread "Unconstrained build operations Thread 34" [_thread_blocked, id=13060, stack(0x00000012c6600000,0x00000012c6700000)]
  0x0000020c751f6180 JavaThread "Unconstrained build operations Thread 35" [_thread_blocked, id=9584, stack(0x00000012c6700000,0x00000012c6800000)]
  0x0000020c751eed10 JavaThread "Unconstrained build operations Thread 36" [_thread_blocked, id=25856, stack(0x00000012c6800000,0x00000012c6900000)]
  0x0000020c7669fa80 JavaThread "Unconstrained build operations Thread 37" [_thread_blocked, id=300, stack(0x00000012c6900000,0x00000012c6a00000)]
  0x0000020c766a13d0 JavaThread "Memory manager" [_thread_blocked, id=19852, stack(0x00000012c6b00000,0x00000012c6c00000)]
  0x0000020c766a2810 JavaThread "Unconstrained build operations Thread 38" [_thread_blocked, id=26460, stack(0x00000012c6c00000,0x00000012c6d00000)]
  0x0000020c766a55a0 JavaThread "Unconstrained build operations Thread 39" [_thread_blocked, id=22392, stack(0x00000012c6d00000,0x00000012c6e00000)]
  0x0000020c766a3c50 JavaThread "Unconstrained build operations Thread 40" [_thread_blocked, id=4148, stack(0x00000012c6e00000,0x00000012c6f00000)]
  0x0000020c766a5ab0 JavaThread "Unconstrained build operations Thread 41" [_thread_blocked, id=2996, stack(0x00000012c6f00000,0x00000012c7000000)]
  0x0000020c766a4160 JavaThread "Unconstrained build operations Thread 42" [_thread_blocked, id=9360, stack(0x00000012c7000000,0x00000012c7100000)]
  0x0000020c766a18e0 JavaThread "Unconstrained build operations Thread 43" [_thread_blocked, id=28424, stack(0x00000012c7100000,0x00000012c7200000)]
  0x0000020c766a1df0 JavaThread "Unconstrained build operations Thread 44" [_thread_blocked, id=11168, stack(0x00000012c7200000,0x00000012c7300000)]
  0x0000020c7669f570 JavaThread "Unconstrained build operations Thread 45" [_thread_blocked, id=10948, stack(0x00000012c7300000,0x00000012c7400000)]
  0x0000020c766a4b80 JavaThread "Unconstrained build operations Thread 46" [_thread_blocked, id=13596, stack(0x00000012c7400000,0x00000012c7500000)]
  0x0000020c766a5fc0 JavaThread "Unconstrained build operations Thread 47" [_thread_blocked, id=13292, stack(0x00000012c7500000,0x00000012c7600000)]
  0x0000020c766a5090 JavaThread "Unconstrained build operations Thread 48" [_thread_blocked, id=13860, stack(0x00000012c7600000,0x00000012c7700000)]
  0x0000020c766a64d0 JavaThread "Unconstrained build operations Thread 49" [_thread_blocked, id=27244, stack(0x00000012c7700000,0x00000012c7800000)]
  0x0000020c7669f060 JavaThread "Unconstrained build operations Thread 50" [_thread_blocked, id=21908, stack(0x00000012c7800000,0x00000012c7900000)]
  0x0000020c7669ff90 JavaThread "Unconstrained build operations Thread 51" [_thread_blocked, id=17272, stack(0x00000012c7900000,0x00000012c7a00000)]
  0x0000020c766a04a0 JavaThread "Unconstrained build operations Thread 52" [_thread_blocked, id=6368, stack(0x00000012c7a00000,0x00000012c7b00000)]
  0x0000020c766a69e0 JavaThread "Unconstrained build operations Thread 53" [_thread_blocked, id=12948, stack(0x00000012c7b00000,0x00000012c7c00000)]
  0x0000020c766a2300 JavaThread "Unconstrained build operations Thread 54" [_thread_blocked, id=11616, stack(0x00000012c7c00000,0x00000012c7d00000)]
  0x0000020c766a09b0 JavaThread "Unconstrained build operations Thread 55" [_thread_blocked, id=17400, stack(0x00000012c7d00000,0x00000012c7e00000)]
  0x0000020c766a2d20 JavaThread "Unconstrained build operations Thread 56" [_thread_blocked, id=17688, stack(0x00000012c7e00000,0x00000012c7f00000)]
  0x0000020c766a3230 JavaThread "Unconstrained build operations Thread 57" [_thread_blocked, id=25484, stack(0x00000012c7f00000,0x00000012c8000000)]
  0x0000020c766a3740 JavaThread "Unconstrained build operations Thread 58" [_thread_blocked, id=10552, stack(0x00000012c8000000,0x00000012c8100000)]
  0x0000020c766a4670 JavaThread "Unconstrained build operations Thread 59" [_thread_blocked, id=23528, stack(0x00000012c8100000,0x00000012c8200000)]
  0x0000020c73f24360 JavaThread "Unconstrained build operations Thread 60" [_thread_blocked, id=10104, stack(0x00000012c8200000,0x00000012c8300000)]
  0x0000020c73f23430 JavaThread "Unconstrained build operations Thread 61" [_thread_blocked, id=15220, stack(0x00000012c8300000,0x00000012c8400000)]
  0x0000020c73f210c0 JavaThread "Unconstrained build operations Thread 62" [_thread_blocked, id=18856, stack(0x00000012c8400000,0x00000012c8500000)]
  0x0000020c73f23940 JavaThread "Unconstrained build operations Thread 63" [_thread_blocked, id=13944, stack(0x00000012c8500000,0x00000012c8600000)]
  0x0000020c73f1cef0 JavaThread "Unconstrained build operations Thread 64" [_thread_blocked, id=12532, stack(0x00000012c8600000,0x00000012c8700000)]
  0x0000020c73f1e840 JavaThread "Unconstrained build operations Thread 65" [_thread_blocked, id=23212, stack(0x00000012c8700000,0x00000012c8800000)]
  0x0000020c73f23e50 JavaThread "Unconstrained build operations Thread 66" [_thread_blocked, id=18836, stack(0x00000012c8800000,0x00000012c8900000)]
  0x0000020c73f22a10 JavaThread "Unconstrained build operations Thread 67" [_thread_blocked, id=3780, stack(0x00000012c8900000,0x00000012c8a00000)]
  0x0000020c73f215d0 JavaThread "Unconstrained build operations Thread 68" [_thread_blocked, id=8452, stack(0x00000012c8a00000,0x00000012c8b00000)]
  0x0000020c73f21ae0 JavaThread "Unconstrained build operations Thread 69" [_thread_blocked, id=17252, stack(0x00000012c8b00000,0x00000012c8c00000)]
  0x0000020c73f21ff0 JavaThread "Unconstrained build operations Thread 70" [_thread_blocked, id=22484, stack(0x00000012c8c00000,0x00000012c8d00000)]
  0x0000020c73f24870 JavaThread "Unconstrained build operations Thread 71" [_thread_blocked, id=19432, stack(0x00000012c8d00000,0x00000012c8e00000)]
  0x0000020c73f22f20 JavaThread "Unconstrained build operations Thread 72" [_thread_blocked, id=28480, stack(0x00000012c8e00000,0x00000012c8f00000)]
  0x0000020c73f1f770 JavaThread "Unconstrained build operations Thread 73" [_thread_blocked, id=28504, stack(0x00000012c8f00000,0x00000012c9000000)]
  0x0000020c73f1d910 JavaThread "Unconstrained build operations Thread 74" [_thread_blocked, id=5132, stack(0x00000012c9000000,0x00000012c9100000)]
  0x0000020c73f22500 JavaThread "Unconstrained build operations Thread 75" [_thread_blocked, id=17156, stack(0x00000012c9100000,0x00000012c9200000)]
  0x0000020c73f1d400 JavaThread "Unconstrained build operations Thread 76" [_thread_blocked, id=4368, stack(0x00000012c9200000,0x00000012c9300000)]
  0x0000020c73f1de20 JavaThread "Unconstrained build operations Thread 77" [_thread_blocked, id=18320, stack(0x00000012c9300000,0x00000012c9400000)]
  0x0000020c73f1ed50 JavaThread "Unconstrained build operations Thread 78" [_thread_blocked, id=10600, stack(0x00000012c9400000,0x00000012c9500000)]
  0x0000020c73f1f260 JavaThread "Unconstrained build operations Thread 79" [_thread_blocked, id=26756, stack(0x00000012c9500000,0x00000012c9600000)]
  0x0000020c73f1e330 JavaThread "Unconstrained build operations Thread 80" [_thread_blocked, id=7284, stack(0x00000012c9600000,0x00000012c9700000)]

Other Threads:
  0x0000020c57797140 VMThread "VM Thread" [stack: 0x00000012c1100000,0x00000012c1200000] [id=6480]
  0x0000020c3afa53f0 WatcherThread [stack: 0x00000012c1d00000,0x00000012c1e00000] [id=27504]
  0x0000020c3af96d80 GCTaskThread "GC Thread#0" [stack: 0x00000012c0c00000,0x00000012c0d00000] [id=14788]
  0x0000020c7167fd20 GCTaskThread "GC Thread#1" [stack: 0x00000012c2000000,0x00000012c2100000] [id=23780]
  0x0000020c57bf53f0 GCTaskThread "GC Thread#2" [stack: 0x00000012c2100000,0x00000012c2200000] [id=8408]
  0x0000020c7173ac90 GCTaskThread "GC Thread#3" [stack: 0x00000012c2200000,0x00000012c2300000] [id=5644]
  0x0000020c7173af50 GCTaskThread "GC Thread#4" [stack: 0x00000012c2300000,0x00000012c2400000] [id=5672]
  0x0000020c712e74d0 GCTaskThread "GC Thread#5" [stack: 0x00000012c2400000,0x00000012c2500000] [id=12108]
  0x0000020c75284650 GCTaskThread "GC Thread#6" [stack: 0x00000012c3400000,0x00000012c3500000] [id=14480]
  0x0000020c752835d0 GCTaskThread "GC Thread#7" [stack: 0x00000012c3500000,0x00000012c3600000] [id=1164]
  0x0000020c3af9caf0 ConcurrentGCThread "G1 Main Marker" [stack: 0x00000012c0d00000,0x00000012c0e00000] [id=12600]
  0x0000020c3af9dab0 ConcurrentGCThread "G1 Conc#0" [stack: 0x00000012c0e00000,0x00000012c0f00000] [id=22928]
  0x0000020c75284910 ConcurrentGCThread "G1 Conc#1" [stack: 0x00000012c3600000,0x00000012c3700000] [id=17244]
  0x0000020c3b03e060 ConcurrentGCThread "G1 Refine#0" [stack: 0x00000012c0f00000,0x00000012c1000000] [id=8380]
  0x0000020c7352d670 ConcurrentGCThread "G1 Refine#1" [stack: 0x00000012c6a00000,0x00000012c6b00000] [id=11256]
  0x0000020c3b03e8a0 ConcurrentGCThread "G1 Service" [stack: 0x00000012c1000000,0x00000012c1100000] [id=7328]

Threads with active compile tasks:
C2 CompilerThread1     7373 7764       4       com.google.common.collect.ImmutableSet::copyOf (76 bytes)

VM state: not at safepoint (normal execution)

VM Mutex/Monitor currently owned by a thread: None

Heap address: 0x00000000e0000000, size: 512 MB, Compressed Oops mode: 32-bit

CDS archive(s) mapped at: [0x0000020c58000000-0x0000020c58bd0000-0x0000020c58bd0000), size 12386304, SharedBaseAddress: 0x0000020c58000000, ArchiveRelocationMode: 1.
Compressed class space mapped at: 0x0000020c59000000-0x0000020c6d000000, reserved size: 335544320
Narrow klass base: 0x0000020c58000000, Narrow klass shift: 0, Narrow klass range: 0x100000000

GC Precious Log:
 CPUs: 8 total, 8 available
 Memory: 8113M
 Large Page Support: Disabled
 NUMA Support: Disabled
 Compressed Oops: Enabled (32-bit)
 Heap Region Size: 1M
 Heap Min Capacity: 256M
 Heap Initial Capacity: 256M
 Heap Max Capacity: 512M
 Pre-touch: Disabled
 Parallel Workers: 8
 Concurrent Workers: 2
 Concurrent Refinement Workers: 8
 Periodic GC: Disabled

Heap:
 garbage-first heap   total 262144K, used 182772K [0x00000000e0000000, 0x0000000100000000)
  region size 1024K, 150 young (153600K), 8 survivors (8192K)
 Metaspace       used 56228K, committed 56832K, reserved 393216K
  class space    used 7896K, committed 8128K, reserved 327680K

Heap Regions: E=young(eden), S=young(survivor), O=old, HS=humongous(starts), HC=humongous(continues), CS=collection set, F=free, OA=open archive, CA=closed archive, TAMS=top-at-mark-start (previous, next)
|   0|0x00000000e0000000, 0x00000000e0100000, 0x00000000e0100000|100%|HS|  |TAMS 0x00000000e0100000, 0x00000000e0000000| Complete 
|   1|0x00000000e0100000, 0x00000000e0200000, 0x00000000e0200000|100%|HC|  |TAMS 0x00000000e0200000, 0x00000000e0100000| Complete 
|   2|0x00000000e0200000, 0x00000000e0300000, 0x00000000e0300000|100%|HC|  |TAMS 0x00000000e0300000, 0x00000000e0200000| Complete 
|   3|0x00000000e0300000, 0x00000000e0400000, 0x00000000e0400000|100%| O|  |TAMS 0x00000000e0400000, 0x00000000e0300000| Untracked 
|   4|0x00000000e0400000, 0x00000000e0500000, 0x00000000e0500000|100%| O|  |TAMS 0x00000000e0500000, 0x00000000e0400000| Untracked 
|   5|0x00000000e0500000, 0x00000000e0600000, 0x00000000e0600000|100%| O|  |TAMS 0x00000000e0600000, 0x00000000e0500000| Untracked 
|   6|0x00000000e0600000, 0x00000000e0700000, 0x00000000e0700000|100%|HS|  |TAMS 0x00000000e0700000, 0x00000000e0600000| Complete 
|   7|0x00000000e0700000, 0x00000000e0800000, 0x00000000e0800000|100%| O|  |TAMS 0x00000000e0800000, 0x00000000e0700000| Untracked 
|   8|0x00000000e0800000, 0x00000000e0800000, 0x00000000e0900000|  0%| F|  |TAMS 0x00000000e0800000, 0x00000000e0800000| Untracked 
|   9|0x00000000e0900000, 0x00000000e0a00000, 0x00000000e0a00000|100%| O|  |TAMS 0x00000000e0a00000, 0x00000000e0900000| Untracked 
|  10|0x00000000e0a00000, 0x00000000e0b00000, 0x00000000e0b00000|100%| O|  |TAMS 0x00000000e0b00000, 0x00000000e0a00000| Untracked 
|  11|0x00000000e0b00000, 0x00000000e0c00000, 0x00000000e0c00000|100%| O|  |TAMS 0x00000000e0c00000, 0x00000000e0b00000| Untracked 
|  12|0x00000000e0c00000, 0x00000000e0d00000, 0x00000000e0d00000|100%| O|  |TAMS 0x00000000e0d00000, 0x00000000e0c00000| Untracked 
|  13|0x00000000e0d00000, 0x00000000e0e00000, 0x00000000e0e00000|100%| O|  |TAMS 0x00000000e0e00000, 0x00000000e0d00000| Untracked 
|  14|0x00000000e0e00000, 0x00000000e0f00000, 0x00000000e0f00000|100%| O|  |TAMS 0x00000000e0f00000, 0x00000000e0e00000| Untracked 
|  15|0x00000000e0f00000, 0x00000000e1000000, 0x00000000e1000000|100%| O|  |TAMS 0x00000000e1000000, 0x00000000e0f00000| Untracked 
|  16|0x00000000e1000000, 0x00000000e1100000, 0x00000000e1100000|100%| O|  |TAMS 0x00000000e1100000, 0x00000000e1000000| Untracked 
|  17|0x00000000e1100000, 0x00000000e1200000, 0x00000000e1200000|100%| O|  |TAMS 0x00000000e1200000, 0x00000000e1100000| Untracked 
|  18|0x00000000e1200000, 0x00000000e1300000, 0x00000000e1300000|100%| O|  |TAMS 0x00000000e1300000, 0x00000000e1200000| Untracked 
|  19|0x00000000e1300000, 0x00000000e1400000, 0x00000000e1400000|100%| O|  |TAMS 0x00000000e1400000, 0x00000000e1300000| Untracked 
|  20|0x00000000e1400000, 0x00000000e1500000, 0x00000000e1500000|100%| O|  |TAMS 0x00000000e1500000, 0x00000000e1400000| Untracked 
|  21|0x00000000e1500000, 0x00000000e1600000, 0x00000000e1600000|100%| O|  |TAMS 0x00000000e1600000, 0x00000000e1500000| Untracked 
|  22|0x00000000e1600000, 0x00000000e1700000, 0x00000000e1700000|100%| O|  |TAMS 0x00000000e1700000, 0x00000000e1600000| Untracked 
|  23|0x00000000e1700000, 0x00000000e1800000, 0x00000000e1800000|100%| O|  |TAMS 0x00000000e1800000, 0x00000000e1700000| Untracked 
|  24|0x00000000e1800000, 0x00000000e1900000, 0x00000000e1900000|100%| O|  |TAMS 0x00000000e1900000, 0x00000000e1800000| Untracked 
|  25|0x00000000e1900000, 0x00000000e1a00000, 0x00000000e1a00000|100%| O|  |TAMS 0x00000000e1a00000, 0x00000000e1900000| Untracked 
|  26|0x00000000e1a00000, 0x00000000e1b00000, 0x00000000e1b00000|100%| O|  |TAMS 0x00000000e1b00000, 0x00000000e1a00000| Untracked 
|  27|0x00000000e1b00000, 0x00000000e1c00000, 0x00000000e1c00000|100%| O|  |TAMS 0x00000000e1c00000, 0x00000000e1b00000| Untracked 
|  28|0x00000000e1c00000, 0x00000000e1d00000, 0x00000000e1d00000|100%| O|  |TAMS 0x00000000e1d00000, 0x00000000e1c00000| Untracked 
|  29|0x00000000e1d00000, 0x00000000e1e00000, 0x00000000e1e00000|100%| O|  |TAMS 0x00000000e1e00000, 0x00000000e1d00000| Untracked 
|  30|0x00000000e1e00000, 0x00000000e1f00000, 0x00000000e1f00000|100%| O|  |TAMS 0x00000000e1f00000, 0x00000000e1e00000| Untracked 
|  31|0x00000000e1f00000, 0x00000000e1f3bc00, 0x00000000e2000000| 23%| O|  |TAMS 0x00000000e1f3bc00, 0x00000000e1f00000| Untracked 
|  32|0x00000000e2000000, 0x00000000e2000000, 0x00000000e2100000|  0%| F|  |TAMS 0x00000000e2000000, 0x00000000e2000000| Untracked 
|  33|0x00000000e2100000, 0x00000000e2100000, 0x00000000e2200000|  0%| F|  |TAMS 0x00000000e2100000, 0x00000000e2100000| Untracked 
|  34|0x00000000e2200000, 0x00000000e2200000, 0x00000000e2300000|  0%| F|  |TAMS 0x00000000e2200000, 0x00000000e2200000| Untracked 
|  35|0x00000000e2300000, 0x00000000e2300000, 0x00000000e2400000|  0%| F|  |TAMS 0x00000000e2300000, 0x00000000e2300000| Untracked 
|  36|0x00000000e2400000, 0x00000000e2400000, 0x00000000e2500000|  0%| F|  |TAMS 0x00000000e2400000, 0x00000000e2400000| Untracked 
|  37|0x00000000e2500000, 0x00000000e2500000, 0x00000000e2600000|  0%| F|  |TAMS 0x00000000e2500000, 0x00000000e2500000| Untracked 
|  38|0x00000000e2600000, 0x00000000e2600000, 0x00000000e2700000|  0%| F|  |TAMS 0x00000000e2600000, 0x00000000e2600000| Untracked 
|  39|0x00000000e2700000, 0x00000000e2700000, 0x00000000e2800000|  0%| F|  |TAMS 0x00000000e2700000, 0x00000000e2700000| Untracked 
|  40|0x00000000e2800000, 0x00000000e2800000, 0x00000000e2900000|  0%| F|  |TAMS 0x00000000e2800000, 0x00000000e2800000| Untracked 
|  41|0x00000000e2900000, 0x00000000e2900000, 0x00000000e2a00000|  0%| F|  |TAMS 0x00000000e2900000, 0x00000000e2900000| Untracked 
|  42|0x00000000e2a00000, 0x00000000e2a00000, 0x00000000e2b00000|  0%| F|  |TAMS 0x00000000e2a00000, 0x00000000e2a00000| Untracked 
|  43|0x00000000e2b00000, 0x00000000e2b00000, 0x00000000e2c00000|  0%| F|  |TAMS 0x00000000e2b00000, 0x00000000e2b00000| Untracked 
|  44|0x00000000e2c00000, 0x00000000e2c00000, 0x00000000e2d00000|  0%| F|  |TAMS 0x00000000e2c00000, 0x00000000e2c00000| Untracked 
|  45|0x00000000e2d00000, 0x00000000e2d00000, 0x00000000e2e00000|  0%| F|  |TAMS 0x00000000e2d00000, 0x00000000e2d00000| Untracked 
|  46|0x00000000e2e00000, 0x00000000e2e00000, 0x00000000e2f00000|  0%| F|  |TAMS 0x00000000e2e00000, 0x00000000e2e00000| Untracked 
|  47|0x00000000e2f00000, 0x00000000e2f00000, 0x00000000e3000000|  0%| F|  |TAMS 0x00000000e2f00000, 0x00000000e2f00000| Untracked 
|  48|0x00000000e3000000, 0x00000000e3000000, 0x00000000e3100000|  0%| F|  |TAMS 0x00000000e3000000, 0x00000000e3000000| Untracked 
|  49|0x00000000e3100000, 0x00000000e3100000, 0x00000000e3200000|  0%| F|  |TAMS 0x00000000e3100000, 0x00000000e3100000| Untracked 
|  50|0x00000000e3200000, 0x00000000e3200000, 0x00000000e3300000|  0%| F|  |TAMS 0x00000000e3200000, 0x00000000e3200000| Untracked 
|  51|0x00000000e3300000, 0x00000000e3300000, 0x00000000e3400000|  0%| F|  |TAMS 0x00000000e3300000, 0x00000000e3300000| Untracked 
|  52|0x00000000e3400000, 0x00000000e3400000, 0x00000000e3500000|  0%| F|  |TAMS 0x00000000e3400000, 0x00000000e3400000| Untracked 
|  53|0x00000000e3500000, 0x00000000e3500000, 0x00000000e3600000|  0%| F|  |TAMS 0x00000000e3500000, 0x00000000e3500000| Untracked 
|  54|0x00000000e3600000, 0x00000000e3600000, 0x00000000e3700000|  0%| F|  |TAMS 0x00000000e3600000, 0x00000000e3600000| Untracked 
|  55|0x00000000e3700000, 0x00000000e3700000, 0x00000000e3800000|  0%| F|  |TAMS 0x00000000e3700000, 0x00000000e3700000| Untracked 
|  56|0x00000000e3800000, 0x00000000e3800000, 0x00000000e3900000|  0%| F|  |TAMS 0x00000000e3800000, 0x00000000e3800000| Untracked 
|  57|0x00000000e3900000, 0x00000000e3900000, 0x00000000e3a00000|  0%| F|  |TAMS 0x00000000e3900000, 0x00000000e3900000| Untracked 
|  58|0x00000000e3a00000, 0x00000000e3a00000, 0x00000000e3b00000|  0%| F|  |TAMS 0x00000000e3a00000, 0x00000000e3a00000| Untracked 
|  59|0x00000000e3b00000, 0x00000000e3b00000, 0x00000000e3c00000|  0%| F|  |TAMS 0x00000000e3b00000, 0x00000000e3b00000| Untracked 
|  60|0x00000000e3c00000, 0x00000000e3c00000, 0x00000000e3d00000|  0%| F|  |TAMS 0x00000000e3c00000, 0x00000000e3c00000| Untracked 
|  61|0x00000000e3d00000, 0x00000000e3d00000, 0x00000000e3e00000|  0%| F|  |TAMS 0x00000000e3d00000, 0x00000000e3d00000| Untracked 
|  62|0x00000000e3e00000, 0x00000000e3e00000, 0x00000000e3f00000|  0%| F|  |TAMS 0x00000000e3e00000, 0x00000000e3e00000| Untracked 
|  63|0x00000000e3f00000, 0x00000000e3f00000, 0x00000000e4000000|  0%| F|  |TAMS 0x00000000e3f00000, 0x00000000e3f00000| Untracked 
|  64|0x00000000e4000000, 0x00000000e4000000, 0x00000000e4100000|  0%| F|  |TAMS 0x00000000e4000000, 0x00000000e4000000| Untracked 
|  65|0x00000000e4100000, 0x00000000e4100000, 0x00000000e4200000|  0%| F|  |TAMS 0x00000000e4100000, 0x00000000e4100000| Untracked 
|  66|0x00000000e4200000, 0x00000000e4200000, 0x00000000e4300000|  0%| F|  |TAMS 0x00000000e4200000, 0x00000000e4200000| Untracked 
|  67|0x00000000e4300000, 0x00000000e4300000, 0x00000000e4400000|  0%| F|  |TAMS 0x00000000e4300000, 0x00000000e4300000| Untracked 
|  68|0x00000000e4400000, 0x00000000e4400000, 0x00000000e4500000|  0%| F|  |TAMS 0x00000000e4400000, 0x00000000e4400000| Untracked 
|  69|0x00000000e4500000, 0x00000000e4500000, 0x00000000e4600000|  0%| F|  |TAMS 0x00000000e4500000, 0x00000000e4500000| Untracked 
|  70|0x00000000e4600000, 0x00000000e4600000, 0x00000000e4700000|  0%| F|  |TAMS 0x00000000e4600000, 0x00000000e4600000| Untracked 
|  71|0x00000000e4700000, 0x00000000e4700000, 0x00000000e4800000|  0%| F|  |TAMS 0x00000000e4700000, 0x00000000e4700000| Untracked 
|  72|0x00000000e4800000, 0x00000000e4800000, 0x00000000e4900000|  0%| F|  |TAMS 0x00000000e4800000, 0x00000000e4800000| Untracked 
|  73|0x00000000e4900000, 0x00000000e4900000, 0x00000000e4a00000|  0%| F|  |TAMS 0x00000000e4900000, 0x00000000e4900000| Untracked 
|  74|0x00000000e4a00000, 0x00000000e4a00000, 0x00000000e4b00000|  0%| F|  |TAMS 0x00000000e4a00000, 0x00000000e4a00000| Untracked 
|  75|0x00000000e4b00000, 0x00000000e4b00000, 0x00000000e4c00000|  0%| F|  |TAMS 0x00000000e4b00000, 0x00000000e4b00000| Untracked 
|  76|0x00000000e4c00000, 0x00000000e4c00000, 0x00000000e4d00000|  0%| F|  |TAMS 0x00000000e4c00000, 0x00000000e4c00000| Untracked 
|  77|0x00000000e4d00000, 0x00000000e4d00000, 0x00000000e4e00000|  0%| F|  |TAMS 0x00000000e4d00000, 0x00000000e4d00000| Untracked 
|  78|0x00000000e4e00000, 0x00000000e4e00000, 0x00000000e4f00000|  0%| F|  |TAMS 0x00000000e4e00000, 0x00000000e4e00000| Untracked 
|  79|0x00000000e4f00000, 0x00000000e4f00000, 0x00000000e5000000|  0%| F|  |TAMS 0x00000000e4f00000, 0x00000000e4f00000| Untracked 
|  80|0x00000000e5000000, 0x00000000e5000000, 0x00000000e5100000|  0%| F|  |TAMS 0x00000000e5000000, 0x00000000e5000000| Untracked 
|  81|0x00000000e5100000, 0x00000000e5100000, 0x00000000e5200000|  0%| F|  |TAMS 0x00000000e5100000, 0x00000000e5100000| Untracked 
|  82|0x00000000e5200000, 0x00000000e5200000, 0x00000000e5300000|  0%| F|  |TAMS 0x00000000e5200000, 0x00000000e5200000| Untracked 
|  83|0x00000000e5300000, 0x00000000e5300000, 0x00000000e5400000|  0%| F|  |TAMS 0x00000000e5300000, 0x00000000e5300000| Untracked 
|  84|0x00000000e5400000, 0x00000000e5400000, 0x00000000e5500000|  0%| F|  |TAMS 0x00000000e5400000, 0x00000000e5400000| Untracked 
|  85|0x00000000e5500000, 0x00000000e5500000, 0x00000000e5600000|  0%| F|  |TAMS 0x00000000e5500000, 0x00000000e5500000| Untracked 
|  86|0x00000000e5600000, 0x00000000e5600000, 0x00000000e5700000|  0%| F|  |TAMS 0x00000000e5600000, 0x00000000e5600000| Untracked 
|  87|0x00000000e5700000, 0x00000000e5700000, 0x00000000e5800000|  0%| F|  |TAMS 0x00000000e5700000, 0x00000000e5700000| Untracked 
|  88|0x00000000e5800000, 0x00000000e5800000, 0x00000000e5900000|  0%| F|  |TAMS 0x00000000e5800000, 0x00000000e5800000| Untracked 
|  89|0x00000000e5900000, 0x00000000e5900000, 0x00000000e5a00000|  0%| F|  |TAMS 0x00000000e5900000, 0x00000000e5900000| Untracked 
|  90|0x00000000e5a00000, 0x00000000e5a00000, 0x00000000e5b00000|  0%| F|  |TAMS 0x00000000e5a00000, 0x00000000e5a00000| Untracked 
|  91|0x00000000e5b00000, 0x00000000e5b00000, 0x00000000e5c00000|  0%| F|  |TAMS 0x00000000e5b00000, 0x00000000e5b00000| Untracked 
|  92|0x00000000e5c00000, 0x00000000e5c00000, 0x00000000e5d00000|  0%| F|  |TAMS 0x00000000e5c00000, 0x00000000e5c00000| Untracked 
|  93|0x00000000e5d00000, 0x00000000e5d00000, 0x00000000e5e00000|  0%| F|  |TAMS 0x00000000e5d00000, 0x00000000e5d00000| Untracked 
|  94|0x00000000e5e00000, 0x00000000e5e00000, 0x00000000e5f00000|  0%| F|  |TAMS 0x00000000e5e00000, 0x00000000e5e00000| Untracked 
|  95|0x00000000e5f00000, 0x00000000e5f417f0, 0x00000000e6000000| 25%| S|CS|TAMS 0x00000000e5f00000, 0x00000000e5f00000| Complete 
|  96|0x00000000e6000000, 0x00000000e6100000, 0x00000000e6100000|100%| S|CS|TAMS 0x00000000e6000000, 0x00000000e6000000| Complete 
|  97|0x00000000e6100000, 0x00000000e6200000, 0x00000000e6200000|100%| S|CS|TAMS 0x00000000e6100000, 0x00000000e6100000| Complete 
|  98|0x00000000e6200000, 0x00000000e6300000, 0x00000000e6300000|100%| S|CS|TAMS 0x00000000e6200000, 0x00000000e6200000| Complete 
|  99|0x00000000e6300000, 0x00000000e6400000, 0x00000000e6400000|100%| S|CS|TAMS 0x00000000e6300000, 0x00000000e6300000| Complete 
| 100|0x00000000e6400000, 0x00000000e6500000, 0x00000000e6500000|100%| S|CS|TAMS 0x00000000e6400000, 0x00000000e6400000| Complete 
| 101|0x00000000e6500000, 0x00000000e6600000, 0x00000000e6600000|100%| S|CS|TAMS 0x00000000e6500000, 0x00000000e6500000| Complete 
| 102|0x00000000e6600000, 0x00000000e6700000, 0x00000000e6700000|100%| S|CS|TAMS 0x00000000e6600000, 0x00000000e6600000| Complete 
| 103|0x00000000e6700000, 0x00000000e6700000, 0x00000000e6800000|  0%| F|  |TAMS 0x00000000e6700000, 0x00000000e6700000| Untracked 
| 104|0x00000000e6800000, 0x00000000e6800000, 0x00000000e6900000|  0%| F|  |TAMS 0x00000000e6800000, 0x00000000e6800000| Untracked 
| 105|0x00000000e6900000, 0x00000000e6900000, 0x00000000e6a00000|  0%| F|  |TAMS 0x00000000e6900000, 0x00000000e6900000| Untracked 
| 106|0x00000000e6a00000, 0x00000000e6a00000, 0x00000000e6b00000|  0%| F|  |TAMS 0x00000000e6a00000, 0x00000000e6a00000| Untracked 
| 107|0x00000000e6b00000, 0x00000000e6b00000, 0x00000000e6c00000|  0%| F|  |TAMS 0x00000000e6b00000, 0x00000000e6b00000| Untracked 
| 108|0x00000000e6c00000, 0x00000000e6c00000, 0x00000000e6d00000|  0%| F|  |TAMS 0x00000000e6c00000, 0x00000000e6c00000| Untracked 
| 109|0x00000000e6d00000, 0x00000000e6d00000, 0x00000000e6e00000|  0%| F|  |TAMS 0x00000000e6d00000, 0x00000000e6d00000| Untracked 
| 110|0x00000000e6e00000, 0x00000000e6e00000, 0x00000000e6f00000|  0%| F|  |TAMS 0x00000000e6e00000, 0x00000000e6e00000| Untracked 
| 111|0x00000000e6f00000, 0x00000000e6f00000, 0x00000000e7000000|  0%| F|  |TAMS 0x00000000e6f00000, 0x00000000e6f00000| Untracked 
| 112|0x00000000e7000000, 0x00000000e7000000, 0x00000000e7100000|  0%| F|  |TAMS 0x00000000e7000000, 0x00000000e7000000| Untracked 
| 113|0x00000000e7100000, 0x00000000e7180800, 0x00000000e7200000| 50%| E|  |TAMS 0x00000000e7100000, 0x00000000e7100000| Complete 
| 114|0x00000000e7200000, 0x00000000e7300000, 0x00000000e7300000|100%| E|CS|TAMS 0x00000000e7200000, 0x00000000e7200000| Complete 
| 115|0x00000000e7300000, 0x00000000e7400000, 0x00000000e7400000|100%| E|CS|TAMS 0x00000000e7300000, 0x00000000e7300000| Complete 
| 116|0x00000000e7400000, 0x00000000e7500000, 0x00000000e7500000|100%| E|CS|TAMS 0x00000000e7400000, 0x00000000e7400000| Complete 
| 117|0x00000000e7500000, 0x00000000e7600000, 0x00000000e7600000|100%| E|CS|TAMS 0x00000000e7500000, 0x00000000e7500000| Complete 
| 118|0x00000000e7600000, 0x00000000e7700000, 0x00000000e7700000|100%| E|CS|TAMS 0x00000000e7600000, 0x00000000e7600000| Complete 
| 119|0x00000000e7700000, 0x00000000e7800000, 0x00000000e7800000|100%| E|CS|TAMS 0x00000000e7700000, 0x00000000e7700000| Complete 
| 120|0x00000000e7800000, 0x00000000e7900000, 0x00000000e7900000|100%| E|CS|TAMS 0x00000000e7800000, 0x00000000e7800000| Complete 
| 121|0x00000000e7900000, 0x00000000e7a00000, 0x00000000e7a00000|100%| E|CS|TAMS 0x00000000e7900000, 0x00000000e7900000| Complete 
| 122|0x00000000e7a00000, 0x00000000e7b00000, 0x00000000e7b00000|100%| E|CS|TAMS 0x00000000e7a00000, 0x00000000e7a00000| Complete 
| 123|0x00000000e7b00000, 0x00000000e7c00000, 0x00000000e7c00000|100%| E|CS|TAMS 0x00000000e7b00000, 0x00000000e7b00000| Complete 
| 124|0x00000000e7c00000, 0x00000000e7d00000, 0x00000000e7d00000|100%| E|CS|TAMS 0x00000000e7c00000, 0x00000000e7c00000| Complete 
| 125|0x00000000e7d00000, 0x00000000e7e00000, 0x00000000e7e00000|100%| E|CS|TAMS 0x00000000e7d00000, 0x00000000e7d00000| Complete 
| 126|0x00000000e7e00000, 0x00000000e7f00000, 0x00000000e7f00000|100%| E|CS|TAMS 0x00000000e7e00000, 0x00000000e7e00000| Complete 
| 127|0x00000000e7f00000, 0x00000000e8000000, 0x00000000e8000000|100%| E|CS|TAMS 0x00000000e7f00000, 0x00000000e7f00000| Complete 
| 128|0x00000000e8000000, 0x00000000e8100000, 0x00000000e8100000|100%| E|CS|TAMS 0x00000000e8000000, 0x00000000e8000000| Complete 
| 129|0x00000000e8100000, 0x00000000e8200000, 0x00000000e8200000|100%| E|CS|TAMS 0x00000000e8100000, 0x00000000e8100000| Complete 
| 130|0x00000000e8200000, 0x00000000e8300000, 0x00000000e8300000|100%| E|CS|TAMS 0x00000000e8200000, 0x00000000e8200000| Complete 
| 131|0x00000000e8300000, 0x00000000e8400000, 0x00000000e8400000|100%| E|CS|TAMS 0x00000000e8300000, 0x00000000e8300000| Complete 
| 132|0x00000000e8400000, 0x00000000e8500000, 0x00000000e8500000|100%| E|CS|TAMS 0x00000000e8400000, 0x00000000e8400000| Complete 
| 133|0x00000000e8500000, 0x00000000e8600000, 0x00000000e8600000|100%| E|CS|TAMS 0x00000000e8500000, 0x00000000e8500000| Complete 
| 134|0x00000000e8600000, 0x00000000e8700000, 0x00000000e8700000|100%| E|CS|TAMS 0x00000000e8600000, 0x00000000e8600000| Complete 
| 135|0x00000000e8700000, 0x00000000e8800000, 0x00000000e8800000|100%| E|CS|TAMS 0x00000000e8700000, 0x00000000e8700000| Complete 
| 136|0x00000000e8800000, 0x00000000e8900000, 0x00000000e8900000|100%| E|CS|TAMS 0x00000000e8800000, 0x00000000e8800000| Complete 
| 137|0x00000000e8900000, 0x00000000e8a00000, 0x00000000e8a00000|100%| E|CS|TAMS 0x00000000e8900000, 0x00000000e8900000| Complete 
| 138|0x00000000e8a00000, 0x00000000e8b00000, 0x00000000e8b00000|100%| E|CS|TAMS 0x00000000e8a00000, 0x00000000e8a00000| Complete 
| 139|0x00000000e8b00000, 0x00000000e8c00000, 0x00000000e8c00000|100%| E|CS|TAMS 0x00000000e8b00000, 0x00000000e8b00000| Complete 
| 140|0x00000000e8c00000, 0x00000000e8d00000, 0x00000000e8d00000|100%| E|CS|TAMS 0x00000000e8c00000, 0x00000000e8c00000| Complete 
| 141|0x00000000e8d00000, 0x00000000e8e00000, 0x00000000e8e00000|100%| E|CS|TAMS 0x00000000e8d00000, 0x00000000e8d00000| Complete 
| 142|0x00000000e8e00000, 0x00000000e8f00000, 0x00000000e8f00000|100%| E|CS|TAMS 0x00000000e8e00000, 0x00000000e8e00000| Complete 
| 143|0x00000000e8f00000, 0x00000000e9000000, 0x00000000e9000000|100%| E|CS|TAMS 0x00000000e8f00000, 0x00000000e8f00000| Complete 
| 144|0x00000000e9000000, 0x00000000e9100000, 0x00000000e9100000|100%| E|CS|TAMS 0x00000000e9000000, 0x00000000e9000000| Complete 
| 145|0x00000000e9100000, 0x00000000e9200000, 0x00000000e9200000|100%| E|CS|TAMS 0x00000000e9100000, 0x00000000e9100000| Complete 
| 146|0x00000000e9200000, 0x00000000e9300000, 0x00000000e9300000|100%| E|CS|TAMS 0x00000000e9200000, 0x00000000e9200000| Complete 
| 147|0x00000000e9300000, 0x00000000e9400000, 0x00000000e9400000|100%| E|CS|TAMS 0x00000000e9300000, 0x00000000e9300000| Complete 
| 148|0x00000000e9400000, 0x00000000e9500000, 0x00000000e9500000|100%| E|CS|TAMS 0x00000000e9400000, 0x00000000e9400000| Complete 
| 149|0x00000000e9500000, 0x00000000e9600000, 0x00000000e9600000|100%| E|CS|TAMS 0x00000000e9500000, 0x00000000e9500000| Complete 
| 150|0x00000000e9600000, 0x00000000e9700000, 0x00000000e9700000|100%| E|CS|TAMS 0x00000000e9600000, 0x00000000e9600000| Complete 
| 151|0x00000000e9700000, 0x00000000e9800000, 0x00000000e9800000|100%| E|CS|TAMS 0x00000000e9700000, 0x00000000e9700000| Complete 
| 152|0x00000000e9800000, 0x00000000e9900000, 0x00000000e9900000|100%| E|CS|TAMS 0x00000000e9800000, 0x00000000e9800000| Complete 
| 153|0x00000000e9900000, 0x00000000e9a00000, 0x00000000e9a00000|100%| E|CS|TAMS 0x00000000e9900000, 0x00000000e9900000| Complete 
| 154|0x00000000e9a00000, 0x00000000e9b00000, 0x00000000e9b00000|100%| E|CS|TAMS 0x00000000e9a00000, 0x00000000e9a00000| Complete 
| 155|0x00000000e9b00000, 0x00000000e9c00000, 0x00000000e9c00000|100%| E|CS|TAMS 0x00000000e9b00000, 0x00000000e9b00000| Complete 
| 156|0x00000000e9c00000, 0x00000000e9d00000, 0x00000000e9d00000|100%| E|CS|TAMS 0x00000000e9c00000, 0x00000000e9c00000| Complete 
| 157|0x00000000e9d00000, 0x00000000e9e00000, 0x00000000e9e00000|100%| E|CS|TAMS 0x00000000e9d00000, 0x00000000e9d00000| Complete 
| 158|0x00000000e9e00000, 0x00000000e9f00000, 0x00000000e9f00000|100%| E|CS|TAMS 0x00000000e9e00000, 0x00000000e9e00000| Complete 
| 159|0x00000000e9f00000, 0x00000000ea000000, 0x00000000ea000000|100%| E|CS|TAMS 0x00000000e9f00000, 0x00000000e9f00000| Complete 
| 160|0x00000000ea000000, 0x00000000ea100000, 0x00000000ea100000|100%| E|CS|TAMS 0x00000000ea000000, 0x00000000ea000000| Complete 
| 161|0x00000000ea100000, 0x00000000ea200000, 0x00000000ea200000|100%| E|CS|TAMS 0x00000000ea100000, 0x00000000ea100000| Complete 
| 162|0x00000000ea200000, 0x00000000ea300000, 0x00000000ea300000|100%| E|CS|TAMS 0x00000000ea200000, 0x00000000ea200000| Complete 
| 163|0x00000000ea300000, 0x00000000ea400000, 0x00000000ea400000|100%| E|CS|TAMS 0x00000000ea300000, 0x00000000ea300000| Complete 
| 164|0x00000000ea400000, 0x00000000ea500000, 0x00000000ea500000|100%| E|CS|TAMS 0x00000000ea400000, 0x00000000ea400000| Complete 
| 165|0x00000000ea500000, 0x00000000ea600000, 0x00000000ea600000|100%| E|CS|TAMS 0x00000000ea500000, 0x00000000ea500000| Complete 
| 166|0x00000000ea600000, 0x00000000ea700000, 0x00000000ea700000|100%| E|CS|TAMS 0x00000000ea600000, 0x00000000ea600000| Complete 
| 167|0x00000000ea700000, 0x00000000ea800000, 0x00000000ea800000|100%| E|CS|TAMS 0x00000000ea700000, 0x00000000ea700000| Complete 
| 168|0x00000000ea800000, 0x00000000ea900000, 0x00000000ea900000|100%| E|CS|TAMS 0x00000000ea800000, 0x00000000ea800000| Complete 
| 169|0x00000000ea900000, 0x00000000eaa00000, 0x00000000eaa00000|100%| E|CS|TAMS 0x00000000ea900000, 0x00000000ea900000| Complete 
| 170|0x00000000eaa00000, 0x00000000eab00000, 0x00000000eab00000|100%| E|CS|TAMS 0x00000000eaa00000, 0x00000000eaa00000| Complete 
| 171|0x00000000eab00000, 0x00000000eac00000, 0x00000000eac00000|100%| E|CS|TAMS 0x00000000eab00000, 0x00000000eab00000| Complete 
| 172|0x00000000eac00000, 0x00000000ead00000, 0x00000000ead00000|100%| E|CS|TAMS 0x00000000eac00000, 0x00000000eac00000| Complete 
| 173|0x00000000ead00000, 0x00000000eae00000, 0x00000000eae00000|100%| E|CS|TAMS 0x00000000ead00000, 0x00000000ead00000| Complete 
| 174|0x00000000eae00000, 0x00000000eaf00000, 0x00000000eaf00000|100%| E|CS|TAMS 0x00000000eae00000, 0x00000000eae00000| Complete 
| 175|0x00000000eaf00000, 0x00000000eb000000, 0x00000000eb000000|100%| E|CS|TAMS 0x00000000eaf00000, 0x00000000eaf00000| Complete 
| 176|0x00000000eb000000, 0x00000000eb100000, 0x00000000eb100000|100%| E|CS|TAMS 0x00000000eb000000, 0x00000000eb000000| Complete 
| 177|0x00000000eb100000, 0x00000000eb200000, 0x00000000eb200000|100%| E|CS|TAMS 0x00000000eb100000, 0x00000000eb100000| Complete 
| 178|0x00000000eb200000, 0x00000000eb300000, 0x00000000eb300000|100%| E|CS|TAMS 0x00000000eb200000, 0x00000000eb200000| Complete 
| 179|0x00000000eb300000, 0x00000000eb400000, 0x00000000eb400000|100%| E|CS|TAMS 0x00000000eb300000, 0x00000000eb300000| Complete 
| 180|0x00000000eb400000, 0x00000000eb500000, 0x00000000eb500000|100%| E|CS|TAMS 0x00000000eb400000, 0x00000000eb400000| Complete 
| 181|0x00000000eb500000, 0x00000000eb600000, 0x00000000eb600000|100%| E|CS|TAMS 0x00000000eb500000, 0x00000000eb500000| Complete 
| 182|0x00000000eb600000, 0x00000000eb700000, 0x00000000eb700000|100%| E|CS|TAMS 0x00000000eb600000, 0x00000000eb600000| Complete 
| 183|0x00000000eb700000, 0x00000000eb800000, 0x00000000eb800000|100%| E|CS|TAMS 0x00000000eb700000, 0x00000000eb700000| Complete 
| 184|0x00000000eb800000, 0x00000000eb900000, 0x00000000eb900000|100%| E|CS|TAMS 0x00000000eb800000, 0x00000000eb800000| Complete 
| 185|0x00000000eb900000, 0x00000000eba00000, 0x00000000eba00000|100%| E|CS|TAMS 0x00000000eb900000, 0x00000000eb900000| Complete 
| 186|0x00000000eba00000, 0x00000000ebb00000, 0x00000000ebb00000|100%| E|CS|TAMS 0x00000000eba00000, 0x00000000eba00000| Complete 
| 187|0x00000000ebb00000, 0x00000000ebc00000, 0x00000000ebc00000|100%| E|CS|TAMS 0x00000000ebb00000, 0x00000000ebb00000| Complete 
| 188|0x00000000ebc00000, 0x00000000ebd00000, 0x00000000ebd00000|100%| E|CS|TAMS 0x00000000ebc00000, 0x00000000ebc00000| Complete 
| 189|0x00000000ebd00000, 0x00000000ebe00000, 0x00000000ebe00000|100%| E|CS|TAMS 0x00000000ebd00000, 0x00000000ebd00000| Complete 
| 190|0x00000000ebe00000, 0x00000000ebf00000, 0x00000000ebf00000|100%| E|CS|TAMS 0x00000000ebe00000, 0x00000000ebe00000| Complete 
| 191|0x00000000ebf00000, 0x00000000ec000000, 0x00000000ec000000|100%| E|CS|TAMS 0x00000000ebf00000, 0x00000000ebf00000| Complete 
| 192|0x00000000ec000000, 0x00000000ec100000, 0x00000000ec100000|100%| E|CS|TAMS 0x00000000ec000000, 0x00000000ec000000| Complete 
| 193|0x00000000ec100000, 0x00000000ec200000, 0x00000000ec200000|100%| E|CS|TAMS 0x00000000ec100000, 0x00000000ec100000| Complete 
| 194|0x00000000ec200000, 0x00000000ec300000, 0x00000000ec300000|100%| E|CS|TAMS 0x00000000ec200000, 0x00000000ec200000| Complete 
| 195|0x00000000ec300000, 0x00000000ec400000, 0x00000000ec400000|100%| E|CS|TAMS 0x00000000ec300000, 0x00000000ec300000| Complete 
| 196|0x00000000ec400000, 0x00000000ec500000, 0x00000000ec500000|100%| E|CS|TAMS 0x00000000ec400000, 0x00000000ec400000| Complete 
| 197|0x00000000ec500000, 0x00000000ec600000, 0x00000000ec600000|100%| E|CS|TAMS 0x00000000ec500000, 0x00000000ec500000| Complete 
| 198|0x00000000ec600000, 0x00000000ec700000, 0x00000000ec700000|100%| E|CS|TAMS 0x00000000ec600000, 0x00000000ec600000| Complete 
| 199|0x00000000ec700000, 0x00000000ec800000, 0x00000000ec800000|100%| E|CS|TAMS 0x00000000ec700000, 0x00000000ec700000| Complete 
| 200|0x00000000ec800000, 0x00000000ec900000, 0x00000000ec900000|100%| E|CS|TAMS 0x00000000ec800000, 0x00000000ec800000| Complete 
| 201|0x00000000ec900000, 0x00000000eca00000, 0x00000000eca00000|100%| E|CS|TAMS 0x00000000ec900000, 0x00000000ec900000| Complete 
| 202|0x00000000eca00000, 0x00000000ecb00000, 0x00000000ecb00000|100%| E|CS|TAMS 0x00000000eca00000, 0x00000000eca00000| Complete 
| 203|0x00000000ecb00000, 0x00000000ecc00000, 0x00000000ecc00000|100%| E|CS|TAMS 0x00000000ecb00000, 0x00000000ecb00000| Complete 
| 204|0x00000000ecc00000, 0x00000000ecd00000, 0x00000000ecd00000|100%| E|CS|TAMS 0x00000000ecc00000, 0x00000000ecc00000| Complete 
| 205|0x00000000ecd00000, 0x00000000ece00000, 0x00000000ece00000|100%| E|CS|TAMS 0x00000000ecd00000, 0x00000000ecd00000| Complete 
| 206|0x00000000ece00000, 0x00000000ecf00000, 0x00000000ecf00000|100%| E|CS|TAMS 0x00000000ece00000, 0x00000000ece00000| Complete 
| 207|0x00000000ecf00000, 0x00000000ed000000, 0x00000000ed000000|100%| E|CS|TAMS 0x00000000ecf00000, 0x00000000ecf00000| Complete 
| 208|0x00000000ed000000, 0x00000000ed100000, 0x00000000ed100000|100%| E|CS|TAMS 0x00000000ed000000, 0x00000000ed000000| Complete 
| 209|0x00000000ed100000, 0x00000000ed200000, 0x00000000ed200000|100%| E|CS|TAMS 0x00000000ed100000, 0x00000000ed100000| Complete 
| 210|0x00000000ed200000, 0x00000000ed300000, 0x00000000ed300000|100%| E|CS|TAMS 0x00000000ed200000, 0x00000000ed200000| Complete 
| 211|0x00000000ed300000, 0x00000000ed400000, 0x00000000ed400000|100%| E|CS|TAMS 0x00000000ed300000, 0x00000000ed300000| Complete 
| 212|0x00000000ed400000, 0x00000000ed500000, 0x00000000ed500000|100%| E|CS|TAMS 0x00000000ed400000, 0x00000000ed400000| Complete 
| 213|0x00000000ed500000, 0x00000000ed600000, 0x00000000ed600000|100%| E|CS|TAMS 0x00000000ed500000, 0x00000000ed500000| Complete 
| 214|0x00000000ed600000, 0x00000000ed700000, 0x00000000ed700000|100%| E|CS|TAMS 0x00000000ed600000, 0x00000000ed600000| Complete 
| 215|0x00000000ed700000, 0x00000000ed800000, 0x00000000ed800000|100%| E|CS|TAMS 0x00000000ed700000, 0x00000000ed700000| Complete 
| 216|0x00000000ed800000, 0x00000000ed900000, 0x00000000ed900000|100%| E|CS|TAMS 0x00000000ed800000, 0x00000000ed800000| Complete 
| 217|0x00000000ed900000, 0x00000000eda00000, 0x00000000eda00000|100%| E|CS|TAMS 0x00000000ed900000, 0x00000000ed900000| Complete 
| 218|0x00000000eda00000, 0x00000000edb00000, 0x00000000edb00000|100%| E|CS|TAMS 0x00000000eda00000, 0x00000000eda00000| Complete 
| 219|0x00000000edb00000, 0x00000000edc00000, 0x00000000edc00000|100%| E|CS|TAMS 0x00000000edb00000, 0x00000000edb00000| Complete 
| 220|0x00000000edc00000, 0x00000000edd00000, 0x00000000edd00000|100%| E|CS|TAMS 0x00000000edc00000, 0x00000000edc00000| Complete 
| 221|0x00000000edd00000, 0x00000000ede00000, 0x00000000ede00000|100%| E|CS|TAMS 0x00000000edd00000, 0x00000000edd00000| Complete 
| 222|0x00000000ede00000, 0x00000000edf00000, 0x00000000edf00000|100%| E|CS|TAMS 0x00000000ede00000, 0x00000000ede00000| Complete 
| 223|0x00000000edf00000, 0x00000000ee000000, 0x00000000ee000000|100%| E|CS|TAMS 0x00000000edf00000, 0x00000000edf00000| Complete 
| 224|0x00000000ee000000, 0x00000000ee100000, 0x00000000ee100000|100%| E|CS|TAMS 0x00000000ee000000, 0x00000000ee000000| Complete 
| 225|0x00000000ee100000, 0x00000000ee200000, 0x00000000ee200000|100%| E|CS|TAMS 0x00000000ee100000, 0x00000000ee100000| Complete 
| 226|0x00000000ee200000, 0x00000000ee300000, 0x00000000ee300000|100%| E|CS|TAMS 0x00000000ee200000, 0x00000000ee200000| Complete 
| 227|0x00000000ee300000, 0x00000000ee400000, 0x00000000ee400000|100%| E|CS|TAMS 0x00000000ee300000, 0x00000000ee300000| Complete 
| 228|0x00000000ee400000, 0x00000000ee500000, 0x00000000ee500000|100%| E|CS|TAMS 0x00000000ee400000, 0x00000000ee400000| Complete 
| 229|0x00000000ee500000, 0x00000000ee600000, 0x00000000ee600000|100%| E|CS|TAMS 0x00000000ee500000, 0x00000000ee500000| Complete 
| 230|0x00000000ee600000, 0x00000000ee700000, 0x00000000ee700000|100%| E|CS|TAMS 0x00000000ee600000, 0x00000000ee600000| Complete 
| 231|0x00000000ee700000, 0x00000000ee800000, 0x00000000ee800000|100%| E|CS|TAMS 0x00000000ee700000, 0x00000000ee700000| Complete 
| 232|0x00000000ee800000, 0x00000000ee900000, 0x00000000ee900000|100%| E|CS|TAMS 0x00000000ee800000, 0x00000000ee800000| Complete 
| 233|0x00000000ee900000, 0x00000000eea00000, 0x00000000eea00000|100%| E|CS|TAMS 0x00000000ee900000, 0x00000000ee900000| Complete 
| 234|0x00000000eea00000, 0x00000000eeb00000, 0x00000000eeb00000|100%| E|CS|TAMS 0x00000000eea00000, 0x00000000eea00000| Complete 
| 235|0x00000000eeb00000, 0x00000000eec00000, 0x00000000eec00000|100%| E|CS|TAMS 0x00000000eeb00000, 0x00000000eeb00000| Complete 
| 236|0x00000000eec00000, 0x00000000eed00000, 0x00000000eed00000|100%| E|CS|TAMS 0x00000000eec00000, 0x00000000eec00000| Complete 
| 237|0x00000000eed00000, 0x00000000eee00000, 0x00000000eee00000|100%| E|CS|TAMS 0x00000000eed00000, 0x00000000eed00000| Complete 
| 238|0x00000000eee00000, 0x00000000eef00000, 0x00000000eef00000|100%| E|CS|TAMS 0x00000000eee00000, 0x00000000eee00000| Complete 
| 239|0x00000000eef00000, 0x00000000ef000000, 0x00000000ef000000|100%| E|CS|TAMS 0x00000000eef00000, 0x00000000eef00000| Complete 
| 240|0x00000000ef000000, 0x00000000ef100000, 0x00000000ef100000|100%| E|CS|TAMS 0x00000000ef000000, 0x00000000ef000000| Complete 
| 241|0x00000000ef100000, 0x00000000ef200000, 0x00000000ef200000|100%| E|CS|TAMS 0x00000000ef100000, 0x00000000ef100000| Complete 
| 242|0x00000000ef200000, 0x00000000ef300000, 0x00000000ef300000|100%| E|CS|TAMS 0x00000000ef200000, 0x00000000ef200000| Complete 
| 243|0x00000000ef300000, 0x00000000ef400000, 0x00000000ef400000|100%| E|CS|TAMS 0x00000000ef300000, 0x00000000ef300000| Complete 
| 244|0x00000000ef400000, 0x00000000ef500000, 0x00000000ef500000|100%| E|CS|TAMS 0x00000000ef400000, 0x00000000ef400000| Complete 
| 245|0x00000000ef500000, 0x00000000ef600000, 0x00000000ef600000|100%| E|CS|TAMS 0x00000000ef500000, 0x00000000ef500000| Complete 
| 246|0x00000000ef600000, 0x00000000ef700000, 0x00000000ef700000|100%| E|CS|TAMS 0x00000000ef600000, 0x00000000ef600000| Complete 
| 247|0x00000000ef700000, 0x00000000ef800000, 0x00000000ef800000|100%| E|CS|TAMS 0x00000000ef700000, 0x00000000ef700000| Complete 
| 248|0x00000000ef800000, 0x00000000ef900000, 0x00000000ef900000|100%| E|CS|TAMS 0x00000000ef800000, 0x00000000ef800000| Complete 
| 249|0x00000000ef900000, 0x00000000efa00000, 0x00000000efa00000|100%| E|CS|TAMS 0x00000000ef900000, 0x00000000ef900000| Complete 
| 250|0x00000000efa00000, 0x00000000efb00000, 0x00000000efb00000|100%| E|CS|TAMS 0x00000000efa00000, 0x00000000efa00000| Complete 
| 251|0x00000000efb00000, 0x00000000efc00000, 0x00000000efc00000|100%| E|CS|TAMS 0x00000000efb00000, 0x00000000efb00000| Complete 
| 252|0x00000000efc00000, 0x00000000efd00000, 0x00000000efd00000|100%| E|CS|TAMS 0x00000000efc00000, 0x00000000efc00000| Complete 
| 253|0x00000000efd00000, 0x00000000efe00000, 0x00000000efe00000|100%| E|CS|TAMS 0x00000000efd00000, 0x00000000efd00000| Complete 
| 254|0x00000000efe00000, 0x00000000eff00000, 0x00000000eff00000|100%| E|CS|TAMS 0x00000000efe00000, 0x00000000efe00000| Complete 
| 255|0x00000000eff00000, 0x00000000f0000000, 0x00000000f0000000|100%| E|CS|TAMS 0x00000000eff00000, 0x00000000eff00000| Complete 

Card table byte_map: [0x0000020c53b70000,0x0000020c53c70000] _byte_map_base: 0x0000020c53470000

Marking Bits (Prev, Next): (CMBitMap*) 0x0000020c3af981c0, (CMBitMap*) 0x0000020c3af98200
 Prev Bits: [0x0000020c53d70000, 0x0000020c54570000)
 Next Bits: [0x0000020c54570000, 0x0000020c54d70000)

Polling page: 0x0000020c3b040000

Metaspace:

Usage:
  Non-class:     47.20 MB used.
      Class:      7.71 MB used.
       Both:     54.91 MB used.

Virtual space:
  Non-class space:       64.00 MB reserved,      47.56 MB ( 74%) committed,  1 nodes.
      Class space:      320.00 MB reserved,       7.94 MB (  2%) committed,  1 nodes.
             Both:      384.00 MB reserved,      55.50 MB ( 14%) committed. 

Chunk freelists:
   Non-Class:  272.00 KB
       Class:  8.00 MB
        Both:  8.27 MB

MaxMetaspaceSize: 384.00 MB
CompressedClassSpaceSize: 320.00 MB
Initial GC threshold: 21.00 MB
Current GC threshold: 59.50 MB
CDS: on
MetaspaceReclaimPolicy: balanced
 - commit_granule_bytes: 65536.
 - commit_granule_words: 8192.
 - virtual_space_node_default_size: 8388608.
 - enlarge_chunks_in_place: 1.
 - new_chunks_are_fully_committed: 0.
 - uncommit_free_chunks: 1.
 - use_allocation_guard: 0.
 - handle_deallocations: 1.


Internal statistics:

num_allocs_failed_limit: 9.
num_arena_births: 690.
num_arena_deaths: 0.
num_vsnodes_births: 2.
num_vsnodes_deaths: 0.
num_space_committed: 888.
num_space_uncommitted: 0.
num_chunks_returned_to_freelist: 9.
num_chunks_taken_from_freelist: 3105.
num_chunk_merges: 9.
num_chunk_splits: 1977.
num_chunks_enlarged: 1255.
num_inconsistent_stats: 0.

CodeHeap 'non-profiled nmethods': size=120000Kb used=4341Kb max_used=4341Kb free=115658Kb
 bounds [0x0000020c4bad0000, 0x0000020c4bf10000, 0x0000020c53000000]
CodeHeap 'profiled nmethods': size=120000Kb used=14090Kb max_used=14090Kb free=105909Kb
 bounds [0x0000020c44000000, 0x0000020c44dd0000, 0x0000020c4b530000]
CodeHeap 'non-nmethods': size=5760Kb used=2341Kb max_used=2398Kb free=3419Kb
 bounds [0x0000020c4b530000, 0x0000020c4b7a0000, 0x0000020c4bad0000]
 total_blobs=8147 nmethods=7286 adapters=773
 compilation: enabled
              stopped_count=0, restarted_count=0
 full_count=0

Compilation events (20 events):
Event: 7.348 Thread 0x0000020c577cd8c0 8003       3       org.gradle.api.internal.attributes.DefaultMutableAttributeContainer::asImmutable (37 bytes)
Event: 7.348 Thread 0x0000020c577cd8c0 nmethod 8003 0x0000020c44db8710 code [0x0000020c44db8960, 0x0000020c44db9418]
Event: 7.348 Thread 0x0000020c577cd8c0 8004   !   3       org.gradle.api.internal.attributes.DefaultMutableAttributeContainer::realizeAllLazyAttributes (63 bytes)
Event: 7.349 Thread 0x0000020c577cd8c0 nmethod 8004 0x0000020c44db9790 code [0x0000020c44db99e0, 0x0000020c44dba1e8]
Event: 7.350 Thread 0x0000020c577cd8c0 8005       3       org.gradle.api.internal.artifacts.ivyservice.modulecache.dynamicversions.DefaultResolvedModuleVersion::<init> (10 bytes)
Event: 7.350 Thread 0x0000020c577cd8c0 nmethod 8005 0x0000020c44dba490 code [0x0000020c44dba620, 0x0000020c44dba7d8]
Event: 7.350 Thread 0x0000020c577cd8c0 8006       1       org.gradle.api.internal.attributes.matching.DefaultAttributeMatcher$CachedQuery::hashCode (5 bytes)
Event: 7.350 Thread 0x0000020c577cd8c0 nmethod 8006 0x0000020c4bf06f90 code [0x0000020c4bf07120, 0x0000020c4bf071f8]
Event: 7.350 Thread 0x0000020c577cd8c0 8007       3       org.gradle.internal.instantiation.generator.Jsr330ConstructorSelector::forType (32 bytes)
Event: 7.350 Thread 0x0000020c577cd8c0 nmethod 8007 0x0000020c44dba890 code [0x0000020c44dbaac0, 0x0000020c44dbb4d8]
Event: 7.350 Thread 0x0000020c577cd8c0 8010       3       java.util.Collections$SingletonSet::contains (9 bytes)
Event: 7.350 Thread 0x0000020c577cd8c0 nmethod 8010 0x0000020c44dbb810 code [0x0000020c44dbb9c0, 0x0000020c44dbbca8]
Event: 7.351 Thread 0x0000020c577cd8c0 8008       3       org.gradle.internal.instantiation.generator.Jsr330ConstructorSelector$$Lambda$130/0x0000020c591b2ef0::<init> (15 bytes)
Event: 7.351 Thread 0x0000020c577cd8c0 nmethod 8008 0x0000020c44dbbd90 code [0x0000020c44dbbf40, 0x0000020c44dbc158]
Event: 7.351 Thread 0x0000020c577cd8c0 8009       3       org.gradle.internal.instantiation.generator.Jsr330ConstructorSelector$CachedConstructor::getConstructor (17 bytes)
Event: 7.351 Thread 0x0000020c577cd8c0 nmethod 8009 0x0000020c44dbc210 code [0x0000020c44dbc3a0, 0x0000020c44dbc4f8]
Event: 7.351 Thread 0x0000020c577cd8c0 8011       1       org.gradle.api.internal.artifacts.ivyservice.resolveengine.strict.StrictVersionConstraints$1::contains (2 bytes)
Event: 7.351 Thread 0x0000020c577cd8c0 nmethod 8011 0x0000020c4bf07290 code [0x0000020c4bf07420, 0x0000020c4bf074f8]
Event: 7.351 Thread 0x0000020c577cd8c0 8012       1       org.gradle.internal.component.external.model.GradleDependencyMetadata::isForce (5 bytes)
Event: 7.351 Thread 0x0000020c577cd8c0 nmethod 8012 0x0000020c4bf07590 code [0x0000020c4bf07720, 0x0000020c4bf077f8]

GC Heap History (16 events):
Event: 0.383 GC heap before
{Heap before GC invocations=0 (full 0):
 garbage-first heap   total 262144K, used 22528K [0x00000000e0000000, 0x0000000100000000)
  region size 1024K, 23 young (23552K), 0 survivors (0K)
 Metaspace       used 1099K, committed 1216K, reserved 393216K
  class space    used 78K, committed 128K, reserved 327680K
}
Event: 0.385 GC heap after
{Heap after GC invocations=1 (full 0):
 garbage-first heap   total 262144K, used 2687K [0x00000000e0000000, 0x0000000100000000)
  region size 1024K, 3 young (3072K), 3 survivors (3072K)
 Metaspace       used 1099K, committed 1216K, reserved 393216K
  class space    used 78K, committed 128K, reserved 327680K
}
Event: 0.895 GC heap before
{Heap before GC invocations=1 (full 0):
 garbage-first heap   total 262144K, used 38527K [0x00000000e0000000, 0x0000000100000000)
  region size 1024K, 36 young (36864K), 3 survivors (3072K)
 Metaspace       used 4405K, committed 4544K, reserved 393216K
  class space    used 553K, committed 640K, reserved 327680K
}
Event: 0.899 GC heap after
{Heap after GC invocations=2 (full 0):
 garbage-first heap   total 262144K, used 10773K [0x00000000e0000000, 0x0000000100000000)
  region size 1024K, 5 young (5120K), 5 survivors (5120K)
 Metaspace       used 4405K, committed 4544K, reserved 393216K
  class space    used 553K, committed 640K, reserved 327680K
}
Event: 1.253 GC heap before
{Heap before GC invocations=2 (full 0):
 garbage-first heap   total 262144K, used 57877K [0x00000000e0000000, 0x0000000100000000)
  region size 1024K, 49 young (50176K), 5 survivors (5120K)
 Metaspace       used 4682K, committed 4864K, reserved 393216K
  class space    used 591K, committed 704K, reserved 327680K
}
Event: 1.257 GC heap after
{Heap after GC invocations=3 (full 0):
 garbage-first heap   total 262144K, used 16243K [0x00000000e0000000, 0x0000000100000000)
  region size 1024K, 5 young (5120K), 5 survivors (5120K)
 Metaspace       used 4682K, committed 4864K, reserved 393216K
  class space    used 591K, committed 704K, reserved 327680K
}
Event: 2.642 GC heap before
{Heap before GC invocations=3 (full 0):
 garbage-first heap   total 262144K, used 124787K [0x00000000e0000000, 0x0000000100000000)
  region size 1024K, 112 young (114688K), 5 survivors (5120K)
 Metaspace       used 21139K, committed 21504K, reserved 393216K
  class space    used 3102K, committed 3328K, reserved 327680K
}
Event: 2.652 GC heap after
{Heap after GC invocations=4 (full 0):
 garbage-first heap   total 262144K, used 23768K [0x00000000e0000000, 0x0000000100000000)
  region size 1024K, 12 young (12288K), 12 survivors (12288K)
 Metaspace       used 21139K, committed 21504K, reserved 393216K
  class space    used 3102K, committed 3328K, reserved 327680K
}
Event: 4.059 GC heap before
{Heap before GC invocations=5 (full 0):
 garbage-first heap   total 262144K, used 144600K [0x00000000e0000000, 0x0000000100000000)
  region size 1024K, 127 young (130048K), 12 survivors (12288K)
 Metaspace       used 35536K, committed 35968K, reserved 393216K
  class space    used 4939K, committed 5120K, reserved 327680K
}
Event: 4.072 GC heap after
{Heap after GC invocations=6 (full 0):
 garbage-first heap   total 262144K, used 32945K [0x00000000e0000000, 0x0000000100000000)
  region size 1024K, 17 young (17408K), 17 survivors (17408K)
 Metaspace       used 35536K, committed 35968K, reserved 393216K
  class space    used 4939K, committed 5120K, reserved 327680K
}
Event: 4.084 GC heap before
{Heap before GC invocations=6 (full 0):
 garbage-first heap   total 262144K, used 33969K [0x00000000e0000000, 0x0000000100000000)
  region size 1024K, 18 young (18432K), 17 survivors (17408K)
 Metaspace       used 35785K, committed 36224K, reserved 393216K
  class space    used 4981K, committed 5184K, reserved 327680K
}
Event: 4.093 GC heap after
{Heap after GC invocations=7 (full 0):
 garbage-first heap   total 262144K, used 33007K [0x00000000e0000000, 0x0000000100000000)
  region size 1024K, 2 young (2048K), 2 survivors (2048K)
 Metaspace       used 35785K, committed 36224K, reserved 393216K
  class space    used 4981K, committed 5184K, reserved 327680K
}
Event: 4.107 GC heap before
{Heap before GC invocations=7 (full 0):
 garbage-first heap   total 262144K, used 34031K [0x00000000e0000000, 0x0000000100000000)
  region size 1024K, 4 young (4096K), 2 survivors (2048K)
 Metaspace       used 35883K, committed 36288K, reserved 393216K
  class space    used 4993K, committed 5184K, reserved 327680K
}
Event: 4.108 GC heap after
{Heap after GC invocations=8 (full 0):
 garbage-first heap   total 262144K, used 31521K [0x00000000e0000000, 0x0000000100000000)
  region size 1024K, 1 young (1024K), 1 survivors (1024K)
 Metaspace       used 35883K, committed 36288K, reserved 393216K
  class space    used 4993K, committed 5184K, reserved 327680K
}
Event: 5.732 GC heap before
{Heap before GC invocations=9 (full 0):
 garbage-first heap   total 262144K, used 189217K [0x00000000e0000000, 0x0000000100000000)
  region size 1024K, 153 young (156672K), 1 survivors (1024K)
 Metaspace       used 49442K, committed 49984K, reserved 393216K
  class space    used 6975K, committed 7232K, reserved 327680K
}
Event: 5.740 GC heap after
{Heap after GC invocations=10 (full 0):
 garbage-first heap   total 262144K, used 38388K [0x00000000e0000000, 0x0000000100000000)
  region size 1024K, 8 young (8192K), 8 survivors (8192K)
 Metaspace       used 49442K, committed 49984K, reserved 393216K
  class space    used 6975K, committed 7232K, reserved 327680K
}

Deoptimization events (20 events):
Event: 7.036 Thread 0x0000020c71051e90 Uncommon trap: trap_request=0xffffff45 fr.pc=0x0000020c4bb61380 relative=0x0000000000000460
Event: 7.036 Thread 0x0000020c71051e90 Uncommon trap: reason=unstable_if action=reinterpret pc=0x0000020c4bb61380 method=java.lang.String.substring(II)Ljava/lang/String; @ 31 c2
Event: 7.036 Thread 0x0000020c71051e90 DEOPT PACKING pc=0x0000020c4bb61380 sp=0x00000012c2bf6ed0
Event: 7.036 Thread 0x0000020c71051e90 DEOPT UNPACKING pc=0x0000020c4b5823a3 sp=0x00000012c2bf6ea0 mode 2
Event: 7.039 Thread 0x0000020c71051e90 Uncommon trap: trap_request=0xffffff45 fr.pc=0x0000020c4be838d0 relative=0x00000000000001d0
Event: 7.039 Thread 0x0000020c71051e90 Uncommon trap: reason=unstable_if action=reinterpret pc=0x0000020c4be838d0 method=java.lang.String.indexOf(Ljava/lang/String;)I @ 10 c2
Event: 7.039 Thread 0x0000020c71051e90 DEOPT PACKING pc=0x0000020c4be838d0 sp=0x00000012c2bf7060
Event: 7.039 Thread 0x0000020c71051e90 DEOPT UNPACKING pc=0x0000020c4b5823a3 sp=0x00000012c2bf6ff0 mode 2
Event: 7.084 Thread 0x0000020c71051e90 DEOPT PACKING pc=0x0000020c4407ded9 sp=0x00000012c2bf5f40
Event: 7.084 Thread 0x0000020c71051e90 DEOPT UNPACKING pc=0x0000020c4b582b43 sp=0x00000012c2bf5438 mode 0
Event: 7.124 Thread 0x0000020c71051e90 Uncommon trap: trap_request=0xffffff45 fr.pc=0x0000020c4beb232c relative=0x00000000000000ac
Event: 7.124 Thread 0x0000020c71051e90 Uncommon trap: reason=unstable_if action=reinterpret pc=0x0000020c4beb232c method=io.spring.gradle.dependencymanagement.org.apache.maven.model.validation.DefaultModelValidator.isValidIdCharacter(C)Z @ 45 c2
Event: 7.124 Thread 0x0000020c71051e90 DEOPT PACKING pc=0x0000020c4beb232c sp=0x00000012c2bf6fe0
Event: 7.124 Thread 0x0000020c71051e90 DEOPT UNPACKING pc=0x0000020c4b5823a3 sp=0x00000012c2bf6f68 mode 2
Event: 7.269 Thread 0x0000020c71051e90 Uncommon trap: trap_request=0xffffff45 fr.pc=0x0000020c4bee3a0c relative=0x000000000000008c
Event: 7.269 Thread 0x0000020c71051e90 Uncommon trap: reason=unstable_if action=reinterpret pc=0x0000020c4bee3a0c method=io.spring.gradle.dependencymanagement.org.apache.maven.model.validation.DefaultModelValidator.isValidIdCharacter(C)Z @ 51 c2
Event: 7.269 Thread 0x0000020c71051e90 DEOPT PACKING pc=0x0000020c4bee3a0c sp=0x00000012c2bf6ff0
Event: 7.269 Thread 0x0000020c71051e90 DEOPT UNPACKING pc=0x0000020c4b5823a3 sp=0x00000012c2bf6f88 mode 2
Event: 7.336 Thread 0x0000020c71051e90 DEOPT PACKING pc=0x0000020c44414843 sp=0x00000012c2bf75d0
Event: 7.336 Thread 0x0000020c71051e90 DEOPT UNPACKING pc=0x0000020c4b582b43 sp=0x00000012c2bf6af0 mode 0

Classes unloaded (0 events):
No events

Classes redefined (0 events):
No events

Internal exceptions (20 events):
Event: 6.500 Thread 0x0000020c71051e90 Exception <a 'java/lang/ClassNotFoundException'{0x00000000ea80dd48}: org/gradle/api/internal/tasks/DefaultSourceSetBeanInfo> (0x00000000ea80dd48) 
thrown [s\open\src\hotspot\share\classfile\systemDictionary.cpp, line 256]
Event: 6.501 Thread 0x0000020c71051e90 Exception <a 'java/lang/ClassNotFoundException'{0x00000000ea81daf0}: org/gradle/api/internal/tasks/DefaultSourceSetCustomizer> (0x00000000ea81daf0) 
thrown [s\open\src\hotspot\share\classfile\systemDictionary.cpp, line 256]
Event: 6.502 Thread 0x0000020c71051e90 Exception <a 'java/lang/ClassNotFoundException'{0x00000000ea84f860}: org/gradle/api/internal/tasks/DefaultSourceSet_DecoratedCustomizer> (0x00000000ea84f860) 
thrown [s\open\src\hotspot\share\classfile\systemDictionary.cpp, line 256]
Event: 6.543 Thread 0x0000020c71051e90 Exception <a 'java/lang/NoSuchMethodError'{0x00000000ea6a5a70}: 'java.lang.Object java.lang.invoke.DirectMethodHandle$Holder.newInvokeSpecial(java.lang.Object, java.lang.Object, java.lang.Object, java.lang.Object, java.lang.Object, java.lang.Object, int)'> (0x00000000ea6a5a70) 
thrown [s\open\src\hotspot\share\interpreter\linkResolver.cpp, line 759]
Event: 6.543 Thread 0x0000020c71051e90 Exception <a 'java/lang/NoSuchMethodError'{0x00000000ea6ab478}: 'java.lang.Object java.lang.invoke.DirectMethodHandle$Holder.invokeSpecial(java.lang.Object, java.lang.Object, java.lang.Object, java.lang.Object, java.lang.Object, java.lang.Object, java.lang.Object, int)'> (0x00000000ea6ab478) 
thrown [s\open\src\hotspot\share\interpreter\linkResolver.cpp, line 759]
Event: 6.543 Thread 0x0000020c71051e90 Exception <a 'java/lang/NoSuchMethodError'{0x00000000ea6b0850}: 'java.lang.Object java.lang.invoke.Invokers$Holder.linkToTargetMethod(java.lang.Object, java.lang.Object, java.lang.Object, java.lang.Object, java.lang.Object, int, java.lang.Object)'> (0x00000000ea6b0850) 
thrown [s\open\src\hotspot\share\interpreter\linkResolver.cpp, line 759]
Event: 6.726 Thread 0x0000020c71051e90 Exception <a 'java/lang/ClassNotFoundException'{0x00000000e957a5c8}: org/gradle/plugin/software/internal/SoftwareFeaturesDynamicObject_DecoratedBeanInfo> (0x00000000e957a5c8) 
thrown [s\open\src\hotspot\share\classfile\systemDictionary.cpp, line 256]
Event: 6.726 Thread 0x0000020c71051e90 Exception <a 'java/lang/ClassNotFoundException'{0x00000000e9588af0}: org/gradle/plugin/software/internal/SoftwareFeaturesDynamicObjectBeanInfo> (0x00000000e9588af0) 
thrown [s\open\src\hotspot\share\classfile\systemDictionary.cpp, line 256]
Event: 6.726 Thread 0x0000020c71051e90 Exception <a 'java/lang/ClassNotFoundException'{0x00000000e95973f0}: org/gradle/internal/metaobject/AbstractDynamicObjectBeanInfo> (0x00000000e95973f0) 
thrown [s\open\src\hotspot\share\classfile\systemDictionary.cpp, line 256]
Event: 6.727 Thread 0x0000020c71051e90 Exception <a 'java/lang/ClassNotFoundException'{0x00000000e95a5a30}: org/gradle/internal/metaobject/AbstractDynamicObjectCustomizer> (0x00000000e95a5a30) 
thrown [s\open\src\hotspot\share\classfile\systemDictionary.cpp, line 256]
Event: 6.727 Thread 0x0000020c71051e90 Exception <a 'java/lang/ClassNotFoundException'{0x00000000e95bfa90}: org/gradle/plugin/software/internal/SoftwareFeaturesDynamicObjectCustomizer> (0x00000000e95bfa90) 
thrown [s\open\src\hotspot\share\classfile\systemDictionary.cpp, line 256]
Event: 6.728 Thread 0x0000020c71051e90 Exception <a 'java/lang/ClassNotFoundException'{0x00000000e95d5070}: org/gradle/plugin/software/internal/SoftwareFeaturesDynamicObject_DecoratedCustomizer> (0x00000000e95d5070) 
thrown [s\open\src\hotspot\share\classfile\systemDictionary.cpp, line 256]
Event: 6.730 Thread 0x0000020c71051e90 Exception <a 'java/lang/ClassNotFoundException'{0x00000000e941d0e8}: org/gradle/api/internal/plugins/NaggingBasePluginConventionBeanInfo> (0x00000000e941d0e8) 
thrown [s\open\src\hotspot\share\classfile\systemDictionary.cpp, line 256]
Event: 6.730 Thread 0x0000020c71051e90 Exception <a 'java/lang/ClassNotFoundException'{0x00000000e942cb90}: org/gradle/api/plugins/BasePluginConventionBeanInfo> (0x00000000e942cb90) 
thrown [s\open\src\hotspot\share\classfile\systemDictionary.cpp, line 256]
Event: 6.731 Thread 0x0000020c71051e90 Exception <a 'java/lang/ClassNotFoundException'{0x00000000e943c600}: org/gradle/api/plugins/BasePluginConventionCustomizer> (0x00000000e943c600) 
thrown [s\open\src\hotspot\share\classfile\systemDictionary.cpp, line 256]
Event: 6.732 Thread 0x0000020c71051e90 Exception <a 'java/lang/ClassNotFoundException'{0x00000000e9456778}: org/gradle/api/internal/plugins/NaggingBasePluginConventionCustomizer> (0x00000000e9456778) 
thrown [s\open\src\hotspot\share\classfile\systemDictionary.cpp, line 256]
Event: 6.734 Thread 0x0000020c71051e90 Exception <a 'java/lang/ClassNotFoundException'{0x00000000e949ea30}: org/gradle/api/plugins/internal/NaggingJavaPluginConventionBeanInfo> (0x00000000e949ea30) 
thrown [s\open\src\hotspot\share\classfile\systemDictionary.cpp, line 256]
Event: 6.735 Thread 0x0000020c71051e90 Exception <a 'java/lang/ClassNotFoundException'{0x00000000e94ae4d8}: org/gradle/api/plugins/JavaPluginConventionBeanInfo> (0x00000000e94ae4d8) 
thrown [s\open\src\hotspot\share\classfile\systemDictionary.cpp, line 256]
Event: 6.735 Thread 0x0000020c71051e90 Exception <a 'java/lang/ClassNotFoundException'{0x00000000e94bdf48}: org/gradle/api/plugins/JavaPluginConventionCustomizer> (0x00000000e94bdf48) 
thrown [s\open\src\hotspot\share\classfile\systemDictionary.cpp, line 256]
Event: 6.736 Thread 0x0000020c71051e90 Exception <a 'java/lang/ClassNotFoundException'{0x00000000e94e1d60}: org/gradle/api/plugins/internal/NaggingJavaPluginConventionCustomizer> (0x00000000e94e1d60) 
thrown [s\open\src\hotspot\share\classfile\systemDictionary.cpp, line 256]

VM Operations (20 events):
Event: 5.446 Executing VM operation: HandshakeAllThreads
Event: 5.446 Executing VM operation: HandshakeAllThreads done
Event: 5.615 Executing VM operation: ICBufferFull
Event: 5.615 Executing VM operation: ICBufferFull done
Event: 5.732 Executing VM operation: G1CollectForAllocation
Event: 5.740 Executing VM operation: G1CollectForAllocation done
Event: 6.026 Executing VM operation: ICBufferFull
Event: 6.026 Executing VM operation: ICBufferFull done
Event: 6.275 Executing VM operation: ICBufferFull
Event: 6.275 Executing VM operation: ICBufferFull done
Event: 6.436 Executing VM operation: HandshakeAllThreads
Event: 6.436 Executing VM operation: HandshakeAllThreads done
Event: 6.668 Executing VM operation: ICBufferFull
Event: 6.668 Executing VM operation: ICBufferFull done
Event: 6.762 Executing VM operation: HandshakeAllThreads
Event: 6.762 Executing VM operation: HandshakeAllThreads done
Event: 6.859 Executing VM operation: ICBufferFull
Event: 6.859 Executing VM operation: ICBufferFull done
Event: 7.091 Executing VM operation: ICBufferFull
Event: 7.091 Executing VM operation: ICBufferFull done

Events (20 events):
Event: 7.035 Thread 0x0000020c73f23940 Thread added: 0x0000020c73f23940
Event: 7.047 Thread 0x0000020c73f1cef0 Thread added: 0x0000020c73f1cef0
Event: 7.056 Thread 0x0000020c73f1e840 Thread added: 0x0000020c73f1e840
Event: 7.064 Thread 0x0000020c73f23e50 Thread added: 0x0000020c73f23e50
Event: 7.073 Thread 0x0000020c73f22a10 Thread added: 0x0000020c73f22a10
Event: 7.079 Thread 0x0000020c73f215d0 Thread added: 0x0000020c73f215d0
Event: 7.088 Thread 0x0000020c73f21ae0 Thread added: 0x0000020c73f21ae0
Event: 7.097 Thread 0x0000020c73f21ff0 Thread added: 0x0000020c73f21ff0
Event: 7.104 Thread 0x0000020c73f24870 Thread added: 0x0000020c73f24870
Event: 7.113 Thread 0x0000020c73f22f20 Thread added: 0x0000020c73f22f20
Event: 7.115 loading class jdk/internal/access/foreign/MemorySegmentProxy
Event: 7.116 loading class jdk/internal/access/foreign/MemorySegmentProxy done
Event: 7.121 Thread 0x0000020c73f1f770 Thread added: 0x0000020c73f1f770
Event: 7.130 Thread 0x0000020c73f1d910 Thread added: 0x0000020c73f1d910
Event: 7.136 Thread 0x0000020c73f22500 Thread added: 0x0000020c73f22500
Event: 7.145 Thread 0x0000020c73f1d400 Thread added: 0x0000020c73f1d400
Event: 7.153 Thread 0x0000020c73f1de20 Thread added: 0x0000020c73f1de20
Event: 7.162 Thread 0x0000020c73f1ed50 Thread added: 0x0000020c73f1ed50
Event: 7.171 Thread 0x0000020c73f1f260 Thread added: 0x0000020c73f1f260
Event: 7.178 Thread 0x0000020c73f1e330 Thread added: 0x0000020c73f1e330


Dynamic libraries:
0x00007ff637be0000 - 0x00007ff637bf0000 	C:\Program Files\Java\jdk-17\bin\java.exe
0x00007ff916350000 - 0x00007ff916548000 	C:\WINDOWS\SYSTEM32\ntdll.dll
0x00007ff915ff0000 - 0x00007ff9160b2000 	C:\WINDOWS\System32\KERNEL32.DLL
0x00007ff9139e0000 - 0x00007ff913cd6000 	C:\WINDOWS\System32\KERNELBASE.dll
0x00007ff913fa0000 - 0x00007ff9140a0000 	C:\WINDOWS\System32\ucrtbase.dll
0x00007ff90d6b0000 - 0x00007ff90d6cb000 	C:\Program Files\Java\jdk-17\bin\VCRUNTIME140.dll
0x00007ff90cd30000 - 0x00007ff90cd49000 	C:\Program Files\Java\jdk-17\bin\jli.dll
0x00007ff9161b0000 - 0x00007ff916261000 	C:\WINDOWS\System32\ADVAPI32.dll
0x00007ff916270000 - 0x00007ff91630e000 	C:\WINDOWS\System32\msvcrt.dll
0x00007ff915d30000 - 0x00007ff915dcf000 	C:\WINDOWS\System32\sechost.dll
0x00007ff915850000 - 0x00007ff915973000 	C:\WINDOWS\System32\RPCRT4.dll
0x00007ff913d70000 - 0x00007ff913d97000 	C:\WINDOWS\System32\bcrypt.dll
0x00007ff9143b0000 - 0x00007ff91454d000 	C:\WINDOWS\System32\USER32.dll
0x00007ff914210000 - 0x00007ff914232000 	C:\WINDOWS\System32\win32u.dll
0x00007ff909db0000 - 0x00007ff90a04a000 	C:\WINDOWS\WinSxS\amd64_microsoft.windows.common-controls_6595b64144ccf1df_6.0.19041.5915_none_60b4b9d171f9c7c7\COMCTL32.dll
0x00007ff916120000 - 0x00007ff91614b000 	C:\WINDOWS\System32\GDI32.dll
0x00007ff9140f0000 - 0x00007ff914209000 	C:\WINDOWS\System32\gdi32full.dll
0x00007ff913da0000 - 0x00007ff913e3d000 	C:\WINDOWS\System32\msvcp_win.dll
0x00007ff90bee0000 - 0x00007ff90beea000 	C:\WINDOWS\SYSTEM32\VERSION.dll
0x00007ff914380000 - 0x00007ff9143af000 	C:\WINDOWS\System32\IMM32.DLL
0x00007ff90d1c0000 - 0x00007ff90d1cc000 	C:\Program Files\Java\jdk-17\bin\vcruntime140_1.dll
0x00007ff900a10000 - 0x00007ff900a9e000 	C:\Program Files\Java\jdk-17\bin\msvcp140.dll
0x00007ff8df560000 - 0x00007ff8e0140000 	C:\Program Files\Java\jdk-17\bin\server\jvm.dll
0x00007ff914370000 - 0x00007ff914378000 	C:\WINDOWS\System32\PSAPI.DLL
0x00007ff907b30000 - 0x00007ff907b39000 	C:\WINDOWS\SYSTEM32\WSOCK32.dll
0x00007ff90a730000 - 0x00007ff90a757000 	C:\WINDOWS\SYSTEM32\WINMM.dll
0x00007ff915f80000 - 0x00007ff915feb000 	C:\WINDOWS\System32\WS2_32.dll
0x00007ff911880000 - 0x00007ff911892000 	C:\WINDOWS\SYSTEM32\kernel.appcore.dll
0x00007ff90cb80000 - 0x00007ff90cb8a000 	C:\Program Files\Java\jdk-17\bin\jimage.dll
0x00007ff90e560000 - 0x00007ff90e761000 	C:\WINDOWS\SYSTEM32\DBGHELP.DLL
0x00007ff90e320000 - 0x00007ff90e354000 	C:\WINDOWS\SYSTEM32\dbgcore.DLL
0x00007ff913ce0000 - 0x00007ff913d62000 	C:\WINDOWS\System32\bcryptPrimitives.dll
0x00007ff90c470000 - 0x00007ff90c47e000 	C:\Program Files\Java\jdk-17\bin\instrument.dll
0x00007ff909100000 - 0x00007ff909125000 	C:\Program Files\Java\jdk-17\bin\java.dll
0x00007ff8fe370000 - 0x00007ff8fe447000 	C:\Program Files\Java\jdk-17\bin\jsvml.dll
0x00007ff914550000 - 0x00007ff914cbe000 	C:\WINDOWS\System32\SHELL32.dll
0x00007ff911a80000 - 0x00007ff912224000 	C:\WINDOWS\SYSTEM32\windows.storage.dll
0x00007ff914cc0000 - 0x00007ff915013000 	C:\WINDOWS\System32\combase.dll
0x00007ff913340000 - 0x00007ff91336b000 	C:\WINDOWS\SYSTEM32\Wldp.dll
0x00007ff915c30000 - 0x00007ff915cfd000 	C:\WINDOWS\System32\OLEAUT32.dll
0x00007ff915160000 - 0x00007ff91520d000 	C:\WINDOWS\System32\SHCORE.dll
0x00007ff915210000 - 0x00007ff91526b000 	C:\WINDOWS\System32\shlwapi.dll
0x00007ff913910000 - 0x00007ff913935000 	C:\WINDOWS\SYSTEM32\profapi.dll
0x00007ff9079b0000 - 0x00007ff9079c8000 	C:\Program Files\Java\jdk-17\bin\zip.dll
0x00007ff905210000 - 0x00007ff905229000 	C:\Program Files\Java\jdk-17\bin\net.dll
0x00007ff90f010000 - 0x00007ff90f11a000 	C:\WINDOWS\SYSTEM32\WINHTTP.dll
0x00007ff9130a0000 - 0x00007ff91310a000 	C:\WINDOWS\system32\mswsock.dll
0x00007ff904a10000 - 0x00007ff904a26000 	C:\Program Files\Java\jdk-17\bin\nio.dll
0x00007ff90a890000 - 0x00007ff90a8a0000 	C:\Program Files\Java\jdk-17\bin\verify.dll
0x00007ff904510000 - 0x00007ff904537000 	C:\Users\2\.gradle\native\1def1411415f61bf3af743bc5b6707747c0891f09f0c88961ee8f79bc544acac\windows-amd64\native-platform.dll
0x00007ff8fe6d0000 - 0x00007ff8fe748000 	C:\Users\2\.gradle\native\0.2.7\x86_64-windows-gnu\gradle-fileevents.dll
0x00007ff906800000 - 0x00007ff90680a000 	C:\Program Files\Java\jdk-17\bin\management.dll
0x00007ff904c10000 - 0x00007ff904c1b000 	C:\Program Files\Java\jdk-17\bin\management_ext.dll
0x00007ff912d80000 - 0x00007ff912dbb000 	C:\WINDOWS\SYSTEM32\IPHLPAPI.DLL
0x00007ff915d20000 - 0x00007ff915d28000 	C:\WINDOWS\System32\NSI.dll
0x00007ff90ed80000 - 0x00007ff90ed97000 	C:\WINDOWS\SYSTEM32\dhcpcsvc6.DLL
0x00007ff90ed40000 - 0x00007ff90ed5d000 	C:\WINDOWS\SYSTEM32\dhcpcsvc.DLL
0x00007ff912dc0000 - 0x00007ff912e8a000 	C:\WINDOWS\SYSTEM32\DNSAPI.dll
0x00007ff9132a0000 - 0x00007ff9132b8000 	C:\WINDOWS\SYSTEM32\CRYPTSP.dll
0x00007ff9129c0000 - 0x00007ff9129f8000 	C:\WINDOWS\system32\rsaenh.dll
0x00007ff913890000 - 0x00007ff9138be000 	C:\WINDOWS\SYSTEM32\USERENV.dll
0x00007ff913290000 - 0x00007ff91329c000 	C:\WINDOWS\SYSTEM32\CRYPTBASE.dll
0x00007ff904950000 - 0x00007ff90495e000 	C:\Program Files\Java\jdk-17\bin\sunmscapi.dll
0x00007ff913e40000 - 0x00007ff913f9d000 	C:\WINDOWS\System32\CRYPT32.dll
0x00007ff9133b0000 - 0x00007ff9133d7000 	C:\WINDOWS\SYSTEM32\ncrypt.dll
0x00007ff913370000 - 0x00007ff9133ab000 	C:\WINDOWS\SYSTEM32\NTASN1.dll
0x00007ff90d420000 - 0x00007ff90d427000 	C:\WINDOWS\system32\wshunix.dll

dbghelp: loaded successfully - version: 4.0.5 - missing functions: none
symbol engine: initialized successfully - sym options: 0x614 - pdb path: .;C:\Program Files\Java\jdk-17\bin;C:\WINDOWS\SYSTEM32;C:\WINDOWS\WinSxS\amd64_microsoft.windows.common-controls_6595b64144ccf1df_6.0.19041.5915_none_60b4b9d171f9c7c7;C:\Program Files\Java\jdk-17\bin\server;C:\Users\2\.gradle\native\1def1411415f61bf3af743bc5b6707747c0891f09f0c88961ee8f79bc544acac\windows-amd64;C:\Users\2\.gradle\native\0.2.7\x86_64-windows-gnu

VM Arguments:
jvm_args: --add-opens=java.base/java.lang=ALL-UNNAMED --add-opens=java.base/java.lang.invoke=ALL-UNNAMED --add-opens=java.base/java.util=ALL-UNNAMED --add-opens=java.prefs/java.util.prefs=ALL-UNNAMED --add-exports=jdk.compiler/com.sun.tools.javac.api=ALL-UNNAMED --add-exports=jdk.compiler/com.sun.tools.javac.util=ALL-UNNAMED --add-opens=java.base/java.util=ALL-UNNAMED --add-opens=java.prefs/java.util.prefs=ALL-UNNAMED --add-opens=java.base/java.nio.charset=ALL-UNNAMED --add-opens=java.base/java.net=ALL-UNNAMED --add-opens=java.base/java.util.concurrent.atomic=ALL-UNNAMED --add-opens=java.xml/javax.xml.namespace=ALL-UNNAMED -XX:MaxMetaspaceSize=384m -XX:+HeapDumpOnOutOfMemoryError -Xms256m -Xmx512m -Dfile.encoding=UTF-8 -Duser.country=KR -Duser.language=ko -Duser.variant -javaagent:C:\Users\2\.gradle\wrapper\dists\gradle-8.13-bin\5xuhj0ry160q40clulazy9h7d\gradle-8.13\lib\agents\gradle-instrumentation-agent-8.13.jar 
java_command: org.gradle.launcher.daemon.bootstrap.GradleDaemon 8.13
java_class_path (initial): C:\Users\2\.gradle\wrapper\dists\gradle-8.13-bin\5xuhj0ry160q40clulazy9h7d\gradle-8.13\lib\gradle-daemon-main-8.13.jar
Launcher Type: SUN_STANDARD

[Global flags]
     intx CICompilerCount                          = 4                                         {product} {ergonomic}
   size_t CompressedClassSpaceSize                 = 335544320                                 {product} {ergonomic}
     uint ConcGCThreads                            = 2                                         {product} {ergonomic}
     uint G1ConcRefinementThreads                  = 8                                         {product} {ergonomic}
   size_t G1HeapRegionSize                         = 1048576                                   {product} {ergonomic}
    uintx GCDrainStackTargetSize                   = 64                                        {product} {ergonomic}
     bool HeapDumpOnOutOfMemoryError               = true                                   {manageable} {command line}
   size_t InitialHeapSize                          = 268435456                                 {product} {command line}
   size_t MarkStackSize                            = 4194304                                   {product} {ergonomic}
   size_t MaxHeapSize                              = 536870912                                 {product} {command line}
   size_t MaxMetaspaceSize                         = 402653184                                 {product} {command line}
   size_t MaxNewSize                               = 321912832                                 {product} {ergonomic}
   size_t MinHeapDeltaBytes                        = 1048576                                   {product} {ergonomic}
   size_t MinHeapSize                              = 268435456                                 {product} {command line}
    uintx NonNMethodCodeHeapSize                   = 5839372                                {pd product} {ergonomic}
    uintx NonProfiledCodeHeapSize                  = 122909434                              {pd product} {ergonomic}
    uintx ProfiledCodeHeapSize                     = 122909434                              {pd product} {ergonomic}
    uintx ReservedCodeCacheSize                    = 251658240                              {pd product} {ergonomic}
     bool SegmentedCodeCache                       = true                                      {product} {ergonomic}
   size_t SoftMaxHeapSize                          = 536870912                              {manageable} {ergonomic}
     bool UseCompressedClassPointers               = true                           {product lp64_product} {ergonomic}
     bool UseCompressedOops                        = true                           {product lp64_product} {ergonomic}
     bool UseG1GC                                  = true                                      {product} {ergonomic}
     bool UseLargePagesIndividualAllocation        = false                                  {pd product} {ergonomic}

Logging:
Log output configuration:
 #0: stdout all=warning uptime,level,tags
 #1: stderr all=off uptime,level,tags

Environment Variables:
PATH=C:\Program Files\Common Files\Oracle\Java\javapath;D:\app\2\product\11.2.0\dbhome_1\bin;C:\Program Files (x86)\Common Files\Oracle\Java\javapath;C:\WINDOWS\system32;C:\WINDOWS;C:\WINDOWS\System32\Wbem;C:\WINDOWS\System32\WindowsPowerShell\v1.0\;C:\WINDOWS\System32\OpenSSH\;C:\Program Files\Bandizip\;C:\Program Files\Git\cmd;C:\Python310\Scripts\;C:\Python310\;C:\Users\2\AppData\Local\Microsoft\WindowsApps;C:\Users\2\AppData\Local\Programs\Microsoft VS Code\bin;C:\Program Files\JetBrains\IntelliJ IDEA Community Edition 2025.1.1.1\bin;
USERNAME=2
OS=Windows_NT
PROCESSOR_IDENTIFIER=Intel64 Family 6 Model 60 Stepping 3, GenuineIntel



---------------  S Y S T E M  ---------------

OS:
 Windows 10 , 64 bit Build 19041 (10.0.19041.5915)
OS uptime: 7 days 8:00 hours

CPU: total 8 (initial active 8) (4 cores per cpu, 2 threads per core) family 6 model 60 stepping 3 microcode 0x27, cx8, cmov, fxsr, ht, mmx, sse, sse2, sse3, ssse3, sse4.1, sse4.2, popcnt, lzcnt, tsc, tscinvbit, avx, avx2, aes, erms, clmul, bmi1, bmi2, fma, vzeroupper, clflush

Memory: 4k page, system-wide physical 8113M (731M free)
TotalPageFile size 22349M (AvailPageFile size 5M)
current process WorkingSet (physical memory assigned to process): 399M, peak: 400M
current process commit charge ("private bytes"): 509M, peak: 511M

vm_info: Java HotSpot(TM) 64-Bit Server VM (17.0.12+8-LTS-286) for windows-amd64 JRE (17.0.12+8-LTS-286), built on Jun  5 2024 06:46:59 by "mach5one" with MS VC++ 17.6 (VS2022)

END.
