#
# There is insufficient memory for the Java Runtime Environment to continue.
# Native memory allocation (malloc) failed to allocate 855200 bytes for Chunk::new
# Possible reasons:
#   The system is out of physical RAM or swap space
#   The process is running with CompressedOops enabled, and the Java Heap may be blocking the growth of the native heap
# Possible solutions:
#   Reduce memory load on the system
#   Increase physical memory or swap space
#   Check if swap backing store is full
#   Decrease Java heap size (-Xmx/-Xms)
#   Decrease number of Java threads
#   Decrease Java thread stack sizes (-Xss)
#   Set larger code cache with -XX:ReservedCodeCacheSize=
#   JVM is running with Unscaled Compressed Oops mode in which the Java heap is
#     placed in the first 4GB address space. The Java Heap base address is the
#     maximum limit for the native heap growth. Please use -XX:HeapBaseMinAddress
#     to set the Java Heap base and to place the Java Heap above 4GB virtual address.
# This output file may be truncated or incomplete.
#
#  Out of Memory Error (arena.cpp:189), pid=22088, tid=27192
#
# JRE version: Java(TM) SE Runtime Environment (17.0.12+8) (build 17.0.12+8-LTS-286)
# Java VM: Java HotSpot(TM) 64-Bit Server VM (17.0.12+8-LTS-286, mixed mode, sharing, tiered, compressed oops, compressed class ptrs, g1 gc, windows-amd64)
# No core dump will be written. Minidumps are not enabled by default on client versions of Windows
#

---------------  S U M M A R Y ------------

Command Line: --add-opens=java.base/java.lang=ALL-UNNAMED --add-opens=java.base/java.lang.invoke=ALL-UNNAMED --add-opens=java.base/java.util=ALL-UNNAMED --add-opens=java.prefs/java.util.prefs=ALL-UNNAMED --add-exports=jdk.compiler/com.sun.tools.javac.api=ALL-UNNAMED --add-exports=jdk.compiler/com.sun.tools.javac.util=ALL-UNNAMED --add-opens=java.base/java.util=ALL-UNNAMED --add-opens=java.prefs/java.util.prefs=ALL-UNNAMED --add-opens=java.base/java.nio.charset=ALL-UNNAMED --add-opens=java.base/java.net=ALL-UNNAMED --add-opens=java.base/java.util.concurrent.atomic=ALL-UNNAMED --add-opens=java.xml/javax.xml.namespace=ALL-UNNAMED -XX:MaxMetaspaceSize=384m -XX:+HeapDumpOnOutOfMemoryError -Xms256m -Xmx512m -Dfile.encoding=UTF-8 -Duser.country=KR -Duser.language=ko -Duser.variant -javaagent:C:\Users\2\.gradle\wrapper\dists\gradle-8.13-bin\5xuhj0ry160q40clulazy9h7d\gradle-8.13\lib\agents\gradle-instrumentation-agent-8.13.jar org.gradle.launcher.daemon.bootstrap.GradleDaemon 8.13

Host: Intel(R) Core(TM) i7-4770 CPU @ 3.40GHz, 8 cores, 7G,  Windows 10 , 64 bit Build 19041 (10.0.19041.5915)
Time: Wed Jun 18 17:24:58 2025  Windows 10 , 64 bit Build 19041 (10.0.19041.5915) elapsed time: 3.479467 seconds (0d 0h 0m 3s)

---------------  T H R E A D  ---------------

Current thread (0x000001bc99214bb0):  JavaThread "C2 CompilerThread0" daemon [_thread_in_native, id=27192, stack(0x0000007944600000,0x0000007944700000)]


Current CompileTask:
C2:   3479 3067   !   4       java.lang.ClassLoader::loadClass (121 bytes)

Stack: [0x0000007944600000,0x0000007944700000]
Native frames: (J=compiled Java code, j=interpreted, Vv=VM code, C=native code)
V  [jvm.dll+0x67a04a]
V  [jvm.dll+0x7da4ed]
V  [jvm.dll+0x7dbe33]
V  [jvm.dll+0x7dc4a3]
V  [jvm.dll+0x24508f]
V  [jvm.dll+0xab773]
V  [jvm.dll+0xabd3c]
V  [jvm.dll+0x361bee]
V  [jvm.dll+0x1ba2d5]
V  [jvm.dll+0x216997]
V  [jvm.dll+0x215c6f]
V  [jvm.dll+0x1a2960]
V  [jvm.dll+0x22610b]
V  [jvm.dll+0x2242ab]
V  [jvm.dll+0x79075c]
V  [jvm.dll+0x78abea]
V  [jvm.dll+0x678f35]
C  [ucrtbase.dll+0x21bb2]
C  [KERNEL32.DLL+0x17374]
C  [ntdll.dll+0x4cc91]


---------------  P R O C E S S  ---------------

Threads class SMR info:
_java_thread_list=0x000001bcb4623040, length=33, elements={
0x000001bcfe8254a0, 0x000001bc991eeb70, 0x000001bc991ef900, 0x000001bc9920ae60,
0x000001bc9920d840, 0x000001bc9920e110, 0x000001bc9920e9e0, 0x000001bc99214bb0,
0x000001bc992203a0, 0x000001bc99222cc0, 0x000001bc991d8e00, 0x000001bc993eb2b0,
0x000001bc99475830, 0x000001bcb4004510, 0x000001bcb426e040, 0x000001bcb4055fb0,
0x000001bcb43cc070, 0x000001bcb3759430, 0x000001bc99be13a0, 0x000001bc99bde100,
0x000001bc99bdf540, 0x000001bc99bde610, 0x000001bc99bdff60, 0x000001bc99bdfa50,
0x000001bc99bdf030, 0x000001bc99be0980, 0x000001bcb59dd050, 0x000001bc99be0e90,
0x000001bcb68d13c0, 0x000001bcb68d4b70, 0x000001bcb68d5080, 0x000001bcb68d2800,
0x000001bcb68d1de0
}

Java Threads: ( => current thread )
  0x000001bcfe8254a0 JavaThread "main" [_thread_blocked, id=8980, stack(0x0000007943900000,0x0000007943a00000)]
  0x000001bc991eeb70 JavaThread "Reference Handler" daemon [_thread_blocked, id=19588, stack(0x0000007944000000,0x0000007944100000)]
  0x000001bc991ef900 JavaThread "Finalizer" daemon [_thread_blocked, id=22384, stack(0x0000007944100000,0x0000007944200000)]
  0x000001bc9920ae60 JavaThread "Signal Dispatcher" daemon [_thread_blocked, id=10724, stack(0x0000007944200000,0x0000007944300000)]
  0x000001bc9920d840 JavaThread "Attach Listener" daemon [_thread_blocked, id=19140, stack(0x0000007944300000,0x0000007944400000)]
  0x000001bc9920e110 JavaThread "Service Thread" daemon [_thread_blocked, id=16528, stack(0x0000007944400000,0x0000007944500000)]
  0x000001bc9920e9e0 JavaThread "Monitor Deflation Thread" daemon [_thread_blocked, id=23864, stack(0x0000007944500000,0x0000007944600000)]
=>0x000001bc99214bb0 JavaThread "C2 CompilerThread0" daemon [_thread_in_native, id=27192, stack(0x0000007944600000,0x0000007944700000)]
  0x000001bc992203a0 JavaThread "C1 CompilerThread0" daemon [_thread_blocked, id=14432, stack(0x0000007944700000,0x0000007944800000)]
  0x000001bc99222cc0 JavaThread "Sweeper thread" daemon [_thread_blocked, id=8900, stack(0x0000007944800000,0x0000007944900000)]
  0x000001bc991d8e00 JavaThread "Common-Cleaner" daemon [_thread_blocked, id=19956, stack(0x0000007944900000,0x0000007944a00000)]
  0x000001bc993eb2b0 JavaThread "C2 CompilerThread1" daemon [_thread_in_native, id=12020, stack(0x0000007944a00000,0x0000007944b00000)]
  0x000001bc99475830 JavaThread "Notification Thread" daemon [_thread_blocked, id=28316, stack(0x0000007944b00000,0x0000007944c00000)]
  0x000001bcb4004510 JavaThread "Daemon health stats" [_thread_blocked, id=10740, stack(0x0000007944d00000,0x0000007944e00000)]
  0x000001bcb426e040 JavaThread "Incoming local TCP Connector on port 49396" [_thread_in_native, id=8224, stack(0x0000007945300000,0x0000007945400000)]
  0x000001bcb4055fb0 JavaThread "Daemon periodic checks" [_thread_blocked, id=21868, stack(0x0000007945400000,0x0000007945500000)]
  0x000001bcb43cc070 JavaThread "Daemon" [_thread_blocked, id=27764, stack(0x0000007945500000,0x0000007945600000)]
  0x000001bcb3759430 JavaThread "Handler for socket connection from /127.0.0.1:49396 to /127.0.0.1:49397" [_thread_in_native, id=16400, stack(0x0000007945600000,0x0000007945700000)]
  0x000001bc99be13a0 JavaThread "Cancel handler" [_thread_blocked, id=16692, stack(0x0000007945700000,0x0000007945800000)]
  0x000001bc99bde100 JavaThread "Daemon worker" [_thread_in_Java, id=10196, stack(0x0000007945800000,0x0000007945900000)]
  0x000001bc99bdf540 JavaThread "Asynchronous log dispatcher for DefaultDaemonConnection: socket connection from /127.0.0.1:49396 to /127.0.0.1:49397" [_thread_blocked, id=18548, stack(0x0000007945900000,0x0000007945a00000)]
  0x000001bc99bde610 JavaThread "Stdin handler" [_thread_blocked, id=21340, stack(0x0000007945a00000,0x0000007945b00000)]
  0x000001bc99bdff60 JavaThread "Daemon client event forwarder" [_thread_blocked, id=22284, stack(0x0000007945b00000,0x0000007945c00000)]
  0x000001bc99bdfa50 JavaThread "Cache worker for journal cache (C:\Users\2\.gradle\caches\journal-1)" [_thread_blocked, id=15504, stack(0x0000007945c00000,0x0000007945d00000)]
  0x000001bc99bdf030 JavaThread "File lock request listener" [_thread_in_native, id=16308, stack(0x0000007945d00000,0x0000007945e00000)]
  0x000001bc99be0980 JavaThread "Cache worker for file hash cache (C:\Users\2\.gradle\caches\8.13\fileHashes)" [_thread_blocked, id=25160, stack(0x0000007945e00000,0x0000007945f00000)]
  0x000001bcb59dd050 JavaThread "C2 CompilerThread2" daemon [_thread_in_native, id=12212, stack(0x0000007945f00000,0x0000007946000000)]
  0x000001bc99be0e90 JavaThread "Cache worker for file hash cache (D:\spr_boot\HelpPSY-hoojin\helppsy\.gradle\8.13\fileHashes)" [_thread_blocked, id=13064, stack(0x0000007946000000,0x0000007946100000)]
  0x000001bcb68d13c0 JavaThread "Cache worker for Build Output Cleanup Cache (D:\spr_boot\HelpPSY-hoojin\helppsy\.gradle\buildOutputCleanup)" [_thread_blocked, id=16540, stack(0x0000007946100000,0x0000007946200000)]
  0x000001bcb68d4b70 JavaThread "File watcher server" daemon [_thread_in_native, id=8404, stack(0x0000007946500000,0x0000007946600000)]
  0x000001bcb68d5080 JavaThread "File watcher consumer" daemon [_thread_blocked, id=7336, stack(0x0000007946600000,0x0000007946700000)]
  0x000001bcb68d2800 JavaThread "jar transforms" [_thread_blocked, id=25416, stack(0x0000007946700000,0x0000007946800000)]
  0x000001bcb68d1de0 JavaThread "jar transforms Thread 2" [_thread_blocked, id=1972, stack(0x0000007946800000,0x0000007946900000)]

Other Threads:
  0x000001bc991e7c40 VMThread "VM Thread" [stack: 0x0000007943f00000,0x0000007944000000] [id=5980]
  0x000001bcfe862110 WatcherThread [stack: 0x0000007944c00000,0x0000007944d00000] [id=13288]
  0x000001bcfe853f50 GCTaskThread "GC Thread#0" [stack: 0x0000007943a00000,0x0000007943b00000] [id=27396]
  0x000001bc995fedf0 GCTaskThread "GC Thread#1" [stack: 0x0000007944e00000,0x0000007944f00000] [id=7864]
  0x000001bc995ff0b0 GCTaskThread "GC Thread#2" [stack: 0x0000007944f00000,0x0000007945000000] [id=21344]
  0x000001bcb30702e0 GCTaskThread "GC Thread#3" [stack: 0x0000007945000000,0x0000007945100000] [id=1356]
  0x000001bcb30705a0 GCTaskThread "GC Thread#4" [stack: 0x0000007945100000,0x0000007945200000] [id=9564]
  0x000001bc998f0430 GCTaskThread "GC Thread#5" [stack: 0x0000007945200000,0x0000007945300000] [id=13068]
  0x000001bcb46390a0 GCTaskThread "GC Thread#6" [stack: 0x0000007946200000,0x0000007946300000] [id=11108]
  0x000001bcb4638020 GCTaskThread "GC Thread#7" [stack: 0x0000007946300000,0x0000007946400000] [id=24668]
  0x000001bcfe859dc0 ConcurrentGCThread "G1 Main Marker" [stack: 0x0000007943b00000,0x0000007943c00000] [id=14784]
  0x000001bcfe85ae80 ConcurrentGCThread "G1 Conc#0" [stack: 0x0000007943c00000,0x0000007943d00000] [id=22508]
  0x000001bcb4638860 ConcurrentGCThread "G1 Conc#1" [stack: 0x0000007946400000,0x0000007946500000] [id=28056]
  0x000001bcfe8fda00 ConcurrentGCThread "G1 Refine#0" [stack: 0x0000007943d00000,0x0000007943e00000] [id=9480]
  0x000001bcfe8fe340 ConcurrentGCThread "G1 Service" [stack: 0x0000007943e00000,0x0000007943f00000] [id=18292]

Threads with active compile tasks:
C2 CompilerThread0     3504 3067   !   4       java.lang.ClassLoader::loadClass (121 bytes)
C2 CompilerThread1     3504 3101       4       jdk.internal.org.objectweb.asm.Frame::execute (2305 bytes)
C2 CompilerThread2     3504 3095       4       java.net.URLClassLoader$1::run (5 bytes)

VM state: not at safepoint (normal execution)

VM Mutex/Monitor currently owned by a thread: None

Heap address: 0x00000000e0000000, size: 512 MB, Compressed Oops mode: 32-bit

CDS archive(s) mapped at: [0x000001bc9a000000-0x000001bc9abd0000-0x000001bc9abd0000), size 12386304, SharedBaseAddress: 0x000001bc9a000000, ArchiveRelocationMode: 1.
Compressed class space mapped at: 0x000001bc9b000000-0x000001bcaf000000, reserved size: 335544320
Narrow klass base: 0x000001bc9a000000, Narrow klass shift: 0, Narrow klass range: 0x100000000

GC Precious Log:
 CPUs: 8 total, 8 available
 Memory: 8113M
 Large Page Support: Disabled
 NUMA Support: Disabled
 Compressed Oops: Enabled (32-bit)
 Heap Region Size: 1M
 Heap Min Capacity: 256M
 Heap Initial Capacity: 256M
 Heap Max Capacity: 512M
 Pre-touch: Disabled
 Parallel Workers: 8
 Concurrent Workers: 2
 Concurrent Refinement Workers: 8
 Periodic GC: Disabled

Heap:
 garbage-first heap   total 262144K, used 70186K [0x00000000e0000000, 0x0000000100000000)
  region size 1024K, 59 young (60416K), 12 survivors (12288K)
 Metaspace       used 28478K, committed 28928K, reserved 393216K
  class space    used 4131K, committed 4352K, reserved 327680K

Heap Regions: E=young(eden), S=young(survivor), O=old, HS=humongous(starts), HC=humongous(continues), CS=collection set, F=free, OA=open archive, CA=closed archive, TAMS=top-at-mark-start (previous, next)
|   0|0x00000000e0000000, 0x00000000e0100000, 0x00000000e0100000|100%|HS|  |TAMS 0x00000000e0100000, 0x00000000e0000000| Complete 
|   1|0x00000000e0100000, 0x00000000e0200000, 0x00000000e0200000|100%|HC|  |TAMS 0x00000000e0200000, 0x00000000e0100000| Complete 
|   2|0x00000000e0200000, 0x00000000e0300000, 0x00000000e0300000|100%|HC|  |TAMS 0x00000000e0300000, 0x00000000e0200000| Complete 
|   3|0x00000000e0300000, 0x00000000e0400000, 0x00000000e0400000|100%| O|  |TAMS 0x00000000e0400000, 0x00000000e0300000| Untracked 
|   4|0x00000000e0400000, 0x00000000e0500000, 0x00000000e0500000|100%| O|  |TAMS 0x00000000e0500000, 0x00000000e0400000| Untracked 
|   5|0x00000000e0500000, 0x00000000e0600000, 0x00000000e0600000|100%| O|  |TAMS 0x00000000e0600000, 0x00000000e0500000| Untracked 
|   6|0x00000000e0600000, 0x00000000e0700000, 0x00000000e0700000|100%|HS|  |TAMS 0x00000000e0700000, 0x00000000e0600000| Complete 
|   7|0x00000000e0700000, 0x00000000e0700000, 0x00000000e0800000|  0%| F|  |TAMS 0x00000000e0700000, 0x00000000e0700000| Untracked 
|   8|0x00000000e0800000, 0x00000000e0900000, 0x00000000e0900000|100%| O|  |TAMS 0x00000000e0900000, 0x00000000e0800000| Complete 
|   9|0x00000000e0900000, 0x00000000e0a00000, 0x00000000e0a00000|100%| O|  |TAMS 0x00000000e0a00000, 0x00000000e0900000| Untracked 
|  10|0x00000000e0a00000, 0x00000000e0b00000, 0x00000000e0b00000|100%| O|  |TAMS 0x00000000e0b00000, 0x00000000e0a00000| Untracked 
|  11|0x00000000e0b00000, 0x00000000e0c00000, 0x00000000e0c00000|100%| O|  |TAMS 0x00000000e0c00000, 0x00000000e0b00000| Untracked 
|  12|0x00000000e0c00000, 0x00000000e0ced200, 0x00000000e0d00000| 92%| O|  |TAMS 0x00000000e0ced200, 0x00000000e0c00000| Untracked 
|  13|0x00000000e0d00000, 0x00000000e0d00000, 0x00000000e0e00000|  0%| F|  |TAMS 0x00000000e0d00000, 0x00000000e0d00000| Untracked 
|  14|0x00000000e0e00000, 0x00000000e0e00000, 0x00000000e0f00000|  0%| F|  |TAMS 0x00000000e0e00000, 0x00000000e0e00000| Untracked 
|  15|0x00000000e0f00000, 0x00000000e0f00000, 0x00000000e1000000|  0%| F|  |TAMS 0x00000000e0f00000, 0x00000000e0f00000| Untracked 
|  16|0x00000000e1000000, 0x00000000e1000000, 0x00000000e1100000|  0%| F|  |TAMS 0x00000000e1000000, 0x00000000e1000000| Untracked 
|  17|0x00000000e1100000, 0x00000000e1100000, 0x00000000e1200000|  0%| F|  |TAMS 0x00000000e1100000, 0x00000000e1100000| Untracked 
|  18|0x00000000e1200000, 0x00000000e1200000, 0x00000000e1300000|  0%| F|  |TAMS 0x00000000e1200000, 0x00000000e1200000| Untracked 
|  19|0x00000000e1300000, 0x00000000e1300000, 0x00000000e1400000|  0%| F|  |TAMS 0x00000000e1300000, 0x00000000e1300000| Untracked 
|  20|0x00000000e1400000, 0x00000000e1400000, 0x00000000e1500000|  0%| F|  |TAMS 0x00000000e1400000, 0x00000000e1400000| Untracked 
|  21|0x00000000e1500000, 0x00000000e1500000, 0x00000000e1600000|  0%| F|  |TAMS 0x00000000e1500000, 0x00000000e1500000| Untracked 
|  22|0x00000000e1600000, 0x00000000e1600000, 0x00000000e1700000|  0%| F|  |TAMS 0x00000000e1600000, 0x00000000e1600000| Untracked 
|  23|0x00000000e1700000, 0x00000000e1700000, 0x00000000e1800000|  0%| F|  |TAMS 0x00000000e1700000, 0x00000000e1700000| Untracked 
|  24|0x00000000e1800000, 0x00000000e1800000, 0x00000000e1900000|  0%| F|  |TAMS 0x00000000e1800000, 0x00000000e1800000| Untracked 
|  25|0x00000000e1900000, 0x00000000e1900000, 0x00000000e1a00000|  0%| F|  |TAMS 0x00000000e1900000, 0x00000000e1900000| Untracked 
|  26|0x00000000e1a00000, 0x00000000e1a00000, 0x00000000e1b00000|  0%| F|  |TAMS 0x00000000e1a00000, 0x00000000e1a00000| Untracked 
|  27|0x00000000e1b00000, 0x00000000e1b00000, 0x00000000e1c00000|  0%| F|  |TAMS 0x00000000e1b00000, 0x00000000e1b00000| Untracked 
|  28|0x00000000e1c00000, 0x00000000e1c00000, 0x00000000e1d00000|  0%| F|  |TAMS 0x00000000e1c00000, 0x00000000e1c00000| Untracked 
|  29|0x00000000e1d00000, 0x00000000e1d00000, 0x00000000e1e00000|  0%| F|  |TAMS 0x00000000e1d00000, 0x00000000e1d00000| Untracked 
|  30|0x00000000e1e00000, 0x00000000e1e00000, 0x00000000e1f00000|  0%| F|  |TAMS 0x00000000e1e00000, 0x00000000e1e00000| Untracked 
|  31|0x00000000e1f00000, 0x00000000e1f00000, 0x00000000e2000000|  0%| F|  |TAMS 0x00000000e1f00000, 0x00000000e1f00000| Untracked 
|  32|0x00000000e2000000, 0x00000000e2000000, 0x00000000e2100000|  0%| F|  |TAMS 0x00000000e2000000, 0x00000000e2000000| Untracked 
|  33|0x00000000e2100000, 0x00000000e2100000, 0x00000000e2200000|  0%| F|  |TAMS 0x00000000e2100000, 0x00000000e2100000| Untracked 
|  34|0x00000000e2200000, 0x00000000e2200000, 0x00000000e2300000|  0%| F|  |TAMS 0x00000000e2200000, 0x00000000e2200000| Untracked 
|  35|0x00000000e2300000, 0x00000000e2300000, 0x00000000e2400000|  0%| F|  |TAMS 0x00000000e2300000, 0x00000000e2300000| Untracked 
|  36|0x00000000e2400000, 0x00000000e2400000, 0x00000000e2500000|  0%| F|  |TAMS 0x00000000e2400000, 0x00000000e2400000| Untracked 
|  37|0x00000000e2500000, 0x00000000e2500000, 0x00000000e2600000|  0%| F|  |TAMS 0x00000000e2500000, 0x00000000e2500000| Untracked 
|  38|0x00000000e2600000, 0x00000000e2600000, 0x00000000e2700000|  0%| F|  |TAMS 0x00000000e2600000, 0x00000000e2600000| Untracked 
|  39|0x00000000e2700000, 0x00000000e2700000, 0x00000000e2800000|  0%| F|  |TAMS 0x00000000e2700000, 0x00000000e2700000| Untracked 
|  40|0x00000000e2800000, 0x00000000e2800000, 0x00000000e2900000|  0%| F|  |TAMS 0x00000000e2800000, 0x00000000e2800000| Untracked 
|  41|0x00000000e2900000, 0x00000000e2900000, 0x00000000e2a00000|  0%| F|  |TAMS 0x00000000e2900000, 0x00000000e2900000| Untracked 
|  42|0x00000000e2a00000, 0x00000000e2a00000, 0x00000000e2b00000|  0%| F|  |TAMS 0x00000000e2a00000, 0x00000000e2a00000| Untracked 
|  43|0x00000000e2b00000, 0x00000000e2b00000, 0x00000000e2c00000|  0%| F|  |TAMS 0x00000000e2b00000, 0x00000000e2b00000| Untracked 
|  44|0x00000000e2c00000, 0x00000000e2c00000, 0x00000000e2d00000|  0%| F|  |TAMS 0x00000000e2c00000, 0x00000000e2c00000| Untracked 
|  45|0x00000000e2d00000, 0x00000000e2d00000, 0x00000000e2e00000|  0%| F|  |TAMS 0x00000000e2d00000, 0x00000000e2d00000| Untracked 
|  46|0x00000000e2e00000, 0x00000000e2e00000, 0x00000000e2f00000|  0%| F|  |TAMS 0x00000000e2e00000, 0x00000000e2e00000| Untracked 
|  47|0x00000000e2f00000, 0x00000000e2f00000, 0x00000000e3000000|  0%| F|  |TAMS 0x00000000e2f00000, 0x00000000e2f00000| Untracked 
|  48|0x00000000e3000000, 0x00000000e3000000, 0x00000000e3100000|  0%| F|  |TAMS 0x00000000e3000000, 0x00000000e3000000| Untracked 
|  49|0x00000000e3100000, 0x00000000e3100000, 0x00000000e3200000|  0%| F|  |TAMS 0x00000000e3100000, 0x00000000e3100000| Untracked 
|  50|0x00000000e3200000, 0x00000000e3200000, 0x00000000e3300000|  0%| F|  |TAMS 0x00000000e3200000, 0x00000000e3200000| Untracked 
|  51|0x00000000e3300000, 0x00000000e3300000, 0x00000000e3400000|  0%| F|  |TAMS 0x00000000e3300000, 0x00000000e3300000| Untracked 
|  52|0x00000000e3400000, 0x00000000e3400000, 0x00000000e3500000|  0%| F|  |TAMS 0x00000000e3400000, 0x00000000e3400000| Untracked 
|  53|0x00000000e3500000, 0x00000000e3500000, 0x00000000e3600000|  0%| F|  |TAMS 0x00000000e3500000, 0x00000000e3500000| Untracked 
|  54|0x00000000e3600000, 0x00000000e3600000, 0x00000000e3700000|  0%| F|  |TAMS 0x00000000e3600000, 0x00000000e3600000| Untracked 
|  55|0x00000000e3700000, 0x00000000e3700000, 0x00000000e3800000|  0%| F|  |TAMS 0x00000000e3700000, 0x00000000e3700000| Untracked 
|  56|0x00000000e3800000, 0x00000000e3800000, 0x00000000e3900000|  0%| F|  |TAMS 0x00000000e3800000, 0x00000000e3800000| Untracked 
|  57|0x00000000e3900000, 0x00000000e3900000, 0x00000000e3a00000|  0%| F|  |TAMS 0x00000000e3900000, 0x00000000e3900000| Untracked 
|  58|0x00000000e3a00000, 0x00000000e3a00000, 0x00000000e3b00000|  0%| F|  |TAMS 0x00000000e3a00000, 0x00000000e3a00000| Untracked 
|  59|0x00000000e3b00000, 0x00000000e3b00000, 0x00000000e3c00000|  0%| F|  |TAMS 0x00000000e3b00000, 0x00000000e3b00000| Untracked 
|  60|0x00000000e3c00000, 0x00000000e3c00000, 0x00000000e3d00000|  0%| F|  |TAMS 0x00000000e3c00000, 0x00000000e3c00000| Untracked 
|  61|0x00000000e3d00000, 0x00000000e3d00000, 0x00000000e3e00000|  0%| F|  |TAMS 0x00000000e3d00000, 0x00000000e3d00000| Untracked 
|  62|0x00000000e3e00000, 0x00000000e3e00000, 0x00000000e3f00000|  0%| F|  |TAMS 0x00000000e3e00000, 0x00000000e3e00000| Untracked 
|  63|0x00000000e3f00000, 0x00000000e3f00000, 0x00000000e4000000|  0%| F|  |TAMS 0x00000000e3f00000, 0x00000000e3f00000| Untracked 
|  64|0x00000000e4000000, 0x00000000e4000000, 0x00000000e4100000|  0%| F|  |TAMS 0x00000000e4000000, 0x00000000e4000000| Untracked 
|  65|0x00000000e4100000, 0x00000000e4100000, 0x00000000e4200000|  0%| F|  |TAMS 0x00000000e4100000, 0x00000000e4100000| Untracked 
|  66|0x00000000e4200000, 0x00000000e4200000, 0x00000000e4300000|  0%| F|  |TAMS 0x00000000e4200000, 0x00000000e4200000| Untracked 
|  67|0x00000000e4300000, 0x00000000e4300000, 0x00000000e4400000|  0%| F|  |TAMS 0x00000000e4300000, 0x00000000e4300000| Untracked 
|  68|0x00000000e4400000, 0x00000000e4400000, 0x00000000e4500000|  0%| F|  |TAMS 0x00000000e4400000, 0x00000000e4400000| Untracked 
|  69|0x00000000e4500000, 0x00000000e4500000, 0x00000000e4600000|  0%| F|  |TAMS 0x00000000e4500000, 0x00000000e4500000| Untracked 
|  70|0x00000000e4600000, 0x00000000e4600000, 0x00000000e4700000|  0%| F|  |TAMS 0x00000000e4600000, 0x00000000e4600000| Untracked 
|  71|0x00000000e4700000, 0x00000000e4700000, 0x00000000e4800000|  0%| F|  |TAMS 0x00000000e4700000, 0x00000000e4700000| Untracked 
|  72|0x00000000e4800000, 0x00000000e4800000, 0x00000000e4900000|  0%| F|  |TAMS 0x00000000e4800000, 0x00000000e4800000| Untracked 
|  73|0x00000000e4900000, 0x00000000e4900000, 0x00000000e4a00000|  0%| F|  |TAMS 0x00000000e4900000, 0x00000000e4900000| Untracked 
|  74|0x00000000e4a00000, 0x00000000e4a00000, 0x00000000e4b00000|  0%| F|  |TAMS 0x00000000e4a00000, 0x00000000e4a00000| Untracked 
|  75|0x00000000e4b00000, 0x00000000e4b00000, 0x00000000e4c00000|  0%| F|  |TAMS 0x00000000e4b00000, 0x00000000e4b00000| Untracked 
|  76|0x00000000e4c00000, 0x00000000e4c00000, 0x00000000e4d00000|  0%| F|  |TAMS 0x00000000e4c00000, 0x00000000e4c00000| Untracked 
|  77|0x00000000e4d00000, 0x00000000e4d00000, 0x00000000e4e00000|  0%| F|  |TAMS 0x00000000e4d00000, 0x00000000e4d00000| Untracked 
|  78|0x00000000e4e00000, 0x00000000e4e00000, 0x00000000e4f00000|  0%| F|  |TAMS 0x00000000e4e00000, 0x00000000e4e00000| Untracked 
|  79|0x00000000e4f00000, 0x00000000e4f00000, 0x00000000e5000000|  0%| F|  |TAMS 0x00000000e4f00000, 0x00000000e4f00000| Untracked 
|  80|0x00000000e5000000, 0x00000000e5000000, 0x00000000e5100000|  0%| F|  |TAMS 0x00000000e5000000, 0x00000000e5000000| Untracked 
|  81|0x00000000e5100000, 0x00000000e5100000, 0x00000000e5200000|  0%| F|  |TAMS 0x00000000e5100000, 0x00000000e5100000| Untracked 
|  82|0x00000000e5200000, 0x00000000e5200000, 0x00000000e5300000|  0%| F|  |TAMS 0x00000000e5200000, 0x00000000e5200000| Untracked 
|  83|0x00000000e5300000, 0x00000000e5300000, 0x00000000e5400000|  0%| F|  |TAMS 0x00000000e5300000, 0x00000000e5300000| Untracked 
|  84|0x00000000e5400000, 0x00000000e5400000, 0x00000000e5500000|  0%| F|  |TAMS 0x00000000e5400000, 0x00000000e5400000| Untracked 
|  85|0x00000000e5500000, 0x00000000e5500000, 0x00000000e5600000|  0%| F|  |TAMS 0x00000000e5500000, 0x00000000e5500000| Untracked 
|  86|0x00000000e5600000, 0x00000000e5600000, 0x00000000e5700000|  0%| F|  |TAMS 0x00000000e5600000, 0x00000000e5600000| Untracked 
|  87|0x00000000e5700000, 0x00000000e5700000, 0x00000000e5800000|  0%| F|  |TAMS 0x00000000e5700000, 0x00000000e5700000| Untracked 
|  88|0x00000000e5800000, 0x00000000e5800000, 0x00000000e5900000|  0%| F|  |TAMS 0x00000000e5800000, 0x00000000e5800000| Untracked 
|  89|0x00000000e5900000, 0x00000000e5900000, 0x00000000e5a00000|  0%| F|  |TAMS 0x00000000e5900000, 0x00000000e5900000| Untracked 
|  90|0x00000000e5a00000, 0x00000000e5a00000, 0x00000000e5b00000|  0%| F|  |TAMS 0x00000000e5a00000, 0x00000000e5a00000| Untracked 
|  91|0x00000000e5b00000, 0x00000000e5b00000, 0x00000000e5c00000|  0%| F|  |TAMS 0x00000000e5b00000, 0x00000000e5b00000| Untracked 
|  92|0x00000000e5c00000, 0x00000000e5c00000, 0x00000000e5d00000|  0%| F|  |TAMS 0x00000000e5c00000, 0x00000000e5c00000| Untracked 
|  93|0x00000000e5d00000, 0x00000000e5d00000, 0x00000000e5e00000|  0%| F|  |TAMS 0x00000000e5d00000, 0x00000000e5d00000| Untracked 
|  94|0x00000000e5e00000, 0x00000000e5e00000, 0x00000000e5f00000|  0%| F|  |TAMS 0x00000000e5e00000, 0x00000000e5e00000| Untracked 
|  95|0x00000000e5f00000, 0x00000000e5f00000, 0x00000000e6000000|  0%| F|  |TAMS 0x00000000e5f00000, 0x00000000e5f00000| Untracked 
|  96|0x00000000e6000000, 0x00000000e6000000, 0x00000000e6100000|  0%| F|  |TAMS 0x00000000e6000000, 0x00000000e6000000| Untracked 
|  97|0x00000000e6100000, 0x00000000e6100000, 0x00000000e6200000|  0%| F|  |TAMS 0x00000000e6100000, 0x00000000e6100000| Untracked 
|  98|0x00000000e6200000, 0x00000000e6200000, 0x00000000e6300000|  0%| F|  |TAMS 0x00000000e6200000, 0x00000000e6200000| Untracked 
|  99|0x00000000e6300000, 0x00000000e6300000, 0x00000000e6400000|  0%| F|  |TAMS 0x00000000e6300000, 0x00000000e6300000| Untracked 
| 100|0x00000000e6400000, 0x00000000e6400000, 0x00000000e6500000|  0%| F|  |TAMS 0x00000000e6400000, 0x00000000e6400000| Untracked 
| 101|0x00000000e6500000, 0x00000000e6500000, 0x00000000e6600000|  0%| F|  |TAMS 0x00000000e6500000, 0x00000000e6500000| Untracked 
| 102|0x00000000e6600000, 0x00000000e6600000, 0x00000000e6700000|  0%| F|  |TAMS 0x00000000e6600000, 0x00000000e6600000| Untracked 
| 103|0x00000000e6700000, 0x00000000e6700000, 0x00000000e6800000|  0%| F|  |TAMS 0x00000000e6700000, 0x00000000e6700000| Untracked 
| 104|0x00000000e6800000, 0x00000000e6800000, 0x00000000e6900000|  0%| F|  |TAMS 0x00000000e6800000, 0x00000000e6800000| Untracked 
| 105|0x00000000e6900000, 0x00000000e6900000, 0x00000000e6a00000|  0%| F|  |TAMS 0x00000000e6900000, 0x00000000e6900000| Untracked 
| 106|0x00000000e6a00000, 0x00000000e6a00000, 0x00000000e6b00000|  0%| F|  |TAMS 0x00000000e6a00000, 0x00000000e6a00000| Untracked 
| 107|0x00000000e6b00000, 0x00000000e6b00000, 0x00000000e6c00000|  0%| F|  |TAMS 0x00000000e6b00000, 0x00000000e6b00000| Untracked 
| 108|0x00000000e6c00000, 0x00000000e6c00000, 0x00000000e6d00000|  0%| F|  |TAMS 0x00000000e6c00000, 0x00000000e6c00000| Untracked 
| 109|0x00000000e6d00000, 0x00000000e6d00000, 0x00000000e6e00000|  0%| F|  |TAMS 0x00000000e6d00000, 0x00000000e6d00000| Untracked 
| 110|0x00000000e6e00000, 0x00000000e6e00000, 0x00000000e6f00000|  0%| F|  |TAMS 0x00000000e6e00000, 0x00000000e6e00000| Untracked 
| 111|0x00000000e6f00000, 0x00000000e6f00000, 0x00000000e7000000|  0%| F|  |TAMS 0x00000000e6f00000, 0x00000000e6f00000| Untracked 
| 112|0x00000000e7000000, 0x00000000e7000000, 0x00000000e7100000|  0%| F|  |TAMS 0x00000000e7000000, 0x00000000e7000000| Untracked 
| 113|0x00000000e7100000, 0x00000000e7100000, 0x00000000e7200000|  0%| F|  |TAMS 0x00000000e7100000, 0x00000000e7100000| Untracked 
| 114|0x00000000e7200000, 0x00000000e7200000, 0x00000000e7300000|  0%| F|  |TAMS 0x00000000e7200000, 0x00000000e7200000| Untracked 
| 115|0x00000000e7300000, 0x00000000e7300000, 0x00000000e7400000|  0%| F|  |TAMS 0x00000000e7300000, 0x00000000e7300000| Untracked 
| 116|0x00000000e7400000, 0x00000000e7400000, 0x00000000e7500000|  0%| F|  |TAMS 0x00000000e7400000, 0x00000000e7400000| Untracked 
| 117|0x00000000e7500000, 0x00000000e7500000, 0x00000000e7600000|  0%| F|  |TAMS 0x00000000e7500000, 0x00000000e7500000| Untracked 
| 118|0x00000000e7600000, 0x00000000e7600000, 0x00000000e7700000|  0%| F|  |TAMS 0x00000000e7600000, 0x00000000e7600000| Untracked 
| 119|0x00000000e7700000, 0x00000000e7700000, 0x00000000e7800000|  0%| F|  |TAMS 0x00000000e7700000, 0x00000000e7700000| Untracked 
| 120|0x00000000e7800000, 0x00000000e7800000, 0x00000000e7900000|  0%| F|  |TAMS 0x00000000e7800000, 0x00000000e7800000| Untracked 
| 121|0x00000000e7900000, 0x00000000e7900000, 0x00000000e7a00000|  0%| F|  |TAMS 0x00000000e7900000, 0x00000000e7900000| Untracked 
| 122|0x00000000e7a00000, 0x00000000e7a00000, 0x00000000e7b00000|  0%| F|  |TAMS 0x00000000e7a00000, 0x00000000e7a00000| Untracked 
| 123|0x00000000e7b00000, 0x00000000e7b00000, 0x00000000e7c00000|  0%| F|  |TAMS 0x00000000e7b00000, 0x00000000e7b00000| Untracked 
| 124|0x00000000e7c00000, 0x00000000e7c00000, 0x00000000e7d00000|  0%| F|  |TAMS 0x00000000e7c00000, 0x00000000e7c00000| Untracked 
| 125|0x00000000e7d00000, 0x00000000e7d00000, 0x00000000e7e00000|  0%| F|  |TAMS 0x00000000e7d00000, 0x00000000e7d00000| Untracked 
| 126|0x00000000e7e00000, 0x00000000e7e00000, 0x00000000e7f00000|  0%| F|  |TAMS 0x00000000e7e00000, 0x00000000e7e00000| Untracked 
| 127|0x00000000e7f00000, 0x00000000e7f00000, 0x00000000e8000000|  0%| F|  |TAMS 0x00000000e7f00000, 0x00000000e7f00000| Untracked 
| 128|0x00000000e8000000, 0x00000000e8000000, 0x00000000e8100000|  0%| F|  |TAMS 0x00000000e8000000, 0x00000000e8000000| Untracked 
| 129|0x00000000e8100000, 0x00000000e8100000, 0x00000000e8200000|  0%| F|  |TAMS 0x00000000e8100000, 0x00000000e8100000| Untracked 
| 130|0x00000000e8200000, 0x00000000e829d680, 0x00000000e8300000| 61%| S|CS|TAMS 0x00000000e8200000, 0x00000000e8200000| Complete 
| 131|0x00000000e8300000, 0x00000000e8400000, 0x00000000e8400000|100%| S|CS|TAMS 0x00000000e8300000, 0x00000000e8300000| Complete 
| 132|0x00000000e8400000, 0x00000000e8500000, 0x00000000e8500000|100%| S|CS|TAMS 0x00000000e8400000, 0x00000000e8400000| Complete 
| 133|0x00000000e8500000, 0x00000000e8600000, 0x00000000e8600000|100%| S|CS|TAMS 0x00000000e8500000, 0x00000000e8500000| Complete 
| 134|0x00000000e8600000, 0x00000000e8700000, 0x00000000e8700000|100%| S|CS|TAMS 0x00000000e8600000, 0x00000000e8600000| Complete 
| 135|0x00000000e8700000, 0x00000000e8800000, 0x00000000e8800000|100%| S|CS|TAMS 0x00000000e8700000, 0x00000000e8700000| Complete 
| 136|0x00000000e8800000, 0x00000000e8900000, 0x00000000e8900000|100%| S|CS|TAMS 0x00000000e8800000, 0x00000000e8800000| Complete 
| 137|0x00000000e8900000, 0x00000000e8a00000, 0x00000000e8a00000|100%| S|CS|TAMS 0x00000000e8900000, 0x00000000e8900000| Complete 
| 138|0x00000000e8a00000, 0x00000000e8b00000, 0x00000000e8b00000|100%| S|CS|TAMS 0x00000000e8a00000, 0x00000000e8a00000| Complete 
| 139|0x00000000e8b00000, 0x00000000e8c00000, 0x00000000e8c00000|100%| S|CS|TAMS 0x00000000e8b00000, 0x00000000e8b00000| Complete 
| 140|0x00000000e8c00000, 0x00000000e8d00000, 0x00000000e8d00000|100%| S|CS|TAMS 0x00000000e8c00000, 0x00000000e8c00000| Complete 
| 141|0x00000000e8d00000, 0x00000000e8e00000, 0x00000000e8e00000|100%| S|CS|TAMS 0x00000000e8d00000, 0x00000000e8d00000| Complete 
| 142|0x00000000e8e00000, 0x00000000e8e00000, 0x00000000e8f00000|  0%| F|  |TAMS 0x00000000e8e00000, 0x00000000e8e00000| Untracked 
| 143|0x00000000e8f00000, 0x00000000e8f00000, 0x00000000e9000000|  0%| F|  |TAMS 0x00000000e8f00000, 0x00000000e8f00000| Untracked 
| 144|0x00000000e9000000, 0x00000000e9000000, 0x00000000e9100000|  0%| F|  |TAMS 0x00000000e9000000, 0x00000000e9000000| Untracked 
| 145|0x00000000e9100000, 0x00000000e9100000, 0x00000000e9200000|  0%| F|  |TAMS 0x00000000e9100000, 0x00000000e9100000| Untracked 
| 146|0x00000000e9200000, 0x00000000e9200000, 0x00000000e9300000|  0%| F|  |TAMS 0x00000000e9200000, 0x00000000e9200000| Untracked 
| 147|0x00000000e9300000, 0x00000000e9300000, 0x00000000e9400000|  0%| F|  |TAMS 0x00000000e9300000, 0x00000000e9300000| Untracked 
| 148|0x00000000e9400000, 0x00000000e9400000, 0x00000000e9500000|  0%| F|  |TAMS 0x00000000e9400000, 0x00000000e9400000| Untracked 
| 149|0x00000000e9500000, 0x00000000e9500000, 0x00000000e9600000|  0%| F|  |TAMS 0x00000000e9500000, 0x00000000e9500000| Untracked 
| 150|0x00000000e9600000, 0x00000000e9600000, 0x00000000e9700000|  0%| F|  |TAMS 0x00000000e9600000, 0x00000000e9600000| Untracked 
| 151|0x00000000e9700000, 0x00000000e9700000, 0x00000000e9800000|  0%| F|  |TAMS 0x00000000e9700000, 0x00000000e9700000| Untracked 
| 152|0x00000000e9800000, 0x00000000e9800000, 0x00000000e9900000|  0%| F|  |TAMS 0x00000000e9800000, 0x00000000e9800000| Untracked 
| 153|0x00000000e9900000, 0x00000000e9900000, 0x00000000e9a00000|  0%| F|  |TAMS 0x00000000e9900000, 0x00000000e9900000| Untracked 
| 154|0x00000000e9a00000, 0x00000000e9a00000, 0x00000000e9b00000|  0%| F|  |TAMS 0x00000000e9a00000, 0x00000000e9a00000| Untracked 
| 155|0x00000000e9b00000, 0x00000000e9b00000, 0x00000000e9c00000|  0%| F|  |TAMS 0x00000000e9b00000, 0x00000000e9b00000| Untracked 
| 156|0x00000000e9c00000, 0x00000000e9c00000, 0x00000000e9d00000|  0%| F|  |TAMS 0x00000000e9c00000, 0x00000000e9c00000| Untracked 
| 157|0x00000000e9d00000, 0x00000000e9d00000, 0x00000000e9e00000|  0%| F|  |TAMS 0x00000000e9d00000, 0x00000000e9d00000| Untracked 
| 158|0x00000000e9e00000, 0x00000000e9e00000, 0x00000000e9f00000|  0%| F|  |TAMS 0x00000000e9e00000, 0x00000000e9e00000| Untracked 
| 159|0x00000000e9f00000, 0x00000000e9f00000, 0x00000000ea000000|  0%| F|  |TAMS 0x00000000e9f00000, 0x00000000e9f00000| Untracked 
| 160|0x00000000ea000000, 0x00000000ea000000, 0x00000000ea100000|  0%| F|  |TAMS 0x00000000ea000000, 0x00000000ea000000| Untracked 
| 161|0x00000000ea100000, 0x00000000ea100000, 0x00000000ea200000|  0%| F|  |TAMS 0x00000000ea100000, 0x00000000ea100000| Untracked 
| 162|0x00000000ea200000, 0x00000000ea200000, 0x00000000ea300000|  0%| F|  |TAMS 0x00000000ea200000, 0x00000000ea200000| Untracked 
| 163|0x00000000ea300000, 0x00000000ea300000, 0x00000000ea400000|  0%| F|  |TAMS 0x00000000ea300000, 0x00000000ea300000| Untracked 
| 164|0x00000000ea400000, 0x00000000ea400000, 0x00000000ea500000|  0%| F|  |TAMS 0x00000000ea400000, 0x00000000ea400000| Untracked 
| 165|0x00000000ea500000, 0x00000000ea500000, 0x00000000ea600000|  0%| F|  |TAMS 0x00000000ea500000, 0x00000000ea500000| Untracked 
| 166|0x00000000ea600000, 0x00000000ea600000, 0x00000000ea700000|  0%| F|  |TAMS 0x00000000ea600000, 0x00000000ea600000| Untracked 
| 167|0x00000000ea700000, 0x00000000ea700000, 0x00000000ea800000|  0%| F|  |TAMS 0x00000000ea700000, 0x00000000ea700000| Untracked 
| 168|0x00000000ea800000, 0x00000000ea800000, 0x00000000ea900000|  0%| F|  |TAMS 0x00000000ea800000, 0x00000000ea800000| Untracked 
| 169|0x00000000ea900000, 0x00000000ea900000, 0x00000000eaa00000|  0%| F|  |TAMS 0x00000000ea900000, 0x00000000ea900000| Untracked 
| 170|0x00000000eaa00000, 0x00000000eaa00000, 0x00000000eab00000|  0%| F|  |TAMS 0x00000000eaa00000, 0x00000000eaa00000| Untracked 
| 171|0x00000000eab00000, 0x00000000eab00000, 0x00000000eac00000|  0%| F|  |TAMS 0x00000000eab00000, 0x00000000eab00000| Untracked 
| 172|0x00000000eac00000, 0x00000000eac00000, 0x00000000ead00000|  0%| F|  |TAMS 0x00000000eac00000, 0x00000000eac00000| Untracked 
| 173|0x00000000ead00000, 0x00000000ead00000, 0x00000000eae00000|  0%| F|  |TAMS 0x00000000ead00000, 0x00000000ead00000| Untracked 
| 174|0x00000000eae00000, 0x00000000eae00000, 0x00000000eaf00000|  0%| F|  |TAMS 0x00000000eae00000, 0x00000000eae00000| Untracked 
| 175|0x00000000eaf00000, 0x00000000eaf00000, 0x00000000eb000000|  0%| F|  |TAMS 0x00000000eaf00000, 0x00000000eaf00000| Untracked 
| 176|0x00000000eb000000, 0x00000000eb000000, 0x00000000eb100000|  0%| F|  |TAMS 0x00000000eb000000, 0x00000000eb000000| Untracked 
| 177|0x00000000eb100000, 0x00000000eb100000, 0x00000000eb200000|  0%| F|  |TAMS 0x00000000eb100000, 0x00000000eb100000| Untracked 
| 178|0x00000000eb200000, 0x00000000eb200000, 0x00000000eb300000|  0%| F|  |TAMS 0x00000000eb200000, 0x00000000eb200000| Untracked 
| 179|0x00000000eb300000, 0x00000000eb300000, 0x00000000eb400000|  0%| F|  |TAMS 0x00000000eb300000, 0x00000000eb300000| Untracked 
| 180|0x00000000eb400000, 0x00000000eb400000, 0x00000000eb500000|  0%| F|  |TAMS 0x00000000eb400000, 0x00000000eb400000| Untracked 
| 181|0x00000000eb500000, 0x00000000eb500000, 0x00000000eb600000|  0%| F|  |TAMS 0x00000000eb500000, 0x00000000eb500000| Untracked 
| 182|0x00000000eb600000, 0x00000000eb600000, 0x00000000eb700000|  0%| F|  |TAMS 0x00000000eb600000, 0x00000000eb600000| Untracked 
| 183|0x00000000eb700000, 0x00000000eb700000, 0x00000000eb800000|  0%| F|  |TAMS 0x00000000eb700000, 0x00000000eb700000| Untracked 
| 184|0x00000000eb800000, 0x00000000eb800000, 0x00000000eb900000|  0%| F|  |TAMS 0x00000000eb800000, 0x00000000eb800000| Untracked 
| 185|0x00000000eb900000, 0x00000000eb900000, 0x00000000eba00000|  0%| F|  |TAMS 0x00000000eb900000, 0x00000000eb900000| Untracked 
| 186|0x00000000eba00000, 0x00000000eba00000, 0x00000000ebb00000|  0%| F|  |TAMS 0x00000000eba00000, 0x00000000eba00000| Untracked 
| 187|0x00000000ebb00000, 0x00000000ebb00000, 0x00000000ebc00000|  0%| F|  |TAMS 0x00000000ebb00000, 0x00000000ebb00000| Untracked 
| 188|0x00000000ebc00000, 0x00000000ebc00000, 0x00000000ebd00000|  0%| F|  |TAMS 0x00000000ebc00000, 0x00000000ebc00000| Untracked 
| 189|0x00000000ebd00000, 0x00000000ebd00000, 0x00000000ebe00000|  0%| F|  |TAMS 0x00000000ebd00000, 0x00000000ebd00000| Untracked 
| 190|0x00000000ebe00000, 0x00000000ebe00000, 0x00000000ebf00000|  0%| F|  |TAMS 0x00000000ebe00000, 0x00000000ebe00000| Untracked 
| 191|0x00000000ebf00000, 0x00000000ebf00000, 0x00000000ec000000|  0%| F|  |TAMS 0x00000000ebf00000, 0x00000000ebf00000| Untracked 
| 192|0x00000000ec000000, 0x00000000ec000000, 0x00000000ec100000|  0%| F|  |TAMS 0x00000000ec000000, 0x00000000ec000000| Untracked 
| 193|0x00000000ec100000, 0x00000000ec100000, 0x00000000ec200000|  0%| F|  |TAMS 0x00000000ec100000, 0x00000000ec100000| Untracked 
| 194|0x00000000ec200000, 0x00000000ec200000, 0x00000000ec300000|  0%| F|  |TAMS 0x00000000ec200000, 0x00000000ec200000| Untracked 
| 195|0x00000000ec300000, 0x00000000ec300000, 0x00000000ec400000|  0%| F|  |TAMS 0x00000000ec300000, 0x00000000ec300000| Untracked 
| 196|0x00000000ec400000, 0x00000000ec400000, 0x00000000ec500000|  0%| F|  |TAMS 0x00000000ec400000, 0x00000000ec400000| Untracked 
| 197|0x00000000ec500000, 0x00000000ec500000, 0x00000000ec600000|  0%| F|  |TAMS 0x00000000ec500000, 0x00000000ec500000| Untracked 
| 198|0x00000000ec600000, 0x00000000ec600000, 0x00000000ec700000|  0%| F|  |TAMS 0x00000000ec600000, 0x00000000ec600000| Untracked 
| 199|0x00000000ec700000, 0x00000000ec700000, 0x00000000ec800000|  0%| F|  |TAMS 0x00000000ec700000, 0x00000000ec700000| Untracked 
| 200|0x00000000ec800000, 0x00000000ec800000, 0x00000000ec900000|  0%| F|  |TAMS 0x00000000ec800000, 0x00000000ec800000| Untracked 
| 201|0x00000000ec900000, 0x00000000ec900000, 0x00000000eca00000|  0%| F|  |TAMS 0x00000000ec900000, 0x00000000ec900000| Untracked 
| 202|0x00000000eca00000, 0x00000000eca00000, 0x00000000ecb00000|  0%| F|  |TAMS 0x00000000eca00000, 0x00000000eca00000| Untracked 
| 203|0x00000000ecb00000, 0x00000000ecb00000, 0x00000000ecc00000|  0%| F|  |TAMS 0x00000000ecb00000, 0x00000000ecb00000| Untracked 
| 204|0x00000000ecc00000, 0x00000000ecc00000, 0x00000000ecd00000|  0%| F|  |TAMS 0x00000000ecc00000, 0x00000000ecc00000| Untracked 
| 205|0x00000000ecd00000, 0x00000000ecd00000, 0x00000000ece00000|  0%| F|  |TAMS 0x00000000ecd00000, 0x00000000ecd00000| Untracked 
| 206|0x00000000ece00000, 0x00000000ece00000, 0x00000000ecf00000|  0%| F|  |TAMS 0x00000000ece00000, 0x00000000ece00000| Untracked 
| 207|0x00000000ecf00000, 0x00000000ecf00000, 0x00000000ed000000|  0%| F|  |TAMS 0x00000000ecf00000, 0x00000000ecf00000| Untracked 
| 208|0x00000000ed000000, 0x00000000ed000000, 0x00000000ed100000|  0%| F|  |TAMS 0x00000000ed000000, 0x00000000ed000000| Untracked 
| 209|0x00000000ed100000, 0x00000000ed190300, 0x00000000ed200000| 56%| E|  |TAMS 0x00000000ed100000, 0x00000000ed100000| Complete 
| 210|0x00000000ed200000, 0x00000000ed300000, 0x00000000ed300000|100%| E|CS|TAMS 0x00000000ed200000, 0x00000000ed200000| Complete 
| 211|0x00000000ed300000, 0x00000000ed400000, 0x00000000ed400000|100%| E|CS|TAMS 0x00000000ed300000, 0x00000000ed300000| Complete 
| 212|0x00000000ed400000, 0x00000000ed500000, 0x00000000ed500000|100%| E|CS|TAMS 0x00000000ed400000, 0x00000000ed400000| Complete 
| 213|0x00000000ed500000, 0x00000000ed600000, 0x00000000ed600000|100%| E|CS|TAMS 0x00000000ed500000, 0x00000000ed500000| Complete 
| 214|0x00000000ed600000, 0x00000000ed700000, 0x00000000ed700000|100%| E|CS|TAMS 0x00000000ed600000, 0x00000000ed600000| Complete 
| 215|0x00000000ed700000, 0x00000000ed800000, 0x00000000ed800000|100%| E|CS|TAMS 0x00000000ed700000, 0x00000000ed700000| Complete 
| 216|0x00000000ed800000, 0x00000000ed900000, 0x00000000ed900000|100%| E|CS|TAMS 0x00000000ed800000, 0x00000000ed800000| Complete 
| 217|0x00000000ed900000, 0x00000000eda00000, 0x00000000eda00000|100%| E|CS|TAMS 0x00000000ed900000, 0x00000000ed900000| Complete 
| 218|0x00000000eda00000, 0x00000000edb00000, 0x00000000edb00000|100%| E|CS|TAMS 0x00000000eda00000, 0x00000000eda00000| Complete 
| 219|0x00000000edb00000, 0x00000000edc00000, 0x00000000edc00000|100%| E|CS|TAMS 0x00000000edb00000, 0x00000000edb00000| Complete 
| 220|0x00000000edc00000, 0x00000000edd00000, 0x00000000edd00000|100%| E|CS|TAMS 0x00000000edc00000, 0x00000000edc00000| Complete 
| 221|0x00000000edd00000, 0x00000000ede00000, 0x00000000ede00000|100%| E|CS|TAMS 0x00000000edd00000, 0x00000000edd00000| Complete 
| 222|0x00000000ede00000, 0x00000000edf00000, 0x00000000edf00000|100%| E|CS|TAMS 0x00000000ede00000, 0x00000000ede00000| Complete 
| 223|0x00000000edf00000, 0x00000000ee000000, 0x00000000ee000000|100%| E|CS|TAMS 0x00000000edf00000, 0x00000000edf00000| Complete 
| 224|0x00000000ee000000, 0x00000000ee100000, 0x00000000ee100000|100%| E|CS|TAMS 0x00000000ee000000, 0x00000000ee000000| Complete 
| 225|0x00000000ee100000, 0x00000000ee200000, 0x00000000ee200000|100%| E|CS|TAMS 0x00000000ee100000, 0x00000000ee100000| Complete 
| 226|0x00000000ee200000, 0x00000000ee300000, 0x00000000ee300000|100%| E|CS|TAMS 0x00000000ee200000, 0x00000000ee200000| Complete 
| 227|0x00000000ee300000, 0x00000000ee400000, 0x00000000ee400000|100%| E|CS|TAMS 0x00000000ee300000, 0x00000000ee300000| Complete 
| 228|0x00000000ee400000, 0x00000000ee500000, 0x00000000ee500000|100%| E|CS|TAMS 0x00000000ee400000, 0x00000000ee400000| Complete 
| 229|0x00000000ee500000, 0x00000000ee600000, 0x00000000ee600000|100%| E|CS|TAMS 0x00000000ee500000, 0x00000000ee500000| Complete 
| 230|0x00000000ee600000, 0x00000000ee700000, 0x00000000ee700000|100%| E|CS|TAMS 0x00000000ee600000, 0x00000000ee600000| Complete 
| 231|0x00000000ee700000, 0x00000000ee800000, 0x00000000ee800000|100%| E|CS|TAMS 0x00000000ee700000, 0x00000000ee700000| Complete 
| 232|0x00000000ee800000, 0x00000000ee900000, 0x00000000ee900000|100%| E|CS|TAMS 0x00000000ee800000, 0x00000000ee800000| Complete 
| 233|0x00000000ee900000, 0x00000000eea00000, 0x00000000eea00000|100%| E|  |TAMS 0x00000000ee900000, 0x00000000ee900000| Complete 
| 234|0x00000000eea00000, 0x00000000eeb00000, 0x00000000eeb00000|100%| E|CS|TAMS 0x00000000eea00000, 0x00000000eea00000| Complete 
| 235|0x00000000eeb00000, 0x00000000eec00000, 0x00000000eec00000|100%| E|CS|TAMS 0x00000000eeb00000, 0x00000000eeb00000| Complete 
| 236|0x00000000eec00000, 0x00000000eed00000, 0x00000000eed00000|100%| E|CS|TAMS 0x00000000eec00000, 0x00000000eec00000| Complete 
| 237|0x00000000eed00000, 0x00000000eee00000, 0x00000000eee00000|100%| E|CS|TAMS 0x00000000eed00000, 0x00000000eed00000| Complete 
| 238|0x00000000eee00000, 0x00000000eef00000, 0x00000000eef00000|100%| E|CS|TAMS 0x00000000eee00000, 0x00000000eee00000| Complete 
| 239|0x00000000eef00000, 0x00000000ef000000, 0x00000000ef000000|100%| E|CS|TAMS 0x00000000eef00000, 0x00000000eef00000| Complete 
| 240|0x00000000ef000000, 0x00000000ef100000, 0x00000000ef100000|100%| E|CS|TAMS 0x00000000ef000000, 0x00000000ef000000| Complete 
| 241|0x00000000ef100000, 0x00000000ef200000, 0x00000000ef200000|100%| E|CS|TAMS 0x00000000ef100000, 0x00000000ef100000| Complete 
| 242|0x00000000ef200000, 0x00000000ef300000, 0x00000000ef300000|100%| E|CS|TAMS 0x00000000ef200000, 0x00000000ef200000| Complete 
| 243|0x00000000ef300000, 0x00000000ef400000, 0x00000000ef400000|100%| E|CS|TAMS 0x00000000ef300000, 0x00000000ef300000| Complete 
| 244|0x00000000ef400000, 0x00000000ef500000, 0x00000000ef500000|100%| E|CS|TAMS 0x00000000ef400000, 0x00000000ef400000| Complete 
| 245|0x00000000ef500000, 0x00000000ef600000, 0x00000000ef600000|100%| E|CS|TAMS 0x00000000ef500000, 0x00000000ef500000| Complete 
| 246|0x00000000ef600000, 0x00000000ef700000, 0x00000000ef700000|100%| E|CS|TAMS 0x00000000ef600000, 0x00000000ef600000| Complete 
| 247|0x00000000ef700000, 0x00000000ef800000, 0x00000000ef800000|100%| E|CS|TAMS 0x00000000ef700000, 0x00000000ef700000| Complete 
| 248|0x00000000ef800000, 0x00000000ef900000, 0x00000000ef900000|100%| E|CS|TAMS 0x00000000ef800000, 0x00000000ef800000| Complete 
| 249|0x00000000ef900000, 0x00000000efa00000, 0x00000000efa00000|100%| E|CS|TAMS 0x00000000ef900000, 0x00000000ef900000| Complete 
| 250|0x00000000efa00000, 0x00000000efb00000, 0x00000000efb00000|100%| E|CS|TAMS 0x00000000efa00000, 0x00000000efa00000| Complete 
| 251|0x00000000efb00000, 0x00000000efc00000, 0x00000000efc00000|100%| E|CS|TAMS 0x00000000efb00000, 0x00000000efb00000| Complete 
| 252|0x00000000efc00000, 0x00000000efd00000, 0x00000000efd00000|100%| E|CS|TAMS 0x00000000efc00000, 0x00000000efc00000| Complete 
| 253|0x00000000efd00000, 0x00000000efe00000, 0x00000000efe00000|100%| E|CS|TAMS 0x00000000efd00000, 0x00000000efd00000| Complete 
| 254|0x00000000efe00000, 0x00000000eff00000, 0x00000000eff00000|100%| E|CS|TAMS 0x00000000efe00000, 0x00000000efe00000| Complete 
| 255|0x00000000eff00000, 0x00000000f0000000, 0x00000000f0000000|100%| E|CS|TAMS 0x00000000eff00000, 0x00000000eff00000| Complete 

Card table byte_map: [0x000001bcfed30000,0x000001bcfee30000] _byte_map_base: 0x000001bcfe630000

Marking Bits (Prev, Next): (CMBitMap*) 0x000001bcfe8554d0, (CMBitMap*) 0x000001bcfe855490
 Prev Bits: [0x000001bcff730000, 0x000001bcfff30000)
 Next Bits: [0x000001bcfef30000, 0x000001bcff730000)

Polling page: 0x000001bcfc7d0000

Metaspace:

Usage:
  Non-class:     23.93 MB used.
      Class:      4.04 MB used.
       Both:     27.97 MB used.

Virtual space:
  Non-class space:       64.00 MB reserved,      24.12 MB ( 38%) committed,  1 nodes.
      Class space:      320.00 MB reserved,       4.25 MB (  1%) committed,  1 nodes.
             Both:      384.00 MB reserved,      28.38 MB (  7%) committed. 

Chunk freelists:
   Non-Class:  6.95 MB
       Class:  11.72 MB
        Both:  18.67 MB

MaxMetaspaceSize: 384.00 MB
CompressedClassSpaceSize: 320.00 MB
Initial GC threshold: 21.00 MB
Current GC threshold: 35.12 MB
CDS: on
MetaspaceReclaimPolicy: balanced
 - commit_granule_bytes: 65536.
 - commit_granule_words: 8192.
 - virtual_space_node_default_size: 8388608.
 - enlarge_chunks_in_place: 1.
 - new_chunks_are_fully_committed: 0.
 - uncommit_free_chunks: 1.
 - use_allocation_guard: 0.
 - handle_deallocations: 1.


Internal statistics:

num_allocs_failed_limit: 3.
num_arena_births: 376.
num_arena_deaths: 0.
num_vsnodes_births: 2.
num_vsnodes_deaths: 0.
num_space_committed: 454.
num_space_uncommitted: 0.
num_chunks_returned_to_freelist: 3.
num_chunks_taken_from_freelist: 1449.
num_chunk_merges: 3.
num_chunk_splits: 947.
num_chunks_enlarged: 652.
num_inconsistent_stats: 0.

CodeHeap 'non-profiled nmethods': size=120000Kb used=1823Kb max_used=1823Kb free=118177Kb
 bounds [0x000001bc8f2c0000, 0x000001bc8f530000, 0x000001bc967f0000]
CodeHeap 'profiled nmethods': size=120000Kb used=6830Kb max_used=6830Kb free=113170Kb
 bounds [0x000001bc877f0000, 0x000001bc87ea0000, 0x000001bc8ed20000]
CodeHeap 'non-nmethods': size=5760Kb used=1256Kb max_used=1305Kb free=4503Kb
 bounds [0x000001bc8ed20000, 0x000001bc8ef90000, 0x000001bc8f2c0000]
 total_blobs=3838 nmethods=3268 adapters=481
 compilation: enabled
              stopped_count=0, restarted_count=0
 full_count=0

Compilation events (20 events):
Event: 3.459 Thread 0x000001bc992203a0 3249       1       org.codehaus.groovy.util.ManagedConcurrentLinkedQueue::access$000 (5 bytes)
Event: 3.460 Thread 0x000001bc992203a0 nmethod 3249 0x000001bc8f486410 code [0x000001bc8f4865a0, 0x000001bc8f486658]
Event: 3.460 Thread 0x000001bc992203a0 3250       1       org.codehaus.groovy.reflection.ClassInfo::access$200 (5 bytes)
Event: 3.460 Thread 0x000001bc992203a0 nmethod 3250 0x000001bc8f486710 code [0x000001bc8f4868a0, 0x000001bc8f486958]
Event: 3.460 Thread 0x000001bc992203a0 3251       1       java.util.Collections$EmptySet::contains (2 bytes)
Event: 3.460 Thread 0x000001bc992203a0 nmethod 3251 0x000001bc8f486a10 code [0x000001bc8f486ba0, 0x000001bc8f486c78]
Event: 3.460 Thread 0x000001bc992203a0 3252       2       org.codehaus.groovy.reflection.ReflectionCache::isAssignableFrom (13 bytes)
Event: 3.460 Thread 0x000001bc992203a0 nmethod 3252 0x000001bc87e8bb10 code [0x000001bc87e8bcc0, 0x000001bc87e8be08]
Event: 3.465 Thread 0x000001bc992203a0 3254       1       java.util.logging.LogManager$LoggerContext::getOwner (5 bytes)
Event: 3.465 Thread 0x000001bc992203a0 nmethod 3254 0x000001bc8f486d10 code [0x000001bc8f486ea0, 0x000001bc8f486f78]
Event: 3.465 Thread 0x000001bc992203a0 3255       2       java.util.concurrent.locks.AbstractQueuedSynchronizer$ConditionObject::canReacquire (28 bytes)
Event: 3.466 Thread 0x000001bc992203a0 nmethod 3255 0x000001bc87e8bf10 code [0x000001bc87e8c0a0, 0x000001bc87e8c278]
Event: 3.466 Thread 0x000001bc992203a0 3256       2       java.util.LinkedList::<init> (10 bytes)
Event: 3.466 Thread 0x000001bc992203a0 nmethod 3256 0x000001bc87e8c390 code [0x000001bc87e8c520, 0x000001bc87e8c638]
Event: 3.475 Thread 0x000001bc992203a0 3257       2       groovy.lang.MetaMethod::<init> (5 bytes)
Event: 3.475 Thread 0x000001bc992203a0 nmethod 3257 0x000001bc87e8c710 code [0x000001bc87e8c8a0, 0x000001bc87e8c998]
Event: 3.475 Thread 0x000001bc992203a0 3258       2       org.codehaus.groovy.reflection.ParameterTypes::<init> (5 bytes)
Event: 3.475 Thread 0x000001bc992203a0 nmethod 3258 0x000001bc87e8ca10 code [0x000001bc87e8cba0, 0x000001bc87e8cc98]
Event: 3.475 Thread 0x000001bc992203a0 3259       2       java.util.stream.Nodes$SpinedNodeBuilder::accept (29 bytes)
Event: 3.475 Thread 0x000001bc992203a0 nmethod 3259 0x000001bc87e8cd10 code [0x000001bc87e8cea0, 0x000001bc87e8cfc8]

GC Heap History (8 events):
Event: 0.331 GC heap before
{Heap before GC invocations=0 (full 0):
 garbage-first heap   total 262144K, used 22528K [0x00000000e0000000, 0x0000000100000000)
  region size 1024K, 23 young (23552K), 0 survivors (0K)
 Metaspace       used 1098K, committed 1216K, reserved 393216K
  class space    used 78K, committed 128K, reserved 327680K
}
Event: 0.332 GC heap after
{Heap after GC invocations=1 (full 0):
 garbage-first heap   total 262144K, used 2564K [0x00000000e0000000, 0x0000000100000000)
  region size 1024K, 3 young (3072K), 3 survivors (3072K)
 Metaspace       used 1098K, committed 1216K, reserved 393216K
  class space    used 78K, committed 128K, reserved 327680K
}
Event: 0.791 GC heap before
{Heap before GC invocations=1 (full 0):
 garbage-first heap   total 262144K, used 38404K [0x00000000e0000000, 0x0000000100000000)
  region size 1024K, 36 young (36864K), 3 survivors (3072K)
 Metaspace       used 4420K, committed 4608K, reserved 393216K
  class space    used 553K, committed 640K, reserved 327680K
}
Event: 0.796 GC heap after
{Heap after GC invocations=2 (full 0):
 garbage-first heap   total 262144K, used 11001K [0x00000000e0000000, 0x0000000100000000)
  region size 1024K, 5 young (5120K), 5 survivors (5120K)
 Metaspace       used 4420K, committed 4608K, reserved 393216K
  class space    used 553K, committed 640K, reserved 327680K
}
Event: 1.253 GC heap before
{Heap before GC invocations=2 (full 0):
 garbage-first heap   total 262144K, used 57081K [0x00000000e0000000, 0x0000000100000000)
  region size 1024K, 48 young (49152K), 5 survivors (5120K)
 Metaspace       used 4659K, committed 4864K, reserved 393216K
  class space    used 581K, committed 704K, reserved 327680K
}
Event: 1.258 GC heap after
{Heap after GC invocations=3 (full 0):
 garbage-first heap   total 262144K, used 16443K [0x00000000e0000000, 0x0000000100000000)
  region size 1024K, 5 young (5120K), 5 survivors (5120K)
 Metaspace       used 4659K, committed 4864K, reserved 393216K
  class space    used 581K, committed 704K, reserved 327680K
}
Event: 2.809 GC heap before
{Heap before GC invocations=3 (full 0):
 garbage-first heap   total 262144K, used 127035K [0x00000000e0000000, 0x0000000100000000)
  region size 1024K, 114 young (116736K), 5 survivors (5120K)
 Metaspace       used 21138K, committed 21504K, reserved 393216K
  class space    used 3101K, committed 3264K, reserved 327680K
}
Event: 2.819 GC heap after
{Heap after GC invocations=4 (full 0):
 garbage-first heap   total 262144K, used 24106K [0x00000000e0000000, 0x0000000100000000)
  region size 1024K, 12 young (12288K), 12 survivors (12288K)
 Metaspace       used 21138K, committed 21504K, reserved 393216K
  class space    used 3101K, committed 3264K, reserved 327680K
}

Deoptimization events (20 events):
Event: 3.334 Thread 0x000001bc99bde100 Uncommon trap: trap_request=0xffffffc6 fr.pc=0x000001bc8f474e5c relative=0x000000000000085c
Event: 3.334 Thread 0x000001bc99bde100 Uncommon trap: reason=bimorphic_or_optimized_type_check action=maybe_recompile pc=0x000001bc8f474e5c method=java.io.BufferedInputStream.read([BII)I @ 101 c2
Event: 3.334 Thread 0x000001bc99bde100 DEOPT PACKING pc=0x000001bc8f474e5c sp=0x00000079458f7e20
Event: 3.334 Thread 0x000001bc99bde100 DEOPT UNPACKING pc=0x000001bc8ed723a3 sp=0x00000079458f7dd8 mode 2
Event: 3.334 Thread 0x000001bc99bde100 Uncommon trap: trap_request=0xffffffc6 fr.pc=0x000001bc8f474e5c relative=0x000000000000085c
Event: 3.334 Thread 0x000001bc99bde100 Uncommon trap: reason=bimorphic_or_optimized_type_check action=maybe_recompile pc=0x000001bc8f474e5c method=java.io.BufferedInputStream.read([BII)I @ 101 c2
Event: 3.334 Thread 0x000001bc99bde100 DEOPT PACKING pc=0x000001bc8f474e5c sp=0x00000079458f7e20
Event: 3.334 Thread 0x000001bc99bde100 DEOPT UNPACKING pc=0x000001bc8ed723a3 sp=0x00000079458f7dd8 mode 2
Event: 3.335 Thread 0x000001bc99bde100 Uncommon trap: trap_request=0xffffffc6 fr.pc=0x000001bc8f474e5c relative=0x000000000000085c
Event: 3.335 Thread 0x000001bc99bde100 Uncommon trap: reason=bimorphic_or_optimized_type_check action=maybe_recompile pc=0x000001bc8f474e5c method=java.io.BufferedInputStream.read([BII)I @ 101 c2
Event: 3.335 Thread 0x000001bc99bde100 DEOPT PACKING pc=0x000001bc8f474e5c sp=0x00000079458f7e20
Event: 3.335 Thread 0x000001bc99bde100 DEOPT UNPACKING pc=0x000001bc8ed723a3 sp=0x00000079458f7dd8 mode 2
Event: 3.355 Thread 0x000001bc99bde100 Uncommon trap: trap_request=0xffffff45 fr.pc=0x000001bc8f457388 relative=0x00000000000005a8
Event: 3.355 Thread 0x000001bc99bde100 Uncommon trap: reason=unstable_if action=reinterpret pc=0x000001bc8f457388 method=jdk.internal.org.objectweb.asm.MethodWriter.visitVarInsn(II)V @ 108 c2
Event: 3.355 Thread 0x000001bc99bde100 DEOPT PACKING pc=0x000001bc8f457388 sp=0x00000079458f0fc0
Event: 3.355 Thread 0x000001bc99bde100 DEOPT UNPACKING pc=0x000001bc8ed723a3 sp=0x00000079458f0f88 mode 2
Event: 3.463 Thread 0x000001bc99bde100 Uncommon trap: trap_request=0xffffff45 fr.pc=0x000001bc8f38fd3c relative=0x000000000000059c
Event: 3.463 Thread 0x000001bc99bde100 Uncommon trap: reason=unstable_if action=reinterpret pc=0x000001bc8f38fd3c method=java.util.Properties$LineReader.readLine()I @ 95 c2
Event: 3.463 Thread 0x000001bc99bde100 DEOPT PACKING pc=0x000001bc8f38fd3c sp=0x00000079458f7e90
Event: 3.463 Thread 0x000001bc99bde100 DEOPT UNPACKING pc=0x000001bc8ed723a3 sp=0x00000079458f7e40 mode 2

Classes unloaded (0 events):
No events

Classes redefined (0 events):
No events

Internal exceptions (20 events):
Event: 2.790 Thread 0x000001bc99bde100 Exception <a 'java/lang/NoSuchMethodError'{0x00000000e8f56d80}: 'java.lang.Object java.lang.invoke.Invokers$Holder.linkToTargetMethod(java.lang.Object, java.lang.Object, java.lang.Object, java.lang.Object, java.lang.Object, java.lang.Object, java.lang.Object, java.lang.Object)'> (0x00000000e8f56d80) 
thrown [s\open\src\hotspot\share\interpreter\linkResolver.cpp, line 759]
Event: 2.798 Thread 0x000001bc99bde100 Exception <a 'java/lang/NoSuchMethodError'{0x00000000e8fa57a0}: 'void java.lang.invoke.DirectMethodHandle$Holder.invokeStatic(java.lang.Object, java.lang.Object, java.lang.Object, java.lang.Object)'> (0x00000000e8fa57a0) 
thrown [s\open\src\hotspot\share\interpreter\linkResolver.cpp, line 759]
Event: 2.854 Thread 0x000001bc99bde100 Exception <a 'java/lang/NoSuchMethodError'{0x00000000efea0760}: 'void java.lang.invoke.DirectMethodHandle$Holder.invokeStaticInit(java.lang.Object, java.lang.Object)'> (0x00000000efea0760) 
thrown [s\open\src\hotspot\share\interpreter\linkResolver.cpp, line 759]
Event: 3.007 Thread 0x000001bc99bde100 Exception <a 'java/lang/NoSuchMethodError'{0x00000000ef8552a0}: 'int java.lang.invoke.DirectMethodHandle$Holder.invokeVirtual(java.lang.Object, java.lang.Object)'> (0x00000000ef8552a0) 
thrown [s\open\src\hotspot\share\interpreter\linkResolver.cpp, line 759]
Event: 3.151 Thread 0x000001bc99bde100 Exception <a 'java/lang/IncompatibleClassChangeError'{0x00000000eeb79558}: Found class java.lang.Object, but interface was expected> (0x00000000eeb79558) 
thrown [s\open\src\hotspot\share\interpreter\linkResolver.cpp, line 826]
Event: 3.166 Thread 0x000001bc99bde100 Exception <a 'java/lang/NoSuchMethodError'{0x00000000eea9c6c8}: 'java.lang.Object java.lang.invoke.DirectMethodHandle$Holder.newInvokeSpecial(java.lang.Object, java.lang.Object, long)'> (0x00000000eea9c6c8) 
thrown [s\open\src\hotspot\share\interpreter\linkResolver.cpp, line 759]
Event: 3.166 Thread 0x000001bc99bde100 Exception <a 'java/lang/NoSuchMethodError'{0x00000000eeaa0cd8}: 'java.lang.Object java.lang.invoke.Invokers$Holder.linkToTargetMethod(java.lang.Object, long, java.lang.Object)'> (0x00000000eeaa0cd8) 
thrown [s\open\src\hotspot\share\interpreter\linkResolver.cpp, line 759]
Event: 3.195 Thread 0x000001bc99bde100 Exception <a 'java/lang/NoSuchMethodError'{0x00000000ee7091f8}: 'int java.lang.invoke.DirectMethodHandle$Holder.invokeInterface(java.lang.Object, java.lang.Object)'> (0x00000000ee7091f8) 
thrown [s\open\src\hotspot\share\interpreter\linkResolver.cpp, line 759]
Event: 3.201 Thread 0x000001bc99bde100 Exception <a 'java/lang/NoSuchMethodError'{0x00000000ee79bcb0}: 'java.lang.Object java.lang.invoke.DirectMethodHandle$Holder.invokeVirtual(java.lang.Object, java.lang.Object, int)'> (0x00000000ee79bcb0) 
thrown [s\open\src\hotspot\share\interpreter\linkResolver.cpp, line 759]
Event: 3.216 Thread 0x000001bc99bde100 Exception <a 'java/lang/NoSuchMethodError'{0x00000000ee6648e0}: 'java.lang.Object java.lang.invoke.DirectMethodHandle$Holder.invokeStatic(java.lang.Object, java.lang.Object, int, java.lang.Object)'> (0x00000000ee6648e0) 
thrown [s\open\src\hotspot\share\interpreter\linkResolver.cpp, line 759]
Event: 3.217 Thread 0x000001bc99bde100 Exception <a 'java/lang/NoSuchMethodError'{0x00000000ee66c860}: 'java.lang.Object java.lang.invoke.DirectMethodHandle$Holder.newInvokeSpecial(java.lang.Object, java.lang.Object, int, java.lang.Object)'> (0x00000000ee66c860) 
thrown [s\open\src\hotspot\share\interpreter\linkResolver.cpp, line 759]
Event: 3.217 Thread 0x000001bc99bde100 Exception <a 'java/lang/NoSuchMethodError'{0x00000000ee671240}: 'java.lang.Object java.lang.invoke.DirectMethodHandle$Holder.invokeSpecial(java.lang.Object, java.lang.Object, java.lang.Object, int, java.lang.Object)'> (0x00000000ee671240) 
thrown [s\open\src\hotspot\share\interpreter\linkResolver.cpp, line 759]
Event: 3.284 Thread 0x000001bc99bde100 Exception <a 'java/lang/NoSuchMethodError'{0x00000000ee2e93c0}: 'java.lang.Object java.lang.invoke.DirectMethodHandle$Holder.invokeStaticInit(java.lang.Object, java.lang.Object, java.lang.Object, java.lang.Object, java.lang.Object, java.lang.Object, java.lang.Object)'> (0x00000000ee2e93c0) 
thrown [s\open\src\hotspot\share\interpreter\linkResolver.cpp, line 759]
Event: 3.287 Thread 0x000001bc99bde100 Exception <a 'java/lang/NoSuchMethodError'{0x00000000ee113510}: 'java.lang.Object java.lang.invoke.DirectMethodHandle$Holder.invokeSpecial(java.lang.Object, java.lang.Object, java.lang.Object, int, java.lang.Object, java.lang.Object)'> (0x00000000ee113510) 
thrown [s\open\src\hotspot\share\interpreter\linkResolver.cpp, line 759]
Event: 3.355 Thread 0x000001bc99bde100 Implicit null exception at 0x000001bc8f456eea to 0x000001bc8f45737c
Event: 3.364 Thread 0x000001bc99bde100 Exception <a 'java/lang/NoSuchMethodError'{0x00000000edbb3c10}: 'java.lang.Object java.lang.invoke.DirectMethodHandle$Holder.invokeStaticInit(java.lang.Object, java.lang.Object, java.lang.Object)'> (0x00000000edbb3c10) 
thrown [s\open\src\hotspot\share\interpreter\linkResolver.cpp, line 759]
Event: 3.377 Thread 0x000001bc99bde100 Exception <a 'java/lang/NoSuchMethodError'{0x00000000edacea80}: 'void java.lang.invoke.DirectMethodHandle$Holder.invokeStaticInit(java.lang.Object, java.lang.Object, java.lang.Object)'> (0x00000000edacea80) 
thrown [s\open\src\hotspot\share\interpreter\linkResolver.cpp, line 759]
Event: 3.378 Thread 0x000001bc99bde100 Exception <a 'java/lang/NoSuchMethodError'{0x00000000edad5e98}: 'void java.lang.invoke.DirectMethodHandle$Holder.invokeStaticInit(java.lang.Object, java.lang.Object, java.lang.Object, java.lang.Object)'> (0x00000000edad5e98) 
thrown [s\open\src\hotspot\share\interpreter\linkResolver.cpp, line 759]
Event: 3.381 Thread 0x000001bc99bde100 Exception <a 'java/lang/NoSuchMethodError'{0x00000000edaf8428}: 'void java.lang.invoke.DirectMethodHandle$Holder.invokeStaticInit(java.lang.Object, java.lang.Object, java.lang.Object, java.lang.Object, java.lang.Object)'> (0x00000000edaf8428) 
thrown [s\open\src\hotspot\share\interpreter\linkResolver.cpp, line 759]
Event: 3.391 Thread 0x000001bc99bde100 Exception <a 'java/lang/NoSuchMethodError'{0x00000000ed954340}: 'int java.lang.invoke.DirectMethodHandle$Holder.invokeStaticInit(java.lang.Object, java.lang.Object, java.lang.Object, java.lang.Object)'> (0x00000000ed954340) 
thrown [s\open\src\hotspot\share\interpreter\linkResolver.cpp, line 759]

VM Operations (20 events):
Event: 2.829 Executing VM operation: G1Concurrent
Event: 2.831 Executing VM operation: G1Concurrent done
Event: 2.833 Executing VM operation: G1Concurrent
Event: 2.833 Executing VM operation: G1Concurrent done
Event: 3.031 Executing VM operation: HandshakeAllThreads
Event: 3.031 Executing VM operation: HandshakeAllThreads done
Event: 3.150 Executing VM operation: HandshakeAllThreads
Event: 3.150 Executing VM operation: HandshakeAllThreads done
Event: 3.153 Executing VM operation: HandshakeAllThreads
Event: 3.153 Executing VM operation: HandshakeAllThreads done
Event: 3.167 Executing VM operation: HandshakeAllThreads
Event: 3.167 Executing VM operation: HandshakeAllThreads done
Event: 3.257 Executing VM operation: HandshakeAllThreads
Event: 3.257 Executing VM operation: HandshakeAllThreads done
Event: 3.257 Executing VM operation: HandshakeAllThreads
Event: 3.257 Executing VM operation: HandshakeAllThreads done
Event: 3.349 Executing VM operation: HandshakeAllThreads
Event: 3.349 Executing VM operation: HandshakeAllThreads done
Event: 3.384 Executing VM operation: ICBufferFull
Event: 3.384 Executing VM operation: ICBufferFull done

Events (20 events):
Event: 3.476 loading class java/util/EventObject
Event: 3.476 loading class java/util/EventObject done
Event: 3.476 loading class java/awt/AWTEvent done
Event: 3.476 loading class java/awt/PointerInfo
Event: 3.476 loading class java/awt/PointerInfo done
Event: 3.476 loading class java/awt/Point
Event: 3.476 loading class java/awt/geom/Point2D
Event: 3.476 loading class java/awt/geom/Point2D done
Event: 3.476 loading class java/awt/Point done
Event: 3.476 loading class java/awt/ComponentOrientation
Event: 3.476 loading class java/awt/ComponentOrientation done
Event: 3.476 loading class sun/java2d/pipe/Region
Event: 3.477 loading class sun/java2d/pipe/Region done
Event: 3.477 loading class java/awt/GraphicsConfiguration
Event: 3.477 loading class java/awt/GraphicsConfiguration done
Event: 3.477 loading class java/awt/HeadlessException
Event: 3.477 loading class java/awt/HeadlessException done
Event: 3.477 loading class java/awt/Toolkit
Event: 3.477 loading class java/awt/Toolkit done
Event: 3.477 loading class java/awt/Rectangle


Dynamic libraries:
0x00007ff637be0000 - 0x00007ff637bf0000 	C:\Program Files\Java\jdk-17\bin\java.exe
0x00007ff916350000 - 0x00007ff916548000 	C:\WINDOWS\SYSTEM32\ntdll.dll
0x00007ff915ff0000 - 0x00007ff9160b2000 	C:\WINDOWS\System32\KERNEL32.DLL
0x00007ff9139e0000 - 0x00007ff913cd6000 	C:\WINDOWS\System32\KERNELBASE.dll
0x00007ff913fa0000 - 0x00007ff9140a0000 	C:\WINDOWS\System32\ucrtbase.dll
0x00007ff90d6b0000 - 0x00007ff90d6cb000 	C:\Program Files\Java\jdk-17\bin\VCRUNTIME140.dll
0x00007ff90cd30000 - 0x00007ff90cd49000 	C:\Program Files\Java\jdk-17\bin\jli.dll
0x00007ff9161b0000 - 0x00007ff916261000 	C:\WINDOWS\System32\ADVAPI32.dll
0x00007ff916270000 - 0x00007ff91630e000 	C:\WINDOWS\System32\msvcrt.dll
0x00007ff915d30000 - 0x00007ff915dcf000 	C:\WINDOWS\System32\sechost.dll
0x00007ff915850000 - 0x00007ff915973000 	C:\WINDOWS\System32\RPCRT4.dll
0x00007ff913d70000 - 0x00007ff913d97000 	C:\WINDOWS\System32\bcrypt.dll
0x00007ff9143b0000 - 0x00007ff91454d000 	C:\WINDOWS\System32\USER32.dll
0x00007ff914210000 - 0x00007ff914232000 	C:\WINDOWS\System32\win32u.dll
0x00007ff909db0000 - 0x00007ff90a04a000 	C:\WINDOWS\WinSxS\amd64_microsoft.windows.common-controls_6595b64144ccf1df_6.0.19041.5915_none_60b4b9d171f9c7c7\COMCTL32.dll
0x00007ff916120000 - 0x00007ff91614b000 	C:\WINDOWS\System32\GDI32.dll
0x00007ff9140f0000 - 0x00007ff914209000 	C:\WINDOWS\System32\gdi32full.dll
0x00007ff913da0000 - 0x00007ff913e3d000 	C:\WINDOWS\System32\msvcp_win.dll
0x00007ff90bee0000 - 0x00007ff90beea000 	C:\WINDOWS\SYSTEM32\VERSION.dll
0x00007ff914380000 - 0x00007ff9143af000 	C:\WINDOWS\System32\IMM32.DLL
0x00007ff90d1c0000 - 0x00007ff90d1cc000 	C:\Program Files\Java\jdk-17\bin\vcruntime140_1.dll
0x00007ff900a10000 - 0x00007ff900a9e000 	C:\Program Files\Java\jdk-17\bin\msvcp140.dll
0x00007ff8df560000 - 0x00007ff8e0140000 	C:\Program Files\Java\jdk-17\bin\server\jvm.dll
0x00007ff914370000 - 0x00007ff914378000 	C:\WINDOWS\System32\PSAPI.DLL
0x00007ff90a730000 - 0x00007ff90a757000 	C:\WINDOWS\SYSTEM32\WINMM.dll
0x00007ff907b30000 - 0x00007ff907b39000 	C:\WINDOWS\SYSTEM32\WSOCK32.dll
0x00007ff915f80000 - 0x00007ff915feb000 	C:\WINDOWS\System32\WS2_32.dll
0x00007ff911880000 - 0x00007ff911892000 	C:\WINDOWS\SYSTEM32\kernel.appcore.dll
0x00007ff90cb80000 - 0x00007ff90cb8a000 	C:\Program Files\Java\jdk-17\bin\jimage.dll
0x00007ff90e560000 - 0x00007ff90e761000 	C:\WINDOWS\SYSTEM32\DBGHELP.DLL
0x00007ff90e320000 - 0x00007ff90e354000 	C:\WINDOWS\SYSTEM32\dbgcore.DLL
0x00007ff913ce0000 - 0x00007ff913d62000 	C:\WINDOWS\System32\bcryptPrimitives.dll
0x00007ff90c470000 - 0x00007ff90c47e000 	C:\Program Files\Java\jdk-17\bin\instrument.dll
0x00007ff909100000 - 0x00007ff909125000 	C:\Program Files\Java\jdk-17\bin\java.dll
0x00007ff8fa5b0000 - 0x00007ff8fa687000 	C:\Program Files\Java\jdk-17\bin\jsvml.dll
0x00007ff914550000 - 0x00007ff914cbe000 	C:\WINDOWS\System32\SHELL32.dll
0x00007ff911a80000 - 0x00007ff912224000 	C:\WINDOWS\SYSTEM32\windows.storage.dll
0x00007ff914cc0000 - 0x00007ff915013000 	C:\WINDOWS\System32\combase.dll
0x00007ff913340000 - 0x00007ff91336b000 	C:\WINDOWS\SYSTEM32\Wldp.dll
0x00007ff915c30000 - 0x00007ff915cfd000 	C:\WINDOWS\System32\OLEAUT32.dll
0x00007ff915160000 - 0x00007ff91520d000 	C:\WINDOWS\System32\SHCORE.dll
0x00007ff915210000 - 0x00007ff91526b000 	C:\WINDOWS\System32\shlwapi.dll
0x00007ff913910000 - 0x00007ff913935000 	C:\WINDOWS\SYSTEM32\profapi.dll
0x00007ff9079b0000 - 0x00007ff9079c8000 	C:\Program Files\Java\jdk-17\bin\zip.dll
0x00007ff905210000 - 0x00007ff905229000 	C:\Program Files\Java\jdk-17\bin\net.dll
0x00007ff90f010000 - 0x00007ff90f11a000 	C:\WINDOWS\SYSTEM32\WINHTTP.dll
0x00007ff9130a0000 - 0x00007ff91310a000 	C:\WINDOWS\system32\mswsock.dll
0x00007ff904a10000 - 0x00007ff904a26000 	C:\Program Files\Java\jdk-17\bin\nio.dll
0x00007ff90a890000 - 0x00007ff90a8a0000 	C:\Program Files\Java\jdk-17\bin\verify.dll
0x00007ff904510000 - 0x00007ff904537000 	C:\Users\2\.gradle\native\1def1411415f61bf3af743bc5b6707747c0891f09f0c88961ee8f79bc544acac\windows-amd64\native-platform.dll
0x00007ff8fe6d0000 - 0x00007ff8fe748000 	C:\Users\2\.gradle\native\0.2.7\x86_64-windows-gnu\gradle-fileevents.dll
0x00007ff906800000 - 0x00007ff90680a000 	C:\Program Files\Java\jdk-17\bin\management.dll
0x00007ff904c10000 - 0x00007ff904c1b000 	C:\Program Files\Java\jdk-17\bin\management_ext.dll
0x00007ff912d80000 - 0x00007ff912dbb000 	C:\WINDOWS\SYSTEM32\IPHLPAPI.DLL
0x00007ff915d20000 - 0x00007ff915d28000 	C:\WINDOWS\System32\NSI.dll
0x00007ff90ed80000 - 0x00007ff90ed97000 	C:\WINDOWS\SYSTEM32\dhcpcsvc6.DLL
0x00007ff90ed40000 - 0x00007ff90ed5d000 	C:\WINDOWS\SYSTEM32\dhcpcsvc.DLL
0x00007ff912dc0000 - 0x00007ff912e8a000 	C:\WINDOWS\SYSTEM32\DNSAPI.dll
0x00007ff9132a0000 - 0x00007ff9132b8000 	C:\WINDOWS\SYSTEM32\CRYPTSP.dll
0x00007ff9129c0000 - 0x00007ff9129f8000 	C:\WINDOWS\system32\rsaenh.dll
0x00007ff913890000 - 0x00007ff9138be000 	C:\WINDOWS\SYSTEM32\USERENV.dll
0x00007ff913290000 - 0x00007ff91329c000 	C:\WINDOWS\SYSTEM32\CRYPTBASE.dll
0x00007ff904950000 - 0x00007ff90495e000 	C:\Program Files\Java\jdk-17\bin\sunmscapi.dll
0x00007ff913e40000 - 0x00007ff913f9d000 	C:\WINDOWS\System32\CRYPT32.dll
0x00007ff9133b0000 - 0x00007ff9133d7000 	C:\WINDOWS\SYSTEM32\ncrypt.dll
0x00007ff913370000 - 0x00007ff9133ab000 	C:\WINDOWS\SYSTEM32\NTASN1.dll
0x00007ff90d420000 - 0x00007ff90d427000 	C:\WINDOWS\system32\wshunix.dll

dbghelp: loaded successfully - version: 4.0.5 - missing functions: none
symbol engine: initialized successfully - sym options: 0x614 - pdb path: .;C:\Program Files\Java\jdk-17\bin;C:\WINDOWS\SYSTEM32;C:\WINDOWS\WinSxS\amd64_microsoft.windows.common-controls_6595b64144ccf1df_6.0.19041.5915_none_60b4b9d171f9c7c7;C:\Program Files\Java\jdk-17\bin\server;C:\Users\2\.gradle\native\1def1411415f61bf3af743bc5b6707747c0891f09f0c88961ee8f79bc544acac\windows-amd64;C:\Users\2\.gradle\native\0.2.7\x86_64-windows-gnu

VM Arguments:
jvm_args: --add-opens=java.base/java.lang=ALL-UNNAMED --add-opens=java.base/java.lang.invoke=ALL-UNNAMED --add-opens=java.base/java.util=ALL-UNNAMED --add-opens=java.prefs/java.util.prefs=ALL-UNNAMED --add-exports=jdk.compiler/com.sun.tools.javac.api=ALL-UNNAMED --add-exports=jdk.compiler/com.sun.tools.javac.util=ALL-UNNAMED --add-opens=java.base/java.util=ALL-UNNAMED --add-opens=java.prefs/java.util.prefs=ALL-UNNAMED --add-opens=java.base/java.nio.charset=ALL-UNNAMED --add-opens=java.base/java.net=ALL-UNNAMED --add-opens=java.base/java.util.concurrent.atomic=ALL-UNNAMED --add-opens=java.xml/javax.xml.namespace=ALL-UNNAMED -XX:MaxMetaspaceSize=384m -XX:+HeapDumpOnOutOfMemoryError -Xms256m -Xmx512m -Dfile.encoding=UTF-8 -Duser.country=KR -Duser.language=ko -Duser.variant -javaagent:C:\Users\2\.gradle\wrapper\dists\gradle-8.13-bin\5xuhj0ry160q40clulazy9h7d\gradle-8.13\lib\agents\gradle-instrumentation-agent-8.13.jar 
java_command: org.gradle.launcher.daemon.bootstrap.GradleDaemon 8.13
java_class_path (initial): C:\Users\2\.gradle\wrapper\dists\gradle-8.13-bin\5xuhj0ry160q40clulazy9h7d\gradle-8.13\lib\gradle-daemon-main-8.13.jar
Launcher Type: SUN_STANDARD

[Global flags]
     intx CICompilerCount                          = 4                                         {product} {ergonomic}
   size_t CompressedClassSpaceSize                 = 335544320                                 {product} {ergonomic}
     uint ConcGCThreads                            = 2                                         {product} {ergonomic}
     uint G1ConcRefinementThreads                  = 8                                         {product} {ergonomic}
   size_t G1HeapRegionSize                         = 1048576                                   {product} {ergonomic}
    uintx GCDrainStackTargetSize                   = 64                                        {product} {ergonomic}
     bool HeapDumpOnOutOfMemoryError               = true                                   {manageable} {command line}
   size_t InitialHeapSize                          = 268435456                                 {product} {command line}
   size_t MarkStackSize                            = 4194304                                   {product} {ergonomic}
   size_t MaxHeapSize                              = 536870912                                 {product} {command line}
   size_t MaxMetaspaceSize                         = 402653184                                 {product} {command line}
   size_t MaxNewSize                               = 321912832                                 {product} {ergonomic}
   size_t MinHeapDeltaBytes                        = 1048576                                   {product} {ergonomic}
   size_t MinHeapSize                              = 268435456                                 {product} {command line}
    uintx NonNMethodCodeHeapSize                   = 5839372                                {pd product} {ergonomic}
    uintx NonProfiledCodeHeapSize                  = 122909434                              {pd product} {ergonomic}
    uintx ProfiledCodeHeapSize                     = 122909434                              {pd product} {ergonomic}
    uintx ReservedCodeCacheSize                    = 251658240                              {pd product} {ergonomic}
     bool SegmentedCodeCache                       = true                                      {product} {ergonomic}
   size_t SoftMaxHeapSize                          = 536870912                              {manageable} {ergonomic}
     bool UseCompressedClassPointers               = true                           {product lp64_product} {ergonomic}
     bool UseCompressedOops                        = true                           {product lp64_product} {ergonomic}
     bool UseG1GC                                  = true                                      {product} {ergonomic}
     bool UseLargePagesIndividualAllocation        = false                                  {pd product} {ergonomic}

Logging:
Log output configuration:
 #0: stdout all=warning uptime,level,tags
 #1: stderr all=off uptime,level,tags

Environment Variables:
PATH=C:\Program Files\Common Files\Oracle\Java\javapath;D:\app\2\product\11.2.0\dbhome_1\bin;C:\Program Files (x86)\Common Files\Oracle\Java\javapath;C:\WINDOWS\system32;C:\WINDOWS;C:\WINDOWS\System32\Wbem;C:\WINDOWS\System32\WindowsPowerShell\v1.0\;C:\WINDOWS\System32\OpenSSH\;C:\Program Files\Bandizip\;C:\Program Files\Git\cmd;C:\Python310\Scripts\;C:\Python310\;C:\Users\2\AppData\Local\Microsoft\WindowsApps;C:\Users\2\AppData\Local\Programs\Microsoft VS Code\bin;C:\Program Files\JetBrains\IntelliJ IDEA Community Edition 2025.1.1.1\bin;
USERNAME=2
OS=Windows_NT
PROCESSOR_IDENTIFIER=Intel64 Family 6 Model 60 Stepping 3, GenuineIntel



---------------  S Y S T E M  ---------------

OS:
 Windows 10 , 64 bit Build 19041 (10.0.19041.5915)
OS uptime: 7 days 8:00 hours

CPU: total 8 (initial active 8) (4 cores per cpu, 2 threads per core) family 6 model 60 stepping 3 microcode 0x27, cx8, cmov, fxsr, ht, mmx, sse, sse2, sse3, ssse3, sse4.1, sse4.2, popcnt, lzcnt, tsc, tscinvbit, avx, avx2, aes, erms, clmul, bmi1, bmi2, fma, vzeroupper, clflush

Memory: 4k page, system-wide physical 8113M (880M free)
TotalPageFile size 22349M (AvailPageFile size 5M)
current process WorkingSet (physical memory assigned to process): 295M, peak: 297M
current process commit charge ("private bytes"): 466M, peak: 467M

vm_info: Java HotSpot(TM) 64-Bit Server VM (17.0.12+8-LTS-286) for windows-amd64 JRE (17.0.12+8-LTS-286), built on Jun  5 2024 06:46:59 by "mach5one" with MS VC++ 17.6 (VS2022)

END.
