#
# There is insufficient memory for the Java Runtime Environment to continue.
# Native memory allocation (malloc) failed to allocate 673216 bytes for Chunk::new
# Possible reasons:
#   The system is out of physical RAM or swap space
#   The process is running with CompressedOops enabled, and the Java Heap may be blocking the growth of the native heap
# Possible solutions:
#   Reduce memory load on the system
#   Increase physical memory or swap space
#   Check if swap backing store is full
#   Decrease Java heap size (-Xmx/-Xms)
#   Decrease number of Java threads
#   Decrease Java thread stack sizes (-Xss)
#   Set larger code cache with -XX:ReservedCodeCacheSize=
#   JVM is running with Unscaled Compressed Oops mode in which the Java heap is
#     placed in the first 4GB address space. The Java Heap base address is the
#     maximum limit for the native heap growth. Please use -XX:HeapBaseMinAddress
#     to set the Java Heap base and to place the Java Heap above 4GB virtual address.
# This output file may be truncated or incomplete.
#
#  Out of Memory Error (arena.cpp:189), pid=13244, tid=28376
#
# JRE version: Java(TM) SE Runtime Environment (17.0.12+8) (build 17.0.12+8-LTS-286)
# Java VM: Java HotSpot(TM) 64-Bit Server VM (17.0.12+8-LTS-286, mixed mode, sharing, tiered, compressed oops, compressed class ptrs, g1 gc, windows-amd64)
# No core dump will be written. Minidumps are not enabled by default on client versions of Windows
#

---------------  S U M M A R Y ------------

Command Line: -Dfile.encoding=UTF-8 -Duser.country=KR -Duser.language=ko -Duser.variant com.cai.helppsy.HelppsyApplication

Host: Intel(R) Core(TM) i7-4770 CPU @ 3.40GHz, 8 cores, 7G,  Windows 10 , 64 bit Build 19041 (10.0.19041.5915)
Time: Thu Jun 19 16:33:27 2025  Windows 10 , 64 bit Build 19041 (10.0.19041.5915) elapsed time: 87.259266 seconds (0d 0h 1m 27s)

---------------  T H R E A D  ---------------

Current thread (0x000001f35f4961b0):  JavaThread "C2 CompilerThread0" daemon [_thread_in_native, id=28376, stack(0x000000d7d3500000,0x000000d7d3600000)]


Current CompileTask:
C2:  87259 7666       4       sun.reflect.annotation.AnnotationParser::parseMemberValue (230 bytes)

Stack: [0x000000d7d3500000,0x000000d7d3600000]
Native frames: (J=compiled Java code, j=interpreted, Vv=VM code, C=native code)
V  [jvm.dll+0x67a04a]
V  [jvm.dll+0x7da4ed]
V  [jvm.dll+0x7dbe33]
V  [jvm.dll+0x7dc4a3]
V  [jvm.dll+0x24508f]
V  [jvm.dll+0xab773]
V  [jvm.dll+0xabd3c]
V  [jvm.dll+0x2aa52f]
V  [jvm.dll+0x581eb9]
V  [jvm.dll+0x21f422]
V  [jvm.dll+0x21811b]
V  [jvm.dll+0x215b65]
V  [jvm.dll+0x1a2960]
V  [jvm.dll+0x22610b]
V  [jvm.dll+0x2242ab]
V  [jvm.dll+0x79075c]
V  [jvm.dll+0x78abea]
V  [jvm.dll+0x678f35]
C  [ucrtbase.dll+0x21bb2]
C  [KERNEL32.DLL+0x17374]
C  [ntdll.dll+0x4cc91]


---------------  P R O C E S S  ---------------

Threads class SMR info:
_java_thread_list=0x000001f3a6698700, length=29, elements={
0x000001f35f47c320, 0x000001f35f47d850, 0x000001f35f492390, 0x000001f35f493c70,
0x000001f35f494ce0, 0x000001f35f4955b0, 0x000001f35f4961b0, 0x000001f35f49c6b0,
0x000001f35f49ff50, 0x000001f35f668e70, 0x000001f35f66f370, 0x000001f3a6ba5ca0,
0x000001f3a6fcf810, 0x000001f3a6fcfcf0, 0x000001f3a8c1f570, 0x000001f3a8c1ff90,
0x000001f3a8c218e0, 0x000001f3a8c21df0, 0x000001f3a8c1fa80, 0x000001f3a8c20ec0,
0x000001f3a8c22300, 0x000001f3a8c22810, 0x000001f3a8c1f060, 0x000001f3a9545380,
0x000001f3a9549a60, 0x000001f3a9545da0, 0x000001f3a95476f0, 0x000001f3a9549040,
0x000001f3a90ba810
}

Java Threads: ( => current thread )
  0x000001f35f47c320 JavaThread "Reference Handler" daemon [_thread_blocked, id=18808, stack(0x000000d7d2f00000,0x000000d7d3000000)]
  0x000001f35f47d850 JavaThread "Finalizer" daemon [_thread_blocked, id=25088, stack(0x000000d7d3000000,0x000000d7d3100000)]
  0x000001f35f492390 JavaThread "Signal Dispatcher" daemon [_thread_blocked, id=25220, stack(0x000000d7d3100000,0x000000d7d3200000)]
  0x000001f35f493c70 JavaThread "Attach Listener" daemon [_thread_blocked, id=17684, stack(0x000000d7d3200000,0x000000d7d3300000)]
  0x000001f35f494ce0 JavaThread "Service Thread" daemon [_thread_blocked, id=25248, stack(0x000000d7d3300000,0x000000d7d3400000)]
  0x000001f35f4955b0 JavaThread "Monitor Deflation Thread" daemon [_thread_blocked, id=13316, stack(0x000000d7d3400000,0x000000d7d3500000)]
=>0x000001f35f4961b0 JavaThread "C2 CompilerThread0" daemon [_thread_in_native, id=28376, stack(0x000000d7d3500000,0x000000d7d3600000)]
  0x000001f35f49c6b0 JavaThread "C1 CompilerThread0" daemon [_thread_blocked, id=8148, stack(0x000000d7d3600000,0x000000d7d3700000)]
  0x000001f35f49ff50 JavaThread "Sweeper thread" daemon [_thread_blocked, id=23720, stack(0x000000d7d3700000,0x000000d7d3800000)]
  0x000001f35f668e70 JavaThread "Notification Thread" daemon [_thread_blocked, id=21136, stack(0x000000d7d3800000,0x000000d7d3900000)]
  0x000001f35f66f370 JavaThread "Common-Cleaner" daemon [_thread_blocked, id=23508, stack(0x000000d7d3a00000,0x000000d7d3b00000)]
  0x000001f3a6ba5ca0 JavaThread "Catalina-utility-1" [_thread_blocked, id=16036, stack(0x000000d7d4500000,0x000000d7d4600000)]
  0x000001f3a6fcf810 JavaThread "Catalina-utility-2" [_thread_blocked, id=26180, stack(0x000000d7d4600000,0x000000d7d4700000)]
  0x000001f3a6fcfcf0 JavaThread "container-0" [_thread_blocked, id=11260, stack(0x000000d7d4700000,0x000000d7d4800000)]
  0x000001f3a8c1f570 JavaThread "HikariPool-1 housekeeper" daemon [_thread_blocked, id=28116, stack(0x000000d7d4900000,0x000000d7d4a00000)]
  0x000001f3a8c1ff90 JavaThread "http-nio-8080-exec-1" daemon [_thread_blocked, id=24756, stack(0x000000d7d4b00000,0x000000d7d4c00000)]
  0x000001f3a8c218e0 JavaThread "http-nio-8080-exec-2" daemon [_thread_blocked, id=17628, stack(0x000000d7d4c00000,0x000000d7d4d00000)]
  0x000001f3a8c21df0 JavaThread "http-nio-8080-exec-3" daemon [_thread_blocked, id=20820, stack(0x000000d7d4d00000,0x000000d7d4e00000)]
  0x000001f3a8c1fa80 JavaThread "http-nio-8080-exec-4" daemon [_thread_blocked, id=19612, stack(0x000000d7d4e00000,0x000000d7d4f00000)]
  0x000001f3a8c20ec0 JavaThread "http-nio-8080-exec-5" daemon [_thread_blocked, id=7800, stack(0x000000d7d4f00000,0x000000d7d5000000)]
  0x000001f3a8c22300 JavaThread "http-nio-8080-exec-6" daemon [_thread_blocked, id=11352, stack(0x000000d7d5000000,0x000000d7d5100000)]
  0x000001f3a8c22810 JavaThread "http-nio-8080-exec-7" daemon [_thread_blocked, id=11512, stack(0x000000d7d5100000,0x000000d7d5200000)]
  0x000001f3a8c1f060 JavaThread "http-nio-8080-exec-8" daemon [_thread_blocked, id=5944, stack(0x000000d7d5200000,0x000000d7d5300000)]
  0x000001f3a9545380 JavaThread "http-nio-8080-exec-9" daemon [_thread_blocked, id=16764, stack(0x000000d7d5300000,0x000000d7d5400000)]
  0x000001f3a9549a60 JavaThread "http-nio-8080-exec-10" daemon [_thread_blocked, id=28648, stack(0x000000d7d5400000,0x000000d7d5500000)]
  0x000001f3a9545da0 JavaThread "http-nio-8080-Poller" daemon [_thread_in_native, id=20076, stack(0x000000d7d5500000,0x000000d7d5600000)]
  0x000001f3a95476f0 JavaThread "http-nio-8080-Acceptor" daemon [_thread_in_native, id=22728, stack(0x000000d7d5600000,0x000000d7d5700000)]
  0x000001f3a9549040 JavaThread "DestroyJavaVM" [_thread_blocked, id=16436, stack(0x000000d7d2800000,0x000000d7d2900000)]
  0x000001f3a90ba810 JavaThread "C2 CompilerThread1" daemon [_thread_in_native, id=26456, stack(0x000000d7d2500000,0x000000d7d2600000)]

Other Threads:
  0x000001f35f477060 VMThread "VM Thread" [stack: 0x000000d7d2e00000,0x000000d7d2f00000] [id=28440]
  0x000001f34138af50 WatcherThread [stack: 0x000000d7d3900000,0x000000d7d3a00000] [id=23728]
  0x000001f3413721c0 GCTaskThread "GC Thread#0" [stack: 0x000000d7d2900000,0x000000d7d2a00000] [id=26016]
  0x000001f3a59278b0 GCTaskThread "GC Thread#1" [stack: 0x000000d7d3d00000,0x000000d7d3e00000] [id=23560]
  0x000001f3a5927b70 GCTaskThread "GC Thread#2" [stack: 0x000000d7d3e00000,0x000000d7d3f00000] [id=8384]
  0x000001f3a59283b0 GCTaskThread "GC Thread#3" [stack: 0x000000d7d3f00000,0x000000d7d4000000] [id=16180]
  0x000001f3a5927e30 GCTaskThread "GC Thread#4" [stack: 0x000000d7d4000000,0x000000d7d4100000] [id=26316]
  0x000001f3a5928670 GCTaskThread "GC Thread#5" [stack: 0x000000d7d4200000,0x000000d7d4300000] [id=19376]
  0x000001f3a5928930 GCTaskThread "GC Thread#6" [stack: 0x000000d7d4300000,0x000000d7d4400000] [id=7256]
  0x000001f3a59280f0 GCTaskThread "GC Thread#7" [stack: 0x000000d7d4400000,0x000000d7d4500000] [id=25940]
  0x000001f341383df0 ConcurrentGCThread "G1 Main Marker" [stack: 0x000000d7d2a00000,0x000000d7d2b00000] [id=2100]
  0x000001f341384710 ConcurrentGCThread "G1 Conc#0" [stack: 0x000000d7d2b00000,0x000000d7d2c00000] [id=20844]
  0x000001f3a660ee30 ConcurrentGCThread "G1 Conc#1" [stack: 0x000000d7d4100000,0x000000d7d4200000] [id=23744]
  0x000001f3413de0a0 ConcurrentGCThread "G1 Refine#0" [stack: 0x000000d7d2c00000,0x000000d7d2d00000] [id=8040]
  0x000001f3413de9e0 ConcurrentGCThread "G1 Service" [stack: 0x000000d7d2d00000,0x000000d7d2e00000] [id=26728]

Threads with active compile tasks:
C2 CompilerThread0    87288 7666       4       sun.reflect.annotation.AnnotationParser::parseMemberValue (230 bytes)
C2 CompilerThread1    87288 7807       4       org.springframework.core.ResolvableType::forType (17 bytes)

VM state: not at safepoint (normal execution)

VM Mutex/Monitor currently owned by a thread: None

Heap address: 0x0000000081200000, size: 2030 MB, Compressed Oops mode: 32-bit

CDS archive(s) mapped at: [0x000001f360000000-0x000001f360bd0000-0x000001f360bd0000), size 12386304, SharedBaseAddress: 0x000001f360000000, ArchiveRelocationMode: 1.
Compressed class space mapped at: 0x000001f361000000-0x000001f3a1000000, reserved size: 1073741824
Narrow klass base: 0x000001f360000000, Narrow klass shift: 0, Narrow klass range: 0x100000000

GC Precious Log:
 CPUs: 8 total, 8 available
 Memory: 8113M
 Large Page Support: Disabled
 NUMA Support: Disabled
 Compressed Oops: Enabled (32-bit)
 Heap Region Size: 1M
 Heap Min Capacity: 8M
 Heap Initial Capacity: 128M
 Heap Max Capacity: 2030M
 Pre-touch: Disabled
 Parallel Workers: 8
 Concurrent Workers: 2
 Concurrent Refinement Workers: 8
 Periodic GC: Disabled

Heap:
 garbage-first heap   total 107520K, used 50012K [0x0000000081200000, 0x0000000100000000)
  region size 1024K, 12 young (12288K), 2 survivors (2048K)
 Metaspace       used 71958K, committed 72640K, reserved 1114112K
  class space    used 9758K, committed 10112K, reserved 1048576K

Heap Regions: E=young(eden), S=young(survivor), O=old, HS=humongous(starts), HC=humongous(continues), CS=collection set, F=free, OA=open archive, CA=closed archive, TAMS=top-at-mark-start (previous, next)
|   0|0x0000000081200000, 0x0000000081300000, 0x0000000081300000|100%|HS|  |TAMS 0x0000000081300000, 0x0000000081300000| Complete 
|   1|0x0000000081300000, 0x0000000081400000, 0x0000000081400000|100%|HS|  |TAMS 0x0000000081400000, 0x0000000081400000| Complete 
|   2|0x0000000081400000, 0x0000000081500000, 0x0000000081500000|100%| O|  |TAMS 0x0000000081500000, 0x0000000081500000| Untracked 
|   3|0x0000000081500000, 0x0000000081600000, 0x0000000081600000|100%| O|  |TAMS 0x0000000081600000, 0x0000000081600000| Untracked 
|   4|0x0000000081600000, 0x0000000081700000, 0x0000000081700000|100%| O|  |TAMS 0x0000000081700000, 0x0000000081700000| Untracked 
|   5|0x0000000081700000, 0x0000000081800000, 0x0000000081800000|100%| O|  |TAMS 0x0000000081800000, 0x0000000081800000| Untracked 
|   6|0x0000000081800000, 0x0000000081900000, 0x0000000081900000|100%| O|  |TAMS 0x0000000081900000, 0x0000000081900000| Untracked 
|   7|0x0000000081900000, 0x0000000081a00000, 0x0000000081a00000|100%| O|  |TAMS 0x0000000081a00000, 0x0000000081a00000| Untracked 
|   8|0x0000000081a00000, 0x0000000081b00000, 0x0000000081b00000|100%|HS|  |TAMS 0x0000000081a00000, 0x0000000081b00000| Complete 
|   9|0x0000000081b00000, 0x0000000081c00000, 0x0000000081c00000|100%| O|  |TAMS 0x0000000081c00000, 0x0000000081c00000| Untracked 
|  10|0x0000000081c00000, 0x0000000081d00000, 0x0000000081d00000|100%| O|  |TAMS 0x0000000081d00000, 0x0000000081d00000| Untracked 
|  11|0x0000000081d00000, 0x0000000081e00000, 0x0000000081e00000|100%| O|  |TAMS 0x0000000081e00000, 0x0000000081e00000| Untracked 
|  12|0x0000000081e00000, 0x0000000081f00000, 0x0000000081f00000|100%| O|  |TAMS 0x0000000081f00000, 0x0000000081f00000| Untracked 
|  13|0x0000000081f00000, 0x0000000082000000, 0x0000000082000000|100%| O|  |TAMS 0x0000000082000000, 0x0000000082000000| Untracked 
|  14|0x0000000082000000, 0x0000000082100000, 0x0000000082100000|100%| O|  |TAMS 0x0000000082100000, 0x0000000082100000| Untracked 
|  15|0x0000000082100000, 0x0000000082200000, 0x0000000082200000|100%| O|  |TAMS 0x0000000082200000, 0x0000000082200000| Untracked 
|  16|0x0000000082200000, 0x0000000082300000, 0x0000000082300000|100%| O|  |TAMS 0x0000000082300000, 0x0000000082300000| Untracked 
|  17|0x0000000082300000, 0x0000000082400000, 0x0000000082400000|100%| O|  |TAMS 0x0000000082400000, 0x0000000082400000| Untracked 
|  18|0x0000000082400000, 0x0000000082400000, 0x0000000082500000|  0%| F|  |TAMS 0x0000000082400000, 0x0000000082400000| Untracked 
|  19|0x0000000082500000, 0x0000000082600000, 0x0000000082600000|100%| O|  |TAMS 0x0000000082600000, 0x0000000082600000| Untracked 
|  20|0x0000000082600000, 0x0000000082700000, 0x0000000082700000|100%| O|  |TAMS 0x0000000082700000, 0x0000000082700000| Untracked 
|  21|0x0000000082700000, 0x0000000082800000, 0x0000000082800000|100%| O|  |TAMS 0x0000000082800000, 0x0000000082800000| Untracked 
|  22|0x0000000082800000, 0x0000000082900000, 0x0000000082900000|100%| O|  |TAMS 0x0000000082900000, 0x0000000082900000| Untracked 
|  23|0x0000000082900000, 0x0000000082a00000, 0x0000000082a00000|100%| O|  |TAMS 0x0000000082a00000, 0x0000000082a00000| Untracked 
|  24|0x0000000082a00000, 0x0000000082b00000, 0x0000000082b00000|100%| O|  |TAMS 0x0000000082b00000, 0x0000000082b00000| Untracked 
|  25|0x0000000082b00000, 0x0000000082c00000, 0x0000000082c00000|100%| O|  |TAMS 0x0000000082c00000, 0x0000000082c00000| Untracked 
|  26|0x0000000082c00000, 0x0000000082d00000, 0x0000000082d00000|100%| O|  |TAMS 0x0000000082d00000, 0x0000000082d00000| Untracked 
|  27|0x0000000082d00000, 0x0000000082e00000, 0x0000000082e00000|100%| O|  |TAMS 0x0000000082e00000, 0x0000000082e00000| Untracked 
|  28|0x0000000082e00000, 0x0000000082f00000, 0x0000000082f00000|100%| O|  |TAMS 0x0000000082f00000, 0x0000000082f00000| Untracked 
|  29|0x0000000082f00000, 0x0000000083000000, 0x0000000083000000|100%| O|  |TAMS 0x0000000083000000, 0x0000000083000000| Untracked 
|  30|0x0000000083000000, 0x0000000083100000, 0x0000000083100000|100%| O|  |TAMS 0x0000000083100000, 0x0000000083100000| Untracked 
|  31|0x0000000083100000, 0x0000000083200000, 0x0000000083200000|100%|HS|  |TAMS 0x0000000083200000, 0x0000000083200000| Complete 
|  32|0x0000000083200000, 0x0000000083300000, 0x0000000083300000|100%| O|  |TAMS 0x0000000083300000, 0x0000000083300000| Untracked 
|  33|0x0000000083300000, 0x0000000083400000, 0x0000000083400000|100%| O|  |TAMS 0x0000000083400000, 0x0000000083400000| Untracked 
|  34|0x0000000083400000, 0x0000000083500000, 0x0000000083500000|100%| O|  |TAMS 0x00000000834d6600, 0x0000000083500000| Untracked 
|  35|0x0000000083500000, 0x0000000083600000, 0x0000000083600000|100%| O|  |TAMS 0x0000000083500000, 0x0000000083600000| Untracked 
|  36|0x0000000083600000, 0x0000000083700000, 0x0000000083700000|100%| O|  |TAMS 0x0000000083600000, 0x0000000083700000| Untracked 
|  37|0x0000000083700000, 0x0000000083800000, 0x0000000083800000|100%| O|  |TAMS 0x0000000083700000, 0x0000000083800000| Untracked 
|  38|0x0000000083800000, 0x0000000083840200, 0x0000000083900000| 25%| O|  |TAMS 0x0000000083800000, 0x0000000083840200| Untracked 
|  39|0x0000000083900000, 0x0000000083a00000, 0x0000000083a00000|100%|HS|  |TAMS 0x0000000083900000, 0x0000000083900000| Complete 
|  40|0x0000000083a00000, 0x0000000083b00000, 0x0000000083b00000|100%|HC|  |TAMS 0x0000000083a00000, 0x0000000083a00000| Complete 
|  41|0x0000000083b00000, 0x0000000083b00000, 0x0000000083c00000|  0%| F|  |TAMS 0x0000000083b00000, 0x0000000083b00000| Untracked 
|  42|0x0000000083c00000, 0x0000000083c00000, 0x0000000083d00000|  0%| F|  |TAMS 0x0000000083c00000, 0x0000000083c00000| Untracked 
|  43|0x0000000083d00000, 0x0000000083d00000, 0x0000000083e00000|  0%| F|  |TAMS 0x0000000083d00000, 0x0000000083d00000| Untracked 
|  44|0x0000000083e00000, 0x0000000083e00000, 0x0000000083f00000|  0%| F|  |TAMS 0x0000000083e00000, 0x0000000083e00000| Untracked 
|  45|0x0000000083f00000, 0x0000000083f00000, 0x0000000084000000|  0%| F|  |TAMS 0x0000000083f00000, 0x0000000083f00000| Untracked 
|  46|0x0000000084000000, 0x0000000084000000, 0x0000000084100000|  0%| F|  |TAMS 0x0000000084000000, 0x0000000084000000| Untracked 
|  47|0x0000000084100000, 0x0000000084100000, 0x0000000084200000|  0%| F|  |TAMS 0x0000000084100000, 0x0000000084100000| Untracked 
|  48|0x0000000084200000, 0x0000000084200000, 0x0000000084300000|  0%| F|  |TAMS 0x0000000084200000, 0x0000000084200000| Untracked 
|  49|0x0000000084300000, 0x0000000084300000, 0x0000000084400000|  0%| F|  |TAMS 0x0000000084300000, 0x0000000084300000| Untracked 
|  50|0x0000000084400000, 0x0000000084400000, 0x0000000084500000|  0%| F|  |TAMS 0x0000000084400000, 0x0000000084400000| Untracked 
|  51|0x0000000084500000, 0x0000000084597060, 0x0000000084600000| 58%| S|CS|TAMS 0x0000000084500000, 0x0000000084500000| Complete 
|  52|0x0000000084600000, 0x0000000084700000, 0x0000000084700000|100%| S|CS|TAMS 0x0000000084600000, 0x0000000084600000| Complete 
|  53|0x0000000084700000, 0x0000000084700000, 0x0000000084800000|  0%| F|  |TAMS 0x0000000084700000, 0x0000000084700000| Untracked 
|  54|0x0000000084800000, 0x0000000084800000, 0x0000000084900000|  0%| F|  |TAMS 0x0000000084800000, 0x0000000084800000| Untracked 
|  55|0x0000000084900000, 0x0000000084900000, 0x0000000084a00000|  0%| F|  |TAMS 0x0000000084900000, 0x0000000084900000| Untracked 
|  56|0x0000000084a00000, 0x0000000084a00000, 0x0000000084b00000|  0%| F|  |TAMS 0x0000000084a00000, 0x0000000084a00000| Untracked 
|  57|0x0000000084b00000, 0x0000000084b00000, 0x0000000084c00000|  0%| F|  |TAMS 0x0000000084b00000, 0x0000000084b00000| Untracked 
|  58|0x0000000084c00000, 0x0000000084c00000, 0x0000000084d00000|  0%| F|  |TAMS 0x0000000084c00000, 0x0000000084c00000| Untracked 
|  59|0x0000000084d00000, 0x0000000084d00000, 0x0000000084e00000|  0%| F|  |TAMS 0x0000000084d00000, 0x0000000084d00000| Untracked 
|  60|0x0000000084e00000, 0x0000000084e00000, 0x0000000084f00000|  0%| F|  |TAMS 0x0000000084e00000, 0x0000000084e00000| Untracked 
|  61|0x0000000084f00000, 0x0000000084f00000, 0x0000000085000000|  0%| F|  |TAMS 0x0000000084f00000, 0x0000000084f00000| Untracked 
|  62|0x0000000085000000, 0x0000000085000000, 0x0000000085100000|  0%| F|  |TAMS 0x0000000085000000, 0x0000000085000000| Untracked 
|  63|0x0000000085100000, 0x0000000085100000, 0x0000000085200000|  0%| F|  |TAMS 0x0000000085100000, 0x0000000085100000| Untracked 
|  64|0x0000000085200000, 0x0000000085200000, 0x0000000085300000|  0%| F|  |TAMS 0x0000000085200000, 0x0000000085200000| Untracked 
|  65|0x0000000085300000, 0x0000000085300000, 0x0000000085400000|  0%| F|  |TAMS 0x0000000085300000, 0x0000000085300000| Untracked 
|  66|0x0000000085400000, 0x0000000085400000, 0x0000000085500000|  0%| F|  |TAMS 0x0000000085400000, 0x0000000085400000| Untracked 
|  67|0x0000000085500000, 0x0000000085500000, 0x0000000085600000|  0%| F|  |TAMS 0x0000000085500000, 0x0000000085500000| Untracked 
|  68|0x0000000085600000, 0x0000000085600000, 0x0000000085700000|  0%| F|  |TAMS 0x0000000085600000, 0x0000000085600000| Untracked 
|  69|0x0000000085700000, 0x0000000085700000, 0x0000000085800000|  0%| F|  |TAMS 0x0000000085700000, 0x0000000085700000| Untracked 
|  70|0x0000000085800000, 0x0000000085800000, 0x0000000085900000|  0%| F|  |TAMS 0x0000000085800000, 0x0000000085800000| Untracked 
|  71|0x0000000085900000, 0x0000000085900000, 0x0000000085a00000|  0%| F|  |TAMS 0x0000000085900000, 0x0000000085900000| Untracked 
|  72|0x0000000085a00000, 0x0000000085a00000, 0x0000000085b00000|  0%| F|  |TAMS 0x0000000085a00000, 0x0000000085a00000| Untracked 
|  73|0x0000000085b00000, 0x0000000085b00000, 0x0000000085c00000|  0%| F|  |TAMS 0x0000000085b00000, 0x0000000085b00000| Untracked 
|  74|0x0000000085c00000, 0x0000000085c00000, 0x0000000085d00000|  0%| F|  |TAMS 0x0000000085c00000, 0x0000000085c00000| Untracked 
|  75|0x0000000085d00000, 0x0000000085d00000, 0x0000000085e00000|  0%| F|  |TAMS 0x0000000085d00000, 0x0000000085d00000| Untracked 
|  76|0x0000000085e00000, 0x0000000085e00000, 0x0000000085f00000|  0%| F|  |TAMS 0x0000000085e00000, 0x0000000085e00000| Untracked 
|  77|0x0000000085f00000, 0x0000000085f00000, 0x0000000086000000|  0%| F|  |TAMS 0x0000000085f00000, 0x0000000085f00000| Untracked 
|  78|0x0000000086000000, 0x0000000086000000, 0x0000000086100000|  0%| F|  |TAMS 0x0000000086000000, 0x0000000086000000| Untracked 
|  79|0x0000000086100000, 0x0000000086100000, 0x0000000086200000|  0%| F|  |TAMS 0x0000000086100000, 0x0000000086100000| Untracked 
|  80|0x0000000086200000, 0x0000000086200000, 0x0000000086300000|  0%| F|  |TAMS 0x0000000086200000, 0x0000000086200000| Untracked 
|  81|0x0000000086300000, 0x0000000086300000, 0x0000000086400000|  0%| F|  |TAMS 0x0000000086300000, 0x0000000086300000| Untracked 
|  82|0x0000000086400000, 0x0000000086400000, 0x0000000086500000|  0%| F|  |TAMS 0x0000000086400000, 0x0000000086400000| Untracked 
|  83|0x0000000086500000, 0x0000000086500000, 0x0000000086600000|  0%| F|  |TAMS 0x0000000086500000, 0x0000000086500000| Untracked 
|  84|0x0000000086600000, 0x0000000086600000, 0x0000000086700000|  0%| F|  |TAMS 0x0000000086600000, 0x0000000086600000| Untracked 
|  85|0x0000000086700000, 0x0000000086700000, 0x0000000086800000|  0%| F|  |TAMS 0x0000000086700000, 0x0000000086700000| Untracked 
|  86|0x0000000086800000, 0x0000000086800000, 0x0000000086900000|  0%| F|  |TAMS 0x0000000086800000, 0x0000000086800000| Untracked 
|  87|0x0000000086900000, 0x0000000086900000, 0x0000000086a00000|  0%| F|  |TAMS 0x0000000086900000, 0x0000000086900000| Untracked 
|  88|0x0000000086a00000, 0x0000000086a00000, 0x0000000086b00000|  0%| F|  |TAMS 0x0000000086a00000, 0x0000000086a00000| Untracked 
|  89|0x0000000086b00000, 0x0000000086b00000, 0x0000000086c00000|  0%| F|  |TAMS 0x0000000086b00000, 0x0000000086b00000| Untracked 
|  90|0x0000000086c00000, 0x0000000086c00000, 0x0000000086d00000|  0%| F|  |TAMS 0x0000000086c00000, 0x0000000086c00000| Untracked 
|  91|0x0000000086d00000, 0x0000000086d00000, 0x0000000086e00000|  0%| F|  |TAMS 0x0000000086d00000, 0x0000000086d00000| Untracked 
|  92|0x0000000086e00000, 0x0000000086e00000, 0x0000000086f00000|  0%| F|  |TAMS 0x0000000086e00000, 0x0000000086e00000| Untracked 
|  93|0x0000000086f00000, 0x0000000086f00000, 0x0000000087000000|  0%| F|  |TAMS 0x0000000086f00000, 0x0000000086f00000| Untracked 
|  94|0x0000000087000000, 0x0000000087000000, 0x0000000087100000|  0%| F|  |TAMS 0x0000000087000000, 0x0000000087000000| Untracked 
|  95|0x0000000087100000, 0x0000000087176fa0, 0x0000000087200000| 46%| E|  |TAMS 0x0000000087100000, 0x0000000087100000| Complete 
|  96|0x0000000087200000, 0x0000000087300000, 0x0000000087300000|100%| E|CS|TAMS 0x0000000087200000, 0x0000000087200000| Complete 
|  97|0x0000000087300000, 0x0000000087400000, 0x0000000087400000|100%| E|CS|TAMS 0x0000000087300000, 0x0000000087300000| Complete 
|  98|0x0000000087400000, 0x0000000087500000, 0x0000000087500000|100%| E|CS|TAMS 0x0000000087400000, 0x0000000087400000| Complete 
|  99|0x0000000087500000, 0x0000000087600000, 0x0000000087600000|100%| E|CS|TAMS 0x0000000087500000, 0x0000000087500000| Complete 
| 100|0x0000000087600000, 0x0000000087700000, 0x0000000087700000|100%| E|  |TAMS 0x0000000087600000, 0x0000000087600000| Complete 
| 101|0x0000000087700000, 0x0000000087800000, 0x0000000087800000|100%| E|CS|TAMS 0x0000000087700000, 0x0000000087700000| Complete 
| 102|0x0000000087800000, 0x0000000087900000, 0x0000000087900000|100%| E|CS|TAMS 0x0000000087800000, 0x0000000087800000| Complete 
| 103|0x0000000087900000, 0x0000000087a00000, 0x0000000087a00000|100%| E|CS|TAMS 0x0000000087900000, 0x0000000087900000| Complete 
| 127|0x0000000089100000, 0x0000000089200000, 0x0000000089200000|100%| E|CS|TAMS 0x0000000089100000, 0x0000000089100000| Complete 

Card table byte_map: [0x000001f358300000,0x000001f358700000] _byte_map_base: 0x000001f357ef7000

Marking Bits (Prev, Next): (CMBitMap*) 0x000001f341373740, (CMBitMap*) 0x000001f341373700
 Prev Bits: [0x000001f35aac0000, 0x000001f35ca78000)
 Next Bits: [0x000001f358b00000, 0x000001f35aab8000)

Polling page: 0x000001f33f290000

Metaspace:

Usage:
  Non-class:     60.74 MB used.
      Class:      9.53 MB used.
       Both:     70.27 MB used.

Virtual space:
  Non-class space:       64.00 MB reserved,      61.06 MB ( 95%) committed,  1 nodes.
      Class space:        1.00 GB reserved,       9.88 MB ( <1%) committed,  1 nodes.
             Both:        1.06 GB reserved,      70.94 MB (  7%) committed. 

Chunk freelists:
   Non-Class:  2.64 MB
       Class:  6.17 MB
        Both:  8.81 MB

MaxMetaspaceSize: unlimited
CompressedClassSpaceSize: 1.00 GB
Initial GC threshold: 21.00 MB
Current GC threshold: 110.62 MB
CDS: on
MetaspaceReclaimPolicy: balanced
 - commit_granule_bytes: 65536.
 - commit_granule_words: 8192.
 - virtual_space_node_default_size: 8388608.
 - enlarge_chunks_in_place: 1.
 - new_chunks_are_fully_committed: 0.
 - uncommit_free_chunks: 1.
 - use_allocation_guard: 0.
 - handle_deallocations: 1.


Internal statistics:

num_allocs_failed_limit: 9.
num_arena_births: 980.
num_arena_deaths: 0.
num_vsnodes_births: 2.
num_vsnodes_deaths: 0.
num_space_committed: 1135.
num_space_uncommitted: 0.
num_chunks_returned_to_freelist: 9.
num_chunks_taken_from_freelist: 3752.
num_chunk_merges: 9.
num_chunk_splits: 2676.
num_chunks_enlarged: 2046.
num_inconsistent_stats: 0.

CodeHeap 'non-profiled nmethods': size=120000Kb used=4953Kb max_used=4953Kb free=115046Kb
 bounds [0x000001f3506a0000, 0x000001f350b80000, 0x000001f357bd0000]
CodeHeap 'profiled nmethods': size=120000Kb used=12961Kb max_used=12961Kb free=107038Kb
 bounds [0x000001f348bd0000, 0x000001f349880000, 0x000001f350100000]
CodeHeap 'non-nmethods': size=5760Kb used=1387Kb max_used=1444Kb free=4372Kb
 bounds [0x000001f350100000, 0x000001f350370000, 0x000001f3506a0000]
 total_blobs=7662 nmethods=6946 adapters=627
 compilation: enabled
              stopped_count=0, restarted_count=0
 full_count=0

Compilation events (20 events):
Event: 87.254 Thread 0x000001f35f49c6b0 nmethod 7736 0x000001f349855310 code [0x000001f3498555a0, 0x000001f349856258]
Event: 87.254 Thread 0x000001f35f49c6b0 7741       3       org.thymeleaf.util.ProcessorComparators$ProcessorPrecedenceComparator::compare (13 bytes)
Event: 87.255 Thread 0x000001f35f49c6b0 nmethod 7741 0x000001f349856690 code [0x000001f349856840, 0x000001f349856ba8]
Event: 87.255 Thread 0x000001f35f49c6b0 7733       3       org.attoparser.select.BlockSelectorMarkupHandler::handleAttribute (79 bytes)
Event: 87.255 Thread 0x000001f35f49c6b0 nmethod 7733 0x000001f349856c90 code [0x000001f349856e40, 0x000001f3498571b8]
Event: 87.255 Thread 0x000001f35f49c6b0 7738       3       org.attoparser.ParsingAttributeSequenceUtil::isValueSurroundedByCommas (51 bytes)
Event: 87.255 Thread 0x000001f35f49c6b0 nmethod 7738 0x000001f349857310 code [0x000001f3498574c0, 0x000001f349857758]
Event: 87.255 Thread 0x000001f35f49c6b0 7740       3       org.attoparser.HtmlMarkupHandler::handleAttribute (68 bytes)
Event: 87.255 Thread 0x000001f35f49c6b0 nmethod 7740 0x000001f349857890 code [0x000001f349857a40, 0x000001f349857e18]
Event: 87.256 Thread 0x000001f35f49c6b0 7743       3       org.thymeleaf.engine.AbstractTemplateHandler::handleOpenElement (19 bytes)
Event: 87.256 Thread 0x000001f35f49c6b0 nmethod 7743 0x000001f349857f90 code [0x000001f349858140, 0x000001f349858388]
Event: 87.256 Thread 0x000001f35f49c6b0 7744       1       org.thymeleaf.cache.ExpressionCacheKey::hashCode (5 bytes)
Event: 87.256 Thread 0x000001f35f49c6b0 nmethod 7744 0x000001f350b6f110 code [0x000001f350b6f2a0, 0x000001f350b6f378]
Event: 87.256 Thread 0x000001f35f49c6b0 7745       3       org.thymeleaf.engine.AbstractTextualTemplateEvent::writeContent (71 bytes)
Event: 87.257 Thread 0x000001f35f49c6b0 nmethod 7745 0x000001f349858490 code [0x000001f3498586c0, 0x000001f349858e68]
Event: 87.257 Thread 0x000001f35f49c6b0 7746       3       org.springframework.expression.spel.standard.InternalSpelExpressionParser::peekToken (7 bytes)
Event: 87.257 Thread 0x000001f35f49c6b0 nmethod 7746 0x000001f349859010 code [0x000001f3498591a0, 0x000001f3498592e8]
Event: 87.257 Thread 0x000001f35f49c6b0 7747       3       org.springframework.expression.spel.standard.InternalSpelExpressionParser::peekToken (85 bytes)
Event: 87.257 Thread 0x000001f35f49c6b0 nmethod 7747 0x000001f349859390 code [0x000001f349859580, 0x000001f349859be8]
Event: 87.257 Thread 0x000001f35f49c6b0 7749       3       java.util.ArrayList::setBit (13 bytes)

GC Heap History (20 events):
Event: 6.548 GC heap before
{Heap before GC invocations=14 (full 0):
 garbage-first heap   total 58368K, used 46246K [0x0000000081200000, 0x0000000100000000)
  region size 1024K, 22 young (22528K), 3 survivors (3072K)
 Metaspace       used 59315K, committed 59904K, reserved 1114112K
  class space    used 8082K, committed 8384K, reserved 1048576K
}
Event: 6.552 GC heap after
{Heap after GC invocations=15 (full 0):
 garbage-first heap   total 58368K, used 28434K [0x0000000081200000, 0x0000000100000000)
  region size 1024K, 2 young (2048K), 2 survivors (2048K)
 Metaspace       used 59315K, committed 59904K, reserved 1114112K
  class space    used 8082K, committed 8384K, reserved 1048576K
}
Event: 6.725 GC heap before
{Heap before GC invocations=15 (full 0):
 garbage-first heap   total 58368K, used 40722K [0x0000000081200000, 0x0000000100000000)
  region size 1024K, 15 young (15360K), 2 survivors (2048K)
 Metaspace       used 59853K, committed 60416K, reserved 1114112K
  class space    used 8115K, committed 8384K, reserved 1048576K
}
Event: 6.727 GC heap after
{Heap after GC invocations=16 (full 0):
 garbage-first heap   total 58368K, used 29012K [0x0000000081200000, 0x0000000100000000)
  region size 1024K, 1 young (1024K), 1 survivors (1024K)
 Metaspace       used 59853K, committed 60416K, reserved 1114112K
  class space    used 8115K, committed 8384K, reserved 1048576K
}
Event: 7.064 GC heap before
{Heap before GC invocations=17 (full 0):
 garbage-first heap   total 58368K, used 47444K [0x0000000081200000, 0x0000000100000000)
  region size 1024K, 19 young (19456K), 1 survivors (1024K)
 Metaspace       used 60865K, committed 61440K, reserved 1114112K
  class space    used 8286K, committed 8576K, reserved 1048576K
}
Event: 7.067 GC heap after
{Heap after GC invocations=18 (full 0):
 garbage-first heap   total 58368K, used 30581K [0x0000000081200000, 0x0000000100000000)
  region size 1024K, 3 young (3072K), 3 survivors (3072K)
 Metaspace       used 60865K, committed 61440K, reserved 1114112K
  class space    used 8286K, committed 8576K, reserved 1048576K
}
Event: 7.425 GC heap before
{Heap before GC invocations=18 (full 0):
 garbage-first heap   total 58368K, used 46965K [0x0000000081200000, 0x0000000100000000)
  region size 1024K, 19 young (19456K), 3 survivors (3072K)
 Metaspace       used 63034K, committed 63680K, reserved 1114112K
  class space    used 8579K, committed 8896K, reserved 1048576K
}
Event: 7.429 GC heap after
{Heap after GC invocations=19 (full 0):
 garbage-first heap   total 58368K, used 32082K [0x0000000081200000, 0x0000000100000000)
  region size 1024K, 2 young (2048K), 2 survivors (2048K)
 Metaspace       used 63034K, committed 63680K, reserved 1114112K
  class space    used 8579K, committed 8896K, reserved 1048576K
}
Event: 8.519 GC heap before
{Heap before GC invocations=20 (full 0):
 garbage-first heap   total 58368K, used 46418K [0x0000000081200000, 0x0000000100000000)
  region size 1024K, 16 young (16384K), 2 survivors (2048K)
 Metaspace       used 66626K, committed 67264K, reserved 1114112K
  class space    used 9077K, committed 9344K, reserved 1048576K
}
Event: 8.521 GC heap after
{Heap after GC invocations=21 (full 0):
 garbage-first heap   total 58368K, used 34848K [0x0000000081200000, 0x0000000100000000)
  region size 1024K, 2 young (2048K), 2 survivors (2048K)
 Metaspace       used 66626K, committed 67264K, reserved 1114112K
  class space    used 9077K, committed 9344K, reserved 1048576K
}
Event: 8.544 GC heap before
{Heap before GC invocations=21 (full 0):
 garbage-first heap   total 58368K, used 35872K [0x0000000081200000, 0x0000000100000000)
  region size 1024K, 3 young (3072K), 2 survivors (2048K)
 Metaspace       used 66893K, committed 67520K, reserved 1114112K
  class space    used 9120K, committed 9408K, reserved 1048576K
}
Event: 8.548 GC heap after
{Heap after GC invocations=22 (full 0):
 garbage-first heap   total 58368K, used 34804K [0x0000000081200000, 0x0000000100000000)
  region size 1024K, 1 young (1024K), 1 survivors (1024K)
 Metaspace       used 66893K, committed 67520K, reserved 1114112K
  class space    used 9120K, committed 9408K, reserved 1048576K
}
Event: 8.560 GC heap before
{Heap before GC invocations=22 (full 0):
 garbage-first heap   total 58368K, used 34804K [0x0000000081200000, 0x0000000100000000)
  region size 1024K, 3 young (3072K), 1 survivors (1024K)
 Metaspace       used 67075K, committed 67712K, reserved 1114112K
  class space    used 9138K, committed 9408K, reserved 1048576K
}
Event: 8.562 GC heap after
{Heap after GC invocations=23 (full 0):
 garbage-first heap   total 58368K, used 35463K [0x0000000081200000, 0x0000000100000000)
  region size 1024K, 1 young (1024K), 1 survivors (1024K)
 Metaspace       used 67075K, committed 67712K, reserved 1114112K
  class space    used 9138K, committed 9408K, reserved 1048576K
}
Event: 8.800 GC heap before
{Heap before GC invocations=24 (full 0):
 garbage-first heap   total 65536K, used 46727K [0x0000000081200000, 0x0000000100000000)
  region size 1024K, 11 young (11264K), 1 survivors (1024K)
 Metaspace       used 69067K, committed 69632K, reserved 1114112K
  class space    used 9417K, committed 9664K, reserved 1048576K
}
Event: 8.802 GC heap after
{Heap after GC invocations=25 (full 0):
 garbage-first heap   total 65536K, used 38609K [0x0000000081200000, 0x0000000100000000)
  region size 1024K, 2 young (2048K), 2 survivors (2048K)
 Metaspace       used 69067K, committed 69632K, reserved 1114112K
  class space    used 9417K, committed 9664K, reserved 1048576K
}
Event: 8.828 GC heap before
{Heap before GC invocations=25 (full 0):
 garbage-first heap   total 65536K, used 38609K [0x0000000081200000, 0x0000000100000000)
  region size 1024K, 3 young (3072K), 2 survivors (2048K)
 Metaspace       used 69289K, committed 69952K, reserved 1114112K
  class space    used 9442K, committed 9728K, reserved 1048576K
}
Event: 8.830 GC heap after
{Heap after GC invocations=26 (full 0):
 garbage-first heap   total 65536K, used 38283K [0x0000000081200000, 0x0000000100000000)
  region size 1024K, 1 young (1024K), 1 survivors (1024K)
 Metaspace       used 69289K, committed 69952K, reserved 1114112K
  class space    used 9442K, committed 9728K, reserved 1048576K
}
Event: 10.817 GC heap before
{Heap before GC invocations=26 (full 0):
 garbage-first heap   total 65536K, used 46475K [0x0000000081200000, 0x0000000100000000)
  region size 1024K, 11 young (11264K), 1 survivors (1024K)
 Metaspace       used 71062K, committed 71744K, reserved 1114112K
  class space    used 9655K, committed 9984K, reserved 1048576K
}
Event: 10.820 GC heap after
{Heap after GC invocations=27 (full 0):
 garbage-first heap   total 107520K, used 39772K [0x0000000081200000, 0x0000000100000000)
  region size 1024K, 2 young (2048K), 2 survivors (2048K)
 Metaspace       used 71062K, committed 71744K, reserved 1114112K
  class space    used 9655K, committed 9984K, reserved 1048576K
}

Deoptimization events (20 events):
Event: 10.843 Thread 0x000001f3a8c20ec0 Uncommon trap: trap_request=0xffffffde fr.pc=0x000001f350b044d4 relative=0x0000000000000154
Event: 10.843 Thread 0x000001f3a8c20ec0 Uncommon trap: reason=class_check action=maybe_recompile pc=0x000001f350b044d4 method=java.lang.reflect.Array.newInstance(Ljava/lang/Class;I)Ljava/lang/Object; @ 2 c2
Event: 10.843 Thread 0x000001f3a8c20ec0 DEOPT PACKING pc=0x000001f350b044d4 sp=0x000000d7d4ffb3f0
Event: 10.843 Thread 0x000001f3a8c20ec0 DEOPT UNPACKING pc=0x000001f3501523a3 sp=0x000000d7d4ffb388 mode 2
Event: 10.934 Thread 0x000001f3a8c20ec0 Uncommon trap: trap_request=0xffffff6e fr.pc=0x000001f350b4fb30 relative=0x0000000000000550
Event: 10.934 Thread 0x000001f3a8c20ec0 Uncommon trap: reason=loop_limit_check action=maybe_recompile pc=0x000001f350b4fb30 method=org.attoparser.util.TextUtil.equals(Z[CII[CII)Z @ 68 c2
Event: 10.934 Thread 0x000001f3a8c20ec0 DEOPT PACKING pc=0x000001f350b4fb30 sp=0x000000d7d4ffca00
Event: 10.934 Thread 0x000001f3a8c20ec0 DEOPT UNPACKING pc=0x000001f3501523a3 sp=0x000000d7d4ffc9a0 mode 2
Event: 10.959 Thread 0x000001f3a8c20ec0 Uncommon trap: trap_request=0xffffffc6 fr.pc=0x000001f3507c7f64 relative=0x00000000000003e4
Event: 10.959 Thread 0x000001f3a8c20ec0 Uncommon trap: reason=bimorphic_or_optimized_type_check action=maybe_recompile pc=0x000001f3507c7f64 method=java.util.HashMap.putVal(ILjava/lang/Object;Ljava/lang/Object;ZZ)Ljava/lang/Object; @ 253 c2
Event: 10.959 Thread 0x000001f3a8c20ec0 DEOPT PACKING pc=0x000001f3507c7f64 sp=0x000000d7d4ffbc90
Event: 10.959 Thread 0x000001f3a8c20ec0 DEOPT UNPACKING pc=0x000001f3501523a3 sp=0x000000d7d4ffbbb8 mode 2
Event: 10.959 Thread 0x000001f3a8c20ec0 Uncommon trap: trap_request=0xffffffc6 fr.pc=0x000001f3507c7f64 relative=0x00000000000003e4
Event: 10.959 Thread 0x000001f3a8c20ec0 Uncommon trap: reason=bimorphic_or_optimized_type_check action=maybe_recompile pc=0x000001f3507c7f64 method=java.util.HashMap.putVal(ILjava/lang/Object;Ljava/lang/Object;ZZ)Ljava/lang/Object; @ 253 c2
Event: 10.959 Thread 0x000001f3a8c20ec0 DEOPT PACKING pc=0x000001f3507c7f64 sp=0x000000d7d4ffbc90
Event: 10.959 Thread 0x000001f3a8c20ec0 DEOPT UNPACKING pc=0x000001f3501523a3 sp=0x000000d7d4ffbbb8 mode 2
Event: 10.963 Thread 0x000001f3a8c20ec0 Uncommon trap: trap_request=0xffffff45 fr.pc=0x000001f350871200 relative=0x0000000000000580
Event: 10.963 Thread 0x000001f3a8c20ec0 Uncommon trap: reason=unstable_if action=reinterpret pc=0x000001f350871200 method=java.util.Properties.load0(Ljava/util/Properties$LineReader;)V @ 79 c2
Event: 10.963 Thread 0x000001f3a8c20ec0 DEOPT PACKING pc=0x000001f350871200 sp=0x000000d7d4ffcdb0
Event: 10.963 Thread 0x000001f3a8c20ec0 DEOPT UNPACKING pc=0x000001f3501523a3 sp=0x000000d7d4ffcd58 mode 2

Classes unloaded (0 events):
No events

Classes redefined (0 events):
No events

Internal exceptions (20 events):
Event: 7.197 Thread 0x000001f3413160e0 Exception <a 'java/lang/NoSuchMethodError'{0x0000000084f33028}: 'int java.lang.invoke.DirectMethodHandle$Holder.invokeStaticInit(java.lang.Object, java.lang.Object, java.lang.Object, java.lang.Object)'> (0x0000000084f33028) 
thrown [s\open\src\hotspot\share\interpreter\linkResolver.cpp, line 759]
Event: 7.287 Thread 0x000001f3413160e0 Exception <a 'java/lang/IncompatibleClassChangeError'{0x00000000841b0da0}: Found class java.lang.Object, but interface was expected> (0x00000000841b0da0) 
thrown [s\open\src\hotspot\share\interpreter\linkResolver.cpp, line 826]
Event: 7.324 Thread 0x000001f3413160e0 Exception <a 'java/lang/NoSuchMethodError'{0x0000000083f184e8}: 'java.lang.Object java.lang.invoke.DirectMethodHandle$Holder.invokeSpecial(java.lang.Object, java.lang.Object, java.lang.Object, java.lang.Object, java.lang.Object, java.lang.Object, java.lang.Object, java.lang.Object, java.lang.Object, java.lang.Object, java.lang.Object)'> (0x0000000083f184e8) 
thrown [s\open\src\hotspot\share\interpreter\linkResolver.cpp, line 759]
Event: 7.324 Thread 0x000001f3413160e0 Exception <a 'java/lang/NoSuchMethodError'{0x0000000083f1c8d0}: 'java.lang.Object java.lang.invoke.Invokers$Holder.invoke_MT(java.lang.Object, java.lang.Object, java.lang.Object, java.lang.Object, java.lang.Object, java.lang.Object, java.lang.Object, java.lang.Object, java.lang.Object, java.lang.Object, java.lang.Object)'> (0x0000000083f1c8d0) 
thrown [s\open\src\hotspot\share\interpreter\linkResolver.cpp, line 759]
Event: 7.400 Thread 0x000001f3413160e0 Exception <a 'java/lang/NoSuchMethodError'{0x0000000083c2adf8}: 'java.lang.Object java.lang.invoke.DirectMethodHandle$Holder.newInvokeSpecial(java.lang.Object, java.lang.Object, int, java.lang.Object, java.lang.Object)'> (0x0000000083c2adf8) 
thrown [s\open\src\hotspot\share\interpreter\linkResolver.cpp, line 759]
Event: 8.241 Thread 0x000001f3a95476f0 Exception <a 'java/lang/NoSuchMethodError'{0x00000000891eb7a0}: 'java.lang.Object java.lang.invoke.DirectMethodHandle$Holder.invokeStaticInit(java.lang.Object, java.lang.Object, java.lang.Object, int, int)'> (0x00000000891eb7a0) 
thrown [s\open\src\hotspot\share\interpreter\linkResolver.cpp, line 759]
Event: 8.322 Thread 0x000001f3a8c218e0 Exception <a 'java/lang/NoSuchMethodError'{0x00000000853a3288}: 'java.lang.Object java.lang.invoke.DirectMethodHandle$Holder.invokeSpecial(java.lang.Object, java.lang.Object, java.lang.Object, java.lang.Object, java.lang.Object, long)'> (0x00000000853a3288) 
thrown [s\open\src\hotspot\share\interpreter\linkResolver.cpp, line 759]
Event: 8.322 Thread 0x000001f3a8c218e0 Exception <a 'java/lang/NoSuchMethodError'{0x00000000853a6c80}: 'java.lang.Object java.lang.invoke.Invokers$Holder.linkToTargetMethod(java.lang.Object, java.lang.Object, java.lang.Object, long, java.lang.Object)'> (0x00000000853a6c80) 
thrown [s\open\src\hotspot\share\interpreter\linkResolver.cpp, line 759]
Event: 8.464 Thread 0x000001f3a8c218e0 Exception <a 'java/lang/NoSuchMethodError'{0x00000000841bdeb8}: 'java.lang.Object java.lang.invoke.DirectMethodHandle$Holder.invokeInterface(java.lang.Object, java.lang.Object, java.lang.Object, java.lang.Object)'> (0x00000000841bdeb8) 
thrown [s\open\src\hotspot\share\interpreter\linkResolver.cpp, line 759]
Event: 8.472 Thread 0x000001f3a8c218e0 Exception <a 'java/lang/IncompatibleClassChangeError'{0x000000008404ba30}: Found class java.lang.Object, but interface was expected> (0x000000008404ba30) 
thrown [s\open\src\hotspot\share\interpreter\linkResolver.cpp, line 826]
Event: 8.563 Thread 0x000001f3a8c218e0 Exception <a 'java/lang/IncompatibleClassChangeError'{0x00000000891020c8}: Found class java.lang.Object, but interface was expected> (0x00000000891020c8) 
thrown [s\open\src\hotspot\share\interpreter\linkResolver.cpp, line 826]
Event: 9.067 Thread 0x000001f3a8c22300 Exception <a 'java/lang/NoSuchMethodError'{0x0000000084f01a98}: 'java.lang.Object java.lang.invoke.DirectMethodHandle$Holder.invokeStatic(java.lang.Object, int, int)'> (0x0000000084f01a98) 
thrown [s\open\src\hotspot\share\interpreter\linkResolver.cpp, line 759]
Event: 9.067 Thread 0x000001f3a8c21df0 Exception <a 'java/lang/NoSuchMethodError'{0x00000000850dfca0}: 'java.lang.Object java.lang.invoke.DirectMethodHandle$Holder.invokeStatic(java.lang.Object, int, int)'> (0x00000000850dfca0) 
thrown [s\open\src\hotspot\share\interpreter\linkResolver.cpp, line 759]
Event: 9.068 Thread 0x000001f3a8c22810 Exception <a 'java/lang/NoSuchMethodError'{0x0000000084f0f230}: 'java.lang.Object java.lang.invoke.DirectMethodHandle$Holder.invokeStatic(java.lang.Object, int, int)'> (0x0000000084f0f230) 
thrown [s\open\src\hotspot\share\interpreter\linkResolver.cpp, line 759]
Event: 10.740 Thread 0x000001f3a8c20ec0 Exception <a 'java/lang/NoSuchMethodError'{0x0000000084e110a8}: 'void java.lang.invoke.DirectMethodHandle$Holder.invokeSpecialIFC(java.lang.Object, java.lang.Object, int, java.lang.Object, java.lang.Object, java.lang.Object, java.lang.Object)'> (0x0000000084e110a8) 
thrown [s\open\src\hotspot\share\interpreter\linkResolver.cpp, line 759]
Event: 10.778 Thread 0x000001f3a8c20ec0 Exception <a 'java/lang/IncompatibleClassChangeError'{0x00000000849e3218}: Found class java.lang.Object, but interface was expected> (0x00000000849e3218) 
thrown [s\open\src\hotspot\share\interpreter\linkResolver.cpp, line 826]
Event: 10.804 Thread 0x000001f3a8c20ec0 Exception <a 'java/lang/NoSuchMethodError'{0x00000000848c77f8}: 'java.lang.Object java.lang.invoke.Invokers$Holder.linkToTargetMethod(java.lang.Object, int, java.lang.Object, java.lang.Object, java.lang.Object, java.lang.Object)'> (0x00000000848c77f8) 
thrown [s\open\src\hotspot\share\interpreter\linkResolver.cpp, line 759]
Event: 10.805 Thread 0x000001f3a8c20ec0 Exception <a 'java/lang/NoSuchMethodError'{0x00000000848d4c70}: 'int java.lang.invoke.DirectMethodHandle$Holder.invokeStatic(java.lang.Object, java.lang.Object, int, java.lang.Object)'> (0x00000000848d4c70) 
thrown [s\open\src\hotspot\share\interpreter\linkResolver.cpp, line 759]
Event: 10.913 Thread 0x000001f3a8c20ec0 Exception <a 'java/lang/reflect/InvocationTargetException'{0x00000000876eda20}> (0x00000000876eda20) 
thrown [s\open\src\hotspot\share\runtime\reflection.cpp, line 1121]
Event: 10.917 Thread 0x000001f3a8c20ec0 Exception <a 'java/lang/reflect/InvocationTargetException'{0x0000000087570620}> (0x0000000087570620) 
thrown [s\open\src\hotspot\share\runtime\reflection.cpp, line 1121]

VM Operations (20 events):
Event: 8.828 Executing VM operation: G1CollectForAllocation
Event: 8.830 Executing VM operation: G1CollectForAllocation done
Event: 8.988 Executing VM operation: HandshakeAllThreads
Event: 8.988 Executing VM operation: HandshakeAllThreads done
Event: 9.056 Executing VM operation: HandshakeAllThreads
Event: 9.056 Executing VM operation: HandshakeAllThreads done
Event: 10.066 Executing VM operation: Cleanup
Event: 10.066 Executing VM operation: Cleanup done
Event: 10.817 Executing VM operation: G1TryInitiateConcMark
Event: 10.820 Executing VM operation: G1TryInitiateConcMark done
Event: 11.822 Executing VM operation: Cleanup
Event: 11.823 Executing VM operation: Cleanup done
Event: 14.851 Executing VM operation: Cleanup
Event: 14.851 Executing VM operation: Cleanup done
Event: 60.258 Executing VM operation: HandshakeAllThreads
Event: 60.258 Executing VM operation: HandshakeAllThreads done
Event: 87.246 Executing VM operation: HandshakeAllThreads
Event: 87.246 Executing VM operation: HandshakeAllThreads done
Event: 87.246 Executing VM operation: Cleanup
Event: 87.246 Executing VM operation: Cleanup done

Events (20 events):
Event: 9.986 Thread 0x000001f3a8c213d0 Thread exited: 0x000001f3a8c213d0
Event: 10.758 Thread 0x000001f3a90ba810 Thread added: 0x000001f3a90ba810
Event: 10.835 Thread 0x000001f3a8cdd280 Thread added: 0x000001f3a8cdd280
Event: 10.942 loading class jdk/internal/loader/BootLoader$PackageHelper
Event: 10.942 loading class jdk/internal/loader/BootLoader$PackageHelper done
Event: 10.943 loading class java/security/AllPermissionCollection
Event: 10.943 loading class java/security/AllPermissionCollection done
Event: 10.949 loading class java/util/stream/ReferencePipeline$4
Event: 10.949 loading class java/util/stream/ReferencePipeline$4 done
Event: 10.950 loading class java/util/function/IntBinaryOperator
Event: 10.950 loading class java/util/function/IntBinaryOperator done
Event: 10.950 loading class java/util/stream/ReduceOps$7
Event: 10.950 loading class java/util/stream/ReduceOps$7 done
Event: 10.950 loading class java/util/stream/ReduceOps$6ReducingSink
Event: 10.950 loading class java/util/stream/ReduceOps$6ReducingSink done
Event: 10.950 loading class java/util/stream/ReferencePipeline$4$1
Event: 10.950 loading class java/util/stream/ReferencePipeline$4$1 done
Event: 14.760 Thread 0x000001f3a8cdd280 Thread exited: 0x000001f3a8cdd280
Event: 14.760 Thread 0x000001f3a90ba810 Thread exited: 0x000001f3a90ba810
Event: 87.248 Thread 0x000001f3a90ba810 Thread added: 0x000001f3a90ba810


Dynamic libraries:
0x00007ff7a38c0000 - 0x00007ff7a38d0000 	C:\Program Files\Java\jdk-17\bin\java.exe
0x00007ff916350000 - 0x00007ff916548000 	C:\WINDOWS\SYSTEM32\ntdll.dll
0x00007ff915ff0000 - 0x00007ff9160b2000 	C:\WINDOWS\System32\KERNEL32.DLL
0x00007ff9139e0000 - 0x00007ff913cd6000 	C:\WINDOWS\System32\KERNELBASE.dll
0x00007ff913fa0000 - 0x00007ff9140a0000 	C:\WINDOWS\System32\ucrtbase.dll
0x00007ff90ee70000 - 0x00007ff90ee8b000 	C:\Program Files\Java\jdk-17\bin\VCRUNTIME140.dll
0x00007ff90dcf0000 - 0x00007ff90dd09000 	C:\Program Files\Java\jdk-17\bin\jli.dll
0x00007ff9161b0000 - 0x00007ff916261000 	C:\WINDOWS\System32\ADVAPI32.dll
0x00007ff916270000 - 0x00007ff91630e000 	C:\WINDOWS\System32\msvcrt.dll
0x00007ff915d30000 - 0x00007ff915dcf000 	C:\WINDOWS\System32\sechost.dll
0x00007ff915850000 - 0x00007ff915973000 	C:\WINDOWS\System32\RPCRT4.dll
0x00007ff913d70000 - 0x00007ff913d97000 	C:\WINDOWS\System32\bcrypt.dll
0x00007ff9143b0000 - 0x00007ff91454d000 	C:\WINDOWS\System32\USER32.dll
0x00007ff909db0000 - 0x00007ff90a04a000 	C:\WINDOWS\WinSxS\amd64_microsoft.windows.common-controls_6595b64144ccf1df_6.0.19041.5915_none_60b4b9d171f9c7c7\COMCTL32.dll
0x00007ff916120000 - 0x00007ff91614b000 	C:\WINDOWS\System32\GDI32.dll
0x00007ff914210000 - 0x00007ff914232000 	C:\WINDOWS\System32\win32u.dll
0x00007ff9140f0000 - 0x00007ff914209000 	C:\WINDOWS\System32\gdi32full.dll
0x00007ff913da0000 - 0x00007ff913e3d000 	C:\WINDOWS\System32\msvcp_win.dll
0x00007ff90bee0000 - 0x00007ff90beea000 	C:\WINDOWS\SYSTEM32\VERSION.dll
0x00007ff914380000 - 0x00007ff9143af000 	C:\WINDOWS\System32\IMM32.DLL
0x00007ff90ef30000 - 0x00007ff90ef3c000 	C:\Program Files\Java\jdk-17\bin\vcruntime140_1.dll
0x00007ff9099b0000 - 0x00007ff909a3e000 	C:\Program Files\Java\jdk-17\bin\msvcp140.dll
0x00007ff8e8700000 - 0x00007ff8e92e0000 	C:\Program Files\Java\jdk-17\bin\server\jvm.dll
0x00007ff914370000 - 0x00007ff914378000 	C:\WINDOWS\System32\PSAPI.DLL
0x00007ff90a730000 - 0x00007ff90a757000 	C:\WINDOWS\SYSTEM32\WINMM.dll
0x00007ff907b30000 - 0x00007ff907b39000 	C:\WINDOWS\SYSTEM32\WSOCK32.dll
0x00007ff915f80000 - 0x00007ff915feb000 	C:\WINDOWS\System32\WS2_32.dll
0x00007ff911880000 - 0x00007ff911892000 	C:\WINDOWS\SYSTEM32\kernel.appcore.dll
0x00007ff90e3b0000 - 0x00007ff90e3ba000 	C:\Program Files\Java\jdk-17\bin\jimage.dll
0x00007ff90e560000 - 0x00007ff90e761000 	C:\WINDOWS\SYSTEM32\DBGHELP.DLL
0x00007ff90e320000 - 0x00007ff90e354000 	C:\WINDOWS\SYSTEM32\dbgcore.DLL
0x00007ff913ce0000 - 0x00007ff913d62000 	C:\WINDOWS\System32\bcryptPrimitives.dll
0x00007ff90c470000 - 0x00007ff90c495000 	C:\Program Files\Java\jdk-17\bin\java.dll
0x00007ff903650000 - 0x00007ff903727000 	C:\Program Files\Java\jdk-17\bin\jsvml.dll
0x00007ff914550000 - 0x00007ff914cbe000 	C:\WINDOWS\System32\SHELL32.dll
0x00007ff911a80000 - 0x00007ff912224000 	C:\WINDOWS\SYSTEM32\windows.storage.dll
0x00007ff914cc0000 - 0x00007ff915013000 	C:\WINDOWS\System32\combase.dll
0x00007ff913340000 - 0x00007ff91336b000 	C:\WINDOWS\SYSTEM32\Wldp.dll
0x00007ff915c30000 - 0x00007ff915cfd000 	C:\WINDOWS\System32\OLEAUT32.dll
0x00007ff915160000 - 0x00007ff91520d000 	C:\WINDOWS\System32\SHCORE.dll
0x00007ff915210000 - 0x00007ff91526b000 	C:\WINDOWS\System32\shlwapi.dll
0x00007ff913910000 - 0x00007ff913935000 	C:\WINDOWS\SYSTEM32\profapi.dll
0x00007ff90cd30000 - 0x00007ff90cd49000 	C:\Program Files\Java\jdk-17\bin\net.dll
0x00007ff90f010000 - 0x00007ff90f11a000 	C:\WINDOWS\SYSTEM32\WINHTTP.dll
0x00007ff9130a0000 - 0x00007ff91310a000 	C:\WINDOWS\system32\mswsock.dll
0x00007ff909990000 - 0x00007ff9099a6000 	C:\Program Files\Java\jdk-17\bin\nio.dll
0x00007ff90d210000 - 0x00007ff90d228000 	C:\Program Files\Java\jdk-17\bin\zip.dll
0x00007ff90d4b0000 - 0x00007ff90d4be000 	C:\Program Files\Java\jdk-17\bin\sunmscapi.dll
0x00007ff913e40000 - 0x00007ff913f9d000 	C:\WINDOWS\System32\CRYPT32.dll
0x00007ff9133b0000 - 0x00007ff9133d7000 	C:\WINDOWS\SYSTEM32\ncrypt.dll
0x00007ff913370000 - 0x00007ff9133ab000 	C:\WINDOWS\SYSTEM32\NTASN1.dll
0x00007ff9132a0000 - 0x00007ff9132b8000 	C:\WINDOWS\SYSTEM32\CRYPTSP.dll
0x00007ff9129c0000 - 0x00007ff9129f8000 	C:\WINDOWS\system32\rsaenh.dll
0x00007ff913890000 - 0x00007ff9138be000 	C:\WINDOWS\SYSTEM32\USERENV.dll
0x00007ff913290000 - 0x00007ff91329c000 	C:\WINDOWS\SYSTEM32\CRYPTBASE.dll
0x00007ff912d80000 - 0x00007ff912dbb000 	C:\WINDOWS\SYSTEM32\IPHLPAPI.DLL
0x00007ff915d20000 - 0x00007ff915d28000 	C:\WINDOWS\System32\NSI.dll
0x00007ff90ed80000 - 0x00007ff90ed97000 	C:\WINDOWS\SYSTEM32\dhcpcsvc6.DLL
0x00007ff90ed40000 - 0x00007ff90ed5d000 	C:\WINDOWS\SYSTEM32\dhcpcsvc.DLL
0x00007ff912dc0000 - 0x00007ff912e8a000 	C:\WINDOWS\SYSTEM32\DNSAPI.dll
0x00007ff90d510000 - 0x00007ff90d51a000 	C:\Program Files\Java\jdk-17\bin\management.dll
0x00007ff90d4f0000 - 0x00007ff90d4fb000 	C:\Program Files\Java\jdk-17\bin\management_ext.dll
0x00007ff90dc40000 - 0x00007ff90dc50000 	C:\Program Files\Java\jdk-17\bin\verify.dll
0x00007ff90c5d0000 - 0x00007ff90c5da000 	C:\Windows\System32\rasadhlp.dll
0x00007ff90c340000 - 0x00007ff90c3c0000 	C:\WINDOWS\System32\fwpuclnt.dll
0x00007ff900890000 - 0x00007ff900897000 	C:\WINDOWS\system32\wshunix.dll

dbghelp: loaded successfully - version: 4.0.5 - missing functions: none
symbol engine: initialized successfully - sym options: 0x614 - pdb path: .;C:\Program Files\Java\jdk-17\bin;C:\WINDOWS\SYSTEM32;C:\WINDOWS\WinSxS\amd64_microsoft.windows.common-controls_6595b64144ccf1df_6.0.19041.5915_none_60b4b9d171f9c7c7;C:\Program Files\Java\jdk-17\bin\server

VM Arguments:
jvm_args: -Dfile.encoding=UTF-8 -Duser.country=KR -Duser.language=ko -Duser.variant 
java_command: com.cai.helppsy.HelppsyApplication
java_class_path (initial): D:\spr_boot\HelpPSY-hoojin\helppsy\build\classes\java\main;D:\spr_boot\HelpPSY-hoojin\helppsy\build\resources\main;C:\Users\2\.gradle\caches\modules-2\files-2.1\org.springframework.boot\spring-boot-starter-thymeleaf\3.4.5\6564b6a1c10118e662cb8c776eef27d76c0ff78d\spring-boot-starter-thymeleaf-3.4.5.jar;C:\Users\2\.gradle\caches\modules-2\files-2.1\org.springframework.boot\spring-boot-starter-web\3.4.5\54cb03e8615f0c10cd44b5b7d155af3d0be7d66a\spring-boot-starter-web-3.4.5.jar;C:\Users\2\.gradle\caches\modules-2\files-2.1\org.springframework.boot\spring-boot-starter-data-jpa\3.4.5\c6ef06dfef1b02f3e3f82d67118d3944672e7d49\spring-boot-starter-data-jpa-3.4.5.jar;C:\Users\2\.gradle\caches\modules-2\files-2.1\org.modelmapper\modelmapper\2.3.8\9cfa7d9ea8d0ccdd6a91f3331f54c1938ff15ae0\modelmapper-2.3.8.jar;C:\Users\2\.gradle\caches\modules-2\files-2.1\org.mariadb.jdbc\mariadb-java-client\3.4.2\b6333387fbddd2e4684e2f34a1e00265655bd426\mariadb-java-client-3.4.2.jar;C:\Users\2\.gradle\caches\modules-2\files-2.1\org.springframework.boot\spring-boot-starter-json\3.4.5\b7a87d4565c99754e0fcf4da405ebe3ab0870c88\spring-boot-starter-json-3.4.5.jar;C:\Users\2\.gradle\caches\modules-2\files-2.1\org.springframework.boot\spring-boot-starter-jdbc\3.4.5\e361f635454d0694547cc226ece3aa10fde7ff2b\spring-boot-starter-jdbc-3.4.5.jar;C:\Users\2\.gradle\caches\modules-2\files-2.1\org.springframework.boot\spring-boot-starter\3.4.5\3b1cd30bd3be52f5fd0c0934882ec86ed4457646\spring-boot-starter-3.4.5.jar;C:\Users\2\.gradle\caches\modules-2\files-2.1\org.thymeleaf\thymeleaf-spring6\3.1.3.RELEASE\4b276ea2bd536a18e44b40ff1d9f4848965ff59c\thymeleaf-spring6-3.1.3.RELEASE.jar;C:\Users\2\.gradle\caches\modules-2\files-2.1\org.springframework.boot\spring-boot-starter-tomcat\3.4.5\d3121e25897969409967675c0c450dd3cad45162\spring-boot-starter-tomcat-3.4.5.jar;C:\Users\2\.gradle\caches\modules-2\files-2.1\org.springframework\spring-webmvc\6.2.6\48c37c417d00b9dc12e344892b206bbbf67f0945\s
Launcher Type: SUN_STANDARD

[Global flags]
     intx CICompilerCount                          = 4                                         {product} {ergonomic}
     uint ConcGCThreads                            = 2                                         {product} {ergonomic}
     uint G1ConcRefinementThreads                  = 8                                         {product} {ergonomic}
   size_t G1HeapRegionSize                         = 1048576                                   {product} {ergonomic}
    uintx GCDrainStackTargetSize                   = 64                                        {product} {ergonomic}
   size_t InitialHeapSize                          = 134217728                                 {product} {ergonomic}
   size_t MarkStackSize                            = 4194304                                   {product} {ergonomic}
   size_t MaxHeapSize                              = 2128609280                                {product} {ergonomic}
   size_t MaxNewSize                               = 1277165568                                {product} {ergonomic}
   size_t MinHeapDeltaBytes                        = 1048576                                   {product} {ergonomic}
   size_t MinHeapSize                              = 8388608                                   {product} {ergonomic}
    uintx NonNMethodCodeHeapSize                   = 5839372                                {pd product} {ergonomic}
    uintx NonProfiledCodeHeapSize                  = 122909434                              {pd product} {ergonomic}
    uintx ProfiledCodeHeapSize                     = 122909434                              {pd product} {ergonomic}
    uintx ReservedCodeCacheSize                    = 251658240                              {pd product} {ergonomic}
     bool SegmentedCodeCache                       = true                                      {product} {ergonomic}
   size_t SoftMaxHeapSize                          = 2128609280                             {manageable} {ergonomic}
     bool UseCompressedClassPointers               = true                           {product lp64_product} {ergonomic}
     bool UseCompressedOops                        = true                           {product lp64_product} {ergonomic}
     bool UseG1GC                                  = true                                      {product} {ergonomic}
     bool UseLargePagesIndividualAllocation        = false                                  {pd product} {ergonomic}

Logging:
Log output configuration:
 #0: stdout all=warning uptime,level,tags
 #1: stderr all=off uptime,level,tags

Environment Variables:
PATH=C:\Program Files\Common Files\Oracle\Java\javapath;D:\app\2\product\11.2.0\dbhome_1\bin;C:\Program Files (x86)\Common Files\Oracle\Java\javapath;C:\WINDOWS\system32;C:\WINDOWS;C:\WINDOWS\System32\Wbem;C:\WINDOWS\System32\WindowsPowerShell\v1.0\;C:\WINDOWS\System32\OpenSSH\;C:\Program Files\Bandizip\;C:\Program Files\Git\cmd;C:\Python310\Scripts\;C:\Python310\;C:\Users\2\AppData\Local\Microsoft\WindowsApps;C:\Users\2\AppData\Local\Programs\Microsoft VS Code\bin;C:\Program Files\JetBrains\IntelliJ IDEA Community Edition 2025.1.1.1\bin;
USERNAME=2
OS=Windows_NT
PROCESSOR_IDENTIFIER=Intel64 Family 6 Model 60 Stepping 3, GenuineIntel



---------------  S Y S T E M  ---------------

OS:
 Windows 10 , 64 bit Build 19041 (10.0.19041.5915)
OS uptime: 8 days 7:09 hours

CPU: total 8 (initial active 8) (4 cores per cpu, 2 threads per core) family 6 model 60 stepping 3 microcode 0x27, cx8, cmov, fxsr, ht, mmx, sse, sse2, sse3, ssse3, sse4.1, sse4.2, popcnt, lzcnt, tsc, tscinvbit, avx, avx2, aes, erms, clmul, bmi1, bmi2, fma, vzeroupper, clflush

Memory: 4k page, system-wide physical 8113M (461M free)
TotalPageFile size 22349M (AvailPageFile size 0M)
current process WorkingSet (physical memory assigned to process): 246M, peak: 296M
current process commit charge ("private bytes"): 323M, peak: 339M

vm_info: Java HotSpot(TM) 64-Bit Server VM (17.0.12+8-LTS-286) for windows-amd64 JRE (17.0.12+8-LTS-286), built on Jun  5 2024 06:46:59 by "mach5one" with MS VC++ 17.6 (VS2022)

END.
