#
# There is insufficient memory for the Java Runtime Environment to continue.
# Native memory allocation (mmap) failed to map 134217728 bytes for G1 virtual space
# Possible reasons:
#   The system is out of physical RAM or swap space
#   The process is running with CompressedOops enabled, and the Java Heap may be blocking the growth of the native heap
# Possible solutions:
#   Reduce memory load on the system
#   Increase physical memory or swap space
#   Check if swap backing store is full
#   Decrease Java heap size (-Xmx/-Xms)
#   Decrease number of Java threads
#   Decrease Java thread stack sizes (-Xss)
#   Set larger code cache with -XX:ReservedCodeCacheSize=
#   JVM is running with Unscaled Compressed Oops mode in which the Java heap is
#     placed in the first 4GB address space. The Java Heap base address is the
#     maximum limit for the native heap growth. Please use -XX:HeapBaseMinAddress
#     to set the Java Heap base and to place the Java Heap above 4GB virtual address.
# This output file may be truncated or incomplete.
#
#  Out of Memory Error (os_windows.cpp:3548), pid=15192, tid=6476
#
# JRE version:  (17.0.12+8) (build )
# Java VM: Java HotSpot(TM) 64-Bit Server VM (17.0.12+8-LTS-286, mixed mode, sharing, tiered, compressed oops, compressed class ptrs, g1 gc, windows-amd64)
# No core dump will be written. Minidumps are not enabled by default on client versions of Windows
#

---------------  S U M M A R Y ------------

Command Line: -Dfile.encoding=UTF-8 -Duser.country=KR -Duser.language=ko -Duser.variant com.cai.helppsy.HelppsyApplication

Host: Intel(R) Core(TM) i7-4770 CPU @ 3.40GHz, 8 cores, 7G,  Windows 10 , 64 bit Build 19041 (10.0.19041.5915)
Time: Wed Jun 25 13:57:44 2025  Windows 10 , 64 bit Build 19041 (10.0.19041.5915) elapsed time: 0.011640 seconds (0d 0h 0m 0s)

---------------  T H R E A D  ---------------

Current thread (0x0000020644e58fe0):  JavaThread "Unknown thread" [_thread_in_vm, id=6476, stack(0x000000d59f900000,0x000000d59fa00000)]

Stack: [0x000000d59f900000,0x000000d59fa00000]
Native frames: (J=compiled Java code, j=interpreted, Vv=VM code, C=native code)
V  [jvm.dll+0x67a04a]
V  [jvm.dll+0x7da4ed]
V  [jvm.dll+0x7dbe33]
V  [jvm.dll+0x7dc4a3]
V  [jvm.dll+0x24508f]
V  [jvm.dll+0x677089]
V  [jvm.dll+0x66bd32]
V  [jvm.dll+0x301fa6]
V  [jvm.dll+0x309546]
V  [jvm.dll+0x359d2e]
V  [jvm.dll+0x359f5f]
V  [jvm.dll+0x2d9078]
V  [jvm.dll+0x2d9fe4]
V  [jvm.dll+0x7aca21]
V  [jvm.dll+0x367591]
V  [jvm.dll+0x78b999]
V  [jvm.dll+0x3ec83f]
V  [jvm.dll+0x3ee471]
C  [jli.dll+0x5297]
C  [ucrtbase.dll+0x21bb2]
C  [KERNEL32.DLL+0x17374]
C  [ntdll.dll+0x4cc91]


---------------  P R O C E S S  ---------------

Threads class SMR info:
_java_thread_list=0x00007ff8e4c17a18, length=0, elements={
}

Java Threads: ( => current thread )

Other Threads:
  0x0000020644eb4640 GCTaskThread "GC Thread#0" [stack: 0x000000d59fa00000,0x000000d59fb00000] [id=2772]
  0x0000020644ec5250 ConcurrentGCThread "G1 Main Marker" [stack: 0x000000d59fb00000,0x000000d59fc00000] [id=1324]
  0x0000020644ec6300 ConcurrentGCThread "G1 Conc#0" [stack: 0x000000d59fc00000,0x000000d59fd00000] [id=23064]

[error occurred during error reporting (printing all threads), id 0xc0000005, EXCEPTION_ACCESS_VIOLATION (0xc0000005) at pc=0x00007ff8e4449b67]

VM state: not at safepoint (not fully initialized)

VM Mutex/Monitor currently owned by a thread:  ([mutex/lock_event])
[0x0000020644e55cd0] Heap_lock - owner thread: 0x0000020644e58fe0

Heap address: 0x0000000081200000, size: 2030 MB, Compressed Oops mode: 32-bit

CDS archive(s) mapped at: [0x0000000000000000-0x0000000000000000-0x0000000000000000), size 0, SharedBaseAddress: 0x0000000800000000, ArchiveRelocationMode: 1.
Narrow klass base: 0x0000000000000000, Narrow klass shift: 0, Narrow klass range: 0x0

GC Precious Log:
<Empty>

Heap:
 garbage-first heap   total 0K, used 0K [0x0000000081200000, 0x0000000100000000)
  region size 1024K, 0 young (0K), 0 survivors (0K)

[error occurred during error reporting (printing heap information), id 0xc0000005, EXCEPTION_ACCESS_VIOLATION (0xc0000005) at pc=0x00007ff8e4833859]

GC Heap History (0 events):
No events

Deoptimization events (0 events):
No events

Classes unloaded (0 events):
No events

Classes redefined (0 events):
No events

Internal exceptions (0 events):
No events

VM Operations (0 events):
No events

Events (1 events):
Event: 0.006 Loaded shared library C:\Program Files\Java\jdk-17\bin\java.dll


Dynamic libraries:
0x00007ff6b6fc0000 - 0x00007ff6b6fd0000 	C:\Program Files\Java\jdk-17\bin\java.exe
0x00007ff916350000 - 0x00007ff916548000 	C:\WINDOWS\SYSTEM32\ntdll.dll
0x00007ff915ff0000 - 0x00007ff9160b2000 	C:\WINDOWS\System32\KERNEL32.DLL
0x00007ff9139e0000 - 0x00007ff913cd6000 	C:\WINDOWS\System32\KERNELBASE.dll
0x00007ff913fa0000 - 0x00007ff9140a0000 	C:\WINDOWS\System32\ucrtbase.dll
0x00007ff904a80000 - 0x00007ff904a9b000 	C:\Program Files\Java\jdk-17\bin\VCRUNTIME140.dll
0x00007ff905a10000 - 0x00007ff905a29000 	C:\Program Files\Java\jdk-17\bin\jli.dll
0x00007ff9161b0000 - 0x00007ff916261000 	C:\WINDOWS\System32\ADVAPI32.dll
0x00007ff916270000 - 0x00007ff91630e000 	C:\WINDOWS\System32\msvcrt.dll
0x00007ff915d30000 - 0x00007ff915dcf000 	C:\WINDOWS\System32\sechost.dll
0x00007ff915850000 - 0x00007ff915973000 	C:\WINDOWS\System32\RPCRT4.dll
0x00007ff913d70000 - 0x00007ff913d97000 	C:\WINDOWS\System32\bcrypt.dll
0x00007ff9143b0000 - 0x00007ff91454d000 	C:\WINDOWS\System32\USER32.dll
0x00007ff914210000 - 0x00007ff914232000 	C:\WINDOWS\System32\win32u.dll
0x00007ff909db0000 - 0x00007ff90a04a000 	C:\WINDOWS\WinSxS\amd64_microsoft.windows.common-controls_6595b64144ccf1df_6.0.19041.5915_none_60b4b9d171f9c7c7\COMCTL32.dll
0x00007ff916120000 - 0x00007ff91614b000 	C:\WINDOWS\System32\GDI32.dll
0x00007ff9140f0000 - 0x00007ff914209000 	C:\WINDOWS\System32\gdi32full.dll
0x00007ff913da0000 - 0x00007ff913e3d000 	C:\WINDOWS\System32\msvcp_win.dll
0x00007ff90bee0000 - 0x00007ff90beea000 	C:\WINDOWS\SYSTEM32\VERSION.dll
0x00007ff914380000 - 0x00007ff9143af000 	C:\WINDOWS\System32\IMM32.DLL
0x00007ff909840000 - 0x00007ff90984c000 	C:\Program Files\Java\jdk-17\bin\vcruntime140_1.dll
0x00007ff8f0010000 - 0x00007ff8f009e000 	C:\Program Files\Java\jdk-17\bin\msvcp140.dll
0x00007ff8e4160000 - 0x00007ff8e4d40000 	C:\Program Files\Java\jdk-17\bin\server\jvm.dll
0x00007ff914370000 - 0x00007ff914378000 	C:\WINDOWS\System32\PSAPI.DLL
0x00007ff907b30000 - 0x00007ff907b39000 	C:\WINDOWS\SYSTEM32\WSOCK32.dll
0x00007ff90a730000 - 0x00007ff90a757000 	C:\WINDOWS\SYSTEM32\WINMM.dll
0x00007ff915f80000 - 0x00007ff915feb000 	C:\WINDOWS\System32\WS2_32.dll
0x00007ff911880000 - 0x00007ff911892000 	C:\WINDOWS\SYSTEM32\kernel.appcore.dll
0x00007ff906750000 - 0x00007ff90675a000 	C:\Program Files\Java\jdk-17\bin\jimage.dll
0x00007ff90e560000 - 0x00007ff90e761000 	C:\WINDOWS\SYSTEM32\DBGHELP.DLL
0x00007ff90e320000 - 0x00007ff90e354000 	C:\WINDOWS\SYSTEM32\dbgcore.DLL
0x00007ff913ce0000 - 0x00007ff913d62000 	C:\WINDOWS\System32\bcryptPrimitives.dll
0x00007ff8fc940000 - 0x00007ff8fc965000 	C:\Program Files\Java\jdk-17\bin\java.dll

dbghelp: loaded successfully - version: 4.0.5 - missing functions: none
symbol engine: initialized successfully - sym options: 0x614 - pdb path: .;C:\Program Files\Java\jdk-17\bin;C:\WINDOWS\SYSTEM32;C:\WINDOWS\WinSxS\amd64_microsoft.windows.common-controls_6595b64144ccf1df_6.0.19041.5915_none_60b4b9d171f9c7c7;C:\Program Files\Java\jdk-17\bin\server

VM Arguments:
jvm_args: -Dfile.encoding=UTF-8 -Duser.country=KR -Duser.language=ko -Duser.variant 
java_command: com.cai.helppsy.HelppsyApplication
java_class_path (initial): D:\spr_boot\HelpPSY-hoojin\jh\build\classes\java\main;D:\spr_boot\HelpPSY-hoojin\jh\build\resources\main;C:\Users\2\.gradle\caches\modules-2\files-2.1\org.springframework.boot\spring-boot-starter-thymeleaf\3.4.5\6564b6a1c10118e662cb8c776eef27d76c0ff78d\spring-boot-starter-thymeleaf-3.4.5.jar;C:\Users\2\.gradle\caches\modules-2\files-2.1\org.springframework.boot\spring-boot-starter-web\3.4.5\54cb03e8615f0c10cd44b5b7d155af3d0be7d66a\spring-boot-starter-web-3.4.5.jar;C:\Users\2\.gradle\caches\modules-2\files-2.1\org.springframework.boot\spring-boot-starter-data-jpa\3.4.5\c6ef06dfef1b02f3e3f82d67118d3944672e7d49\spring-boot-starter-data-jpa-3.4.5.jar;C:\Users\2\.gradle\caches\modules-2\files-2.1\org.modelmapper\modelmapper\2.3.8\9cfa7d9ea8d0ccdd6a91f3331f54c1938ff15ae0\modelmapper-2.3.8.jar;C:\Users\2\.gradle\caches\modules-2\files-2.1\org.mariadb.jdbc\mariadb-java-client\3.4.2\b6333387fbddd2e4684e2f34a1e00265655bd426\mariadb-java-client-3.4.2.jar;C:\Users\2\.gradle\caches\modules-2\files-2.1\org.springframework.boot\spring-boot-starter-json\3.4.5\b7a87d4565c99754e0fcf4da405ebe3ab0870c88\spring-boot-starter-json-3.4.5.jar;C:\Users\2\.gradle\caches\modules-2\files-2.1\org.springframework.boot\spring-boot-starter-jdbc\3.4.5\e361f635454d0694547cc226ece3aa10fde7ff2b\spring-boot-starter-jdbc-3.4.5.jar;C:\Users\2\.gradle\caches\modules-2\files-2.1\org.springframework.boot\spring-boot-starter\3.4.5\3b1cd30bd3be52f5fd0c0934882ec86ed4457646\spring-boot-starter-3.4.5.jar;C:\Users\2\.gradle\caches\modules-2\files-2.1\org.thymeleaf\thymeleaf-spring6\3.1.3.RELEASE\4b276ea2bd536a18e44b40ff1d9f4848965ff59c\thymeleaf-spring6-3.1.3.RELEASE.jar;C:\Users\2\.gradle\caches\modules-2\files-2.1\org.springframework.boot\spring-boot-starter-tomcat\3.4.5\d3121e25897969409967675c0c450dd3cad45162\spring-boot-starter-tomcat-3.4.5.jar;C:\Users\2\.gradle\caches\modules-2\files-2.1\org.springframework\spring-webmvc\6.2.6\48c37c417d00b9dc12e344892b206bbbf67f0945\spring-webm
Launcher Type: SUN_STANDARD

[Global flags]
     intx CICompilerCount                          = 4                                         {product} {ergonomic}
     uint ConcGCThreads                            = 2                                         {product} {ergonomic}
     uint G1ConcRefinementThreads                  = 8                                         {product} {ergonomic}
   size_t G1HeapRegionSize                         = 1048576                                   {product} {ergonomic}
    uintx GCDrainStackTargetSize                   = 64                                        {product} {ergonomic}
   size_t InitialHeapSize                          = 134217728                                 {product} {ergonomic}
   size_t MarkStackSize                            = 4194304                                   {product} {ergonomic}
   size_t MaxHeapSize                              = 2128609280                                {product} {ergonomic}
   size_t MinHeapDeltaBytes                        = 1048576                                   {product} {ergonomic}
   size_t MinHeapSize                              = 8388608                                   {product} {ergonomic}
    uintx NonNMethodCodeHeapSize                   = 5839372                                {pd product} {ergonomic}
    uintx NonProfiledCodeHeapSize                  = 122909434                              {pd product} {ergonomic}
    uintx ProfiledCodeHeapSize                     = 122909434                              {pd product} {ergonomic}
    uintx ReservedCodeCacheSize                    = 251658240                              {pd product} {ergonomic}
     bool SegmentedCodeCache                       = true                                      {product} {ergonomic}
   size_t SoftMaxHeapSize                          = 2128609280                             {manageable} {ergonomic}
     bool UseCompressedClassPointers               = true                           {product lp64_product} {ergonomic}
     bool UseCompressedOops                        = true                           {product lp64_product} {ergonomic}
     bool UseG1GC                                  = true                                      {product} {ergonomic}
     bool UseLargePagesIndividualAllocation        = false                                  {pd product} {ergonomic}

Logging:
Log output configuration:
 #0: stdout all=warning uptime,level,tags
 #1: stderr all=off uptime,level,tags

Environment Variables:
PATH=C:\Program Files\Common Files\Oracle\Java\javapath;D:\app\2\product\11.2.0\dbhome_1\bin;C:\Program Files (x86)\Common Files\Oracle\Java\javapath;C:\WINDOWS\system32;C:\WINDOWS;C:\WINDOWS\System32\Wbem;C:\WINDOWS\System32\WindowsPowerShell\v1.0\;C:\WINDOWS\System32\OpenSSH\;C:\Program Files\Bandizip\;C:\Program Files\Git\cmd;C:\Python310\Scripts\;C:\Python310\;C:\Users\2\AppData\Local\Microsoft\WindowsApps;C:\Users\2\AppData\Local\Programs\Microsoft VS Code\bin;C:\Program Files\JetBrains\IntelliJ IDEA Community Edition 2025.1.1.1\bin;
USERNAME=2
OS=Windows_NT
PROCESSOR_IDENTIFIER=Intel64 Family 6 Model 60 Stepping 3, GenuineIntel



---------------  S Y S T E M  ---------------

OS:
 Windows 10 , 64 bit Build 19041 (10.0.19041.5915)
OS uptime: 14 days 4:33 hours

CPU: total 8 (initial active 8) (4 cores per cpu, 2 threads per core) family 6 model 60 stepping 3 microcode 0x27, cx8, cmov, fxsr, ht, mmx, sse, sse2, sse3, ssse3, sse4.1, sse4.2, popcnt, lzcnt, tsc, tscinvbit, avx, avx2, aes, erms, clmul, bmi1, bmi2, fma, vzeroupper, clflush

Memory: 4k page, system-wide physical 8113M (1557M free)
TotalPageFile size 22349M (AvailPageFile size 43M)
current process WorkingSet (physical memory assigned to process): 10M, peak: 10M
current process commit charge ("private bytes"): 60M, peak: 188M

vm_info: Java HotSpot(TM) 64-Bit Server VM (17.0.12+8-LTS-286) for windows-amd64 JRE (17.0.12+8-LTS-286), built on Jun  5 2024 06:46:59 by "mach5one" with MS VC++ 17.6 (VS2022)

END.
